2026-06-01 18:19:54,977 - INFO - 🔍 Verificando conectividade com PubChem API...
2026-06-01 18:19:55,523 - INFO - ✅ Conectividade OK - API PubChem acessível
2026-06-01 18:19:55,524 - INFO - 
2026-06-01 18:19:55,542 - INFO - Carregado 101 compostos de /app/data/staging/candidates_external_input.csv
2026-06-01 18:19:55,542 - INFO - 
============================================================
2026-06-01 18:19:55,542 - INFO - Iniciando extração de 101 compostos do PubChem
2026-06-01 18:19:55,542 - INFO - ============================================================

2026-06-01 18:19:55,545 - INFO - [1/101] Processando composto...
2026-06-01 18:19:56,172 - INFO - ✓ Encontrado CID=145453783 via name='arg-cys-pro'
2026-06-01 18:19:56,172 - INFO -   Buscando propriedades CID=145453783...
2026-06-01 18:19:58,415 - INFO -   Buscando sinônimos CID=145453783...
2026-06-01 18:19:59,237 - INFO -   Buscando classificação CID=145453783...
2026-06-01 18:20:03,979 - INFO -   Buscando descrição CID=145453783...
2026-06-01 18:20:04,790 - INFO -   ✓ Sucesso! CID=145453783

2026-06-01 18:20:05,190 - INFO - [2/101] Processando composto...
2026-06-01 18:20:05,690 - INFO - ✓ Encontrado CID=145453919 via name='arg-pro-cys'
2026-06-01 18:20:05,690 - INFO -   Buscando propriedades CID=145453919...
2026-06-01 18:20:07,553 - INFO -   Buscando sinônimos CID=145453919...
2026-06-01 18:20:08,319 - INFO -   Buscando classificação CID=145453919...
2026-06-01 18:20:13,773 - INFO -   Buscando descrição CID=145453919...
2026-06-01 18:20:14,653 - INFO -   ✓ Sucesso! CID=145453919

2026-06-01 18:20:15,054 - INFO - [3/101] Processando composto...
2026-06-01 18:20:15,597 - INFO - ✓ Encontrado CID=145454649 via name='cys-arg-pro'
2026-06-01 18:20:15,598 - INFO -   Buscando propriedades CID=145454649...
2026-06-01 18:20:25,851 - INFO -   Buscando sinônimos CID=145454649...
2026-06-01 18:20:26,752 - INFO -   Buscando classificação CID=145454649...
2026-06-01 18:20:30,959 - INFO -   Buscando descrição CID=145454649...
2026-06-01 18:20:31,808 - INFO -   ✓ Sucesso! CID=145454649

2026-06-01 18:20:32,209 - INFO - [4/101] Processando composto...
2026-06-01 18:20:32,823 - INFO - ✓ Encontrado CID=14081833 via name='cys-pro-arg'
2026-06-01 18:20:32,823 - INFO -   Buscando propriedades CID=14081833...
2026-06-01 18:20:34,292 - INFO -   Buscando sinônimos CID=14081833...
2026-06-01 18:20:35,072 - INFO -   Buscando classificação CID=14081833...
2026-06-01 18:20:40,277 - INFO -   Buscando descrição CID=14081833...
2026-06-01 18:20:41,198 - INFO -   ✓ Sucesso! CID=14081833

2026-06-01 18:20:41,599 - INFO - [5/101] Processando composto...
2026-06-01 18:20:42,242 - INFO - ✓ Encontrado CID=145457383 via name='pro-arg-cys'
2026-06-01 18:20:42,242 - INFO -   Buscando propriedades CID=145457383...
2026-06-01 18:20:43,940 - INFO -   Buscando sinônimos CID=145457383...
2026-06-01 18:20:44,801 - INFO -   Buscando classificação CID=145457383...
2026-06-01 18:20:48,974 - INFO -   Buscando descrição CID=145457383...
2026-06-01 18:20:49,836 - INFO -   ✓ Sucesso! CID=145457383

2026-06-01 18:20:50,236 - INFO - [6/101] Processando composto...
2026-06-01 18:20:50,694 - INFO - ✓ Encontrado CID=145457427 via name='pro-cys-arg'
2026-06-01 18:20:50,694 - INFO -   Buscando propriedades CID=145457427...
2026-06-01 18:20:52,131 - INFO -   Buscando sinônimos CID=145457427...
2026-06-01 18:20:52,923 - INFO -   Buscando classificação CID=145457427...
2026-06-01 18:20:57,723 - INFO -   Buscando descrição CID=145457427...
2026-06-01 18:20:58,422 - INFO -   ✓ Sucesso! CID=145457427

2026-06-01 18:20:58,823 - INFO - [7/101] Processando composto...
2026-06-01 18:21:02,970 - INFO - ✓ Encontrado CID=23872112 via formula='C21H26O6'
2026-06-01 18:21:02,971 - INFO -   Buscando propriedades CID=23872112...
2026-06-01 18:21:04,778 - INFO -   Buscando sinônimos CID=23872112...
2026-06-01 18:21:05,688 - INFO -   Buscando classificação CID=23872112...
2026-06-01 18:21:08,471 - INFO -   Buscando descrição CID=23872112...
2026-06-01 18:21:09,223 - INFO -   ✓ Sucesso! CID=23872112

2026-06-01 18:21:09,624 - INFO - [8/101] Processando composto...
2026-06-01 18:21:12,420 - INFO - ✓ Encontrado CID=23872112 via formula='C21H26O6'
2026-06-01 18:21:12,420 - INFO -   Buscando propriedades CID=23872112...
2026-06-01 18:21:14,094 - INFO -   Buscando sinônimos CID=23872112...
2026-06-01 18:21:14,847 - INFO -   Buscando classificação CID=23872112...
2026-06-01 18:21:17,782 - INFO -   Buscando descrição CID=23872112...
2026-06-01 18:21:18,497 - INFO -   ✓ Sucesso! CID=23872112

2026-06-01 18:21:18,898 - INFO - [9/101] Processando composto...
2026-06-01 18:21:22,696 - INFO - ✓ Encontrado CID=23872112 via formula='C21H26O6'
2026-06-01 18:21:22,696 - INFO -   Buscando propriedades CID=23872112...
2026-06-01 18:21:24,269 - INFO -   Buscando sinônimos CID=23872112...
2026-06-01 18:21:25,017 - INFO -   Buscando classificação CID=23872112...
2026-06-01 18:21:27,027 - INFO -   Buscando descrição CID=23872112...
2026-06-01 18:21:27,877 - INFO -   ✓ Sucesso! CID=23872112

2026-06-01 18:21:28,278 - INFO - [10/101] Processando composto...
2026-06-01 18:21:31,305 - INFO - ✓ Encontrado CID=23872112 via formula='C21H26O6'
2026-06-01 18:21:31,305 - INFO -   Buscando propriedades CID=23872112...
2026-06-01 18:21:32,826 - INFO -   Buscando sinônimos CID=23872112...
2026-06-01 18:21:33,643 - INFO -   Buscando classificação CID=23872112...
2026-06-01 18:21:37,807 - INFO -   Buscando descrição CID=23872112...
2026-06-01 18:21:38,572 - INFO -   ✓ Sucesso! CID=23872112

2026-06-01 18:21:38,973 - INFO - [11/101] Processando composto...
2026-06-01 18:21:39,759 - INFO - ✓ Encontrado CID=71436842 via name='Cyclonormammein'
2026-06-01 18:21:39,759 - INFO -   Buscando propriedades CID=71436842...
2026-06-01 18:21:41,424 - INFO -   Buscando sinônimos CID=71436842...
2026-06-01 18:21:42,260 - INFO -   Buscando classificação CID=71436842...
2026-06-01 18:21:45,051 - INFO -   Buscando descrição CID=71436842...
2026-06-01 18:21:46,137 - INFO -   ✓ Sucesso! CID=71436842

2026-06-01 18:21:46,538 - INFO - [12/101] Processando composto...
2026-06-01 18:21:47,178 - INFO - ✓ Encontrado CID=131753040 via name='Sonchifolin'
2026-06-01 18:21:47,178 - INFO -   Buscando propriedades CID=131753040...
2026-06-01 18:21:48,865 - INFO -   Buscando sinônimos CID=131753040...
2026-06-01 18:21:49,721 - INFO -   Buscando classificação CID=131753040...
2026-06-01 18:21:53,015 - INFO -   Buscando descrição CID=131753040...
2026-06-01 18:21:54,025 - INFO -   ✓ Sucesso! CID=131753040

2026-06-01 18:21:54,426 - INFO - [13/101] Processando composto...
2026-06-01 18:21:55,127 - INFO - ✓ Encontrado CID=44546135 via name='8,9-Dihydro-5-hydroxy-8-(1-hydroxy-1-methylethyl)-6-(1-oxobutyl)-4-propyl-2H-furo[2,3-h]-1-benzopyran-2-one'
2026-06-01 18:21:55,127 - INFO -   Buscando propriedades CID=44546135...
2026-06-01 18:21:56,692 - INFO -   Buscando sinônimos CID=44546135...
2026-06-01 18:21:57,493 - INFO -   Buscando classificação CID=44546135...
2026-06-01 18:22:00,731 - INFO -   Buscando descrição CID=44546135...
2026-06-01 18:22:01,566 - INFO -   ✓ Sucesso! CID=44546135

2026-06-01 18:22:01,967 - INFO - [14/101] Processando composto...
2026-06-01 18:22:04,281 - INFO - ✓ Encontrado CID=23872112 via formula='C21H26O6'
2026-06-01 18:22:04,281 - INFO -   Buscando propriedades CID=23872112...
2026-06-01 18:22:05,647 - INFO -   Buscando sinônimos CID=23872112...
2026-06-01 18:22:06,526 - INFO -   Buscando classificação CID=23872112...
2026-06-01 18:22:09,392 - INFO -   Buscando descrição CID=23872112...
2026-06-01 18:22:10,457 - INFO -   ✓ Sucesso! CID=23872112

2026-06-01 18:22:10,858 - INFO - [15/101] Processando composto...
2026-06-01 18:22:11,439 - INFO - ✓ Encontrado CID=101607221 via name='Tinophyllol'
2026-06-01 18:22:11,439 - INFO -   Buscando propriedades CID=101607221...
2026-06-01 18:22:13,236 - INFO -   Buscando sinônimos CID=101607221...
2026-06-01 18:22:14,114 - INFO -   Buscando classificação CID=101607221...
2026-06-01 18:22:16,151 - INFO -   Buscando descrição CID=101607221...
2026-06-01 18:22:17,883 - INFO -   ✓ Sucesso! CID=101607221

2026-06-01 18:22:18,284 - INFO - [16/101] Processando composto...
2026-06-01 18:22:20,660 - INFO - ✓ Encontrado CID=23872112 via formula='C21H26O6'
2026-06-01 18:22:20,660 - INFO -   Buscando propriedades CID=23872112...
2026-06-01 18:22:22,195 - INFO -   Buscando sinônimos CID=23872112...
2026-06-01 18:22:22,978 - INFO -   Buscando classificação CID=23872112...
2026-06-01 18:22:24,851 - INFO -   Buscando descrição CID=23872112...
2026-06-01 18:22:25,816 - INFO -   ✓ Sucesso! CID=23872112

2026-06-01 18:22:26,217 - INFO - [17/101] Processando composto...
2026-06-01 18:22:30,803 - INFO - ✓ Encontrado CID=23872112 via formula='C21H26O6'
2026-06-01 18:22:30,803 - INFO -   Buscando propriedades CID=23872112...
2026-06-01 18:22:32,627 - INFO -   Buscando sinônimos CID=23872112...
2026-06-01 18:22:33,460 - INFO -   Buscando classificação CID=23872112...
2026-06-01 18:22:35,299 - INFO -   Buscando descrição CID=23872112...
2026-06-01 18:22:36,166 - INFO -   ✓ Sucesso! CID=23872112

2026-06-01 18:22:36,567 - INFO - [18/101] Processando composto...
2026-06-01 18:22:44,104 - INFO - ✓ Encontrado CID=23872112 via formula='C21H26O6'
2026-06-01 18:22:44,104 - INFO -   Buscando propriedades CID=23872112...
2026-06-01 18:22:45,645 - INFO -   Buscando sinônimos CID=23872112...
2026-06-01 18:22:46,454 - INFO -   Buscando classificação CID=23872112...
2026-06-01 18:22:48,715 - INFO -   Buscando descrição CID=23872112...
2026-06-01 18:22:49,731 - INFO -   ✓ Sucesso! CID=23872112

2026-06-01 18:22:50,132 - INFO - [19/101] Processando composto...
2026-06-01 18:22:56,185 - INFO - ✓ Encontrado CID=23872112 via formula='C21H26O6'
2026-06-01 18:22:56,185 - INFO -   Buscando propriedades CID=23872112...
2026-06-01 18:22:57,623 - INFO -   Buscando sinônimos CID=23872112...
2026-06-01 18:22:58,535 - INFO -   Buscando classificação CID=23872112...
2026-06-01 18:23:00,361 - INFO -   Buscando descrição CID=23872112...
2026-06-01 18:23:02,033 - INFO -   ✓ Sucesso! CID=23872112

2026-06-01 18:23:02,434 - INFO - [20/101] Processando composto...
2026-06-01 18:23:05,502 - INFO - ✓ Encontrado CID=23872112 via formula='C21H26O6'
2026-06-01 18:23:05,502 - INFO -   Buscando propriedades CID=23872112...
2026-06-01 18:23:07,038 - INFO -   Buscando sinônimos CID=23872112...
2026-06-01 18:23:07,851 - INFO -   Buscando classificação CID=23872112...
2026-06-01 18:23:11,143 - INFO -   Buscando descrição CID=23872112...
2026-06-01 18:23:12,256 - INFO -   ✓ Sucesso! CID=23872112

2026-06-01 18:23:12,657 - INFO - [21/101] Processando composto...
2026-06-01 18:23:17,894 - INFO - ✓ Encontrado CID=23872112 via formula='C21H26O6'
2026-06-01 18:23:17,894 - INFO -   Buscando propriedades CID=23872112...
2026-06-01 18:23:19,339 - INFO -   Buscando sinônimos CID=23872112...
2026-06-01 18:23:20,142 - INFO -   Buscando classificação CID=23872112...
2026-06-01 18:23:22,812 - INFO -   Buscando descrição CID=23872112...
2026-06-01 18:23:23,636 - INFO -   ✓ Sucesso! CID=23872112

2026-06-01 18:23:24,037 - INFO - [22/101] Processando composto...
2026-06-01 18:23:29,058 - INFO - ✓ Encontrado CID=23872112 via formula='C21H26O6'
2026-06-01 18:23:29,058 - INFO -   Buscando propriedades CID=23872112...
2026-06-01 18:23:30,662 - INFO -   Buscando sinônimos CID=23872112...
2026-06-01 18:23:31,514 - INFO -   Buscando classificação CID=23872112...
2026-06-01 18:23:33,486 - INFO -   Buscando descrição CID=23872112...
2026-06-01 18:23:34,288 - INFO -   ✓ Sucesso! CID=23872112

2026-06-01 18:23:34,689 - INFO - [23/101] Processando composto...
2026-06-01 18:23:35,506 - INFO - ✓ Encontrado CID=5281493 via name='Phantomolin'
2026-06-01 18:23:35,506 - INFO -   Buscando propriedades CID=5281493...
2026-06-01 18:23:37,037 - INFO -   Buscando sinônimos CID=5281493...
2026-06-01 18:23:37,892 - INFO -   Buscando classificação CID=5281493...
2026-06-01 18:23:43,309 - INFO -   Buscando descrição CID=5281493...
2026-06-01 18:23:44,120 - INFO -   ✓ Sucesso! CID=5281493

2026-06-01 18:23:44,521 - INFO - [24/101] Processando composto...
2026-06-01 18:23:48,638 - INFO - ✓ Encontrado CID=23872112 via formula='C21H26O6'
2026-06-01 18:23:48,638 - INFO -   Buscando propriedades CID=23872112...
2026-06-01 18:23:50,115 - INFO -   Buscando sinônimos CID=23872112...
2026-06-01 18:23:50,891 - INFO -   Buscando classificação CID=23872112...
2026-06-01 18:23:53,045 - INFO -   Buscando descrição CID=23872112...
2026-06-01 18:23:53,851 - INFO -   ✓ Sucesso! CID=23872112

2026-06-01 18:23:54,252 - INFO - [25/101] Processando composto...
2026-06-01 18:23:54,860 - INFO - ✓ Encontrado CID=21773177 via name='dendryphiellin A1'
2026-06-01 18:23:54,860 - INFO -   Buscando propriedades CID=21773177...
2026-06-01 18:23:56,820 - INFO -   Buscando sinônimos CID=21773177...
2026-06-01 18:23:57,518 - INFO -   Buscando classificação CID=21773177...
2026-06-01 18:24:00,937 - INFO -   Buscando descrição CID=21773177...
2026-06-01 18:24:01,753 - INFO -   ✓ Sucesso! CID=21773177

2026-06-01 18:24:02,154 - INFO - [26/101] Processando composto...
2026-06-01 18:24:06,641 - INFO - ✓ Encontrado CID=23872112 via formula='C21H26O6'
2026-06-01 18:24:06,641 - INFO -   Buscando propriedades CID=23872112...
2026-06-01 18:24:08,685 - INFO -   Buscando sinônimos CID=23872112...
2026-06-01 18:24:09,939 - INFO -   Buscando classificação CID=23872112...
2026-06-01 18:24:12,194 - INFO -   Buscando descrição CID=23872112...
2026-06-01 18:24:12,888 - INFO -   ✓ Sucesso! CID=23872112

2026-06-01 18:24:13,289 - INFO - [27/101] Processando composto...
2026-06-01 18:24:13,915 - INFO - ✓ Encontrado CID=23872112 via name='2-(4-Allyl-2,6-dimethoxyphenoxy)-1-(4-hydroxy-3-methoxyphenyl)-1-propanol'
2026-06-01 18:24:13,915 - INFO -   Buscando propriedades CID=23872112...
2026-06-01 18:24:15,294 - INFO -   Buscando sinônimos CID=23872112...
2026-06-01 18:24:16,001 - INFO -   Buscando classificação CID=23872112...
2026-06-01 18:24:17,804 - INFO -   Buscando descrição CID=23872112...
2026-06-01 18:24:18,623 - INFO -   ✓ Sucesso! CID=23872112

2026-06-01 18:24:19,024 - INFO - [28/101] Processando composto...
2026-06-01 18:24:21,384 - INFO - ✓ Encontrado CID=23872112 via formula='C21H26O6'
2026-06-01 18:24:21,384 - INFO -   Buscando propriedades CID=23872112...
2026-06-01 18:24:22,665 - INFO -   Buscando sinônimos CID=23872112...
2026-06-01 18:24:23,820 - INFO -   Buscando classificação CID=23872112...
2026-06-01 18:24:28,249 - INFO -   Buscando descrição CID=23872112...
2026-06-01 18:24:29,064 - INFO -   ✓ Sucesso! CID=23872112

2026-06-01 18:24:29,465 - INFO - [29/101] Processando composto...
2026-06-01 18:24:30,091 - INFO - ✓ Encontrado CID=46832245 via name='(6S,7R)-2,11,12-Trimethoxy-6,7-dimethyl-5,6,7,8-tetrahydrodibenzo[a,c][8]annulene-1,3,10-triol'
2026-06-01 18:24:30,091 - INFO -   Buscando propriedades CID=46832245...
2026-06-01 18:24:31,867 - INFO -   Buscando sinônimos CID=46832245...
2026-06-01 18:24:32,651 - INFO -   Buscando classificação CID=46832245...
2026-06-01 18:24:34,487 - INFO -   Buscando descrição CID=46832245...
2026-06-01 18:24:35,712 - INFO -   ✓ Sucesso! CID=46832245

2026-06-01 18:24:36,113 - INFO - [30/101] Processando composto...
2026-06-01 18:24:46,881 - INFO - ✓ Encontrado CID=23872112 via formula='C21H26O6'
2026-06-01 18:24:46,882 - INFO -   Buscando propriedades CID=23872112...
2026-06-01 18:24:48,512 - INFO -   Buscando sinônimos CID=23872112...
2026-06-01 18:24:49,374 - INFO -   Buscando classificação CID=23872112...
2026-06-01 18:24:53,442 - INFO -   Buscando descrição CID=23872112...
2026-06-01 18:24:54,339 - INFO -   ✓ Sucesso! CID=23872112

2026-06-01 18:24:54,740 - INFO - [31/101] Processando composto...
2026-06-01 18:24:57,736 - INFO - ✓ Encontrado CID=23872112 via formula='C21H26O6'
2026-06-01 18:24:57,737 - INFO -   Buscando propriedades CID=23872112...
2026-06-01 18:24:59,488 - INFO -   Buscando sinônimos CID=23872112...
2026-06-01 18:25:00,291 - INFO -   Buscando classificação CID=23872112...
2026-06-01 18:25:02,656 - INFO -   Buscando descrição CID=23872112...
2026-06-01 18:25:03,500 - INFO -   ✓ Sucesso! CID=23872112

2026-06-01 18:25:03,901 - INFO - [32/101] Processando composto...
2026-06-01 18:25:08,079 - INFO - ✓ Encontrado CID=23872112 via formula='C21H26O6'
2026-06-01 18:25:08,079 - INFO -   Buscando propriedades CID=23872112...
2026-06-01 18:25:09,441 - INFO -   Buscando sinônimos CID=23872112...
2026-06-01 18:25:10,262 - INFO -   Buscando classificação CID=23872112...
2026-06-01 18:25:12,382 - INFO -   Buscando descrição CID=23872112...
2026-06-01 18:25:13,241 - INFO -   ✓ Sucesso! CID=23872112

2026-06-01 18:25:13,642 - INFO - [33/101] Processando composto...
2026-06-01 18:25:34,191 - INFO - ✓ Encontrado CID=23872112 via formula='C21H26O6'
2026-06-01 18:25:34,191 - INFO -   Buscando propriedades CID=23872112...
2026-06-01 18:25:35,514 - INFO -   Buscando sinônimos CID=23872112...
2026-06-01 18:25:36,336 - INFO -   Buscando classificação CID=23872112...
2026-06-01 18:25:38,213 - INFO -   Buscando descrição CID=23872112...
2026-06-01 18:25:39,004 - INFO -   ✓ Sucesso! CID=23872112

2026-06-01 18:25:39,405 - INFO - [34/101] Processando composto...
2026-06-01 18:25:45,804 - INFO - ✓ Encontrado CID=24963749 via formula='C22H22N4O2'
2026-06-01 18:25:45,804 - INFO -   Buscando propriedades CID=24963749...
2026-06-01 18:25:47,372 - INFO -   Buscando sinônimos CID=24963749...
2026-06-01 18:25:48,238 - INFO -   Buscando classificação CID=24963749...
2026-06-01 18:25:52,897 - INFO -   Buscando descrição CID=24963749...
2026-06-01 18:25:53,772 - INFO -   ✓ Sucesso! CID=24963749

2026-06-01 18:25:54,173 - INFO - [35/101] Processando composto...
2026-06-01 18:25:58,257 - INFO - ✓ Encontrado CID=24963749 via formula='C22H22N4O2'
2026-06-01 18:25:58,257 - INFO -   Buscando propriedades CID=24963749...
2026-06-01 18:25:59,603 - INFO -   Buscando sinônimos CID=24963749...
2026-06-01 18:26:00,401 - INFO -   Buscando classificação CID=24963749...
2026-06-01 18:26:03,556 - INFO -   Buscando descrição CID=24963749...
2026-06-01 18:26:04,322 - INFO -   ✓ Sucesso! CID=24963749

2026-06-01 18:26:04,723 - INFO - [36/101] Processando composto...
2026-06-01 18:26:09,010 - INFO - ✓ Encontrado CID=24963749 via formula='C22H22N4O2'
2026-06-01 18:26:09,010 - INFO -   Buscando propriedades CID=24963749...
2026-06-01 18:26:10,871 - INFO -   Buscando sinônimos CID=24963749...
2026-06-01 18:26:11,665 - INFO -   Buscando classificação CID=24963749...
2026-06-01 18:26:13,888 - INFO -   Buscando descrição CID=24963749...
2026-06-01 18:26:14,839 - INFO -   ✓ Sucesso! CID=24963749

2026-06-01 18:26:15,240 - INFO - [37/101] Processando composto...
2026-06-01 18:26:19,041 - INFO - ✓ Encontrado CID=25220889 via formula='C17H29NO6P-'
2026-06-01 18:26:19,042 - INFO -   Buscando propriedades CID=25220889...
2026-06-01 18:26:20,573 - INFO -   Buscando sinônimos CID=25220889...
2026-06-01 18:26:21,392 - INFO -   Buscando classificação CID=25220889...
2026-06-01 18:26:22,930 - INFO -   Buscando descrição CID=25220889...
2026-06-01 18:26:23,678 - INFO -   ✓ Sucesso! CID=25220889

2026-06-01 18:26:24,078 - INFO - [38/101] Processando composto...
2026-06-01 18:26:24,672 - INFO - ✓ Encontrado CID=13870578 via name='Fragransin C1'
2026-06-01 18:26:24,673 - INFO -   Buscando propriedades CID=13870578...
2026-06-01 18:26:26,210 - INFO -   Buscando sinônimos CID=13870578...
2026-06-01 18:26:27,156 - INFO -   Buscando classificação CID=13870578...
2026-06-01 18:26:30,231 - INFO -   Buscando descrição CID=13870578...
2026-06-01 18:26:30,972 - INFO -   ✓ Sucesso! CID=13870578

2026-06-01 18:26:31,372 - INFO - [39/101] Processando composto...
2026-06-01 18:26:31,944 - INFO - ✓ Encontrado CID=131751994 via name='1-(4-Hydroxy-3,5-dimethoxyphenyl)-2-[2-methoxy-4-(1-propenyl)phenoxy]-1-propanol'
2026-06-01 18:26:31,944 - INFO -   Buscando propriedades CID=131751994...
2026-06-01 18:26:34,292 - INFO -   Buscando sinônimos CID=131751994...
2026-06-01 18:26:35,209 - INFO -   Buscando classificação CID=131751994...
2026-06-01 18:26:37,987 - INFO -   Buscando descrição CID=131751994...
2026-06-01 18:26:39,215 - INFO -   ✓ Sucesso! CID=131751994

2026-06-01 18:26:39,616 - INFO - [40/101] Processando composto...
2026-06-01 18:26:40,276 - INFO - ✓ Encontrado CID=14015411 via name='Fragransol A'
2026-06-01 18:26:40,276 - INFO -   Buscando propriedades CID=14015411...
2026-06-01 18:26:41,779 - INFO -   Buscando sinônimos CID=14015411...
2026-06-01 18:26:42,603 - INFO -   Buscando classificação CID=14015411...
2026-06-01 18:26:45,932 - INFO -   Buscando descrição CID=14015411...
2026-06-01 18:26:46,828 - INFO -   ✓ Sucesso! CID=14015411

2026-06-01 18:26:47,229 - INFO - [41/101] Processando composto...
2026-06-01 18:26:47,920 - INFO - ✓ Encontrado CID=13870578 via name='Fragransin C1'
2026-06-01 18:26:47,920 - INFO -   Buscando propriedades CID=13870578...
2026-06-01 18:26:49,757 - INFO -   Buscando sinônimos CID=13870578...
2026-06-01 18:26:50,755 - INFO -   Buscando classificação CID=13870578...
2026-06-01 18:26:52,759 - INFO -   Buscando descrição CID=13870578...
2026-06-01 18:26:53,563 - INFO -   ✓ Sucesso! CID=13870578

2026-06-01 18:26:53,964 - INFO - [42/101] Processando composto...
2026-06-01 18:26:57,647 - INFO - ✓ Encontrado CID=23872112 via formula='C21H26O6'
2026-06-01 18:26:57,647 - INFO -   Buscando propriedades CID=23872112...
2026-06-01 18:26:58,920 - INFO -   Buscando sinônimos CID=23872112...
2026-06-01 18:26:59,698 - INFO -   Buscando classificação CID=23872112...
2026-06-01 18:27:02,588 - INFO -   Buscando descrição CID=23872112...
2026-06-01 18:27:03,471 - INFO -   ✓ Sucesso! CID=23872112

2026-06-01 18:27:03,872 - INFO - [43/101] Processando composto...
2026-06-01 18:27:06,964 - INFO - ✓ Encontrado CID=23872112 via formula='C21H26O6'
2026-06-01 18:27:06,964 - INFO -   Buscando propriedades CID=23872112...
2026-06-01 18:27:08,562 - INFO -   Buscando sinônimos CID=23872112...
2026-06-01 18:27:09,493 - INFO -   Buscando classificação CID=23872112...
2026-06-01 18:27:11,676 - INFO -   Buscando descrição CID=23872112...
2026-06-01 18:27:12,535 - INFO -   ✓ Sucesso! CID=23872112

2026-06-01 18:27:12,935 - INFO - [44/101] Processando composto...
2026-06-01 18:27:15,157 - INFO - ✓ Encontrado CID=23872112 via formula='C21H26O6'
2026-06-01 18:27:15,157 - INFO -   Buscando propriedades CID=23872112...
2026-06-01 18:27:19,348 - INFO -   Buscando sinônimos CID=23872112...
2026-06-01 18:27:20,168 - INFO -   Buscando classificação CID=23872112...
2026-06-01 18:27:21,921 - INFO -   Buscando descrição CID=23872112...
2026-06-01 18:27:22,740 - INFO -   ✓ Sucesso! CID=23872112

2026-06-01 18:27:23,141 - INFO - [45/101] Processando composto...
2026-06-01 18:27:40,594 - INFO - ✓ Encontrado CID=23872112 via formula='C21H26O6'
2026-06-01 18:27:40,595 - INFO -   Buscando propriedades CID=23872112...
2026-06-01 18:27:41,980 - INFO -   Buscando sinônimos CID=23872112...
2026-06-01 18:27:42,808 - INFO -   Buscando classificação CID=23872112...
2026-06-01 18:27:44,761 - INFO -   Buscando descrição CID=23872112...
2026-06-01 18:27:45,582 - INFO -   ✓ Sucesso! CID=23872112

2026-06-01 18:27:45,983 - INFO - [46/101] Processando composto...
2026-06-01 18:27:58,062 - INFO - ✓ Encontrado CID=23872112 via formula='C21H26O6'
2026-06-01 18:27:58,062 - INFO -   Buscando propriedades CID=23872112...
2026-06-01 18:27:59,685 - INFO -   Buscando sinônimos CID=23872112...
2026-06-01 18:28:00,523 - INFO -   Buscando classificação CID=23872112...
2026-06-01 18:28:02,298 - INFO -   Buscando descrição CID=23872112...
2026-06-01 18:28:03,393 - INFO -   ✓ Sucesso! CID=23872112

2026-06-01 18:28:03,793 - INFO - [47/101] Processando composto...
2026-06-01 18:28:04,410 - INFO - ✓ Encontrado CID=14015411 via name='4-[5-(2-Hydroxy-1-methoxypropyl)-7-methoxy-3-methyl-2,3-dihydro-1-benzofuran-2-yl]-2-methoxyphenol'
2026-06-01 18:28:04,410 - INFO -   Buscando propriedades CID=14015411...
2026-06-01 18:28:06,011 - INFO -   Buscando sinônimos CID=14015411...
2026-06-01 18:28:06,853 - INFO -   Buscando classificação CID=14015411...
2026-06-01 18:28:09,671 - INFO -   Buscando descrição CID=14015411...
2026-06-01 18:28:10,554 - INFO -   ✓ Sucesso! CID=14015411

2026-06-01 18:28:10,954 - INFO - [48/101] Processando composto...
2026-06-01 18:28:20,813 - INFO - ✓ Encontrado CID=23872112 via formula='C21H26O6'
2026-06-01 18:28:20,814 - INFO -   Buscando propriedades CID=23872112...
2026-06-01 18:28:22,067 - INFO -   Buscando sinônimos CID=23872112...
2026-06-01 18:28:22,850 - INFO -   Buscando classificação CID=23872112...
2026-06-01 18:28:24,715 - INFO -   Buscando descrição CID=23872112...
2026-06-01 18:28:25,646 - INFO -   ✓ Sucesso! CID=23872112

2026-06-01 18:28:26,047 - INFO - [49/101] Processando composto...
2026-06-01 18:28:26,637 - INFO - ✓ Encontrado CID=5318039 via name='Hexahydrocurcumin'
2026-06-01 18:28:26,637 - INFO -   Buscando propriedades CID=5318039...
2026-06-01 18:28:28,193 - INFO -   Buscando sinônimos CID=5318039...
2026-06-01 18:28:29,012 - INFO -   Buscando classificação CID=5318039...
2026-06-01 18:28:34,071 - INFO -   Buscando descrição CID=5318039...
2026-06-01 18:28:34,978 - INFO -   ✓ Sucesso! CID=5318039

2026-06-01 18:28:35,378 - INFO - [50/101] Processando composto...
2026-06-01 18:28:39,955 - INFO - ✓ Encontrado CID=24963749 via formula='C22H22N4O2'
2026-06-01 18:28:39,955 - INFO -   Buscando propriedades CID=24963749...
2026-06-01 18:28:41,457 - INFO -   Buscando sinônimos CID=24963749...
2026-06-01 18:28:42,297 - INFO -   Buscando classificação CID=24963749...
2026-06-01 18:28:44,785 - INFO -   Buscando descrição CID=24963749...
2026-06-01 18:28:45,650 - INFO -   ✓ Sucesso! CID=24963749

2026-06-01 18:28:46,051 - INFO - [51/101] Processando composto...
2026-06-01 18:28:49,285 - INFO - ✓ Encontrado CID=23872112 via formula='C21H26O6'
2026-06-01 18:28:49,286 - INFO -   Buscando propriedades CID=23872112...
2026-06-01 18:28:50,597 - INFO -   Buscando sinônimos CID=23872112...
2026-06-01 18:28:51,412 - INFO -   Buscando classificação CID=23872112...
2026-06-01 18:28:53,146 - INFO -   Buscando descrição CID=23872112...
2026-06-01 18:28:53,977 - INFO -   ✓ Sucesso! CID=23872112

2026-06-01 18:28:54,378 - INFO - [52/101] Processando composto...
2026-06-01 18:28:57,149 - INFO - ✓ Encontrado CID=23872112 via formula='C21H26O6'
2026-06-01 18:28:57,149 - INFO -   Buscando propriedades CID=23872112...
2026-06-01 18:28:58,479 - INFO -   Buscando sinônimos CID=23872112...
2026-06-01 18:28:59,293 - INFO -   Buscando classificação CID=23872112...
2026-06-01 18:29:00,965 - INFO -   Buscando descrição CID=23872112...
2026-06-01 18:29:01,760 - INFO -   ✓ Sucesso! CID=23872112

2026-06-01 18:29:02,161 - INFO - [53/101] Processando composto...
2026-06-01 18:29:05,038 - INFO - ✓ Encontrado CID=23872112 via formula='C21H26O6'
2026-06-01 18:29:05,038 - INFO -   Buscando propriedades CID=23872112...
2026-06-01 18:29:06,769 - INFO -   Buscando sinônimos CID=23872112...
2026-06-01 18:29:07,651 - INFO -   Buscando classificação CID=23872112...
2026-06-01 18:29:09,160 - INFO -   Buscando descrição CID=23872112...
2026-06-01 18:29:09,969 - INFO -   ✓ Sucesso! CID=23872112

2026-06-01 18:29:10,370 - INFO - [54/101] Processando composto...
2026-06-01 18:29:18,761 - INFO - ✓ Encontrado CID=23872112 via formula='C21H26O6'
2026-06-01 18:29:18,762 - INFO -   Buscando propriedades CID=23872112...
2026-06-01 18:29:20,089 - INFO -   Buscando sinônimos CID=23872112...
2026-06-01 18:29:20,746 - INFO -   Buscando classificação CID=23872112...
2026-06-01 18:29:22,567 - INFO -   Buscando descrição CID=23872112...
2026-06-01 18:29:23,383 - INFO -   ✓ Sucesso! CID=23872112

2026-06-01 18:29:23,784 - INFO - [55/101] Processando composto...
2026-06-01 18:29:28,294 - INFO - ✓ Encontrado CID=23872112 via formula='C21H26O6'
2026-06-01 18:29:28,294 - INFO -   Buscando propriedades CID=23872112...
2026-06-01 18:29:30,218 - INFO -   Buscando sinônimos CID=23872112...
2026-06-01 18:29:30,958 - INFO -   Buscando classificação CID=23872112...
2026-06-01 18:29:33,008 - INFO -   Buscando descrição CID=23872112...
2026-06-01 18:29:33,814 - INFO -   ✓ Sucesso! CID=23872112

2026-06-01 18:29:34,215 - INFO - [56/101] Processando composto...
2026-06-01 18:29:38,835 - INFO - ✓ Encontrado CID=23872112 via formula='C21H26O6'
2026-06-01 18:29:38,836 - INFO -   Buscando propriedades CID=23872112...
2026-06-01 18:29:40,130 - INFO -   Buscando sinônimos CID=23872112...
2026-06-01 18:29:40,876 - INFO -   Buscando classificação CID=23872112...
2026-06-01 18:29:43,261 - INFO -   Buscando descrição CID=23872112...
2026-06-01 18:29:44,049 - INFO -   ✓ Sucesso! CID=23872112

2026-06-01 18:29:44,449 - INFO - [57/101] Processando composto...
2026-06-01 18:29:48,044 - INFO - ✓ Encontrado CID=23872112 via formula='C21H26O6'
2026-06-01 18:29:48,044 - INFO -   Buscando propriedades CID=23872112...
2026-06-01 18:29:49,421 - INFO -   Buscando sinônimos CID=23872112...
2026-06-01 18:29:50,086 - INFO -   Buscando classificação CID=23872112...
2026-06-01 18:29:51,943 - INFO -   Buscando descrição CID=23872112...
2026-06-01 18:29:52,639 - INFO -   ✓ Sucesso! CID=23872112

2026-06-01 18:29:53,040 - INFO - [58/101] Processando composto...
2026-06-01 18:29:56,544 - INFO - ✓ Encontrado CID=23872112 via formula='C21H26O6'
2026-06-01 18:29:56,544 - INFO -   Buscando propriedades CID=23872112...
2026-06-01 18:29:57,973 - INFO -   Buscando sinônimos CID=23872112...
2026-06-01 18:29:58,999 - INFO -   Buscando classificação CID=23872112...
2026-06-01 18:30:00,778 - INFO -   Buscando descrição CID=23872112...
2026-06-01 18:30:01,561 - INFO -   ✓ Sucesso! CID=23872112

2026-06-01 18:30:01,962 - INFO - [59/101] Processando composto...
2026-06-01 18:30:04,019 - INFO - ✓ Encontrado CID=21339226 via formula='C20H20N7O'
2026-06-01 18:30:04,019 - INFO -   Buscando propriedades CID=21339226...
2026-06-01 18:30:05,488 - INFO -   Buscando sinônimos CID=21339226...
2026-06-01 18:30:06,317 - INFO -   Buscando classificação CID=21339226...
2026-06-01 18:30:08,428 - INFO -   Buscando descrição CID=21339226...
2026-06-01 18:30:09,244 - INFO -   ✓ Sucesso! CID=21339226

2026-06-01 18:30:09,645 - INFO - [60/101] Processando composto...
2026-06-01 18:30:12,721 - INFO - ✓ Encontrado CID=21339226 via formula='C20H20N7O'
2026-06-01 18:30:12,721 - INFO -   Buscando propriedades CID=21339226...
2026-06-01 18:30:14,340 - INFO -   Buscando sinônimos CID=21339226...
2026-06-01 18:30:15,192 - INFO -   Buscando classificação CID=21339226...
2026-06-01 18:30:16,719 - INFO -   Buscando descrição CID=21339226...
2026-06-01 18:30:18,145 - INFO -   ✓ Sucesso! CID=21339226

2026-06-01 18:30:18,546 - INFO - [61/101] Processando composto...
2026-06-01 18:30:19,375 - INFO - ✓ Encontrado CID=46342342 via name='N-benzyl-2-(4-ethoxy-3-methoxyphenyl)imidazo[1,2-a]pyrimidin-3-amine'
2026-06-01 18:30:19,375 - INFO -   Buscando propriedades CID=46342342...
2026-06-01 18:30:21,054 - INFO -   Buscando sinônimos CID=46342342...
2026-06-01 18:30:21,831 - INFO -   Buscando classificação CID=46342342...
2026-06-01 18:30:22,709 - INFO -   Buscando descrição CID=46342342...
2026-06-01 18:30:23,706 - INFO -   ✓ Sucesso! CID=46342342

2026-06-01 18:30:24,107 - INFO - [62/101] Processando composto...
2026-06-01 18:30:24,700 - INFO - ✓ Encontrado CID=53208188 via name='2-(3,4-dimethoxyphenyl)-N-(3,5-dimethylphenyl)imidazo[1,2-a]pyrazin-3-amine'
2026-06-01 18:30:24,700 - INFO -   Buscando propriedades CID=53208188...
2026-06-01 18:30:26,288 - INFO -   Buscando sinônimos CID=53208188...
2026-06-01 18:30:27,052 - INFO -   Buscando classificação CID=53208188...
2026-06-01 18:30:27,828 - INFO -   Buscando descrição CID=53208188...
2026-06-01 18:30:28,797 - INFO -   ✓ Sucesso! CID=53208188

2026-06-01 18:30:29,198 - INFO - [63/101] Processando composto...
2026-06-01 18:30:29,629 - INFO - ✓ Encontrado CID=53208190 via name='2-(3,4-dimethoxyphenyl)-N-(2,4-dimethylphenyl)imidazo[1,2-a]pyrazin-3-amine'
2026-06-01 18:30:29,629 - INFO -   Buscando propriedades CID=53208190...
2026-06-01 18:30:31,064 - INFO -   Buscando sinônimos CID=53208190...
2026-06-01 18:30:31,888 - INFO -   Buscando classificação CID=53208190...
2026-06-01 18:30:32,740 - INFO -   Buscando descrição CID=53208190...
2026-06-01 18:30:33,515 - INFO -   ✓ Sucesso! CID=53208190

2026-06-01 18:30:33,916 - INFO - [64/101] Processando composto...
2026-06-01 18:30:37,713 - INFO - ✓ Encontrado CID=24963749 via formula='C22H22N4O2'
2026-06-01 18:30:37,713 - INFO -   Buscando propriedades CID=24963749...
2026-06-01 18:30:39,245 - INFO -   Buscando sinônimos CID=24963749...
2026-06-01 18:30:39,954 - INFO -   Buscando classificação CID=24963749...
2026-06-01 18:30:42,602 - INFO -   Buscando descrição CID=24963749...
2026-06-01 18:30:43,565 - INFO -   ✓ Sucesso! CID=24963749

2026-06-01 18:30:43,966 - INFO - [65/101] Processando composto...
2026-06-01 18:30:44,446 - INFO - ✓ Encontrado CID=49964574 via name='2-(3,4-dimethoxyphenyl)-N-(2,6-dimethylphenyl)imidazo[1,2-a]pyrazin-3-amine'
2026-06-01 18:30:44,446 - INFO -   Buscando propriedades CID=49964574...
2026-06-01 18:30:52,856 - INFO -   Buscando sinônimos CID=49964574...
2026-06-01 18:30:53,881 - INFO -   Buscando classificação CID=49964574...
2026-06-01 18:30:56,036 - INFO -   Buscando descrição CID=49964574...
2026-06-01 18:30:57,672 - INFO -   ✓ Sucesso! CID=49964574

2026-06-01 18:30:58,073 - INFO - [66/101] Processando composto...
2026-06-01 18:30:58,699 - INFO - ✓ Encontrado CID=46342334 via name='2-(3,4-dimethoxyphenyl)-N-[(4-methylphenyl)methyl]imidazo[1,2-a]pyrimidin-3-amine'
2026-06-01 18:30:58,700 - INFO -   Buscando propriedades CID=46342334...
2026-06-01 18:31:00,372 - INFO -   Buscando sinônimos CID=46342334...
2026-06-01 18:31:01,363 - INFO -   Buscando classificação CID=46342334...
