2026-06-01 19:23:28,956 - INFO - 🔍 Verificando conectividade com PubChem API...
2026-06-01 19:23:29,646 - INFO - ✅ Conectividade OK - API PubChem acessível
2026-06-01 19:23:29,646 - INFO - 
2026-06-01 19:23:29,652 - INFO - Carregado 5 compostos de /app/data/staging/candidates_external_input.csv
2026-06-01 19:23:29,652 - INFO - 
============================================================
2026-06-01 19:23:29,652 - INFO - Iniciando extração de 5 compostos do PubChem
2026-06-01 19:23:29,653 - INFO - ============================================================

2026-06-01 19:23:29,653 - INFO - [1/5] Processando composto...
2026-06-01 19:23:30,344 - INFO - ✓ Encontrado CID=196968 via name='RS-127445'
2026-06-01 19:23:30,344 - INFO -   Buscando propriedades CID=196968...
2026-06-01 19:23:31,766 - INFO -   Buscando sinônimos CID=196968...
2026-06-01 19:23:32,823 - INFO -   Buscando classificação CID=196968...
2026-06-01 19:23:37,707 - INFO -   Buscando descrição CID=196968...
2026-06-01 19:23:38,582 - INFO -   ✓ Sucesso! CID=196968

2026-06-01 19:23:38,983 - INFO - [2/5] Processando composto...
2026-06-01 19:23:39,577 - INFO - ✓ Encontrado CID=196968 via name='4-(4-Fluoro-1-naphthyl)-6-isopropylpyrimidin-2-amine'
2026-06-01 19:23:39,577 - INFO -   Buscando propriedades CID=196968...
2026-06-01 19:23:41,013 - INFO -   Buscando sinônimos CID=196968...
2026-06-01 19:23:41,888 - INFO -   Buscando classificação CID=196968...
2026-06-01 19:23:46,283 - INFO -   Buscando descrição CID=196968...
2026-06-01 19:23:47,094 - INFO -   ✓ Sucesso! CID=196968

2026-06-01 19:23:47,495 - INFO - [3/5] Processando composto...
2026-06-01 19:24:02,103 - ERROR - Erro na requisição: ('Connection aborted.', RemoteDisconnected('Remote end closed connection without response'))
2026-06-01 19:24:03,132 - WARNING - ✗ Composto não encontrado: {'compound_name': '3-(2-Fluorophenyl)-N7,N7-dimethylquinoline-2,7-diamine)', 'formula': 'C17H16FN3', 'molecular_formula': 'C17H16FN3', 'source_compound_id': 'CSID48245015', 'description': '3-(2-Fluorophenyl)-N7,N7-dimethylquinoline-2,7-diamine)', 'inchikey': nan, 'rank_group': 2, 'is_tied': True}
2026-06-01 19:24:03,132 - WARNING -   ✗ Não encontrado

2026-06-01 19:24:03,533 - INFO - [4/5] Processando composto...
2026-06-01 19:24:23,925 - INFO - ✓ Encontrado CID=196968 via formula='C17H16FN3'
2026-06-01 19:24:23,925 - INFO -   Buscando propriedades CID=196968...
2026-06-01 19:24:25,280 - INFO -   Buscando sinônimos CID=196968...
2026-06-01 19:24:25,975 - INFO -   Buscando classificação CID=196968...
2026-06-01 19:24:29,888 - INFO -   Buscando descrição CID=196968...
2026-06-01 19:24:30,707 - INFO -   ✓ Sucesso! CID=196968

2026-06-01 19:24:31,108 - INFO - [5/5] Processando composto...
2026-06-01 19:24:45,424 - INFO - ✓ Encontrado CID=196968 via formula='C17H16FN3'
2026-06-01 19:24:45,425 - INFO -   Buscando propriedades CID=196968...
2026-06-01 19:24:46,593 - INFO -   Buscando sinônimos CID=196968...
2026-06-01 19:24:47,465 - INFO -   Buscando classificação CID=196968...
2026-06-01 19:24:50,468 - INFO -   Buscando descrição CID=196968...
2026-06-01 19:24:51,255 - INFO -   ✓ Sucesso! CID=196968

2026-06-01 19:24:51,669 - INFO - 
✓ Resultados salvos em: /app/data/staging/pubchem_raw.parquet
2026-06-01 19:24:51,671 - INFO - ✓ CSV salvo em: /app/data/staging/pubchem_raw.csv
2026-06-01 19:24:51,672 - INFO - 
============================================================
2026-06-01 19:24:51,672 - INFO - ESTATÍSTICAS FINAIS
2026-06-01 19:24:51,672 - INFO - ============================================================
2026-06-01 19:24:51,672 - INFO - Total processado: 5
2026-06-01 19:24:51,672 - INFO - Sucesso: 4 (80.0%)
2026-06-01 19:24:51,672 - INFO - Falhas: 1 (20.0%)
2026-06-01 19:24:51,672 - INFO - 
Métodos de busca utilizados:
2026-06-01 19:24:51,672 - INFO -   - name: 2
2026-06-01 19:24:51,672 - INFO -   - formula: 2
2026-06-01 19:24:51,672 - INFO - ============================================================

