2026-05-26 18:29:48,575 - INFO - 🔍 Verificando conectividade com PubChem API...
2026-05-26 18:29:49,005 - INFO - ✅ Conectividade OK - API PubChem acessível
2026-05-26 18:29:49,006 - INFO - 
2026-05-26 18:29:49,106 - INFO - Carregado 28421 compostos de data/staging/candidates_external_input.csv
2026-05-26 18:29:49,106 - INFO - 
============================================================
2026-05-26 18:29:49,106 - INFO - Iniciando extração de 28421 compostos do PubChem
2026-05-26 18:29:49,106 - INFO - ============================================================

2026-05-26 18:29:49,124 - INFO - [1/28421] Processando composto...
2026-05-26 18:29:51,004 - INFO - ✓ Encontrado CID=129870981 via formula='C7HBrClN3'
2026-05-26 18:29:51,004 - INFO -   Buscando propriedades CID=129870981...
2026-05-26 18:29:52,357 - INFO -   Buscando sinônimos CID=129870981...
2026-05-26 18:29:53,057 - INFO -   Buscando classificação CID=129870981...
2026-05-26 18:29:53,783 - INFO -   Buscando descrição CID=129870981...
2026-05-26 18:29:54,445 - INFO -   ✓ Sucesso! CID=129870981

2026-05-26 18:29:54,845 - INFO - [2/28421] Processando composto...
2026-05-26 18:29:55,376 - INFO - ✓ Encontrado CID=6422 via name='trifluoroacetic acid'
2026-05-26 18:29:55,376 - INFO -   Buscando propriedades CID=6422...
2026-05-26 18:29:56,547 - INFO -   Buscando sinônimos CID=6422...
2026-05-26 18:29:57,383 - INFO -   Buscando classificação CID=6422...
2026-05-26 18:30:26,209 - INFO -   Buscando descrição CID=6422...
2026-05-26 18:30:26,894 - INFO -   ✓ Sucesso! CID=6422

2026-05-26 18:30:27,294 - INFO - [3/28421] Processando composto...
2026-05-26 18:30:27,804 - INFO - ✓ Encontrado CID=6422 via name='Trifluoroacetic acid'
2026-05-26 18:30:27,804 - INFO -   Buscando propriedades CID=6422...
2026-05-26 18:30:29,313 - INFO -   Buscando sinônimos CID=6422...
2026-05-26 18:30:30,173 - INFO -   Buscando classificação CID=6422...
2026-05-26 18:30:59,286 - ERROR - Erro ao decodificar JSON da resposta: Invalid control character at: line 1079622 column 43 (char 32340619)
2026-05-26 18:30:59,494 - INFO -   Buscando descrição CID=6422...
2026-05-26 18:31:00,324 - INFO -   ✓ Sucesso! CID=6422

2026-05-26 18:31:00,725 - INFO - [4/28421] Processando composto...
2026-05-26 18:31:02,535 - INFO - ✓ Encontrado CID=22392675 via formula='C2H3F3O3'
2026-05-26 18:31:02,535 - INFO -   Buscando propriedades CID=22392675...
2026-05-26 18:31:03,866 - INFO -   Buscando sinônimos CID=22392675...
2026-05-26 18:31:04,527 - INFO -   Buscando classificação CID=22392675...
2026-05-26 18:31:08,099 - INFO -   Buscando descrição CID=22392675...
2026-05-26 18:31:08,783 - INFO -   ✓ Sucesso! CID=22392675

2026-05-26 18:31:09,184 - INFO - [5/28421] Processando composto...
2026-05-26 18:31:09,617 - INFO - ✓ Encontrado CID=18626851 via name='3,4-Diethynylthiophene'
2026-05-26 18:31:09,617 - INFO -   Buscando propriedades CID=18626851...
2026-05-26 18:31:10,984 - INFO -   Buscando sinônimos CID=18626851...
2026-05-26 18:31:12,275 - INFO -   Buscando classificação CID=18626851...
2026-05-26 18:31:14,100 - INFO -   Buscando descrição CID=18626851...
2026-05-26 18:31:14,773 - INFO -   ✓ Sucesso! CID=18626851

2026-05-26 18:31:15,173 - INFO - [6/28421] Processando composto...
2026-05-26 18:31:15,597 - INFO - ✓ Encontrado CID=18626855 via name='2,3-Diethynylthiophene'
2026-05-26 18:31:15,598 - INFO -   Buscando propriedades CID=18626855...
2026-05-26 18:31:17,114 - INFO -   Buscando sinônimos CID=18626855...
2026-05-26 18:31:17,896 - INFO -   Buscando classificação CID=18626855...
2026-05-26 18:31:19,723 - INFO -   Buscando descrição CID=18626855...
2026-05-26 18:31:21,469 - INFO -   ✓ Sucesso! CID=18626855

2026-05-26 18:31:21,870 - INFO - [7/28421] Processando composto...
2026-05-26 18:31:22,309 - INFO - ✓ Encontrado CID=45079182 via name='2,4-Diethynylthiophene'
2026-05-26 18:31:22,310 - INFO -   Buscando propriedades CID=45079182...
2026-05-26 18:31:26,670 - INFO -   Buscando sinônimos CID=45079182...
2026-05-26 18:31:27,551 - INFO -   Buscando classificação CID=45079182...
2026-05-26 18:31:32,097 - INFO -   Buscando descrição CID=45079182...
2026-05-26 18:31:36,257 - INFO -   ✓ Sucesso! CID=45079182

2026-05-26 18:31:36,657 - INFO - [8/28421] Processando composto...
2026-05-26 18:31:42,086 - INFO - ✓ Encontrado CID=11344040 via formula='C8H4S'
2026-05-26 18:31:42,086 - INFO -   Buscando propriedades CID=11344040...
2026-05-26 18:31:47,693 - INFO -   Buscando sinônimos CID=11344040...
2026-05-26 18:31:48,660 - INFO -   Buscando classificação CID=11344040...
