2026-05-12 16:24:10,864 - INFO - 🔍 Verificando conectividade com PubChem API...
2026-05-12 16:24:11,371 - INFO - ✅ Conectividade OK - API PubChem acessível
2026-05-12 16:24:11,372 - INFO - 
2026-05-12 16:24:11,402 - INFO - Carregado 9844 compostos de /home/vinicius_joacir/QuimioAnalytics/staging/candidates_external_input.csv
2026-05-12 16:24:11,402 - INFO - 
============================================================
2026-05-12 16:24:11,402 - INFO - Iniciando extração de 9844 compostos do PubChem
2026-05-12 16:24:11,402 - INFO - ============================================================

2026-05-12 16:24:11,407 - INFO - [1/9844] Processando composto...
2026-05-12 16:24:13,513 - INFO - ✓ Encontrado CID=129870981 via formula='C7HBrClN3'
2026-05-12 16:24:13,513 - INFO -   Buscando propriedades CID=129870981...
2026-05-12 16:24:15,028 - INFO -   Buscando sinônimos CID=129870981...
2026-05-12 16:24:15,703 - INFO -   Buscando classificação CID=129870981...
2026-05-12 16:24:17,129 - INFO -   Buscando descrição CID=129870981...
2026-05-12 16:24:18,220 - INFO -   ✓ Sucesso! CID=129870981

2026-05-12 16:24:18,621 - INFO - [2/9844] Processando composto...
2026-05-12 16:24:19,247 - INFO - ✓ Encontrado CID=6422 via name='trifluoroacetic acid'
2026-05-12 16:24:19,247 - INFO -   Buscando propriedades CID=6422...
2026-05-12 16:24:20,533 - INFO -   Buscando sinônimos CID=6422...
2026-05-12 16:24:21,274 - INFO -   Buscando classificação CID=6422...
2026-05-12 16:24:36,626 - WARNING - Timeout - tentativa 1/3
2026-05-12 16:24:52,139 - WARNING - Timeout - tentativa 2/3
2026-05-12 16:25:07,953 - WARNING - Timeout - tentativa 3/3
2026-05-12 16:25:08,753 - INFO -   Buscando descrição CID=6422...
2026-05-12 16:25:09,530 - INFO -   ✓ Sucesso! CID=6422

2026-05-12 16:25:09,931 - INFO - [3/9844] Processando composto...
2026-05-12 16:25:10,543 - INFO - ✓ Encontrado CID=6422 via name='Trifluoroacetic acid'
2026-05-12 16:25:10,543 - INFO -   Buscando propriedades CID=6422...
2026-05-12 16:25:12,114 - INFO -   Buscando sinônimos CID=6422...
2026-05-12 16:25:12,940 - INFO -   Buscando classificação CID=6422...
2026-05-12 16:25:28,338 - WARNING - Timeout - tentativa 1/3
2026-05-12 16:25:43,952 - WARNING - Timeout - tentativa 2/3
2026-05-12 16:26:00,252 - WARNING - Timeout - tentativa 3/3
2026-05-12 16:26:01,052 - INFO -   Buscando descrição CID=6422...
2026-05-12 16:26:01,877 - INFO -   ✓ Sucesso! CID=6422

2026-05-12 16:26:02,278 - INFO - [4/9844] Processando composto...
2026-05-12 16:26:04,315 - INFO - ✓ Encontrado CID=22392675 via formula='C2H3F3O3'
2026-05-12 16:26:04,318 - INFO -   Buscando propriedades CID=22392675...
2026-05-12 16:26:05,799 - INFO -   Buscando sinônimos CID=22392675...
2026-05-12 16:26:06,557 - INFO -   Buscando classificação CID=22392675...
2026-05-12 16:26:11,289 - INFO -   Buscando descrição CID=22392675...
2026-05-12 16:26:12,125 - INFO -   ✓ Sucesso! CID=22392675

2026-05-12 16:26:12,525 - INFO - [5/9844] Processando composto...
2026-05-12 16:26:13,121 - INFO - ✓ Encontrado CID=18626851 via name='3,4-Diethynylthiophene'
2026-05-12 16:26:13,121 - INFO -   Buscando propriedades CID=18626851...
2026-05-12 16:26:14,659 - INFO -   Buscando sinônimos CID=18626851...
2026-05-12 16:26:15,465 - INFO -   Buscando classificação CID=18626851...
2026-05-12 16:26:17,721 - INFO -   Buscando descrição CID=18626851...
2026-05-12 16:26:18,554 - INFO -   ✓ Sucesso! CID=18626851

2026-05-12 16:26:18,955 - INFO - [6/9844] Processando composto...
2026-05-12 16:26:19,472 - INFO - ✓ Encontrado CID=18626855 via name='2,3-Diethynylthiophene'
2026-05-12 16:26:19,472 - INFO -   Buscando propriedades CID=18626855...
2026-05-12 16:26:20,841 - INFO -   Buscando sinônimos CID=18626855...
2026-05-12 16:26:21,553 - INFO -   Buscando classificação CID=18626855...
2026-05-12 16:26:24,379 - INFO -   Buscando descrição CID=18626855...
2026-05-12 16:26:25,336 - INFO -   ✓ Sucesso! CID=18626855

2026-05-12 16:26:25,736 - INFO - [7/9844] Processando composto...
2026-05-12 16:26:26,251 - INFO - ✓ Encontrado CID=45079182 via name='2,4-Diethynylthiophene'
2026-05-12 16:26:26,252 - INFO -   Buscando propriedades CID=45079182...
2026-05-12 16:26:27,700 - INFO -   Buscando sinônimos CID=45079182...
2026-05-12 16:26:28,470 - INFO -   Buscando classificação CID=45079182...
2026-05-12 16:26:31,133 - INFO -   Buscando descrição CID=45079182...
2026-05-12 16:26:31,971 - INFO -   ✓ Sucesso! CID=45079182

2026-05-12 16:26:32,372 - INFO - [8/9844] Processando composto...
2026-05-12 16:26:34,494 - INFO - ✓ Encontrado CID=11344040 via formula='C8H4S'
2026-05-12 16:26:34,494 - INFO -   Buscando propriedades CID=11344040...
2026-05-12 16:26:35,865 - INFO -   Buscando sinônimos CID=11344040...
2026-05-12 16:26:36,611 - INFO -   Buscando classificação CID=11344040...
2026-05-12 16:26:39,234 - INFO -   Buscando descrição CID=11344040...
2026-05-12 16:26:40,064 - INFO -   ✓ Sucesso! CID=11344040

2026-05-12 16:26:40,465 - INFO - [9/9844] Processando composto...
2026-05-12 16:26:43,118 - INFO - ✓ Encontrado CID=11344040 via formula='C8H4S'
2026-05-12 16:26:43,118 - INFO -   Buscando propriedades CID=11344040...
2026-05-12 16:26:44,775 - INFO -   Buscando sinônimos CID=11344040...
2026-05-12 16:26:45,666 - INFO -   Buscando classificação CID=11344040...
2026-05-12 16:26:47,465 - INFO -   Buscando descrição CID=11344040...
2026-05-12 16:26:48,194 - INFO -   ✓ Sucesso! CID=11344040

2026-05-12 16:26:48,595 - INFO - [10/9844] Processando composto...
2026-05-12 16:26:49,160 - INFO - ✓ Encontrado CID=23338150 via name='Tetrazolo[1,5-a]quinazoline'
2026-05-12 16:26:49,160 - INFO -   Buscando propriedades CID=23338150...
2026-05-12 16:26:50,721 - INFO -   Buscando sinônimos CID=23338150...
2026-05-12 16:26:51,485 - INFO -   Buscando classificação CID=23338150...
2026-05-12 16:26:53,355 - INFO -   Buscando descrição CID=23338150...
2026-05-12 16:26:54,189 - INFO -   ✓ Sucesso! CID=23338150

2026-05-12 16:26:54,589 - INFO - [11/9844] Processando composto...
2026-05-12 16:26:55,213 - INFO - ✓ Encontrado CID=278089 via name='tetrazolo(1,5-c)quinazoline'
2026-05-12 16:26:55,213 - INFO -   Buscando propriedades CID=278089...
2026-05-12 16:26:56,674 - INFO -   Buscando sinônimos CID=278089...
2026-05-12 16:26:57,594 - INFO -   Buscando classificação CID=278089...
2026-05-12 16:26:59,604 - INFO -   Buscando descrição CID=278089...
2026-05-12 16:27:00,389 - INFO -   ✓ Sucesso! CID=278089

2026-05-12 16:27:00,790 - INFO - [12/9844] Processando composto...
2026-05-12 16:27:01,286 - INFO - ✓ Encontrado CID=67083485 via name='imidazopyridopyrimidine'
2026-05-12 16:27:01,286 - INFO -   Buscando propriedades CID=67083485...
2026-05-12 16:27:02,912 - INFO -   Buscando sinônimos CID=67083485...
2026-05-12 16:27:03,719 - INFO -   Buscando classificação CID=67083485...
2026-05-12 16:27:06,006 - INFO -   Buscando descrição CID=67083485...
2026-05-12 16:27:06,810 - INFO -   ✓ Sucesso! CID=67083485

2026-05-12 16:27:07,210 - INFO - [13/9844] Processando composto...
2026-05-12 16:27:09,434 - INFO - ✓ Encontrado CID=24702432 via formula='C8H5N5'
2026-05-12 16:27:09,434 - INFO -   Buscando propriedades CID=24702432...
2026-05-12 16:27:10,820 - INFO -   Buscando sinônimos CID=24702432...
2026-05-12 16:27:11,686 - INFO -   Buscando classificação CID=24702432...
2026-05-12 16:27:13,789 - INFO -   Buscando descrição CID=24702432...
2026-05-12 16:27:14,540 - INFO -   ✓ Sucesso! CID=24702432

2026-05-12 16:27:14,940 - INFO - [14/9844] Processando composto...
2026-05-12 16:27:15,430 - INFO - ✓ Encontrado CID=54133848 via name='3H-Imidazo[4′,5′:4,5]pyrido[2,3-d]pyrimidine'
2026-05-12 16:27:15,431 - INFO -   Buscando propriedades CID=54133848...
2026-05-12 16:27:16,849 - INFO -   Buscando sinônimos CID=54133848...
2026-05-12 16:27:17,636 - INFO -   Buscando classificação CID=54133848...
2026-05-12 16:27:19,057 - INFO -   Buscando descrição CID=54133848...
2026-05-12 16:27:19,887 - INFO -   ✓ Sucesso! CID=54133848

2026-05-12 16:27:20,288 - INFO - [15/9844] Processando composto...
2026-05-12 16:27:22,337 - INFO - ✓ Encontrado CID=24702432 via formula='C8H5N5'
2026-05-12 16:27:22,338 - INFO -   Buscando propriedades CID=24702432...
2026-05-12 16:27:23,970 - INFO -   Buscando sinônimos CID=24702432...
2026-05-12 16:27:24,994 - INFO -   Buscando classificação CID=24702432...
2026-05-12 16:27:26,462 - INFO -   Buscando descrição CID=24702432...
2026-05-12 16:27:27,181 - INFO -   ✓ Sucesso! CID=24702432

2026-05-12 16:27:27,582 - INFO - [16/9844] Processando composto...
2026-05-12 16:27:28,180 - INFO - ✓ Encontrado CID=45121714 via name='2H-[1,2,3]Triazolo[4,5-f]quinoxaline'
2026-05-12 16:27:28,180 - INFO -   Buscando propriedades CID=45121714...
2026-05-12 16:27:29,757 - INFO -   Buscando sinônimos CID=45121714...
2026-05-12 16:27:30,570 - INFO -   Buscando classificação CID=45121714...
2026-05-12 16:27:32,175 - INFO -   Buscando descrição CID=45121714...
2026-05-12 16:27:32,901 - INFO -   ✓ Sucesso! CID=45121714

2026-05-12 16:27:33,302 - INFO - [17/9844] Processando composto...
2026-05-12 16:27:35,476 - INFO - ✓ Encontrado CID=24702432 via formula='C8H5N5'
2026-05-12 16:27:35,476 - INFO -   Buscando propriedades CID=24702432...
2026-05-12 16:27:36,837 - INFO -   Buscando sinônimos CID=24702432...
2026-05-12 16:27:37,692 - INFO -   Buscando classificação CID=24702432...
2026-05-12 16:27:38,952 - INFO -   Buscando descrição CID=24702432...
2026-05-12 16:27:39,669 - INFO -   ✓ Sucesso! CID=24702432

2026-05-12 16:27:40,070 - INFO - [18/9844] Processando composto...
2026-05-12 16:27:42,229 - INFO - ✓ Encontrado CID=24702432 via formula='C8H5N5'
2026-05-12 16:27:42,229 - INFO -   Buscando propriedades CID=24702432...
2026-05-12 16:27:43,767 - INFO -   Buscando sinônimos CID=24702432...
2026-05-12 16:27:44,656 - INFO -   Buscando classificação CID=24702432...
2026-05-12 16:27:45,789 - INFO -   Buscando descrição CID=24702432...
2026-05-12 16:27:46,496 - INFO -   ✓ Sucesso! CID=24702432

2026-05-12 16:27:46,897 - INFO - [19/9844] Processando composto...
2026-05-12 16:27:49,045 - INFO - ✓ Encontrado CID=24702432 via formula='C8H5N5'
2026-05-12 16:27:49,045 - INFO -   Buscando propriedades CID=24702432...
2026-05-12 16:27:50,401 - INFO -   Buscando sinônimos CID=24702432...
2026-05-12 16:27:51,397 - INFO -   Buscando classificação CID=24702432...
2026-05-12 16:27:52,645 - INFO -   Buscando descrição CID=24702432...
2026-05-12 16:27:53,472 - INFO -   ✓ Sucesso! CID=24702432

2026-05-12 16:27:53,872 - INFO - [20/9844] Processando composto...
2026-05-12 16:27:54,490 - INFO - ✓ Encontrado CID=16115665 via name='Hyrtinadine A'
2026-05-12 16:27:54,490 - INFO -   Buscando propriedades CID=16115665...
2026-05-12 16:27:56,296 - INFO -   Buscando sinônimos CID=16115665...
2026-05-12 16:27:57,191 - INFO -   Buscando classificação CID=16115665...
2026-05-12 16:28:00,302 - INFO -   Buscando descrição CID=16115665...
2026-05-12 16:28:01,073 - INFO -   ✓ Sucesso! CID=16115665

2026-05-12 16:28:01,473 - INFO - [21/9844] Processando composto...
2026-05-12 16:28:01,970 - INFO - ✓ Encontrado CID=129642517 via name='bilinic acid'
2026-05-12 16:28:01,970 - INFO -   Buscando propriedades CID=129642517...
2026-05-12 16:28:03,634 - INFO -   Buscando sinônimos CID=129642517...
2026-05-12 16:28:04,402 - INFO -   Buscando classificação CID=129642517...
2026-05-12 16:28:06,419 - INFO -   Buscando descrição CID=129642517...
2026-05-12 16:28:07,284 - INFO -   ✓ Sucesso! CID=129642517

2026-05-12 16:28:07,685 - INFO - [22/9844] Processando composto...
2026-05-12 16:28:09,850 - INFO - ✓ Encontrado CID=631170 via formula='C19H18O6'
2026-05-12 16:28:09,851 - INFO -   Buscando propriedades CID=631170...
2026-05-12 16:28:11,445 - INFO -   Buscando sinônimos CID=631170...
2026-05-12 16:28:12,404 - INFO -   Buscando classificação CID=631170...
2026-05-12 16:28:15,897 - INFO -   Buscando descrição CID=631170...
2026-05-12 16:28:16,404 - ERROR - Erro na requisição: ('Connection aborted.', RemoteDisconnected('Remote end closed connection without response'))
2026-05-12 16:28:16,604 - INFO -   ✓ Sucesso! CID=631170

2026-05-12 16:28:17,004 - INFO - [23/9844] Processando composto...
2026-05-12 16:28:19,281 - INFO - ✓ Encontrado CID=631170 via formula='C19H18O6'
2026-05-12 16:28:19,281 - INFO -   Buscando propriedades CID=631170...
2026-05-12 16:28:20,639 - INFO -   Buscando sinônimos CID=631170...
2026-05-12 16:28:21,526 - INFO -   Buscando classificação CID=631170...
2026-05-12 16:28:23,682 - INFO -   Buscando descrição CID=631170...
2026-05-12 16:28:24,602 - INFO -   ✓ Sucesso! CID=631170

2026-05-12 16:28:25,003 - INFO - [24/9844] Processando composto...
2026-05-12 16:28:25,791 - INFO - ✓ Encontrado CID=44558962 via name='clauslactone F'
2026-05-12 16:28:25,791 - INFO -   Buscando propriedades CID=44558962...
2026-05-12 16:28:27,219 - INFO -   Buscando sinônimos CID=44558962...
2026-05-12 16:28:28,084 - INFO -   Buscando classificação CID=44558962...
2026-05-12 16:28:30,532 - INFO -   Buscando descrição CID=44558962...
2026-05-12 16:28:31,355 - INFO -   ✓ Sucesso! CID=44558962

2026-05-12 16:28:31,755 - INFO - [25/9844] Processando composto...
2026-05-12 16:28:34,016 - INFO - ✓ Encontrado CID=631170 via formula='C19H18O6'
2026-05-12 16:28:34,016 - INFO -   Buscando propriedades CID=631170...
2026-05-12 16:28:35,600 - INFO -   Buscando sinônimos CID=631170...
2026-05-12 16:28:36,612 - INFO -   Buscando classificação CID=631170...
2026-05-12 16:28:39,767 - INFO -   Buscando descrição CID=631170...
2026-05-12 16:28:40,777 - INFO -   ✓ Sucesso! CID=631170

2026-05-12 16:28:41,178 - INFO - [26/9844] Processando composto...
2026-05-12 16:28:41,808 - INFO - ✓ Encontrado CID=122876 via name='5,6,7,8-Tetramethoxyflavone'
2026-05-12 16:28:41,808 - INFO -   Buscando propriedades CID=122876...
2026-05-12 16:28:43,132 - INFO -   Buscando sinônimos CID=122876...
2026-05-12 16:28:43,945 - INFO -   Buscando classificação CID=122876...
2026-05-12 16:28:46,802 - INFO -   Buscando descrição CID=122876...
2026-05-12 16:28:47,616 - INFO -   ✓ Sucesso! CID=122876

2026-05-12 16:28:48,017 - INFO - [27/9844] Processando composto...
2026-05-12 16:28:50,226 - INFO - ✓ Encontrado CID=631170 via formula='C19H18O6'
2026-05-12 16:28:50,226 - INFO -   Buscando propriedades CID=631170...
2026-05-12 16:28:51,660 - INFO -   Buscando sinônimos CID=631170...
2026-05-12 16:28:52,648 - INFO -   Buscando classificação CID=631170...
2026-05-12 16:28:55,322 - INFO -   Buscando descrição CID=631170...
2026-05-12 16:28:56,172 - INFO -   ✓ Sucesso! CID=631170

2026-05-12 16:28:56,572 - INFO - [28/9844] Processando composto...
2026-05-12 16:28:58,803 - INFO - ✓ Encontrado CID=631170 via formula='C19H18O6'
2026-05-12 16:28:58,803 - INFO -   Buscando propriedades CID=631170...
2026-05-12 16:29:00,157 - INFO -   Buscando sinônimos CID=631170...
2026-05-12 16:29:01,228 - INFO -   Buscando classificação CID=631170...
2026-05-12 16:29:03,415 - INFO -   Buscando descrição CID=631170...
2026-05-12 16:29:04,228 - INFO -   ✓ Sucesso! CID=631170

2026-05-12 16:29:04,629 - INFO - [29/9844] Processando composto...
2026-05-12 16:29:07,501 - INFO - ✓ Encontrado CID=631170 via formula='C19H18O6'
2026-05-12 16:29:07,501 - INFO -   Buscando propriedades CID=631170...
2026-05-12 16:29:08,825 - INFO -   Buscando sinônimos CID=631170...
2026-05-12 16:29:09,629 - INFO -   Buscando classificação CID=631170...
2026-05-12 16:29:12,020 - INFO -   Buscando descrição CID=631170...
2026-05-12 16:29:12,856 - INFO -   ✓ Sucesso! CID=631170

2026-05-12 16:29:13,256 - INFO - [30/9844] Processando composto...
2026-05-12 16:29:13,872 - INFO - ✓ Encontrado CID=101603125 via name='Gibberellin A59'
2026-05-12 16:29:13,872 - INFO -   Buscando propriedades CID=101603125...
2026-05-12 16:29:15,393 - INFO -   Buscando sinônimos CID=101603125...
2026-05-12 16:29:16,214 - INFO -   Buscando classificação CID=101603125...
2026-05-12 16:29:18,687 - INFO -   Buscando descrição CID=101603125...
2026-05-12 16:29:19,557 - INFO -   ✓ Sucesso! CID=101603125

2026-05-12 16:29:19,958 - INFO - [31/9844] Processando composto...
2026-05-12 16:29:20,606 - INFO - ✓ Encontrado CID=42608055 via name='Heteroflavanone A'
2026-05-12 16:29:20,607 - INFO -   Buscando propriedades CID=42608055...
2026-05-12 16:29:22,013 - INFO -   Buscando sinônimos CID=42608055...
2026-05-12 16:29:22,855 - INFO -   Buscando classificação CID=42608055...
2026-05-12 16:29:25,626 - INFO -   Buscando descrição CID=42608055...
2026-05-12 16:29:26,483 - INFO -   ✓ Sucesso! CID=42608055

2026-05-12 16:29:26,883 - INFO - [32/9844] Processando composto...
2026-05-12 16:29:27,513 - INFO - ✓ Encontrado CID=101670869 via name='Edulisin IV'
2026-05-12 16:29:27,513 - INFO -   Buscando propriedades CID=101670869...
2026-05-12 16:29:29,063 - INFO -   Buscando sinônimos CID=101670869...
2026-05-12 16:29:29,956 - INFO -   Buscando classificação CID=101670869...
2026-05-12 16:29:34,845 - INFO -   Buscando descrição CID=101670869...
2026-05-12 16:29:35,701 - INFO -   ✓ Sucesso! CID=101670869

2026-05-12 16:29:36,102 - INFO - [33/9844] Processando composto...
2026-05-12 16:29:38,220 - INFO - ✓ Encontrado CID=179375 via formula='C19H20O7'
2026-05-12 16:29:38,220 - INFO -   Buscando propriedades CID=179375...
2026-05-12 16:29:39,656 - INFO -   Buscando sinônimos CID=179375...
2026-05-12 16:29:40,505 - INFO -   Buscando classificação CID=179375...
2026-05-12 16:29:43,547 - INFO -   Buscando descrição CID=179375...
2026-05-12 16:29:44,366 - INFO -   ✓ Sucesso! CID=179375

2026-05-12 16:29:44,767 - INFO - [34/9844] Processando composto...
2026-05-12 16:29:47,026 - INFO - ✓ Encontrado CID=179375 via formula='C19H20O7'
2026-05-12 16:29:47,026 - INFO -   Buscando propriedades CID=179375...
2026-05-12 16:29:48,558 - INFO -   Buscando sinônimos CID=179375...
2026-05-12 16:29:49,484 - INFO -   Buscando classificação CID=179375...
2026-05-12 16:29:51,623 - INFO -   Buscando descrição CID=179375...
2026-05-12 16:29:52,453 - INFO -   ✓ Sucesso! CID=179375

2026-05-12 16:29:52,854 - INFO - [35/9844] Processando composto...
2026-05-12 16:29:53,478 - INFO - ✓ Encontrado CID=44257103 via name='9,10-Dihydro-8-hydroxy-10-methyl-8H-pyrano[2,3-h]epicatechin'
2026-05-12 16:29:53,478 - INFO -   Buscando propriedades CID=44257103...
2026-05-12 16:29:54,969 - INFO -   Buscando sinônimos CID=44257103...
2026-05-12 16:29:55,800 - INFO -   Buscando classificação CID=44257103...
2026-05-12 16:29:58,191 - INFO -   Buscando descrição CID=44257103...
2026-05-12 16:29:58,991 - INFO -   ✓ Sucesso! CID=44257103

2026-05-12 16:29:59,391 - INFO - [36/9844] Processando composto...
2026-05-12 16:29:59,928 - INFO - ✓ Encontrado CID=44257104 via name='Pyranochromene'
2026-05-12 16:29:59,928 - INFO -   Buscando propriedades CID=44257104...
2026-05-12 16:30:01,519 - INFO -   Buscando sinônimos CID=44257104...
2026-05-12 16:30:02,315 - INFO -   Buscando classificação CID=44257104...
2026-05-12 16:30:04,611 - INFO -   Buscando descrição CID=44257104...
2026-05-12 16:30:05,384 - INFO -   ✓ Sucesso! CID=44257104

2026-05-12 16:30:05,785 - INFO - [37/9844] Processando composto...
2026-05-12 16:30:06,389 - INFO - ✓ Encontrado CID=21676388 via name='Elaeocyanidin'
2026-05-12 16:30:06,389 - INFO -   Buscando propriedades CID=21676388...
2026-05-12 16:30:07,717 - INFO -   Buscando sinônimos CID=21676388...
2026-05-12 16:30:08,526 - INFO -   Buscando classificação CID=21676388...
2026-05-12 16:30:10,491 - INFO -   Buscando descrição CID=21676388...
2026-05-12 16:30:11,319 - INFO -   ✓ Sucesso! CID=21676388

2026-05-12 16:30:11,720 - INFO - [38/9844] Processando composto...
2026-05-12 16:30:12,318 - INFO - ✓ Encontrado CID=44257463 via name='8-Hydroxy-3,4,9,10-tetramethoxypterocarpan'
2026-05-12 16:30:12,318 - INFO -   Buscando propriedades CID=44257463...
2026-05-12 16:30:13,756 - INFO -   Buscando sinônimos CID=44257463...
2026-05-12 16:30:14,566 - INFO -   Buscando classificação CID=44257463...
2026-05-12 16:30:15,616 - INFO -   Buscando descrição CID=44257463...
2026-05-12 16:30:16,429 - INFO -   ✓ Sucesso! CID=44257463

2026-05-12 16:30:16,830 - INFO - [39/9844] Processando composto...
2026-05-12 16:30:17,440 - INFO - ✓ Encontrado CID=172847 via name='Abruquinone A'
2026-05-12 16:30:17,440 - INFO -   Buscando propriedades CID=172847...
2026-05-12 16:30:19,115 - INFO -   Buscando sinônimos CID=172847...
2026-05-12 16:30:19,922 - INFO -   Buscando classificação CID=172847...
2026-05-12 16:30:22,353 - INFO -   Buscando descrição CID=172847...
2026-05-12 16:30:23,286 - INFO -   ✓ Sucesso! CID=172847

2026-05-12 16:30:23,686 - INFO - [40/9844] Processando composto...
2026-05-12 16:30:26,043 - INFO - ✓ Encontrado CID=445858 via formula='C10H10O4'
2026-05-12 16:30:26,044 - INFO -   Buscando propriedades CID=445858...
2026-05-12 16:30:27,484 - INFO -   Buscando sinônimos CID=445858...
2026-05-12 16:30:28,426 - INFO -   Buscando classificação CID=445858...
2026-05-12 16:30:36,719 - INFO -   Buscando descrição CID=445858...
2026-05-12 16:30:37,524 - INFO -   ✓ Sucesso! CID=445858

2026-05-12 16:30:37,925 - INFO - [41/9844] Processando composto...
2026-05-12 16:30:40,375 - INFO - ✓ Encontrado CID=445858 via formula='C10H10O4'
2026-05-12 16:30:40,376 - INFO -   Buscando propriedades CID=445858...
2026-05-12 16:30:41,702 - INFO -   Buscando sinônimos CID=445858...
2026-05-12 16:30:42,727 - INFO -   Buscando classificação CID=445858...
2026-05-12 16:30:47,927 - INFO -   Buscando descrição CID=445858...
2026-05-12 16:30:48,813 - INFO -   ✓ Sucesso! CID=445858

2026-05-12 16:30:49,213 - INFO - [42/9844] Processando composto...
2026-05-12 16:30:51,719 - INFO - ✓ Encontrado CID=445858 via formula='C10H10O4'
2026-05-12 16:30:51,719 - INFO -   Buscando propriedades CID=445858...
2026-05-12 16:30:53,785 - INFO -   Buscando sinônimos CID=445858...
2026-05-12 16:30:54,603 - INFO -   Buscando classificação CID=445858...
2026-05-12 16:31:01,405 - INFO -   Buscando descrição CID=445858...
2026-05-12 16:31:03,311 - INFO -   ✓ Sucesso! CID=445858

2026-05-12 16:31:03,712 - INFO - [43/9844] Processando composto...
2026-05-12 16:31:05,873 - INFO - ✓ Encontrado CID=101112 via formula='C7H11ClDNO3'
2026-05-12 16:31:05,873 - INFO -   Buscando propriedades CID=101112...
2026-05-12 16:31:07,203 - INFO -   Buscando sinônimos CID=101112...
2026-05-12 16:31:08,043 - INFO -   Buscando classificação CID=101112...
2026-05-12 16:31:11,100 - INFO -   Buscando descrição CID=101112...
2026-05-12 16:31:11,939 - INFO -   ✓ Sucesso! CID=101112

2026-05-12 16:31:12,339 - INFO - [44/9844] Processando composto...
2026-05-12 16:31:14,680 - INFO - ✓ Encontrado CID=445858 via formula='C10H10O4'
2026-05-12 16:31:14,680 - INFO -   Buscando propriedades CID=445858...
2026-05-12 16:31:16,108 - INFO -   Buscando sinônimos CID=445858...
2026-05-12 16:31:16,995 - INFO -   Buscando classificação CID=445858...
2026-05-12 16:31:24,107 - INFO -   Buscando descrição CID=445858...
2026-05-12 16:31:24,951 - INFO -   ✓ Sucesso! CID=445858

2026-05-12 16:31:25,352 - INFO - [45/9844] Processando composto...
2026-05-12 16:31:27,787 - INFO - ✓ Encontrado CID=445858 via formula='C10H10O4'
2026-05-12 16:31:27,787 - INFO -   Buscando propriedades CID=445858...
2026-05-12 16:31:29,263 - INFO -   Buscando sinônimos CID=445858...
2026-05-12 16:31:30,152 - INFO -   Buscando classificação CID=445858...
2026-05-12 16:31:36,885 - INFO -   Buscando descrição CID=445858...
2026-05-12 16:31:38,022 - INFO -   ✓ Sucesso! CID=445858

2026-05-12 16:31:38,423 - INFO - [46/9844] Processando composto...
2026-05-12 16:31:39,101 - INFO - ✓ Encontrado CID=596894 via name='kakuol'
2026-05-12 16:31:39,102 - INFO -   Buscando propriedades CID=596894...
2026-05-12 16:31:40,434 - INFO -   Buscando sinônimos CID=596894...
2026-05-12 16:31:41,360 - INFO -   Buscando classificação CID=596894...
2026-05-12 16:31:44,385 - INFO -   Buscando descrição CID=596894...
2026-05-12 16:31:45,241 - INFO -   ✓ Sucesso! CID=596894

2026-05-12 16:31:45,642 - INFO - [47/9844] Processando composto...
2026-05-12 16:31:46,423 - INFO - ✓ Encontrado CID=64810 via name='3-(Benzodioxol-5-Yl)Propionic Acid'
2026-05-12 16:31:46,423 - INFO -   Buscando propriedades CID=64810...
2026-05-12 16:31:47,845 - INFO -   Buscando sinônimos CID=64810...
2026-05-12 16:31:48,739 - INFO -   Buscando classificação CID=64810...
2026-05-12 16:31:51,667 - INFO -   Buscando descrição CID=64810...
2026-05-12 16:31:52,565 - INFO -   ✓ Sucesso! CID=64810

2026-05-12 16:31:52,966 - INFO - [48/9844] Processando composto...
2026-05-12 16:31:53,590 - INFO - ✓ Encontrado CID=9473 via name='Piperonyl Acetate'
2026-05-12 16:31:53,591 - INFO -   Buscando propriedades CID=9473...
2026-05-12 16:31:55,020 - INFO -   Buscando sinônimos CID=9473...
2026-05-12 16:31:55,880 - INFO -   Buscando classificação CID=9473...
2026-05-12 16:32:00,495 - INFO -   Buscando descrição CID=9473...
2026-05-12 16:32:01,471 - INFO -   ✓ Sucesso! CID=9473

2026-05-12 16:32:01,872 - INFO - [49/9844] Processando composto...
2026-05-12 16:32:02,515 - INFO - ✓ Encontrado CID=12031 via name='Benzylmalonic acid'
2026-05-12 16:32:02,515 - INFO -   Buscando propriedades CID=12031...
2026-05-12 16:32:03,873 - INFO -   Buscando sinônimos CID=12031...
2026-05-12 16:32:04,850 - INFO -   Buscando classificação CID=12031...
2026-05-12 16:32:10,039 - INFO -   Buscando descrição CID=12031...
2026-05-12 16:32:10,947 - INFO -   ✓ Sucesso! CID=12031

2026-05-12 16:32:11,347 - INFO - [50/9844] Processando composto...
2026-05-12 16:32:13,559 - INFO - ✓ Encontrado CID=5320351 via formula='C20H20O8'
2026-05-12 16:32:13,559 - INFO -   Buscando propriedades CID=5320351...
2026-05-12 16:32:15,021 - INFO -   Buscando sinônimos CID=5320351...
2026-05-12 16:32:15,859 - INFO -   Buscando classificação CID=5320351...
2026-05-12 16:32:20,125 - INFO -   Buscando descrição CID=5320351...
2026-05-12 16:32:20,964 - INFO -   ✓ Sucesso! CID=5320351

2026-05-12 16:32:21,365 - INFO - [51/9844] Processando composto...
2026-05-12 16:32:23,493 - INFO - ✓ Encontrado CID=5320351 via formula='C20H20O8'
2026-05-12 16:32:23,493 - INFO -   Buscando propriedades CID=5320351...
2026-05-12 16:32:24,953 - INFO -   Buscando sinônimos CID=5320351...
2026-05-12 16:32:25,740 - INFO -   Buscando classificação CID=5320351...
2026-05-12 16:32:28,510 - INFO -   Buscando descrição CID=5320351...
2026-05-12 16:32:29,330 - INFO -   ✓ Sucesso! CID=5320351

2026-05-12 16:32:29,731 - INFO - [52/9844] Processando composto...
2026-05-12 16:32:31,888 - INFO - ✓ Encontrado CID=5320351 via formula='C20H20O8'
2026-05-12 16:32:31,888 - INFO -   Buscando propriedades CID=5320351...
2026-05-12 16:32:33,425 - INFO -   Buscando sinônimos CID=5320351...
2026-05-12 16:32:34,446 - INFO -   Buscando classificação CID=5320351...
2026-05-12 16:32:36,714 - INFO -   Buscando descrição CID=5320351...
2026-05-12 16:32:37,497 - INFO -   ✓ Sucesso! CID=5320351

2026-05-12 16:32:37,898 - INFO - [53/9844] Processando composto...
2026-05-12 16:32:38,546 - INFO - ✓ Encontrado CID=14162687 via name='Agecorynin A'
2026-05-12 16:32:38,546 - INFO -   Buscando propriedades CID=14162687...
2026-05-12 16:32:40,016 - INFO -   Buscando sinônimos CID=14162687...
2026-05-12 16:32:40,757 - INFO -   Buscando classificação CID=14162687...
2026-05-12 16:32:43,764 - INFO -   Buscando descrição CID=14162687...
2026-05-12 16:32:44,893 - INFO -   ✓ Sucesso! CID=14162687

2026-05-12 16:32:45,294 - INFO - [54/9844] Processando composto...
2026-05-12 16:32:47,557 - INFO - ✓ Encontrado CID=5320351 via formula='C20H20O8'
2026-05-12 16:32:47,557 - INFO -   Buscando propriedades CID=5320351...
2026-05-12 16:32:48,937 - INFO -   Buscando sinônimos CID=5320351...
2026-05-12 16:32:49,804 - INFO -   Buscando classificação CID=5320351...
2026-05-12 16:32:53,002 - INFO -   Buscando descrição CID=5320351...
2026-05-12 16:32:53,820 - INFO -   ✓ Sucesso! CID=5320351

2026-05-12 16:32:54,220 - INFO - [55/9844] Processando composto...
2026-05-12 16:32:56,362 - INFO - ✓ Encontrado CID=5320351 via formula='C20H20O8'
2026-05-12 16:32:56,362 - INFO -   Buscando propriedades CID=5320351...
2026-05-12 16:32:57,726 - INFO -   Buscando sinônimos CID=5320351...
2026-05-12 16:32:58,520 - INFO -   Buscando classificação CID=5320351...
2026-05-12 16:33:02,114 - INFO -   Buscando descrição CID=5320351...
2026-05-12 16:33:02,943 - INFO -   ✓ Sucesso! CID=5320351

2026-05-12 16:33:03,344 - INFO - [56/9844] Processando composto...
2026-05-12 16:33:03,940 - INFO - ✓ Encontrado CID=139588463 via name='epoxytwinol A'
2026-05-12 16:33:03,941 - INFO -   Buscando propriedades CID=139588463...
2026-05-12 16:33:05,446 - INFO -   Buscando sinônimos CID=139588463...
2026-05-12 16:33:06,297 - INFO -   Buscando classificação CID=139588463...
2026-05-12 16:33:08,339 - INFO -   Buscando descrição CID=139588463...
2026-05-12 16:33:09,171 - INFO -   ✓ Sucesso! CID=139588463

2026-05-12 16:33:09,571 - INFO - [57/9844] Processando composto...
2026-05-12 16:33:10,185 - INFO - ✓ Encontrado CID=42608001 via name='Sigmoidin G'
2026-05-12 16:33:10,185 - INFO -   Buscando propriedades CID=42608001...
2026-05-12 16:33:11,717 - INFO -   Buscando sinônimos CID=42608001...
2026-05-12 16:33:12,544 - INFO -   Buscando classificação CID=42608001...
2026-05-12 16:33:14,804 - INFO -   Buscando descrição CID=42608001...
2026-05-12 16:33:15,615 - INFO -   ✓ Sucesso! CID=42608001

2026-05-12 16:33:16,016 - INFO - [58/9844] Processando composto...
2026-05-12 16:33:18,132 - INFO - ✓ Encontrado CID=5320351 via formula='C20H20O8'
2026-05-12 16:33:18,132 - INFO -   Buscando propriedades CID=5320351...
2026-05-12 16:33:19,295 - INFO -   Buscando sinônimos CID=5320351...
2026-05-12 16:33:20,319 - INFO -   Buscando classificação CID=5320351...
2026-05-12 16:33:22,807 - INFO -   Buscando descrição CID=5320351...
2026-05-12 16:33:23,624 - INFO -   ✓ Sucesso! CID=5320351

2026-05-12 16:33:24,024 - INFO - [59/9844] Processando composto...
2026-05-12 16:33:26,263 - INFO - ✓ Encontrado CID=5320351 via formula='C20H20O8'
2026-05-12 16:33:26,263 - INFO -   Buscando propriedades CID=5320351...
2026-05-12 16:33:27,642 - INFO -   Buscando sinônimos CID=5320351...
2026-05-12 16:33:28,715 - INFO -   Buscando classificação CID=5320351...
2026-05-12 16:33:33,384 - INFO -   Buscando descrição CID=5320351...
2026-05-12 16:33:34,093 - INFO -   ✓ Sucesso! CID=5320351

2026-05-12 16:33:34,494 - INFO - [60/9844] Processando composto...
2026-05-12 16:33:37,014 - INFO - ✓ Encontrado CID=5281712 via formula='C20H22O9'
2026-05-12 16:33:37,014 - INFO -   Buscando propriedades CID=5281712...
2026-05-12 16:33:38,407 - INFO -   Buscando sinônimos CID=5281712...
2026-05-12 16:33:39,357 - INFO -   Buscando classificação CID=5281712...
2026-05-12 16:33:42,655 - INFO -   Buscando descrição CID=5281712...
2026-05-12 16:33:43,522 - INFO -   ✓ Sucesso! CID=5281712

2026-05-12 16:33:43,923 - INFO - [61/9844] Processando composto...
2026-05-12 16:33:47,357 - INFO - ✓ Encontrado CID=5281712 via formula='C20H22O9'
2026-05-12 16:33:47,357 - INFO -   Buscando propriedades CID=5281712...
2026-05-12 16:33:48,693 - INFO -   Buscando sinônimos CID=5281712...
2026-05-12 16:33:49,612 - INFO -   Buscando classificação CID=5281712...
2026-05-12 16:33:53,738 - INFO -   Buscando descrição CID=5281712...
2026-05-12 16:33:54,521 - INFO -   ✓ Sucesso! CID=5281712

2026-05-12 16:33:54,921 - INFO - [62/9844] Processando composto...
2026-05-12 16:33:55,548 - INFO - ✓ Encontrado CID=14033997 via name='(R)-Apiumetin glucoside'
2026-05-12 16:33:55,548 - INFO -   Buscando propriedades CID=14033997...
2026-05-12 16:33:57,094 - INFO -   Buscando sinônimos CID=14033997...
2026-05-12 16:33:57,930 - INFO -   Buscando classificação CID=14033997...
2026-05-12 16:34:00,270 - INFO -   Buscando descrição CID=14033997...
2026-05-12 16:34:01,022 - INFO -   ✓ Sucesso! CID=14033997

2026-05-12 16:34:01,422 - INFO - [63/9844] Processando composto...
2026-05-12 16:34:01,932 - INFO - ✓ Encontrado CID=131753091 via name='Edulisin VI'
2026-05-12 16:34:01,932 - INFO -   Buscando propriedades CID=131753091...
2026-05-12 16:34:03,531 - INFO -   Buscando sinônimos CID=131753091...
2026-05-12 16:34:04,291 - INFO -   Buscando classificação CID=131753091...
2026-05-12 16:34:06,957 - INFO -   Buscando descrição CID=131753091...
2026-05-12 16:34:07,755 - INFO -   ✓ Sucesso! CID=131753091

2026-05-12 16:34:08,156 - INFO - [64/9844] Processando composto...
2026-05-12 16:34:10,297 - INFO - ✓ Encontrado CID=5281712 via formula='C20H22O9'
2026-05-12 16:34:10,297 - INFO -   Buscando propriedades CID=5281712...
2026-05-12 16:34:11,892 - INFO -   Buscando sinônimos CID=5281712...
2026-05-12 16:34:12,747 - INFO -   Buscando classificação CID=5281712...
2026-05-12 16:34:15,634 - INFO -   Buscando descrição CID=5281712...
2026-05-12 16:34:16,342 - INFO -   ✓ Sucesso! CID=5281712

2026-05-12 16:34:16,743 - INFO - [65/9844] Processando composto...
2026-05-12 16:34:17,258 - INFO - ✓ Encontrado CID=117440 via name='salireposide'
2026-05-12 16:34:17,258 - INFO -   Buscando propriedades CID=117440...
2026-05-12 16:34:18,658 - INFO -   Buscando sinônimos CID=117440...
2026-05-12 16:34:19,468 - INFO -   Buscando classificação CID=117440...
2026-05-12 16:34:22,384 - INFO -   Buscando descrição CID=117440...
2026-05-12 16:34:23,282 - INFO -   ✓ Sucesso! CID=117440

2026-05-12 16:34:23,682 - INFO - [66/9844] Processando composto...
2026-05-12 16:34:26,473 - INFO - ✓ Encontrado CID=5281712 via formula='C20H22O9'
2026-05-12 16:34:26,474 - INFO -   Buscando propriedades CID=5281712...
2026-05-12 16:34:27,917 - INFO -   Buscando sinônimos CID=5281712...
2026-05-12 16:34:28,787 - INFO -   Buscando classificação CID=5281712...
2026-05-12 16:34:31,530 - INFO -   Buscando descrição CID=5281712...
2026-05-12 16:34:32,322 - INFO -   ✓ Sucesso! CID=5281712

2026-05-12 16:34:32,723 - INFO - [67/9844] Processando composto...
2026-05-12 16:34:34,665 - INFO - ✓ Encontrado CID=5281712 via formula='C20H22O9'
2026-05-12 16:34:34,665 - INFO -   Buscando propriedades CID=5281712...
2026-05-12 16:34:35,960 - INFO -   Buscando sinônimos CID=5281712...
2026-05-12 16:34:36,756 - INFO -   Buscando classificação CID=5281712...
2026-05-12 16:34:39,721 - INFO -   Buscando descrição CID=5281712...
2026-05-12 16:34:40,501 - INFO -   ✓ Sucesso! CID=5281712

2026-05-12 16:34:40,902 - INFO - [68/9844] Processando composto...
2026-05-12 16:34:43,062 - INFO - ✓ Encontrado CID=5281712 via formula='C20H22O9'
2026-05-12 16:34:43,062 - INFO -   Buscando propriedades CID=5281712...
2026-05-12 16:34:44,446 - INFO -   Buscando sinônimos CID=5281712...
2026-05-12 16:34:45,132 - INFO -   Buscando classificação CID=5281712...
2026-05-12 16:34:48,427 - INFO -   Buscando descrição CID=5281712...
2026-05-12 16:34:49,139 - INFO -   ✓ Sucesso! CID=5281712

2026-05-12 16:34:49,539 - INFO - [69/9844] Processando composto...
2026-05-12 16:34:51,874 - INFO - ✓ Encontrado CID=5281712 via formula='C20H22O9'
2026-05-12 16:34:51,875 - INFO -   Buscando propriedades CID=5281712...
2026-05-12 16:34:53,216 - INFO -   Buscando sinônimos CID=5281712...
2026-05-12 16:34:54,084 - INFO -   Buscando classificação CID=5281712...
2026-05-12 16:34:57,533 - INFO -   Buscando descrição CID=5281712...
2026-05-12 16:34:58,353 - INFO -   ✓ Sucesso! CID=5281712

2026-05-12 16:34:58,754 - INFO - [70/9844] Processando composto...
2026-05-12 16:35:00,982 - INFO - ✓ Encontrado CID=148549902 via formula='C2H6ClOS'
2026-05-12 16:35:00,982 - INFO -   Buscando propriedades CID=148549902...
2026-05-12 16:35:02,535 - INFO -   Buscando sinônimos CID=148549902...
2026-05-12 16:35:03,292 - INFO -   Buscando classificação CID=148549902...
2026-05-12 16:35:05,594 - INFO -   Buscando descrição CID=148549902...
2026-05-12 16:35:06,345 - INFO -   ✓ Sucesso! CID=148549902

2026-05-12 16:35:06,746 - INFO - [71/9844] Processando composto...
2026-05-12 16:35:07,332 - INFO - ✓ Encontrado CID=5325488 via name='Prop-2-ynoyl fluoride'
2026-05-12 16:35:07,332 - INFO -   Buscando propriedades CID=5325488...
2026-05-12 16:35:08,739 - INFO -   Buscando sinônimos CID=5325488...
2026-05-12 16:35:09,580 - INFO -   Buscando classificação CID=5325488...
2026-05-12 16:35:11,427 - INFO -   Buscando descrição CID=5325488...
2026-05-12 16:35:12,267 - INFO -   ✓ Sucesso! CID=5325488

2026-05-12 16:35:12,668 - INFO - [72/9844] Processando composto...
2026-05-12 16:35:14,908 - INFO - ✓ Encontrado CID=15171008 via formula='C16H12Cl2CuO6'
2026-05-12 16:35:14,909 - INFO -   Buscando propriedades CID=15171008...
2026-05-12 16:35:16,439 - INFO -   Buscando sinônimos CID=15171008...
2026-05-12 16:35:17,259 - INFO -   Buscando classificação CID=15171008...
2026-05-12 16:35:19,000 - INFO -   Buscando descrição CID=15171008...
2026-05-12 16:35:19,843 - INFO -   ✓ Sucesso! CID=15171008

2026-05-12 16:35:20,244 - INFO - [73/9844] Processando composto...
2026-05-12 16:35:22,655 - WARNING - HTTP 500 - tentativa 1/3
2026-05-12 16:35:24,636 - WARNING - HTTP 500 - tentativa 2/3
2026-05-12 16:35:26,786 - WARNING - HTTP 500 - tentativa 3/3
2026-05-12 16:35:28,420 - WARNING - ✗ Composto não encontrado: {'compound_name': '[(1,2-Dioxo-1,2-ethanediyl)bis(oxy)]diammonium', 'formula': 'C2H6N2O4+2', 'molecular_formula': 'C2H6N2O4+2', 'source_compound_id': 'CSID4886846', 'description': '[(1,2-Dioxo-1,2-ethanediyl)bis(oxy)]diammonium', 'rank': 1, 'probabilidade': nan}
2026-05-12 16:35:28,420 - WARNING -   ✗ Não encontrado

2026-05-12 16:35:28,820 - INFO - [74/9844] Processando composto...
2026-05-12 16:35:29,449 - INFO - ✓ Encontrado CID=11060129 via name='Diethylphosphine sulfide'
2026-05-12 16:35:29,449 - INFO -   Buscando propriedades CID=11060129...
2026-05-12 16:35:30,903 - INFO -   Buscando sinônimos CID=11060129...
2026-05-12 16:35:31,617 - INFO -   Buscando classificação CID=11060129...
2026-05-12 16:35:34,161 - INFO -   Buscando descrição CID=11060129...
2026-05-12 16:35:34,938 - INFO -   ✓ Sucesso! CID=11060129

2026-05-12 16:35:35,338 - INFO - [75/9844] Processando composto...
2026-05-12 16:35:37,641 - INFO - ✓ Encontrado CID=58250742 via formula='C3H9OPSi'
2026-05-12 16:35:37,641 - INFO -   Buscando propriedades CID=58250742...
2026-05-12 16:35:39,286 - INFO -   Buscando sinônimos CID=58250742...
2026-05-12 16:35:40,094 - INFO -   Buscando classificação CID=58250742...
2026-05-12 16:35:42,144 - INFO -   Buscando descrição CID=58250742...
2026-05-12 16:35:43,009 - INFO -   ✓ Sucesso! CID=58250742

2026-05-12 16:35:43,410 - INFO - [76/9844] Processando composto...
2026-05-12 16:35:43,901 - INFO - ✓ Encontrado CID=138863 via name='Chlorodimethylethylsilane'
2026-05-12 16:35:43,901 - INFO -   Buscando propriedades CID=138863...
2026-05-12 16:35:45,140 - INFO -   Buscando sinônimos CID=138863...
2026-05-12 16:35:45,996 - INFO -   Buscando classificação CID=138863...
2026-05-12 16:35:51,012 - INFO -   Buscando descrição CID=138863...
2026-05-12 16:35:51,883 - INFO -   ✓ Sucesso! CID=138863

2026-05-12 16:35:52,283 - INFO - [77/9844] Processando composto...
2026-05-12 16:35:52,902 - INFO - ✓ Encontrado CID=6327320 via name='Diethylchlorosilane'
2026-05-12 16:35:52,902 - INFO -   Buscando propriedades CID=6327320...
2026-05-12 16:35:54,353 - INFO -   Buscando sinônimos CID=6327320...
2026-05-12 16:35:55,188 - INFO -   Buscando classificação CID=6327320...
2026-05-12 16:35:58,391 - INFO -   Buscando descrição CID=6327320...
2026-05-12 16:36:00,053 - INFO -   ✓ Sucesso! CID=6327320

2026-05-12 16:36:00,453 - INFO - [78/9844] Processando composto...
2026-05-12 16:36:02,730 - INFO - ✓ Encontrado CID=75361 via formula='C4H11ClSi'
2026-05-12 16:36:02,730 - INFO -   Buscando propriedades CID=75361...
2026-05-12 16:36:04,141 - INFO -   Buscando sinônimos CID=75361...
2026-05-12 16:36:04,945 - INFO -   Buscando classificação CID=75361...
2026-05-12 16:36:09,157 - INFO -   Buscando descrição CID=75361...
2026-05-12 16:36:09,866 - INFO -   ✓ Sucesso! CID=75361

2026-05-12 16:36:10,267 - INFO - [79/9844] Processando composto...
2026-05-12 16:36:10,945 - INFO - ✓ Encontrado CID=3032998 via name='Carnidazole'
2026-05-12 16:36:10,945 - INFO -   Buscando propriedades CID=3032998...
2026-05-12 16:36:12,350 - INFO -   Buscando sinônimos CID=3032998...
2026-05-12 16:36:13,382 - INFO -   Buscando classificação CID=3032998...
2026-05-12 16:36:18,360 - INFO -   Buscando descrição CID=3032998...
2026-05-12 16:36:19,136 - INFO -   ✓ Sucesso! CID=3032998

2026-05-12 16:36:19,537 - INFO - [80/9844] Processando composto...
2026-05-12 16:36:22,298 - INFO - ✓ Encontrado CID=3032998 via formula='C8H12N4O3S'
2026-05-12 16:36:22,298 - INFO -   Buscando propriedades CID=3032998...
2026-05-12 16:36:23,620 - INFO -   Buscando sinônimos CID=3032998...
2026-05-12 16:36:24,415 - INFO -   Buscando classificação CID=3032998...
2026-05-12 16:36:27,284 - INFO -   Buscando descrição CID=3032998...
2026-05-12 16:36:28,324 - INFO -   ✓ Sucesso! CID=3032998

2026-05-12 16:36:28,725 - INFO - [81/9844] Processando composto...
2026-05-12 16:36:29,353 - INFO - ✓ Encontrado CID=91738185 via name='Dibenzo[b,f]oxepine-2,3-dicarbonitrile'
2026-05-12 16:36:29,353 - INFO -   Buscando propriedades CID=91738185...
2026-05-12 16:36:30,894 - INFO -   Buscando sinônimos CID=91738185...
2026-05-12 16:36:31,632 - INFO -   Buscando classificação CID=91738185...
2026-05-12 16:36:33,504 - INFO -   Buscando descrição CID=91738185...
2026-05-12 16:36:34,455 - INFO -   ✓ Sucesso! CID=91738185

2026-05-12 16:36:34,856 - INFO - [82/9844] Processando composto...
2026-05-12 16:36:35,497 - INFO - ✓ Encontrado CID=197873 via name='Proflavin hydrochloride'
2026-05-12 16:36:35,497 - INFO -   Buscando propriedades CID=197873...
2026-05-12 16:36:37,076 - INFO -   Buscando sinônimos CID=197873...
2026-05-12 16:36:37,928 - INFO -   Buscando classificação CID=197873...
2026-05-12 16:36:40,730 - INFO -   Buscando descrição CID=197873...
2026-05-12 16:36:41,571 - INFO -   ✓ Sucesso! CID=197873

2026-05-12 16:36:41,971 - INFO - [83/9844] Processando composto...
2026-05-12 16:36:44,098 - INFO - ✓ Encontrado CID=71443623 via formula='C9H18GeN2O'
2026-05-12 16:36:44,098 - INFO -   Buscando propriedades CID=71443623...
2026-05-12 16:36:45,643 - INFO -   Buscando sinônimos CID=71443623...
2026-05-12 16:36:46,451 - INFO -   Buscando classificação CID=71443623...
2026-05-12 16:36:48,092 - INFO -   Buscando descrição CID=71443623...
2026-05-12 16:36:48,875 - INFO -   ✓ Sucesso! CID=71443623

2026-05-12 16:36:49,276 - INFO - [84/9844] Processando composto...
2026-05-12 16:36:49,833 - INFO - ✓ Encontrado CID=23940 via name='Plutonium'
2026-05-12 16:36:49,833 - INFO -   Buscando propriedades CID=23940...
2026-05-12 16:36:51,294 - INFO -   Buscando sinônimos CID=23940...
2026-05-12 16:36:52,095 - INFO -   Buscando classificação CID=23940...
2026-05-12 16:37:07,512 - WARNING - Timeout - tentativa 1/3
2026-05-12 16:37:23,178 - WARNING - Timeout - tentativa 2/3
2026-05-12 16:37:44,358 - INFO -   Buscando descrição CID=23940...
2026-05-12 16:37:45,181 - INFO -   ✓ Sucesso! CID=23940

2026-05-12 16:37:45,582 - INFO - [85/9844] Processando composto...
2026-05-12 16:37:47,792 - INFO - ✓ Encontrado CID=2223043 via formula='C13H11FN2O3'
2026-05-12 16:37:47,792 - INFO -   Buscando propriedades CID=2223043...
2026-05-12 16:37:49,467 - INFO -   Buscando sinônimos CID=2223043...
2026-05-12 16:37:50,323 - INFO -   Buscando classificação CID=2223043...
2026-05-12 16:37:52,600 - INFO -   Buscando descrição CID=2223043...
2026-05-12 16:37:53,442 - INFO -   ✓ Sucesso! CID=2223043

2026-05-12 16:37:53,843 - INFO - [86/9844] Processando composto...
2026-05-12 16:37:56,032 - INFO - ✓ Encontrado CID=49864741 via formula='C8H14N4O4S'
2026-05-12 16:37:56,033 - INFO -   Buscando propriedades CID=49864741...
2026-05-12 16:37:57,542 - INFO -   Buscando sinônimos CID=49864741...
2026-05-12 16:37:58,335 - INFO -   Buscando classificação CID=49864741...
2026-05-12 16:38:00,690 - INFO -   Buscando descrição CID=49864741...
2026-05-12 16:38:01,487 - INFO -   ✓ Sucesso! CID=49864741

2026-05-12 16:38:01,888 - INFO - [87/9844] Processando composto...
2026-05-12 16:38:02,756 - INFO - ✓ Encontrado CID=10215 via name='INDIGO'
2026-05-12 16:38:02,756 - INFO -   Buscando propriedades CID=10215...
2026-05-12 16:38:04,132 - INFO -   Buscando sinônimos CID=10215...
2026-05-12 16:38:04,978 - INFO -   Buscando classificação CID=10215...
2026-05-12 16:38:15,485 - INFO -   Buscando descrição CID=10215...
2026-05-12 16:38:16,275 - INFO -   ✓ Sucesso! CID=10215

2026-05-12 16:38:16,676 - INFO - [88/9844] Processando composto...
2026-05-12 16:38:17,282 - INFO - ✓ Encontrado CID=12887499 via name='3-(1H-Benzimidazol-2-yl)-4H-chromen-4-one'
2026-05-12 16:38:17,282 - INFO -   Buscando propriedades CID=12887499...
2026-05-12 16:38:18,753 - INFO -   Buscando sinônimos CID=12887499...
2026-05-12 16:38:19,546 - INFO -   Buscando classificação CID=12887499...
