2026-06-01 18:32:53,246 - INFO - 🔍 Verificando conectividade com PubChem API...
2026-06-01 18:32:53,722 - INFO - ✅ Conectividade OK - API PubChem acessível
2026-06-01 18:32:53,723 - INFO - 
2026-06-01 18:32:53,737 - INFO - Carregado 75 compostos de /app/data/staging/candidates_external_input.csv
2026-06-01 18:32:53,738 - INFO - 
============================================================
2026-06-01 18:32:53,738 - INFO - Iniciando extração de 75 compostos do PubChem
2026-06-01 18:32:53,738 - INFO - ============================================================

2026-06-01 18:32:53,740 - INFO - [1/75] Processando composto...
2026-06-01 18:33:05,463 - INFO - ✓ Encontrado CID=57390946 via formula='C19H27N5O7S'
2026-06-01 18:33:05,463 - INFO -   Buscando propriedades CID=57390946...
2026-06-01 18:33:07,823 - INFO -   Buscando sinônimos CID=57390946...
2026-06-01 18:33:08,643 - INFO -   Buscando classificação CID=57390946...
2026-06-01 18:33:11,611 - INFO -   Buscando descrição CID=57390946...
2026-06-01 18:33:12,453 - INFO -   ✓ Sucesso! CID=57390946

2026-06-01 18:33:12,854 - INFO - [2/75] Processando composto...
2026-06-01 18:33:17,146 - INFO - ✓ Encontrado CID=57390946 via formula='C19H27N5O7S'
2026-06-01 18:33:17,147 - INFO -   Buscando propriedades CID=57390946...
2026-06-01 18:33:19,070 - INFO -   Buscando sinônimos CID=57390946...
2026-06-01 18:33:19,913 - INFO -   Buscando classificação CID=57390946...
2026-06-01 18:33:22,683 - INFO -   Buscando descrição CID=57390946...
2026-06-01 18:33:23,493 - INFO -   ✓ Sucesso! CID=57390946

2026-06-01 18:33:23,894 - INFO - [3/75] Processando composto...
2026-06-01 18:33:27,811 - INFO - ✓ Encontrado CID=57390946 via formula='C19H27N5O7S'
2026-06-01 18:33:27,811 - INFO -   Buscando propriedades CID=57390946...
2026-06-01 18:33:29,462 - INFO -   Buscando sinônimos CID=57390946...
2026-06-01 18:33:30,253 - INFO -   Buscando classificação CID=57390946...
2026-06-01 18:33:31,479 - INFO -   Buscando descrição CID=57390946...
2026-06-01 18:33:32,358 - INFO -   ✓ Sucesso! CID=57390946

2026-06-01 18:33:32,758 - INFO - [4/75] Processando composto...
2026-06-01 18:33:35,512 - INFO - ✓ Encontrado CID=57390946 via formula='C19H27N5O7S'
2026-06-01 18:33:35,512 - INFO -   Buscando propriedades CID=57390946...
2026-06-01 18:33:37,729 - INFO -   Buscando sinônimos CID=57390946...
2026-06-01 18:33:38,567 - INFO -   Buscando classificação CID=57390946...
2026-06-01 18:33:40,742 - INFO -   Buscando descrição CID=57390946...
2026-06-01 18:33:42,433 - INFO -   ✓ Sucesso! CID=57390946

2026-06-01 18:33:42,834 - INFO - [5/75] Processando composto...
2026-06-01 18:33:46,195 - INFO - ✓ Encontrado CID=57390946 via formula='C19H27N5O7S'
2026-06-01 18:33:46,195 - INFO -   Buscando propriedades CID=57390946...
2026-06-01 18:33:47,737 - INFO -   Buscando sinônimos CID=57390946...
2026-06-01 18:33:48,576 - INFO -   Buscando classificação CID=57390946...
2026-06-01 18:33:50,124 - INFO -   Buscando descrição CID=57390946...
2026-06-01 18:33:50,933 - INFO -   ✓ Sucesso! CID=57390946

2026-06-01 18:33:51,334 - INFO - [6/75] Processando composto...
2026-06-01 18:34:01,691 - INFO - ✓ Encontrado CID=57390946 via formula='C19H27N5O7S'
2026-06-01 18:34:01,691 - INFO -   Buscando propriedades CID=57390946...
2026-06-01 18:34:03,180 - INFO -   Buscando sinônimos CID=57390946...
2026-06-01 18:34:03,949 - INFO -   Buscando classificação CID=57390946...
2026-06-01 18:34:04,992 - INFO -   Buscando descrição CID=57390946...
2026-06-01 18:34:05,803 - INFO -   ✓ Sucesso! CID=57390946

2026-06-01 18:34:06,204 - INFO - [7/75] Processando composto...
2026-06-01 18:34:11,291 - INFO - ✓ Encontrado CID=57390946 via formula='C19H27N5O7S'
2026-06-01 18:34:11,292 - INFO -   Buscando propriedades CID=57390946...
2026-06-01 18:34:12,847 - INFO -   Buscando sinônimos CID=57390946...
2026-06-01 18:34:13,667 - INFO -   Buscando classificação CID=57390946...
2026-06-01 18:34:14,999 - INFO -   Buscando descrição CID=57390946...
2026-06-01 18:34:15,826 - INFO -   ✓ Sucesso! CID=57390946

2026-06-01 18:34:16,227 - INFO - [8/75] Processando composto...
2026-06-01 18:34:20,149 - INFO - ✓ Encontrado CID=57390946 via formula='C19H27N5O7S'
2026-06-01 18:34:20,150 - INFO -   Buscando propriedades CID=57390946...
2026-06-01 18:34:21,565 - INFO -   Buscando sinônimos CID=57390946...
2026-06-01 18:34:22,371 - INFO -   Buscando classificação CID=57390946...
2026-06-01 18:34:23,600 - INFO -   Buscando descrição CID=57390946...
2026-06-01 18:34:24,432 - INFO -   ✓ Sucesso! CID=57390946

2026-06-01 18:34:24,833 - INFO - [9/75] Processando composto...
2026-06-01 18:34:27,497 - INFO - ✓ Encontrado CID=57390946 via formula='C19H27N5O7S'
2026-06-01 18:34:27,497 - INFO -   Buscando propriedades CID=57390946...
2026-06-01 18:34:29,150 - INFO -   Buscando sinônimos CID=57390946...
2026-06-01 18:34:30,067 - INFO -   Buscando classificação CID=57390946...
2026-06-01 18:34:31,279 - INFO -   Buscando descrição CID=57390946...
2026-06-01 18:34:32,140 - INFO -   ✓ Sucesso! CID=57390946

2026-06-01 18:34:32,541 - INFO - [10/75] Processando composto...
2026-06-01 18:34:35,996 - INFO - ✓ Encontrado CID=57390946 via formula='C19H27N5O7S'
2026-06-01 18:34:35,997 - INFO -   Buscando propriedades CID=57390946...
2026-06-01 18:34:37,699 - INFO -   Buscando sinônimos CID=57390946...
2026-06-01 18:34:38,551 - INFO -   Buscando classificação CID=57390946...
2026-06-01 18:34:39,677 - INFO -   Buscando descrição CID=57390946...
2026-06-01 18:34:40,368 - INFO -   ✓ Sucesso! CID=57390946

2026-06-01 18:34:40,769 - INFO - [11/75] Processando composto...
2026-06-01 18:34:47,467 - INFO - ✓ Encontrado CID=57390946 via formula='C19H27N5O7S'
2026-06-01 18:34:47,467 - INFO -   Buscando propriedades CID=57390946...
2026-06-01 18:34:49,271 - INFO -   Buscando sinônimos CID=57390946...
2026-06-01 18:34:49,943 - INFO -   Buscando classificação CID=57390946...
2026-06-01 18:34:51,112 - INFO -   Buscando descrição CID=57390946...
2026-06-01 18:34:51,809 - INFO -   ✓ Sucesso! CID=57390946

2026-06-01 18:34:52,210 - INFO - [12/75] Processando composto...
2026-06-01 18:34:54,227 - INFO - ✓ Encontrado CID=57390946 via formula='C19H27N5O7S'
2026-06-01 18:34:54,227 - INFO -   Buscando propriedades CID=57390946...
2026-06-01 18:34:56,018 - INFO -   Buscando sinônimos CID=57390946...
2026-06-01 18:34:56,697 - INFO -   Buscando classificação CID=57390946...
2026-06-01 18:34:57,909 - INFO -   Buscando descrição CID=57390946...
2026-06-01 18:34:58,739 - INFO -   ✓ Sucesso! CID=57390946

2026-06-01 18:34:59,140 - INFO - [13/75] Processando composto...
2026-06-01 18:35:04,359 - INFO - ✓ Encontrado CID=57390946 via formula='C19H27N5O7S'
2026-06-01 18:35:04,360 - INFO -   Buscando propriedades CID=57390946...
2026-06-01 18:35:05,684 - INFO -   Buscando sinônimos CID=57390946...
2026-06-01 18:35:06,334 - INFO -   Buscando classificação CID=57390946...
2026-06-01 18:35:07,310 - INFO -   Buscando descrição CID=57390946...
2026-06-01 18:35:08,086 - INFO -   ✓ Sucesso! CID=57390946

2026-06-01 18:35:08,486 - INFO - [14/75] Processando composto...
2026-06-01 18:35:17,973 - INFO - ✓ Encontrado CID=57390946 via formula='C19H27N5O7S'
2026-06-01 18:35:17,973 - INFO -   Buscando propriedades CID=57390946...
2026-06-01 18:35:19,561 - INFO -   Buscando sinônimos CID=57390946...
2026-06-01 18:35:20,227 - INFO -   Buscando classificação CID=57390946...
2026-06-01 18:35:21,455 - INFO -   Buscando descrição CID=57390946...
2026-06-01 18:35:22,225 - INFO -   ✓ Sucesso! CID=57390946

2026-06-01 18:35:22,626 - INFO - [15/75] Processando composto...
2026-06-01 18:35:31,497 - INFO - ✓ Encontrado CID=57390946 via formula='C19H27N5O7S'
2026-06-01 18:35:31,497 - INFO -   Buscando propriedades CID=57390946...
2026-06-01 18:35:32,876 - INFO -   Buscando sinônimos CID=57390946...
2026-06-01 18:35:33,643 - INFO -   Buscando classificação CID=57390946...
2026-06-01 18:35:35,181 - INFO -   Buscando descrição CID=57390946...
2026-06-01 18:35:36,295 - INFO -   ✓ Sucesso! CID=57390946

2026-06-01 18:35:36,695 - INFO - [16/75] Processando composto...
2026-06-01 18:35:47,859 - INFO - ✓ Encontrado CID=57390946 via formula='C19H27N5O7S'
2026-06-01 18:35:47,860 - INFO -   Buscando propriedades CID=57390946...
2026-06-01 18:35:49,227 - INFO -   Buscando sinônimos CID=57390946...
2026-06-01 18:35:50,025 - INFO -   Buscando classificação CID=57390946...
2026-06-01 18:35:50,954 - INFO -   Buscando descrição CID=57390946...
2026-06-01 18:35:51,632 - INFO -   ✓ Sucesso! CID=57390946

2026-06-01 18:35:52,033 - INFO - [17/75] Processando composto...
2026-06-01 18:35:54,853 - INFO - ✓ Encontrado CID=57390946 via formula='C19H27N5O7S'
2026-06-01 18:35:54,853 - INFO -   Buscando propriedades CID=57390946...
2026-06-01 18:35:56,475 - INFO -   Buscando sinônimos CID=57390946...
2026-06-01 18:35:57,193 - INFO -   Buscando classificação CID=57390946...
2026-06-01 18:35:58,333 - INFO -   Buscando descrição CID=57390946...
2026-06-01 18:35:59,036 - INFO -   ✓ Sucesso! CID=57390946

2026-06-01 18:35:59,437 - INFO - [18/75] Processando composto...
2026-06-01 18:36:16,769 - INFO - ✓ Encontrado CID=57390946 via formula='C19H27N5O7S'
2026-06-01 18:36:16,769 - INFO -   Buscando propriedades CID=57390946...
2026-06-01 18:36:18,273 - INFO -   Buscando sinônimos CID=57390946...
2026-06-01 18:36:18,938 - INFO -   Buscando classificação CID=57390946...
2026-06-01 18:36:20,306 - INFO -   Buscando descrição CID=57390946...
2026-06-01 18:36:20,998 - INFO -   ✓ Sucesso! CID=57390946

2026-06-01 18:36:21,399 - INFO - [19/75] Processando composto...
2026-06-01 18:36:25,468 - INFO - ✓ Encontrado CID=57390946 via formula='C19H27N5O7S'
2026-06-01 18:36:25,468 - INFO -   Buscando propriedades CID=57390946...
2026-06-01 18:36:26,593 - INFO -   Buscando sinônimos CID=57390946...
2026-06-01 18:36:27,262 - INFO -   Buscando classificação CID=57390946...
2026-06-01 18:36:28,194 - INFO -   Buscando descrição CID=57390946...
2026-06-01 18:36:28,888 - INFO -   ✓ Sucesso! CID=57390946

2026-06-01 18:36:29,289 - INFO - [20/75] Processando composto...
2026-06-01 18:36:31,192 - INFO - ✓ Encontrado CID=57390946 via formula='C19H27N5O7S'
2026-06-01 18:36:31,193 - INFO -   Buscando propriedades CID=57390946...
2026-06-01 18:36:32,591 - INFO -   Buscando sinônimos CID=57390946...
2026-06-01 18:36:33,289 - INFO -   Buscando classificação CID=57390946...
2026-06-01 18:36:34,363 - INFO -   Buscando descrição CID=57390946...
2026-06-01 18:36:35,211 - INFO -   ✓ Sucesso! CID=57390946

2026-06-01 18:36:35,611 - INFO - [21/75] Processando composto...
2026-06-01 18:36:37,590 - INFO - ✓ Encontrado CID=57390946 via formula='C19H27N5O7S'
2026-06-01 18:36:37,590 - INFO -   Buscando propriedades CID=57390946...
2026-06-01 18:36:39,182 - INFO -   Buscando sinônimos CID=57390946...
2026-06-01 18:36:40,071 - INFO -   Buscando classificação CID=57390946...
2026-06-01 18:36:40,998 - INFO -   Buscando descrição CID=57390946...
2026-06-01 18:36:41,706 - INFO -   ✓ Sucesso! CID=57390946

2026-06-01 18:36:42,106 - INFO - [22/75] Processando composto...
2026-06-01 18:36:43,964 - INFO - ✓ Encontrado CID=57390946 via formula='C19H27N5O7S'
2026-06-01 18:36:43,964 - INFO -   Buscando propriedades CID=57390946...
2026-06-01 18:36:45,301 - INFO -   Buscando sinônimos CID=57390946...
2026-06-01 18:36:45,982 - INFO -   Buscando classificação CID=57390946...
2026-06-01 18:36:46,940 - INFO -   Buscando descrição CID=57390946...
2026-06-01 18:36:47,917 - INFO -   ✓ Sucesso! CID=57390946

2026-06-01 18:36:48,318 - INFO - [23/75] Processando composto...
2026-06-01 18:37:18,082 - WARNING - HTTP 504 - tentativa 1/3
2026-06-01 18:37:26,185 - INFO - ✓ Encontrado CID=57390946 via formula='C19H27N5O7S'
2026-06-01 18:37:26,185 - INFO -   Buscando propriedades CID=57390946...
2026-06-01 18:37:27,768 - INFO -   Buscando sinônimos CID=57390946...
2026-06-01 18:37:28,428 - INFO -   Buscando classificação CID=57390946...
2026-06-01 18:37:29,659 - INFO -   Buscando descrição CID=57390946...
2026-06-01 18:37:30,482 - INFO -   ✓ Sucesso! CID=57390946

2026-06-01 18:37:30,883 - INFO - [24/75] Processando composto...
2026-06-01 18:37:35,808 - INFO - ✓ Encontrado CID=57390946 via formula='C19H27N5O7S'
2026-06-01 18:37:35,809 - INFO -   Buscando propriedades CID=57390946...
2026-06-01 18:37:37,068 - INFO -   Buscando sinônimos CID=57390946...
2026-06-01 18:37:37,809 - INFO -   Buscando classificação CID=57390946...
2026-06-01 18:37:39,291 - INFO -   Buscando descrição CID=57390946...
2026-06-01 18:37:40,009 - INFO -   ✓ Sucesso! CID=57390946

2026-06-01 18:37:40,409 - INFO - [25/75] Processando composto...
2026-06-01 18:37:43,592 - INFO - ✓ Encontrado CID=57390946 via formula='C19H27N5O7S'
2026-06-01 18:37:43,593 - INFO -   Buscando propriedades CID=57390946...
2026-06-01 18:37:45,081 - INFO -   Buscando sinônimos CID=57390946...
2026-06-01 18:37:45,866 - INFO -   Buscando classificação CID=57390946...
2026-06-01 18:37:46,793 - INFO -   Buscando descrição CID=57390946...
2026-06-01 18:37:47,479 - INFO -   ✓ Sucesso! CID=57390946

2026-06-01 18:37:47,880 - INFO - [26/75] Processando composto...
2026-06-01 18:37:52,858 - INFO - ✓ Encontrado CID=57390946 via formula='C19H27N5O7S'
2026-06-01 18:37:52,859 - INFO -   Buscando propriedades CID=57390946...
2026-06-01 18:37:54,051 - INFO -   Buscando sinônimos CID=57390946...
2026-06-01 18:37:54,854 - INFO -   Buscando classificação CID=57390946...
2026-06-01 18:37:55,862 - INFO -   Buscando descrição CID=57390946...
2026-06-01 18:37:56,806 - INFO -   ✓ Sucesso! CID=57390946

2026-06-01 18:37:57,207 - INFO - [27/75] Processando composto...
2026-06-01 18:38:01,974 - INFO - ✓ Encontrado CID=57390946 via formula='C19H27N5O7S'
2026-06-01 18:38:01,974 - INFO -   Buscando propriedades CID=57390946...
2026-06-01 18:38:03,423 - INFO -   Buscando sinônimos CID=57390946...
2026-06-01 18:38:04,142 - INFO -   Buscando classificação CID=57390946...
2026-06-01 18:38:05,241 - INFO -   Buscando descrição CID=57390946...
2026-06-01 18:38:05,934 - INFO -   ✓ Sucesso! CID=57390946

2026-06-01 18:38:06,334 - INFO - [28/75] Processando composto...
2026-06-01 18:38:08,717 - INFO - ✓ Encontrado CID=57390946 via formula='C19H27N5O7S'
2026-06-01 18:38:08,717 - INFO -   Buscando propriedades CID=57390946...
2026-06-01 18:38:10,016 - INFO -   Buscando sinônimos CID=57390946...
2026-06-01 18:38:10,797 - INFO -   Buscando classificação CID=57390946...
2026-06-01 18:38:12,052 - INFO -   Buscando descrição CID=57390946...
2026-06-01 18:38:12,873 - INFO -   ✓ Sucesso! CID=57390946

2026-06-01 18:38:13,274 - INFO - [29/75] Processando composto...
2026-06-01 18:38:18,100 - INFO - ✓ Encontrado CID=57390946 via formula='C19H27N5O7S'
2026-06-01 18:38:18,100 - INFO -   Buscando propriedades CID=57390946...
2026-06-01 18:38:19,327 - INFO -   Buscando sinônimos CID=57390946...
2026-06-01 18:38:20,146 - INFO -   Buscando classificação CID=57390946...
2026-06-01 18:38:21,332 - INFO -   Buscando descrição CID=57390946...
2026-06-01 18:38:22,396 - INFO -   ✓ Sucesso! CID=57390946

2026-06-01 18:38:22,798 - INFO - [30/75] Processando composto...
2026-06-01 18:38:28,643 - INFO - ✓ Encontrado CID=57390946 via formula='C19H27N5O7S'
2026-06-01 18:38:28,643 - INFO -   Buscando propriedades CID=57390946...
2026-06-01 18:38:30,017 - INFO -   Buscando sinônimos CID=57390946...
2026-06-01 18:38:30,669 - INFO -   Buscando classificação CID=57390946...
2026-06-01 18:38:31,652 - INFO -   Buscando descrição CID=57390946...
2026-06-01 18:38:32,351 - INFO -   ✓ Sucesso! CID=57390946

2026-06-01 18:38:32,751 - INFO - [31/75] Processando composto...
2026-06-01 18:38:36,736 - INFO - ✓ Encontrado CID=57390946 via formula='C19H27N5O7S'
2026-06-01 18:38:36,736 - INFO -   Buscando propriedades CID=57390946...
2026-06-01 18:38:38,223 - INFO -   Buscando sinônimos CID=57390946...
2026-06-01 18:38:38,957 - INFO -   Buscando classificação CID=57390946...
2026-06-01 18:38:40,007 - INFO -   Buscando descrição CID=57390946...
2026-06-01 18:38:40,826 - INFO -   ✓ Sucesso! CID=57390946

2026-06-01 18:38:41,226 - INFO - [32/75] Processando composto...
2026-06-01 18:38:43,799 - INFO - ✓ Encontrado CID=57390946 via formula='C19H27N5O7S'
2026-06-01 18:38:43,800 - INFO -   Buscando propriedades CID=57390946...
2026-06-01 18:38:45,388 - INFO -   Buscando sinônimos CID=57390946...
2026-06-01 18:38:46,168 - INFO -   Buscando classificação CID=57390946...
2026-06-01 18:38:47,383 - INFO -   Buscando descrição CID=57390946...
2026-06-01 18:38:48,085 - INFO -   ✓ Sucesso! CID=57390946

2026-06-01 18:38:48,486 - INFO - [33/75] Processando composto...
2026-06-01 18:38:50,868 - INFO - ✓ Encontrado CID=57390946 via formula='C19H27N5O7S'
2026-06-01 18:38:50,868 - INFO -   Buscando propriedades CID=57390946...
2026-06-01 18:38:52,212 - INFO -   Buscando sinônimos CID=57390946...
2026-06-01 18:38:53,019 - INFO -   Buscando classificação CID=57390946...
2026-06-01 18:38:54,186 - INFO -   Buscando descrição CID=57390946...
2026-06-01 18:38:54,914 - INFO -   ✓ Sucesso! CID=57390946

2026-06-01 18:38:55,314 - INFO - [34/75] Processando composto...
2026-06-01 18:39:06,942 - INFO - ✓ Encontrado CID=57390946 via formula='C19H27N5O7S'
2026-06-01 18:39:06,942 - INFO -   Buscando propriedades CID=57390946...
2026-06-01 18:39:08,720 - INFO -   Buscando sinônimos CID=57390946...
2026-06-01 18:39:09,500 - INFO -   Buscando classificação CID=57390946...
2026-06-01 18:39:10,762 - INFO -   Buscando descrição CID=57390946...
2026-06-01 18:39:11,557 - INFO -   ✓ Sucesso! CID=57390946

2026-06-01 18:39:11,957 - INFO - [35/75] Processando composto...
2026-06-01 18:39:18,401 - INFO - ✓ Encontrado CID=57390946 via formula='C19H27N5O7S'
2026-06-01 18:39:18,401 - INFO -   Buscando propriedades CID=57390946...
2026-06-01 18:39:19,728 - INFO -   Buscando sinônimos CID=57390946...
2026-06-01 18:39:20,380 - INFO -   Buscando classificação CID=57390946...
2026-06-01 18:39:21,324 - INFO -   Buscando descrição CID=57390946...
2026-06-01 18:39:22,031 - INFO -   ✓ Sucesso! CID=57390946

2026-06-01 18:39:22,431 - INFO - [36/75] Processando composto...
2026-06-01 18:39:24,392 - INFO - ✓ Encontrado CID=57390946 via formula='C19H27N5O7S'
2026-06-01 18:39:24,392 - INFO -   Buscando propriedades CID=57390946...
2026-06-01 18:39:25,630 - INFO -   Buscando sinônimos CID=57390946...
2026-06-01 18:39:26,291 - INFO -   Buscando classificação CID=57390946...
2026-06-01 18:39:27,314 - INFO -   Buscando descrição CID=57390946...
2026-06-01 18:39:27,996 - INFO -   ✓ Sucesso! CID=57390946

2026-06-01 18:39:28,397 - INFO - [37/75] Processando composto...
2026-06-01 18:39:32,905 - INFO - ✓ Encontrado CID=57390946 via formula='C19H27N5O7S'
2026-06-01 18:39:32,905 - INFO -   Buscando propriedades CID=57390946...
2026-06-01 18:39:34,267 - INFO -   Buscando sinônimos CID=57390946...
2026-06-01 18:39:34,929 - INFO -   Buscando classificação CID=57390946...
2026-06-01 18:39:35,862 - INFO -   Buscando descrição CID=57390946...
2026-06-01 18:39:36,570 - INFO -   ✓ Sucesso! CID=57390946

2026-06-01 18:39:36,970 - INFO - [38/75] Processando composto...
2026-06-01 18:39:40,964 - INFO - ✓ Encontrado CID=57390946 via formula='C19H27N5O7S'
2026-06-01 18:39:40,965 - INFO -   Buscando propriedades CID=57390946...
2026-06-01 18:39:42,488 - INFO -   Buscando sinônimos CID=57390946...
2026-06-01 18:39:43,131 - INFO -   Buscando classificação CID=57390946...
2026-06-01 18:39:44,059 - INFO -   Buscando descrição CID=57390946...
2026-06-01 18:39:44,744 - INFO -   ✓ Sucesso! CID=57390946

2026-06-01 18:39:45,145 - INFO - [39/75] Processando composto...
2026-06-01 18:39:47,741 - INFO - ✓ Encontrado CID=57390946 via formula='C19H27N5O7S'
2026-06-01 18:39:47,741 - INFO -   Buscando propriedades CID=57390946...
2026-06-01 18:39:48,975 - INFO -   Buscando sinônimos CID=57390946...
2026-06-01 18:39:49,631 - INFO -   Buscando classificação CID=57390946...
2026-06-01 18:39:50,872 - INFO -   Buscando descrição CID=57390946...
2026-06-01 18:39:51,708 - INFO -   ✓ Sucesso! CID=57390946

2026-06-01 18:39:52,109 - INFO - [40/75] Processando composto...
2026-06-01 18:39:55,755 - INFO - ✓ Encontrado CID=57390946 via formula='C19H27N5O7S'
2026-06-01 18:39:55,755 - INFO -   Buscando propriedades CID=57390946...
2026-06-01 18:39:57,000 - INFO -   Buscando sinônimos CID=57390946...
2026-06-01 18:39:57,640 - INFO -   Buscando classificação CID=57390946...
2026-06-01 18:39:58,605 - INFO -   Buscando descrição CID=57390946...
2026-06-01 18:39:59,280 - INFO -   ✓ Sucesso! CID=57390946

2026-06-01 18:39:59,680 - INFO - [41/75] Processando composto...
2026-06-01 18:40:07,775 - INFO - ✓ Encontrado CID=57390946 via formula='C19H27N5O7S'
2026-06-01 18:40:07,776 - INFO -   Buscando propriedades CID=57390946...
2026-06-01 18:40:09,139 - INFO -   Buscando sinônimos CID=57390946...
2026-06-01 18:40:09,916 - INFO -   Buscando classificação CID=57390946...
2026-06-01 18:40:11,359 - INFO -   Buscando descrição CID=57390946...
2026-06-01 18:40:12,436 - INFO -   ✓ Sucesso! CID=57390946

2026-06-01 18:40:12,837 - INFO - [42/75] Processando composto...
2026-06-01 18:40:19,768 - INFO - ✓ Encontrado CID=57390946 via formula='C19H27N5O7S'
2026-06-01 18:40:19,768 - INFO -   Buscando propriedades CID=57390946...
2026-06-01 18:40:21,092 - INFO -   Buscando sinônimos CID=57390946...
2026-06-01 18:40:21,897 - INFO -   Buscando classificação CID=57390946...
2026-06-01 18:40:23,125 - INFO -   Buscando descrição CID=57390946...
2026-06-01 18:40:23,956 - INFO -   ✓ Sucesso! CID=57390946

2026-06-01 18:40:24,356 - INFO - [43/75] Processando composto...
2026-06-01 18:40:26,611 - INFO - ✓ Encontrado CID=57390946 via formula='C19H27N5O7S'
2026-06-01 18:40:26,611 - INFO -   Buscando propriedades CID=57390946...
2026-06-01 18:40:27,937 - INFO -   Buscando sinônimos CID=57390946...
2026-06-01 18:40:28,757 - INFO -   Buscando classificação CID=57390946...
2026-06-01 18:40:29,984 - INFO -   Buscando descrição CID=57390946...
2026-06-01 18:40:30,708 - INFO -   ✓ Sucesso! CID=57390946

2026-06-01 18:40:31,109 - INFO - [44/75] Processando composto...
2026-06-01 18:40:33,982 - INFO - ✓ Encontrado CID=57390946 via formula='C19H27N5O7S'
2026-06-01 18:40:33,982 - INFO -   Buscando propriedades CID=57390946...
2026-06-01 18:40:35,503 - INFO -   Buscando sinônimos CID=57390946...
2026-06-01 18:40:36,333 - INFO -   Buscando classificação CID=57390946...
2026-06-01 18:40:37,279 - INFO -   Buscando descrição CID=57390946...
2026-06-01 18:40:38,086 - INFO -   ✓ Sucesso! CID=57390946

2026-06-01 18:40:38,487 - INFO - [45/75] Processando composto...
2026-06-01 18:40:42,556 - INFO - ✓ Encontrado CID=57390946 via formula='C19H27N5O7S'
2026-06-01 18:40:42,556 - INFO -   Buscando propriedades CID=57390946...
2026-06-01 18:40:44,011 - INFO -   Buscando sinônimos CID=57390946...
2026-06-01 18:40:44,844 - INFO -   Buscando classificação CID=57390946...
2026-06-01 18:40:45,966 - INFO -   Buscando descrição CID=57390946...
2026-06-01 18:40:46,715 - INFO -   ✓ Sucesso! CID=57390946

2026-06-01 18:40:47,116 - INFO - [46/75] Processando composto...
2026-06-01 18:40:52,620 - INFO - ✓ Encontrado CID=57390946 via formula='C19H27N5O7S'
2026-06-01 18:40:52,621 - INFO -   Buscando propriedades CID=57390946...
2026-06-01 18:40:53,828 - INFO -   Buscando sinônimos CID=57390946...
2026-06-01 18:40:54,639 - INFO -   Buscando classificação CID=57390946...
2026-06-01 18:40:55,549 - INFO -   Buscando descrição CID=57390946...
2026-06-01 18:40:56,286 - INFO -   ✓ Sucesso! CID=57390946

2026-06-01 18:40:56,687 - INFO - [47/75] Processando composto...
2026-06-01 18:41:02,048 - INFO - ✓ Encontrado CID=57390946 via formula='C19H27N5O7S'
2026-06-01 18:41:02,048 - INFO -   Buscando propriedades CID=57390946...
2026-06-01 18:41:03,711 - INFO -   Buscando sinônimos CID=57390946...
2026-06-01 18:41:04,395 - INFO -   Buscando classificação CID=57390946...
2026-06-01 18:41:05,421 - INFO -   Buscando descrição CID=57390946...
2026-06-01 18:41:06,092 - INFO -   ✓ Sucesso! CID=57390946

2026-06-01 18:41:06,493 - INFO - [48/75] Processando composto...
2026-06-01 18:41:09,314 - INFO - ✓ Encontrado CID=57390946 via formula='C19H27N5O7S'
2026-06-01 18:41:09,314 - INFO -   Buscando propriedades CID=57390946...
2026-06-01 18:41:10,682 - INFO -   Buscando sinônimos CID=57390946...
2026-06-01 18:41:11,357 - INFO -   Buscando classificação CID=57390946...
2026-06-01 18:41:12,393 - INFO -   Buscando descrição CID=57390946...
2026-06-01 18:41:13,375 - INFO -   ✓ Sucesso! CID=57390946

2026-06-01 18:41:13,776 - INFO - [49/75] Processando composto...
2026-06-01 18:41:16,625 - INFO - ✓ Encontrado CID=57390946 via formula='C19H27N5O7S'
2026-06-01 18:41:16,625 - INFO -   Buscando propriedades CID=57390946...
2026-06-01 18:41:17,947 - INFO -   Buscando sinônimos CID=57390946...
2026-06-01 18:41:18,640 - INFO -   Buscando classificação CID=57390946...
2026-06-01 18:41:19,582 - INFO -   Buscando descrição CID=57390946...
2026-06-01 18:41:20,329 - INFO -   ✓ Sucesso! CID=57390946

2026-06-01 18:41:20,729 - INFO - [50/75] Processando composto...
2026-06-01 18:41:23,441 - INFO - ✓ Encontrado CID=57390946 via formula='C19H27N5O7S'
2026-06-01 18:41:23,441 - INFO -   Buscando propriedades CID=57390946...
2026-06-01 18:41:24,674 - INFO -   Buscando sinônimos CID=57390946...
2026-06-01 18:41:25,410 - INFO -   Buscando classificação CID=57390946...
2026-06-01 18:41:26,515 - INFO -   Buscando descrição CID=57390946...
2026-06-01 18:41:27,272 - INFO -   ✓ Sucesso! CID=57390946

2026-06-01 18:41:27,672 - INFO - [51/75] Processando composto...
2026-06-01 18:41:30,917 - INFO - ✓ Encontrado CID=57390946 via formula='C19H27N5O7S'
2026-06-01 18:41:30,917 - INFO -   Buscando propriedades CID=57390946...
2026-06-01 18:41:32,374 - INFO -   Buscando sinônimos CID=57390946...
2026-06-01 18:41:33,039 - INFO -   Buscando classificação CID=57390946...
2026-06-01 18:41:33,973 - INFO -   Buscando descrição CID=57390946...
2026-06-01 18:41:34,892 - INFO -   ✓ Sucesso! CID=57390946

2026-06-01 18:41:35,293 - INFO - [52/75] Processando composto...
2026-06-01 18:41:37,251 - INFO - ✓ Encontrado CID=57390946 via formula='C19H27N5O7S'
2026-06-01 18:41:37,251 - INFO -   Buscando propriedades CID=57390946...
2026-06-01 18:41:38,496 - INFO -   Buscando sinônimos CID=57390946...
2026-06-01 18:41:39,143 - INFO -   Buscando classificação CID=57390946...
2026-06-01 18:41:40,054 - INFO -   Buscando descrição CID=57390946...
2026-06-01 18:41:40,731 - INFO -   ✓ Sucesso! CID=57390946

2026-06-01 18:41:41,132 - INFO - [53/75] Processando composto...
2026-06-01 18:41:43,947 - INFO - ✓ Encontrado CID=57390946 via formula='C19H27N5O7S'
2026-06-01 18:41:43,947 - INFO -   Buscando propriedades CID=57390946...
2026-06-01 18:41:45,707 - INFO -   Buscando sinônimos CID=57390946...
2026-06-01 18:41:46,480 - INFO -   Buscando classificação CID=57390946...
2026-06-01 18:41:47,605 - INFO -   Buscando descrição CID=57390946...
2026-06-01 18:41:48,387 - INFO -   ✓ Sucesso! CID=57390946

2026-06-01 18:41:48,787 - INFO - [54/75] Processando composto...
2026-06-01 18:41:51,092 - INFO - ✓ Encontrado CID=57390946 via formula='C19H27N5O7S'
2026-06-01 18:41:51,092 - INFO -   Buscando propriedades CID=57390946...
2026-06-01 18:41:52,708 - INFO -   Buscando sinônimos CID=57390946...
2026-06-01 18:41:53,492 - INFO -   Buscando classificação CID=57390946...
2026-06-01 18:41:54,669 - INFO -   Buscando descrição CID=57390946...
2026-06-01 18:41:55,516 - INFO -   ✓ Sucesso! CID=57390946

2026-06-01 18:41:55,916 - INFO - [55/75] Processando composto...
2026-06-01 18:42:01,854 - INFO - ✓ Encontrado CID=57390946 via formula='C19H27N5O7S'
2026-06-01 18:42:01,854 - INFO -   Buscando propriedades CID=57390946...
2026-06-01 18:42:03,281 - INFO -   Buscando sinônimos CID=57390946...
2026-06-01 18:42:03,943 - INFO -   Buscando classificação CID=57390946...
2026-06-01 18:42:05,220 - INFO -   Buscando descrição CID=57390946...
2026-06-01 18:42:05,925 - INFO -   ✓ Sucesso! CID=57390946

2026-06-01 18:42:06,325 - INFO - [56/75] Processando composto...
2026-06-01 18:42:09,898 - INFO - ✓ Encontrado CID=57390946 via formula='C19H27N5O7S'
2026-06-01 18:42:09,899 - INFO -   Buscando propriedades CID=57390946...
2026-06-01 18:42:11,331 - INFO -   Buscando sinônimos CID=57390946...
2026-06-01 18:42:12,124 - INFO -   Buscando classificação CID=57390946...
2026-06-01 18:42:13,305 - INFO -   Buscando descrição CID=57390946...
2026-06-01 18:42:14,124 - INFO -   ✓ Sucesso! CID=57390946

2026-06-01 18:42:14,524 - INFO - [57/75] Processando composto...
2026-06-01 18:42:16,895 - INFO - ✓ Encontrado CID=57390946 via formula='C19H27N5O7S'
2026-06-01 18:42:16,895 - INFO -   Buscando propriedades CID=57390946...
2026-06-01 18:42:18,151 - INFO -   Buscando sinônimos CID=57390946...
2026-06-01 18:42:18,856 - INFO -   Buscando classificação CID=57390946...
2026-06-01 18:42:19,968 - INFO -   Buscando descrição CID=57390946...
2026-06-01 18:42:20,763 - INFO -   ✓ Sucesso! CID=57390946

2026-06-01 18:42:21,164 - INFO - [58/75] Processando composto...
2026-06-01 18:42:29,232 - ERROR - Erro na requisição: ('Connection aborted.', RemoteDisconnected('Remote end closed connection without response'))
2026-06-01 18:42:30,203 - WARNING - ✗ Composto não encontrado: {'compound_name': 'cys-tyr-gly-gln', 'formula': 'C19H27N5O7S', 'molecular_formula': 'C19H27N5O7S', 'source_compound_id': 'CSID16615352', 'description': 'cys-tyr-gly-gln', 'inchikey': nan, 'rank_group': 3, 'is_tied': True}
2026-06-01 18:42:30,203 - WARNING -   ✗ Não encontrado

2026-06-01 18:42:30,603 - INFO - [59/75] Processando composto...
2026-06-01 18:42:44,851 - INFO - ✓ Encontrado CID=57390946 via formula='C19H27N5O7S'
2026-06-01 18:42:44,852 - INFO -   Buscando propriedades CID=57390946...
2026-06-01 18:42:46,387 - INFO -   Buscando sinônimos CID=57390946...
2026-06-01 18:42:47,077 - INFO -   Buscando classificação CID=57390946...
2026-06-01 18:42:48,258 - INFO -   Buscando descrição CID=57390946...
2026-06-01 18:42:49,052 - INFO -   ✓ Sucesso! CID=57390946

2026-06-01 18:42:49,453 - INFO - [60/75] Processando composto...
2026-06-01 18:43:04,411 - INFO - ✓ Encontrado CID=57390946 via formula='C19H27N5O7S'
2026-06-01 18:43:04,411 - INFO -   Buscando propriedades CID=57390946...
2026-06-01 18:43:06,276 - INFO -   Buscando sinônimos CID=57390946...
2026-06-01 18:43:07,160 - INFO -   Buscando classificação CID=57390946...
2026-06-01 18:43:08,505 - INFO -   Buscando descrição CID=57390946...
2026-06-01 18:43:09,322 - INFO -   ✓ Sucesso! CID=57390946

2026-06-01 18:43:09,723 - INFO - [61/75] Processando composto...
2026-06-01 18:43:11,991 - INFO - ✓ Encontrado CID=57390946 via formula='C19H27N5O7S'
2026-06-01 18:43:11,991 - INFO -   Buscando propriedades CID=57390946...
2026-06-01 18:43:13,249 - INFO -   Buscando sinônimos CID=57390946...
2026-06-01 18:43:14,051 - INFO -   Buscando classificação CID=57390946...
2026-06-01 18:43:15,366 - INFO -   Buscando descrição CID=57390946...
2026-06-01 18:43:16,127 - INFO -   ✓ Sucesso! CID=57390946

2026-06-01 18:43:16,527 - INFO - [62/75] Processando composto...
2026-06-01 18:43:18,656 - INFO - ✓ Encontrado CID=57390946 via formula='C19H27N5O7S'
2026-06-01 18:43:18,656 - INFO -   Buscando propriedades CID=57390946...
2026-06-01 18:43:20,006 - INFO -   Buscando sinônimos CID=57390946...
2026-06-01 18:43:20,770 - INFO -   Buscando classificação CID=57390946...
2026-06-01 18:43:22,120 - INFO -   Buscando descrição CID=57390946...
2026-06-01 18:43:22,980 - INFO -   ✓ Sucesso! CID=57390946

2026-06-01 18:43:23,380 - INFO - [63/75] Processando composto...
2026-06-01 18:43:26,219 - INFO - ✓ Encontrado CID=57390946 via formula='C19H27N5O7S'
2026-06-01 18:43:26,219 - INFO -   Buscando propriedades CID=57390946...
2026-06-01 18:43:27,687 - INFO -   Buscando sinônimos CID=57390946...
2026-06-01 18:43:28,468 - INFO -   Buscando classificação CID=57390946...
2026-06-01 18:43:29,701 - INFO -   Buscando descrição CID=57390946...
2026-06-01 18:43:30,524 - INFO -   ✓ Sucesso! CID=57390946

2026-06-01 18:43:30,925 - INFO - [64/75] Processando composto...
2026-06-01 18:43:33,291 - INFO - ✓ Encontrado CID=57390946 via formula='C19H27N5O7S'
2026-06-01 18:43:33,291 - INFO -   Buscando propriedades CID=57390946...
2026-06-01 18:43:34,737 - INFO -   Buscando sinônimos CID=57390946...
2026-06-01 18:43:35,538 - INFO -   Buscando classificação CID=57390946...
2026-06-01 18:43:36,586 - INFO -   Buscando descrição CID=57390946...
2026-06-01 18:43:37,580 - INFO -   ✓ Sucesso! CID=57390946

2026-06-01 18:43:37,981 - INFO - [65/75] Processando composto...
2026-06-01 18:43:41,888 - INFO - ✓ Encontrado CID=57390946 via formula='C19H27N5O7S'
2026-06-01 18:43:41,889 - INFO -   Buscando propriedades CID=57390946...
2026-06-01 18:43:43,623 - INFO -   Buscando sinônimos CID=57390946...
2026-06-01 18:43:44,444 - INFO -   Buscando classificação CID=57390946...
2026-06-01 18:43:45,674 - INFO -   Buscando descrição CID=57390946...
2026-06-01 18:43:46,601 - INFO -   ✓ Sucesso! CID=57390946

2026-06-01 18:43:47,002 - INFO - [66/75] Processando composto...
2026-06-01 18:43:50,693 - INFO - ✓ Encontrado CID=57390946 via formula='C19H27N5O7S'
2026-06-01 18:43:50,694 - INFO -   Buscando propriedades CID=57390946...
2026-06-01 18:43:51,991 - INFO -   Buscando sinônimos CID=57390946...
2026-06-01 18:43:52,842 - INFO -   Buscando classificação CID=57390946...
2026-06-01 18:43:54,173 - INFO -   Buscando descrição CID=57390946...
2026-06-01 18:43:55,139 - INFO -   ✓ Sucesso! CID=57390946

2026-06-01 18:43:55,540 - INFO - [67/75] Processando composto...
2026-06-01 18:43:58,274 - INFO - ✓ Encontrado CID=57390946 via formula='C19H27N5O7S'
2026-06-01 18:43:58,274 - INFO -   Buscando propriedades CID=57390946...
2026-06-01 18:44:00,325 - INFO -   Buscando sinônimos CID=57390946...
2026-06-01 18:44:01,140 - INFO -   Buscando classificação CID=57390946...
2026-06-01 18:44:02,233 - INFO -   Buscando descrição CID=57390946...
2026-06-01 18:44:03,035 - INFO -   ✓ Sucesso! CID=57390946

2026-06-01 18:44:03,436 - INFO - [68/75] Processando composto...
2026-06-01 18:44:05,553 - INFO - ✓ Encontrado CID=57390946 via formula='C19H27N5O7S'
2026-06-01 18:44:05,553 - INFO -   Buscando propriedades CID=57390946...
2026-06-01 18:44:06,921 - INFO -   Buscando sinônimos CID=57390946...
2026-06-01 18:44:07,665 - INFO -   Buscando classificação CID=57390946...
2026-06-01 18:44:08,927 - INFO -   Buscando descrição CID=57390946...
2026-06-01 18:44:09,810 - INFO -   ✓ Sucesso! CID=57390946

2026-06-01 18:44:10,211 - INFO - [69/75] Processando composto...
2026-06-01 18:44:13,326 - INFO - ✓ Encontrado CID=57390946 via formula='C19H27N5O7S'
2026-06-01 18:44:13,327 - INFO -   Buscando propriedades CID=57390946...
2026-06-01 18:44:14,666 - INFO -   Buscando sinônimos CID=57390946...
2026-06-01 18:44:15,471 - INFO -   Buscando classificação CID=57390946...
2026-06-01 18:44:16,599 - INFO -   Buscando descrição CID=57390946...
2026-06-01 18:44:17,620 - INFO -   ✓ Sucesso! CID=57390946

2026-06-01 18:44:18,021 - INFO - [70/75] Processando composto...
2026-06-01 18:44:25,001 - INFO - ✓ Encontrado CID=57390946 via formula='C19H27N5O7S'
2026-06-01 18:44:25,001 - INFO -   Buscando propriedades CID=57390946...
2026-06-01 18:44:26,379 - INFO -   Buscando sinônimos CID=57390946...
2026-06-01 18:44:27,143 - INFO -   Buscando classificação CID=57390946...
2026-06-01 18:44:28,886 - INFO -   Buscando descrição CID=57390946...
2026-06-01 18:44:30,323 - INFO -   ✓ Sucesso! CID=57390946

2026-06-01 18:44:30,723 - INFO - [71/75] Processando composto...
2026-06-01 18:44:44,971 - INFO - ✓ Encontrado CID=57390946 via formula='C19H27N5O7S'
2026-06-01 18:44:44,971 - INFO -   Buscando propriedades CID=57390946...
2026-06-01 18:44:46,317 - INFO -   Buscando sinônimos CID=57390946...
2026-06-01 18:44:47,112 - INFO -   Buscando classificação CID=57390946...
2026-06-01 18:44:48,347 - INFO -   Buscando descrição CID=57390946...
2026-06-01 18:44:49,180 - INFO -   ✓ Sucesso! CID=57390946

2026-06-01 18:44:49,580 - INFO - [72/75] Processando composto...
2026-06-01 18:44:52,852 - INFO - ✓ Encontrado CID=57390946 via formula='C19H27N5O7S'
2026-06-01 18:44:52,853 - INFO -   Buscando propriedades CID=57390946...
2026-06-01 18:44:54,839 - INFO -   Buscando sinônimos CID=57390946...
2026-06-01 18:44:55,611 - INFO -   Buscando classificação CID=57390946...
2026-06-01 18:44:56,845 - INFO -   Buscando descrição CID=57390946...
2026-06-01 18:44:57,710 - INFO -   ✓ Sucesso! CID=57390946

2026-06-01 18:44:58,111 - INFO - [73/75] Processando composto...
2026-06-01 18:45:02,477 - INFO - ✓ Encontrado CID=71660653 via formula='C27H23N3O5'
2026-06-01 18:45:02,477 - INFO -   Buscando propriedades CID=71660653...
2026-06-01 18:45:04,077 - INFO -   Buscando sinônimos CID=71660653...
2026-06-01 18:45:04,930 - INFO -   Buscando classificação CID=71660653...
2026-06-01 18:45:07,944 - INFO -   Buscando descrição CID=71660653...
2026-06-01 18:45:08,829 - INFO -   ✓ Sucesso! CID=71660653

2026-06-01 18:45:09,230 - INFO - [74/75] Processando composto...
2026-06-01 18:45:16,197 - INFO - ✓ Encontrado CID=69027792 via formula='C22H25N6O4S'
2026-06-01 18:45:16,198 - INFO -   Buscando propriedades CID=69027792...
2026-06-01 18:45:18,259 - INFO -   Buscando sinônimos CID=69027792...
2026-06-01 18:45:19,186 - INFO -   Buscando classificação CID=69027792...
2026-06-01 18:45:21,528 - INFO -   Buscando descrição CID=69027792...
2026-06-01 18:45:22,564 - INFO -   ✓ Sucesso! CID=69027792

2026-06-01 18:45:22,965 - INFO - [75/75] Processando composto...
2026-06-01 18:45:52,338 - WARNING - HTTP 504 - tentativa 1/3
2026-06-01 18:46:09,755 - INFO - ✓ Encontrado CID=69027792 via formula='C22H25N6O4S'
2026-06-01 18:46:09,756 - INFO -   Buscando propriedades CID=69027792...
2026-06-01 18:46:11,327 - INFO -   Buscando sinônimos CID=69027792...
2026-06-01 18:46:12,103 - INFO -   Buscando classificação CID=69027792...
2026-06-01 18:46:13,438 - INFO -   Buscando descrição CID=69027792...
2026-06-01 18:46:14,274 - INFO -   ✓ Sucesso! CID=69027792

2026-06-01 18:46:14,690 - INFO - 
✓ Resultados salvos em: /app/data/staging/pubchem_raw.parquet
2026-06-01 18:46:14,698 - INFO - ✓ CSV salvo em: /app/data/staging/pubchem_raw.csv
2026-06-01 18:46:14,698 - INFO - 
============================================================
2026-06-01 18:46:14,698 - INFO - ESTATÍSTICAS FINAIS
2026-06-01 18:46:14,698 - INFO - ============================================================
2026-06-01 18:46:14,698 - INFO - Total processado: 75
2026-06-01 18:46:14,698 - INFO - Sucesso: 74 (98.7%)
2026-06-01 18:46:14,698 - INFO - Falhas: 1 (1.3%)
2026-06-01 18:46:14,698 - INFO - 
Métodos de busca utilizados:
2026-06-01 18:46:14,698 - INFO -   - formula: 74
2026-06-01 18:46:14,698 - INFO - ============================================================

