2026-06-01 19:25:30,522 - INFO - 🔍 Verificando conectividade com PubChem API...
2026-06-01 19:25:31,089 - INFO - ✅ Conectividade OK - API PubChem acessível
2026-06-01 19:25:31,089 - INFO - 
2026-06-01 19:25:31,104 - INFO - Carregado 75 compostos de /app/data/staging/candidates_external_input.csv
2026-06-01 19:25:31,104 - INFO - 
============================================================
2026-06-01 19:25:31,104 - INFO - Iniciando extração de 75 compostos do PubChem
2026-06-01 19:25:31,104 - INFO - ============================================================

2026-06-01 19:25:31,107 - INFO - [1/75] Processando composto...
2026-06-01 19:25:49,318 - INFO - ✓ Encontrado CID=57390946 via formula='C19H27N5O7S'
2026-06-01 19:25:49,318 - INFO -   Buscando propriedades CID=57390946...
2026-06-01 19:25:51,155 - INFO -   Buscando sinônimos CID=57390946...
2026-06-01 19:25:51,977 - INFO -   Buscando classificação CID=57390946...
2026-06-01 19:26:22,665 - WARNING - Timeout - tentativa 1/3
2026-06-01 19:26:24,536 - INFO -   Buscando descrição CID=57390946...
2026-06-01 19:26:25,380 - INFO -   ✓ Sucesso! CID=57390946

2026-06-01 19:26:25,781 - INFO - [2/75] Processando composto...
2026-06-01 19:26:27,926 - INFO - ✓ Encontrado CID=57390946 via formula='C19H27N5O7S'
2026-06-01 19:26:27,926 - INFO -   Buscando propriedades CID=57390946...
2026-06-01 19:26:29,322 - INFO -   Buscando sinônimos CID=57390946...
2026-06-01 19:26:30,178 - INFO -   Buscando classificação CID=57390946...
2026-06-01 19:26:32,425 - INFO -   Buscando descrição CID=57390946...
2026-06-01 19:26:33,394 - INFO -   ✓ Sucesso! CID=57390946

2026-06-01 19:26:33,795 - INFO - [3/75] Processando composto...
2026-06-01 19:26:36,011 - INFO - ✓ Encontrado CID=57390946 via formula='C19H27N5O7S'
2026-06-01 19:26:36,012 - INFO -   Buscando propriedades CID=57390946...
2026-06-01 19:26:37,355 - INFO -   Buscando sinônimos CID=57390946...
2026-06-01 19:26:38,367 - INFO -   Buscando classificação CID=57390946...
2026-06-01 19:26:40,207 - INFO -   Buscando descrição CID=57390946...
2026-06-01 19:26:40,964 - INFO -   ✓ Sucesso! CID=57390946

2026-06-01 19:26:41,365 - INFO - [4/75] Processando composto...
2026-06-01 19:26:44,098 - INFO - ✓ Encontrado CID=57390946 via formula='C19H27N5O7S'
2026-06-01 19:26:44,098 - INFO -   Buscando propriedades CID=57390946...
2026-06-01 19:26:45,428 - INFO -   Buscando sinônimos CID=57390946...
2026-06-01 19:26:46,144 - INFO -   Buscando classificação CID=57390946...
2026-06-01 19:26:48,702 - INFO -   Buscando descrição CID=57390946...
2026-06-01 19:26:49,830 - INFO -   ✓ Sucesso! CID=57390946

2026-06-01 19:26:50,231 - INFO - [5/75] Processando composto...
2026-06-01 19:26:52,395 - INFO - ✓ Encontrado CID=57390946 via formula='C19H27N5O7S'
2026-06-01 19:26:52,395 - INFO -   Buscando propriedades CID=57390946...
2026-06-01 19:26:53,797 - INFO -   Buscando sinônimos CID=57390946...
2026-06-01 19:26:54,645 - INFO -   Buscando classificação CID=57390946...
2026-06-01 19:26:55,813 - INFO -   Buscando descrição CID=57390946...
2026-06-01 19:26:56,612 - INFO -   ✓ Sucesso! CID=57390946

2026-06-01 19:26:57,013 - INFO - [6/75] Processando composto...
2026-06-01 19:27:26,615 - WARNING - HTTP 504 - tentativa 1/3
2026-06-01 19:27:33,458 - INFO - ✓ Encontrado CID=57390946 via formula='C19H27N5O7S'
2026-06-01 19:27:33,459 - INFO -   Buscando propriedades CID=57390946...
2026-06-01 19:27:34,862 - INFO -   Buscando sinônimos CID=57390946...
2026-06-01 19:27:35,705 - INFO -   Buscando classificação CID=57390946...
2026-06-01 19:27:37,141 - INFO -   Buscando descrição CID=57390946...
2026-06-01 19:27:37,969 - INFO -   ✓ Sucesso! CID=57390946

2026-06-01 19:27:38,370 - INFO - [7/75] Processando composto...
2026-06-01 19:27:40,522 - INFO - ✓ Encontrado CID=57390946 via formula='C19H27N5O7S'
2026-06-01 19:27:40,523 - INFO -   Buscando propriedades CID=57390946...
2026-06-01 19:27:41,851 - INFO -   Buscando sinônimos CID=57390946...
2026-06-01 19:27:42,668 - INFO -   Buscando classificação CID=57390946...
2026-06-01 19:27:44,000 - INFO -   Buscando descrição CID=57390946...
2026-06-01 19:27:44,921 - INFO -   ✓ Sucesso! CID=57390946

2026-06-01 19:27:45,322 - INFO - [8/75] Processando composto...
2026-06-01 19:27:53,225 - INFO - ✓ Encontrado CID=57390946 via formula='C19H27N5O7S'
2026-06-01 19:27:53,225 - INFO -   Buscando propriedades CID=57390946...
2026-06-01 19:27:54,555 - INFO -   Buscando sinônimos CID=57390946...
2026-06-01 19:27:55,280 - INFO -   Buscando classificação CID=57390946...
2026-06-01 19:27:56,492 - INFO -   Buscando descrição CID=57390946...
2026-06-01 19:27:57,318 - INFO -   ✓ Sucesso! CID=57390946

2026-06-01 19:27:57,719 - INFO - [9/75] Processando composto...
2026-06-01 19:28:27,011 - WARNING - HTTP 504 - tentativa 1/3
2026-06-01 19:28:28,751 - INFO - ✓ Encontrado CID=57390946 via formula='C19H27N5O7S'
2026-06-01 19:28:28,751 - INFO -   Buscando propriedades CID=57390946...
2026-06-01 19:28:30,095 - INFO -   Buscando sinônimos CID=57390946...
2026-06-01 19:28:30,898 - INFO -   Buscando classificação CID=57390946...
2026-06-01 19:28:32,131 - INFO -   Buscando descrição CID=57390946...
2026-06-01 19:28:33,254 - INFO -   ✓ Sucesso! CID=57390946

2026-06-01 19:28:33,655 - INFO - [10/75] Processando composto...
2026-06-01 19:28:35,818 - INFO - ✓ Encontrado CID=57390946 via formula='C19H27N5O7S'
2026-06-01 19:28:35,819 - INFO -   Buscando propriedades CID=57390946...
2026-06-01 19:28:37,150 - INFO -   Buscando sinônimos CID=57390946...
2026-06-01 19:28:37,965 - INFO -   Buscando classificação CID=57390946...
2026-06-01 19:28:39,196 - INFO -   Buscando descrição CID=57390946...
2026-06-01 19:28:40,036 - INFO -   ✓ Sucesso! CID=57390946

2026-06-01 19:28:40,437 - INFO - [11/75] Processando composto...
2026-06-01 19:29:03,166 - INFO - ✓ Encontrado CID=57390946 via formula='C19H27N5O7S'
2026-06-01 19:29:03,167 - INFO -   Buscando propriedades CID=57390946...
2026-06-01 19:29:04,859 - INFO -   Buscando sinônimos CID=57390946...
2026-06-01 19:29:06,228 - INFO -   Buscando classificação CID=57390946...
2026-06-01 19:29:07,459 - INFO -   Buscando descrição CID=57390946...
2026-06-01 19:29:08,282 - INFO -   ✓ Sucesso! CID=57390946

2026-06-01 19:29:08,683 - INFO - [12/75] Processando composto...
2026-06-01 19:29:28,454 - INFO - ✓ Encontrado CID=57390946 via formula='C19H27N5O7S'
2026-06-01 19:29:28,454 - INFO -   Buscando propriedades CID=57390946...
2026-06-01 19:29:30,538 - INFO -   Buscando sinônimos CID=57390946...
2026-06-01 19:29:31,252 - INFO -   Buscando classificação CID=57390946...
2026-06-01 19:29:32,546 - INFO -   Buscando descrição CID=57390946...
2026-06-01 19:29:33,772 - INFO -   ✓ Sucesso! CID=57390946

2026-06-01 19:29:34,173 - INFO - [13/75] Processando composto...
2026-06-01 19:29:34,798 - ERROR - Erro na requisição: ('Connection aborted.', ConnectionResetError(104, 'Connection reset by peer'))
2026-06-01 19:29:48,420 - INFO - ✓ Encontrado CID=57390946 via formula='C19H27N5O7S'
2026-06-01 19:29:48,420 - INFO -   Buscando propriedades CID=57390946...
2026-06-01 19:29:49,832 - INFO -   Buscando sinônimos CID=57390946...
2026-06-01 19:29:50,669 - INFO -   Buscando classificação CID=57390946...
2026-06-01 19:29:51,901 - INFO -   Buscando descrição CID=57390946...
2026-06-01 19:29:52,719 - INFO -   ✓ Sucesso! CID=57390946

2026-06-01 19:29:53,120 - INFO - [14/75] Processando composto...
2026-06-01 19:29:55,281 - INFO - ✓ Encontrado CID=57390946 via formula='C19H27N5O7S'
2026-06-01 19:29:55,281 - INFO -   Buscando propriedades CID=57390946...
2026-06-01 19:29:56,921 - INFO -   Buscando sinônimos CID=57390946...
2026-06-01 19:29:57,734 - INFO -   Buscando classificação CID=57390946...
2026-06-01 19:29:58,966 - INFO -   Buscando descrição CID=57390946...
2026-06-01 19:29:59,789 - INFO -   ✓ Sucesso! CID=57390946

2026-06-01 19:30:00,190 - INFO - [15/75] Processando composto...
2026-06-01 19:30:02,448 - INFO - ✓ Encontrado CID=57390946 via formula='C19H27N5O7S'
2026-06-01 19:30:02,448 - INFO -   Buscando propriedades CID=57390946...
2026-06-01 19:30:03,720 - INFO -   Buscando sinônimos CID=57390946...
2026-06-01 19:30:04,593 - INFO -   Buscando classificação CID=57390946...
2026-06-01 19:30:05,930 - INFO -   Buscando descrição CID=57390946...
2026-06-01 19:30:06,745 - INFO -   ✓ Sucesso! CID=57390946

2026-06-01 19:30:07,146 - INFO - [16/75] Processando composto...
2026-06-01 19:30:21,494 - INFO - ✓ Encontrado CID=57390946 via formula='C19H27N5O7S'
2026-06-01 19:30:21,494 - INFO -   Buscando propriedades CID=57390946...
2026-06-01 19:30:23,340 - INFO -   Buscando sinônimos CID=57390946...
2026-06-01 19:30:24,666 - INFO -   Buscando classificação CID=57390946...
2026-06-01 19:30:26,114 - INFO -   Buscando descrição CID=57390946...
2026-06-01 19:30:27,190 - INFO -   ✓ Sucesso! CID=57390946

2026-06-01 19:30:27,591 - INFO - [17/75] Processando composto...
2026-06-01 19:30:54,490 - INFO - ✓ Encontrado CID=57390946 via formula='C19H27N5O7S'
2026-06-01 19:30:54,490 - INFO -   Buscando propriedades CID=57390946...
2026-06-01 19:30:55,830 - INFO -   Buscando sinônimos CID=57390946...
2026-06-01 19:30:56,621 - INFO -   Buscando classificação CID=57390946...
2026-06-01 19:30:57,852 - INFO -   Buscando descrição CID=57390946...
2026-06-01 19:30:58,675 - INFO -   ✓ Sucesso! CID=57390946

2026-06-01 19:30:59,075 - INFO - [18/75] Processando composto...
2026-06-01 19:31:13,411 - INFO - ✓ Encontrado CID=57390946 via formula='C19H27N5O7S'
2026-06-01 19:31:13,411 - INFO -   Buscando propriedades CID=57390946...
2026-06-01 19:31:14,880 - INFO -   Buscando sinônimos CID=57390946...
2026-06-01 19:31:15,678 - INFO -   Buscando classificação CID=57390946...
2026-06-01 19:31:16,940 - INFO -   Buscando descrição CID=57390946...
2026-06-01 19:31:17,726 - INFO -   ✓ Sucesso! CID=57390946

2026-06-01 19:31:18,127 - INFO - [19/75] Processando composto...
2026-06-01 19:31:20,078 - INFO - ✓ Encontrado CID=57390946 via formula='C19H27N5O7S'
2026-06-01 19:31:20,078 - INFO -   Buscando propriedades CID=57390946...
2026-06-01 19:31:21,394 - INFO -   Buscando sinônimos CID=57390946...
2026-06-01 19:31:22,231 - INFO -   Buscando classificação CID=57390946...
2026-06-01 19:31:23,449 - INFO -   Buscando descrição CID=57390946...
2026-06-01 19:31:24,207 - INFO -   ✓ Sucesso! CID=57390946

2026-06-01 19:31:24,608 - INFO - [20/75] Processando composto...
2026-06-01 19:31:27,242 - INFO - ✓ Encontrado CID=57390946 via formula='C19H27N5O7S'
2026-06-01 19:31:27,243 - INFO -   Buscando propriedades CID=57390946...
2026-06-01 19:31:28,534 - INFO -   Buscando sinônimos CID=57390946...
2026-06-01 19:31:29,380 - INFO -   Buscando classificação CID=57390946...
2026-06-01 19:31:30,615 - INFO -   Buscando descrição CID=57390946...
2026-06-01 19:31:31,442 - INFO -   ✓ Sucesso! CID=57390946

2026-06-01 19:31:31,843 - INFO - [21/75] Processando composto...
2026-06-01 19:31:46,283 - INFO - ✓ Encontrado CID=57390946 via formula='C19H27N5O7S'
2026-06-01 19:31:46,283 - INFO -   Buscando propriedades CID=57390946...
2026-06-01 19:31:47,633 - INFO -   Buscando sinônimos CID=57390946...
2026-06-01 19:31:48,367 - INFO -   Buscando classificação CID=57390946...
2026-06-01 19:31:49,561 - INFO -   Buscando descrição CID=57390946...
2026-06-01 19:31:50,411 - INFO -   ✓ Sucesso! CID=57390946

2026-06-01 19:31:50,813 - INFO - [22/75] Processando composto...
2026-06-01 19:32:05,021 - INFO - ✓ Encontrado CID=57390946 via formula='C19H27N5O7S'
2026-06-01 19:32:05,022 - INFO -   Buscando propriedades CID=57390946...
2026-06-01 19:32:06,657 - INFO -   Buscando sinônimos CID=57390946...
2026-06-01 19:32:07,491 - INFO -   Buscando classificação CID=57390946...
2026-06-01 19:32:08,809 - INFO -   Buscando descrição CID=57390946...
2026-06-01 19:32:09,643 - INFO -   ✓ Sucesso! CID=57390946

2026-06-01 19:32:10,044 - INFO - [23/75] Processando composto...
2026-06-01 19:32:16,906 - INFO - ✓ Encontrado CID=57390946 via formula='C19H27N5O7S'
2026-06-01 19:32:16,906 - INFO -   Buscando propriedades CID=57390946...
2026-06-01 19:32:18,562 - INFO -   Buscando sinônimos CID=57390946...
2026-06-01 19:32:19,357 - INFO -   Buscando classificação CID=57390946...
2026-06-01 19:32:20,733 - INFO -   Buscando descrição CID=57390946...
2026-06-01 19:32:21,532 - INFO -   ✓ Sucesso! CID=57390946

2026-06-01 19:32:21,932 - INFO - [24/75] Processando composto...
2026-06-01 19:32:29,291 - INFO - ✓ Encontrado CID=57390946 via formula='C19H27N5O7S'
2026-06-01 19:32:29,291 - INFO -   Buscando propriedades CID=57390946...
2026-06-01 19:32:30,769 - INFO -   Buscando sinônimos CID=57390946...
2026-06-01 19:32:31,539 - INFO -   Buscando classificação CID=57390946...
2026-06-01 19:32:32,870 - INFO -   Buscando descrição CID=57390946...
2026-06-01 19:32:33,772 - INFO -   ✓ Sucesso! CID=57390946

2026-06-01 19:32:34,173 - INFO - [25/75] Processando composto...
2026-06-01 19:32:48,745 - INFO - ✓ Encontrado CID=57390946 via formula='C19H27N5O7S'
2026-06-01 19:32:48,745 - INFO -   Buscando propriedades CID=57390946...
2026-06-01 19:32:50,285 - INFO -   Buscando sinônimos CID=57390946...
2026-06-01 19:32:51,021 - INFO -   Buscando classificação CID=57390946...
2026-06-01 19:32:52,233 - INFO -   Buscando descrição CID=57390946...
2026-06-01 19:32:53,561 - INFO -   ✓ Sucesso! CID=57390946

2026-06-01 19:32:53,962 - INFO - [26/75] Processando composto...
2026-06-01 19:33:07,898 - INFO - ✓ Encontrado CID=57390946 via formula='C19H27N5O7S'
2026-06-01 19:33:07,898 - INFO -   Buscando propriedades CID=57390946...
2026-06-01 19:33:09,314 - INFO -   Buscando sinônimos CID=57390946...
2026-06-01 19:33:10,152 - INFO -   Buscando classificação CID=57390946...
2026-06-01 19:33:11,376 - INFO -   Buscando descrição CID=57390946...
2026-06-01 19:33:12,232 - INFO -   ✓ Sucesso! CID=57390946

2026-06-01 19:33:12,632 - INFO - [27/75] Processando composto...
2026-06-01 19:33:19,550 - INFO - ✓ Encontrado CID=57390946 via formula='C19H27N5O7S'
2026-06-01 19:33:19,550 - INFO -   Buscando propriedades CID=57390946...
2026-06-01 19:33:20,969 - INFO -   Buscando sinônimos CID=57390946...
2026-06-01 19:33:21,620 - INFO -   Buscando classificação CID=57390946...
2026-06-01 19:33:22,849 - INFO -   Buscando descrição CID=57390946...
2026-06-01 19:33:23,691 - INFO -   ✓ Sucesso! CID=57390946

2026-06-01 19:33:24,092 - INFO - [28/75] Processando composto...
2026-06-01 19:33:26,196 - INFO - ✓ Encontrado CID=57390946 via formula='C19H27N5O7S'
2026-06-01 19:33:26,196 - INFO -   Buscando propriedades CID=57390946...
2026-06-01 19:33:27,693 - INFO -   Buscando sinônimos CID=57390946...
2026-06-01 19:33:28,576 - INFO -   Buscando classificação CID=57390946...
2026-06-01 19:33:29,940 - INFO -   Buscando descrição CID=57390946...
2026-06-01 19:33:30,730 - INFO -   ✓ Sucesso! CID=57390946

2026-06-01 19:33:31,131 - INFO - [29/75] Processando composto...
2026-06-01 19:33:39,231 - INFO - ✓ Encontrado CID=57390946 via formula='C19H27N5O7S'
2026-06-01 19:33:39,231 - INFO -   Buscando propriedades CID=57390946...
2026-06-01 19:33:40,560 - INFO -   Buscando sinônimos CID=57390946...
2026-06-01 19:33:41,374 - INFO -   Buscando classificação CID=57390946...
2026-06-01 19:33:42,445 - INFO -   Buscando descrição CID=57390946...
2026-06-01 19:33:43,232 - INFO -   ✓ Sucesso! CID=57390946

2026-06-01 19:33:43,633 - INFO - [30/75] Processando composto...
2026-06-01 19:33:45,994 - INFO - ✓ Encontrado CID=57390946 via formula='C19H27N5O7S'
2026-06-01 19:33:45,994 - INFO -   Buscando propriedades CID=57390946...
2026-06-01 19:33:47,476 - INFO -   Buscando sinônimos CID=57390946...
2026-06-01 19:33:48,454 - INFO -   Buscando classificação CID=57390946...
2026-06-01 19:33:50,089 - INFO -   Buscando descrição CID=57390946...
2026-06-01 19:33:50,928 - INFO -   ✓ Sucesso! CID=57390946

2026-06-01 19:33:51,329 - INFO - [31/75] Processando composto...
2026-06-01 19:34:17,527 - INFO - ✓ Encontrado CID=57390946 via formula='C19H27N5O7S'
2026-06-01 19:34:17,527 - INFO -   Buscando propriedades CID=57390946...
2026-06-01 19:34:18,892 - INFO -   Buscando sinônimos CID=57390946...
2026-06-01 19:34:19,744 - INFO -   Buscando classificação CID=57390946...
2026-06-01 19:34:21,317 - INFO -   Buscando descrição CID=57390946...
2026-06-01 19:34:22,337 - INFO -   ✓ Sucesso! CID=57390946

2026-06-01 19:34:22,737 - INFO - [32/75] Processando composto...
2026-06-01 19:34:52,138 - WARNING - HTTP 504 - tentativa 1/3
2026-06-01 19:35:21,028 - WARNING - HTTP 504 - tentativa 2/3
2026-06-01 19:35:27,160 - INFO - ✓ Encontrado CID=57390946 via formula='C19H27N5O7S'
2026-06-01 19:35:27,160 - INFO -   Buscando propriedades CID=57390946...
2026-06-01 19:35:28,552 - INFO -   Buscando sinônimos CID=57390946...
2026-06-01 19:35:29,408 - INFO -   Buscando classificação CID=57390946...
2026-06-01 19:35:30,583 - INFO -   Buscando descrição CID=57390946...
2026-06-01 19:35:32,393 - INFO -   ✓ Sucesso! CID=57390946

2026-06-01 19:35:32,794 - INFO - [33/75] Processando composto...
2026-06-01 19:35:58,289 - INFO - ✓ Encontrado CID=57390946 via formula='C19H27N5O7S'
2026-06-01 19:35:58,290 - INFO -   Buscando propriedades CID=57390946...
2026-06-01 19:36:00,441 - INFO -   Buscando sinônimos CID=57390946...
2026-06-01 19:36:01,185 - INFO -   Buscando classificação CID=57390946...
2026-06-01 19:36:02,243 - INFO -   Buscando descrição CID=57390946...
2026-06-01 19:36:03,111 - INFO -   ✓ Sucesso! CID=57390946

2026-06-01 19:36:03,512 - INFO - [34/75] Processando composto...
2026-06-01 19:36:17,747 - INFO - ✓ Encontrado CID=57390946 via formula='C19H27N5O7S'
2026-06-01 19:36:17,747 - INFO -   Buscando propriedades CID=57390946...
2026-06-01 19:36:19,119 - INFO -   Buscando sinônimos CID=57390946...
2026-06-01 19:36:19,890 - INFO -   Buscando classificação CID=57390946...
2026-06-01 19:36:21,021 - INFO -   Buscando descrição CID=57390946...
2026-06-01 19:36:21,842 - INFO -   ✓ Sucesso! CID=57390946

2026-06-01 19:36:22,243 - INFO - [35/75] Processando composto...
2026-06-01 19:36:38,539 - INFO - ✓ Encontrado CID=57390946 via formula='C19H27N5O7S'
2026-06-01 19:36:38,540 - INFO -   Buscando propriedades CID=57390946...
2026-06-01 19:36:39,933 - INFO -   Buscando sinônimos CID=57390946...
2026-06-01 19:36:40,757 - INFO -   Buscando classificação CID=57390946...
2026-06-01 19:36:42,014 - INFO -   Buscando descrição CID=57390946...
2026-06-01 19:36:42,871 - INFO -   ✓ Sucesso! CID=57390946

2026-06-01 19:36:43,273 - INFO - [36/75] Processando composto...
2026-06-01 19:36:45,843 - INFO - ✓ Encontrado CID=57390946 via formula='C19H27N5O7S'
2026-06-01 19:36:45,844 - INFO -   Buscando propriedades CID=57390946...
2026-06-01 19:36:47,219 - INFO -   Buscando sinônimos CID=57390946...
2026-06-01 19:36:47,996 - INFO -   Buscando classificação CID=57390946...
2026-06-01 19:36:49,283 - INFO -   Buscando descrição CID=57390946...
2026-06-01 19:36:50,301 - INFO -   ✓ Sucesso! CID=57390946

2026-06-01 19:36:50,702 - INFO - [37/75] Processando composto...
2026-06-01 19:36:53,185 - INFO - ✓ Encontrado CID=57390946 via formula='C19H27N5O7S'
2026-06-01 19:36:53,185 - INFO -   Buscando propriedades CID=57390946...
2026-06-01 19:36:54,602 - INFO -   Buscando sinônimos CID=57390946...
2026-06-01 19:36:55,712 - INFO -   Buscando classificação CID=57390946...
2026-06-01 19:36:57,172 - INFO -   Buscando descrição CID=57390946...
2026-06-01 19:36:58,000 - INFO -   ✓ Sucesso! CID=57390946

2026-06-01 19:36:58,401 - INFO - [38/75] Processando composto...
2026-06-01 19:37:00,580 - INFO - ✓ Encontrado CID=57390946 via formula='C19H27N5O7S'
2026-06-01 19:37:00,581 - INFO -   Buscando propriedades CID=57390946...
2026-06-01 19:37:02,097 - INFO -   Buscando sinônimos CID=57390946...
2026-06-01 19:37:02,899 - INFO -   Buscando classificação CID=57390946...
2026-06-01 19:37:04,128 - INFO -   Buscando descrição CID=57390946...
2026-06-01 19:37:04,971 - INFO -   ✓ Sucesso! CID=57390946

2026-06-01 19:37:05,372 - INFO - [39/75] Processando composto...
2026-06-01 19:37:07,415 - INFO - ✓ Encontrado CID=57390946 via formula='C19H27N5O7S'
2026-06-01 19:37:07,415 - INFO -   Buscando propriedades CID=57390946...
2026-06-01 19:37:08,740 - INFO -   Buscando sinônimos CID=57390946...
2026-06-01 19:37:09,576 - INFO -   Buscando classificação CID=57390946...
2026-06-01 19:37:10,771 - INFO -   Buscando descrição CID=57390946...
2026-06-01 19:37:11,597 - INFO -   ✓ Sucesso! CID=57390946

2026-06-01 19:37:11,998 - INFO - [40/75] Processando composto...
2026-06-01 19:37:14,788 - INFO - ✓ Encontrado CID=57390946 via formula='C19H27N5O7S'
2026-06-01 19:37:14,788 - INFO -   Buscando propriedades CID=57390946...
2026-06-01 19:37:16,840 - INFO -   Buscando sinônimos CID=57390946...
2026-06-01 19:37:17,856 - INFO -   Buscando classificação CID=57390946...
2026-06-01 19:37:19,012 - INFO -   Buscando descrição CID=57390946...
2026-06-01 19:37:19,835 - INFO -   ✓ Sucesso! CID=57390946

2026-06-01 19:37:20,236 - INFO - [41/75] Processando composto...
2026-06-01 19:37:22,266 - INFO - ✓ Encontrado CID=57390946 via formula='C19H27N5O7S'
2026-06-01 19:37:22,267 - INFO -   Buscando propriedades CID=57390946...
2026-06-01 19:37:23,730 - INFO -   Buscando sinônimos CID=57390946...
2026-06-01 19:37:24,505 - INFO -   Buscando classificação CID=57390946...
2026-06-01 19:37:25,631 - INFO -   Buscando descrição CID=57390946...
2026-06-01 19:37:26,458 - INFO -   ✓ Sucesso! CID=57390946

2026-06-01 19:37:26,859 - INFO - [42/75] Processando composto...
2026-06-01 19:37:29,117 - INFO - ✓ Encontrado CID=57390946 via formula='C19H27N5O7S'
2026-06-01 19:37:29,118 - INFO -   Buscando propriedades CID=57390946...
2026-06-01 19:37:30,448 - INFO -   Buscando sinônimos CID=57390946...
2026-06-01 19:37:31,159 - INFO -   Buscando classificação CID=57390946...
2026-06-01 19:37:32,393 - INFO -   Buscando descrição CID=57390946...
2026-06-01 19:37:33,208 - INFO -   ✓ Sucesso! CID=57390946

2026-06-01 19:37:33,609 - INFO - [43/75] Processando composto...
2026-06-01 19:37:47,959 - INFO - ✓ Encontrado CID=57390946 via formula='C19H27N5O7S'
2026-06-01 19:37:47,959 - INFO -   Buscando propriedades CID=57390946...
2026-06-01 19:37:49,463 - INFO -   Buscando sinônimos CID=57390946...
2026-06-01 19:37:51,340 - INFO -   Buscando classificação CID=57390946...
2026-06-01 19:37:53,284 - INFO -   Buscando descrição CID=57390946...
2026-06-01 19:37:54,129 - INFO -   ✓ Sucesso! CID=57390946

2026-06-01 19:37:54,530 - INFO - [44/75] Processando composto...
2026-06-01 19:37:58,633 - INFO - ✓ Encontrado CID=57390946 via formula='C19H27N5O7S'
2026-06-01 19:37:58,633 - INFO -   Buscando propriedades CID=57390946...
2026-06-01 19:38:00,042 - INFO -   Buscando sinônimos CID=57390946...
2026-06-01 19:38:00,867 - INFO -   Buscando classificação CID=57390946...
2026-06-01 19:38:01,984 - INFO -   Buscando descrição CID=57390946...
2026-06-01 19:38:02,818 - INFO -   ✓ Sucesso! CID=57390946

2026-06-01 19:38:03,218 - INFO - [45/75] Processando composto...
2026-06-01 19:38:05,368 - INFO - ✓ Encontrado CID=57390946 via formula='C19H27N5O7S'
2026-06-01 19:38:05,369 - INFO -   Buscando propriedades CID=57390946...
2026-06-01 19:38:06,697 - INFO -   Buscando sinônimos CID=57390946...
2026-06-01 19:38:07,513 - INFO -   Buscando classificação CID=57390946...
2026-06-01 19:38:08,745 - INFO -   Buscando descrição CID=57390946...
2026-06-01 19:38:09,666 - INFO -   ✓ Sucesso! CID=57390946

2026-06-01 19:38:10,066 - INFO - [46/75] Processando composto...
2026-06-01 19:38:12,229 - INFO - ✓ Encontrado CID=57390946 via formula='C19H27N5O7S'
2026-06-01 19:38:12,230 - INFO -   Buscando propriedades CID=57390946...
2026-06-01 19:38:13,696 - INFO -   Buscando sinônimos CID=57390946...
2026-06-01 19:38:14,478 - INFO -   Buscando classificação CID=57390946...
2026-06-01 19:38:15,716 - INFO -   Buscando descrição CID=57390946...
2026-06-01 19:38:16,541 - INFO -   ✓ Sucesso! CID=57390946

2026-06-01 19:38:16,942 - INFO - [47/75] Processando composto...
2026-06-01 19:38:19,194 - INFO - ✓ Encontrado CID=57390946 via formula='C19H27N5O7S'
2026-06-01 19:38:19,194 - INFO -   Buscando propriedades CID=57390946...
2026-06-01 19:38:20,618 - INFO -   Buscando sinônimos CID=57390946...
2026-06-01 19:38:21,433 - INFO -   Buscando classificação CID=57390946...
2026-06-01 19:38:22,717 - INFO -   Buscando descrição CID=57390946...
2026-06-01 19:38:23,739 - INFO -   ✓ Sucesso! CID=57390946

2026-06-01 19:38:24,140 - INFO - [48/75] Processando composto...
2026-06-01 19:38:26,701 - INFO - ✓ Encontrado CID=57390946 via formula='C19H27N5O7S'
2026-06-01 19:38:26,701 - INFO -   Buscando propriedades CID=57390946...
2026-06-01 19:38:28,007 - INFO -   Buscando sinônimos CID=57390946...
2026-06-01 19:38:28,827 - INFO -   Buscando classificação CID=57390946...
2026-06-01 19:38:30,040 - INFO -   Buscando descrição CID=57390946...
2026-06-01 19:38:31,066 - INFO -   ✓ Sucesso! CID=57390946

2026-06-01 19:38:31,466 - INFO - [49/75] Processando composto...
2026-06-01 19:38:33,633 - INFO - ✓ Encontrado CID=57390946 via formula='C19H27N5O7S'
2026-06-01 19:38:33,633 - INFO -   Buscando propriedades CID=57390946...
2026-06-01 19:38:35,270 - INFO -   Buscando sinônimos CID=57390946...
2026-06-01 19:38:35,986 - INFO -   Buscando classificação CID=57390946...
2026-06-01 19:38:37,332 - INFO -   Buscando descrição CID=57390946...
2026-06-01 19:38:38,135 - INFO -   ✓ Sucesso! CID=57390946

2026-06-01 19:38:38,536 - INFO - [50/75] Processando composto...
2026-06-01 19:38:40,680 - INFO - ✓ Encontrado CID=57390946 via formula='C19H27N5O7S'
2026-06-01 19:38:40,680 - INFO -   Buscando propriedades CID=57390946...
2026-06-01 19:38:41,973 - INFO -   Buscando sinônimos CID=57390946...
2026-06-01 19:38:42,632 - INFO -   Buscando classificação CID=57390946...
2026-06-01 19:38:43,660 - INFO -   Buscando descrição CID=57390946...
2026-06-01 19:38:44,375 - INFO -   ✓ Sucesso! CID=57390946

2026-06-01 19:38:44,776 - INFO - [51/75] Processando composto...
2026-06-01 19:38:46,919 - INFO - ✓ Encontrado CID=57390946 via formula='C19H27N5O7S'
2026-06-01 19:38:46,919 - INFO -   Buscando propriedades CID=57390946...
2026-06-01 19:38:48,309 - INFO -   Buscando sinônimos CID=57390946...
2026-06-01 19:38:48,984 - INFO -   Buscando classificação CID=57390946...
2026-06-01 19:38:50,213 - INFO -   Buscando descrição CID=57390946...
2026-06-01 19:38:50,900 - INFO -   ✓ Sucesso! CID=57390946

2026-06-01 19:38:51,300 - INFO - [52/75] Processando composto...
2026-06-01 19:38:58,205 - INFO - ✓ Encontrado CID=57390946 via formula='C19H27N5O7S'
2026-06-01 19:38:58,205 - INFO -   Buscando propriedades CID=57390946...
2026-06-01 19:38:59,760 - INFO -   Buscando sinônimos CID=57390946...
2026-06-01 19:39:00,555 - INFO -   Buscando classificação CID=57390946...
2026-06-01 19:39:01,894 - INFO -   Buscando descrição CID=57390946...
2026-06-01 19:39:03,115 - INFO -   ✓ Sucesso! CID=57390946

2026-06-01 19:39:03,516 - INFO - [53/75] Processando composto...
2026-06-01 19:39:33,087 - WARNING - HTTP 504 - tentativa 1/3
2026-06-01 19:39:48,797 - INFO - ✓ Encontrado CID=57390946 via formula='C19H27N5O7S'
2026-06-01 19:39:48,797 - INFO -   Buscando propriedades CID=57390946...
2026-06-01 19:40:18,828 - ERROR - Erro na requisição: HTTPSConnectionPool(host='pubchem.ncbi.nlm.nih.gov', port=443): Max retries exceeded with url: /rest/pug/compound/cid/57390946/property/MolecularFormula,MolecularWeight,CanonicalSMILES,IsomericSMILES,InChI,InChIKey,IUPACName,Title,XLogP,ExactMass,MonoisotopicMass,TPSA,Complexity,Charge,HBondDonorCount,HBondAcceptorCount,RotatableBondCount,HeavyAtomCount,Volume3D,Fingerprint2D/JSON (Caused by NewConnectionError("HTTPSConnection(host='pubchem.ncbi.nlm.nih.gov', port=443): Failed to establish a new connection: [Errno 101] Network is unreachable"))
2026-06-01 19:40:19,028 - INFO -   Buscando sinônimos CID=57390946...
2026-06-01 19:40:19,812 - INFO -   Buscando classificação CID=57390946...
2026-06-01 19:40:20,944 - INFO -   Buscando descrição CID=57390946...
2026-06-01 19:40:21,767 - INFO -   ✓ Sucesso! CID=57390946

2026-06-01 19:40:22,167 - INFO - [54/75] Processando composto...
2026-06-01 19:40:24,401 - INFO - ✓ Encontrado CID=57390946 via formula='C19H27N5O7S'
2026-06-01 19:40:24,402 - INFO -   Buscando propriedades CID=57390946...
2026-06-01 19:40:25,827 - INFO -   Buscando sinônimos CID=57390946...
2026-06-01 19:40:26,673 - INFO -   Buscando classificação CID=57390946...
2026-06-01 19:40:27,909 - INFO -   Buscando descrição CID=57390946...
2026-06-01 19:40:28,726 - INFO -   ✓ Sucesso! CID=57390946

2026-06-01 19:40:29,127 - INFO - [55/75] Processando composto...
2026-06-01 19:40:31,702 - INFO - ✓ Encontrado CID=57390946 via formula='C19H27N5O7S'
2026-06-01 19:40:31,702 - INFO -   Buscando propriedades CID=57390946...
2026-06-01 19:40:33,088 - INFO -   Buscando sinônimos CID=57390946...
2026-06-01 19:40:33,888 - INFO -   Buscando classificação CID=57390946...
2026-06-01 19:40:35,074 - INFO -   Buscando descrição CID=57390946...
2026-06-01 19:40:35,901 - INFO -   ✓ Sucesso! CID=57390946

2026-06-01 19:40:36,302 - INFO - [56/75] Processando composto...
2026-06-01 19:40:38,659 - INFO - ✓ Encontrado CID=57390946 via formula='C19H27N5O7S'
2026-06-01 19:40:38,659 - INFO -   Buscando propriedades CID=57390946...
2026-06-01 19:40:40,028 - INFO -   Buscando sinônimos CID=57390946...
2026-06-01 19:40:40,784 - INFO -   Buscando classificação CID=57390946...
2026-06-01 19:40:42,751 - INFO -   Buscando descrição CID=57390946...
2026-06-01 19:40:43,611 - INFO -   ✓ Sucesso! CID=57390946

2026-06-01 19:40:44,012 - INFO - [57/75] Processando composto...
2026-06-01 19:40:46,134 - INFO - ✓ Encontrado CID=57390946 via formula='C19H27N5O7S'
2026-06-01 19:40:46,134 - INFO -   Buscando propriedades CID=57390946...
2026-06-01 19:40:47,634 - INFO -   Buscando sinônimos CID=57390946...
2026-06-01 19:40:48,485 - INFO -   Buscando classificação CID=57390946...
2026-06-01 19:40:49,718 - INFO -   Buscando descrição CID=57390946...
2026-06-01 19:40:50,564 - INFO -   ✓ Sucesso! CID=57390946

2026-06-01 19:40:50,964 - INFO - [58/75] Processando composto...
2026-06-01 19:40:53,097 - INFO - ✓ Encontrado CID=57390946 via formula='C19H27N5O7S'
2026-06-01 19:40:53,097 - INFO -   Buscando propriedades CID=57390946...
2026-06-01 19:40:54,452 - INFO -   Buscando sinônimos CID=57390946...
2026-06-01 19:40:55,759 - INFO -   Buscando classificação CID=57390946...
2026-06-01 19:40:57,189 - INFO -   Buscando descrição CID=57390946...
2026-06-01 19:40:58,013 - INFO -   ✓ Sucesso! CID=57390946

2026-06-01 19:40:58,413 - INFO - [59/75] Processando composto...
2026-06-01 19:41:21,570 - INFO - ✓ Encontrado CID=57390946 via formula='C19H27N5O7S'
2026-06-01 19:41:21,570 - INFO -   Buscando propriedades CID=57390946...
2026-06-01 19:41:23,044 - INFO -   Buscando sinônimos CID=57390946...
2026-06-01 19:41:23,824 - INFO -   Buscando classificação CID=57390946...
2026-06-01 19:41:25,050 - INFO -   Buscando descrição CID=57390946...
2026-06-01 19:41:26,374 - INFO -   ✓ Sucesso! CID=57390946

2026-06-01 19:41:26,774 - INFO - [60/75] Processando composto...
2026-06-01 19:41:41,647 - INFO - ✓ Encontrado CID=57390946 via formula='C19H27N5O7S'
2026-06-01 19:41:41,647 - INFO -   Buscando propriedades CID=57390946...
2026-06-01 19:41:43,131 - INFO -   Buscando sinônimos CID=57390946...
2026-06-01 19:41:44,002 - INFO -   Buscando classificação CID=57390946...
2026-06-01 19:41:46,788 - INFO -   Buscando descrição CID=57390946...
2026-06-01 19:41:47,607 - INFO -   ✓ Sucesso! CID=57390946

2026-06-01 19:41:48,007 - INFO - [61/75] Processando composto...
2026-06-01 19:41:53,361 - INFO - ✓ Encontrado CID=57390946 via formula='C19H27N5O7S'
2026-06-01 19:41:53,361 - INFO -   Buscando propriedades CID=57390946...
2026-06-01 19:41:54,636 - INFO -   Buscando sinônimos CID=57390946...
2026-06-01 19:41:55,453 - INFO -   Buscando classificação CID=57390946...
2026-06-01 19:41:56,683 - INFO -   Buscando descrição CID=57390946...
2026-06-01 19:41:57,552 - INFO -   ✓ Sucesso! CID=57390946

2026-06-01 19:41:57,953 - INFO - [62/75] Processando composto...
2026-06-01 19:42:13,077 - INFO - ✓ Encontrado CID=57390946 via formula='C19H27N5O7S'
2026-06-01 19:42:13,077 - INFO -   Buscando propriedades CID=57390946...
2026-06-01 19:42:14,450 - INFO -   Buscando sinônimos CID=57390946...
2026-06-01 19:42:15,217 - INFO -   Buscando classificação CID=57390946...
2026-06-01 19:42:16,555 - INFO -   Buscando descrição CID=57390946...
2026-06-01 19:42:17,374 - INFO -   ✓ Sucesso! CID=57390946

2026-06-01 19:42:17,774 - INFO - [63/75] Processando composto...
2026-06-01 19:42:47,068 - WARNING - HTTP 504 - tentativa 1/3
2026-06-01 19:43:08,881 - INFO - ✓ Encontrado CID=57390946 via formula='C19H27N5O7S'
2026-06-01 19:43:08,881 - INFO -   Buscando propriedades CID=57390946...
2026-06-01 19:43:10,129 - INFO -   Buscando sinônimos CID=57390946...
2026-06-01 19:43:10,925 - INFO -   Buscando classificação CID=57390946...
2026-06-01 19:43:12,059 - INFO -   Buscando descrição CID=57390946...
2026-06-01 19:43:12,875 - INFO -   ✓ Sucesso! CID=57390946

2026-06-01 19:43:13,275 - INFO - [64/75] Processando composto...
2026-06-01 19:43:15,434 - INFO - ✓ Encontrado CID=57390946 via formula='C19H27N5O7S'
2026-06-01 19:43:15,434 - INFO -   Buscando propriedades CID=57390946...
2026-06-01 19:43:16,997 - INFO -   Buscando sinônimos CID=57390946...
2026-06-01 19:43:17,901 - INFO -   Buscando classificação CID=57390946...
2026-06-01 19:43:19,117 - INFO -   Buscando descrição CID=57390946...
2026-06-01 19:43:19,948 - INFO -   ✓ Sucesso! CID=57390946

2026-06-01 19:43:20,348 - INFO - [65/75] Processando composto...
2026-06-01 19:43:22,506 - INFO - ✓ Encontrado CID=57390946 via formula='C19H27N5O7S'
2026-06-01 19:43:22,507 - INFO -   Buscando propriedades CID=57390946...
2026-06-01 19:43:23,894 - INFO -   Buscando sinônimos CID=57390946...
2026-06-01 19:43:24,749 - INFO -   Buscando classificação CID=57390946...
2026-06-01 19:43:26,593 - INFO -   Buscando descrição CID=57390946...
2026-06-01 19:43:27,404 - INFO -   ✓ Sucesso! CID=57390946

2026-06-01 19:43:27,804 - INFO - [66/75] Processando composto...
2026-06-01 19:43:30,182 - INFO - ✓ Encontrado CID=57390946 via formula='C19H27N5O7S'
2026-06-01 19:43:30,182 - INFO -   Buscando propriedades CID=57390946...
2026-06-01 19:43:31,777 - INFO -   Buscando sinônimos CID=57390946...
2026-06-01 19:43:32,641 - INFO -   Buscando classificação CID=57390946...
2026-06-01 19:43:33,864 - INFO -   Buscando descrição CID=57390946...
2026-06-01 19:43:34,713 - INFO -   ✓ Sucesso! CID=57390946

2026-06-01 19:43:35,113 - INFO - [67/75] Processando composto...
2026-06-01 19:43:38,686 - INFO - ✓ Encontrado CID=57390946 via formula='C19H27N5O7S'
2026-06-01 19:43:38,687 - INFO -   Buscando propriedades CID=57390946...
2026-06-01 19:43:40,423 - INFO -   Buscando sinônimos CID=57390946...
2026-06-01 19:43:41,158 - INFO -   Buscando classificação CID=57390946...
2026-06-01 19:43:42,605 - INFO -   Buscando descrição CID=57390946...
2026-06-01 19:43:43,401 - INFO -   ✓ Sucesso! CID=57390946

2026-06-01 19:43:43,801 - INFO - [68/75] Processando composto...
2026-06-01 19:43:46,771 - INFO - ✓ Encontrado CID=57390946 via formula='C19H27N5O7S'
2026-06-01 19:43:46,771 - INFO -   Buscando propriedades CID=57390946...
2026-06-01 19:43:48,097 - INFO -   Buscando sinônimos CID=57390946...
2026-06-01 19:43:48,919 - INFO -   Buscando classificação CID=57390946...
2026-06-01 19:43:50,248 - INFO -   Buscando descrição CID=57390946...
2026-06-01 19:43:51,008 - INFO -   ✓ Sucesso! CID=57390946

2026-06-01 19:43:51,408 - INFO - [69/75] Processando composto...
2026-06-01 19:43:53,632 - INFO - ✓ Encontrado CID=57390946 via formula='C19H27N5O7S'
2026-06-01 19:43:53,632 - INFO -   Buscando propriedades CID=57390946...
2026-06-01 19:43:55,068 - INFO -   Buscando sinônimos CID=57390946...
2026-06-01 19:43:55,859 - INFO -   Buscando classificação CID=57390946...
2026-06-01 19:43:56,931 - INFO -   Buscando descrição CID=57390946...
2026-06-01 19:43:57,741 - INFO -   ✓ Sucesso! CID=57390946

2026-06-01 19:43:58,141 - INFO - [70/75] Processando composto...
2026-06-01 19:44:00,538 - INFO - ✓ Encontrado CID=57390946 via formula='C19H27N5O7S'
2026-06-01 19:44:00,538 - INFO -   Buscando propriedades CID=57390946...
2026-06-01 19:44:02,950 - INFO -   Buscando sinônimos CID=57390946...
2026-06-01 19:44:03,813 - INFO -   Buscando classificação CID=57390946...
2026-06-01 19:44:04,994 - INFO -   Buscando descrição CID=57390946...
2026-06-01 19:44:06,037 - INFO -   ✓ Sucesso! CID=57390946

2026-06-01 19:44:06,437 - INFO - [71/75] Processando composto...
2026-06-01 19:44:09,198 - INFO - ✓ Encontrado CID=57390946 via formula='C19H27N5O7S'
2026-06-01 19:44:09,198 - INFO -   Buscando propriedades CID=57390946...
2026-06-01 19:44:10,548 - INFO -   Buscando sinônimos CID=57390946...
2026-06-01 19:44:11,343 - INFO -   Buscando classificação CID=57390946...
2026-06-01 19:44:12,573 - INFO -   Buscando descrição CID=57390946...
2026-06-01 19:44:13,395 - INFO -   ✓ Sucesso! CID=57390946

2026-06-01 19:44:13,796 - INFO - [72/75] Processando composto...
2026-06-01 19:44:16,058 - INFO - ✓ Encontrado CID=57390946 via formula='C19H27N5O7S'
2026-06-01 19:44:16,058 - INFO -   Buscando propriedades CID=57390946...
2026-06-01 19:44:17,423 - INFO -   Buscando sinônimos CID=57390946...
2026-06-01 19:44:18,206 - INFO -   Buscando classificação CID=57390946...
2026-06-01 19:44:19,331 - INFO -   Buscando descrição CID=57390946...
2026-06-01 19:44:20,457 - INFO -   ✓ Sucesso! CID=57390946

2026-06-01 19:44:20,857 - INFO - [73/75] Processando composto...
2026-06-01 19:44:23,124 - INFO - ✓ Encontrado CID=71660653 via formula='C27H23N3O5'
2026-06-01 19:44:23,124 - INFO -   Buscando propriedades CID=71660653...
2026-06-01 19:44:24,888 - INFO -   Buscando sinônimos CID=71660653...
2026-06-01 19:44:25,779 - INFO -   Buscando classificação CID=71660653...
2026-06-01 19:44:30,296 - INFO -   Buscando descrição CID=71660653...
2026-06-01 19:44:31,149 - INFO -   ✓ Sucesso! CID=71660653

2026-06-01 19:44:31,550 - INFO - [74/75] Processando composto...
2026-06-01 19:44:33,672 - INFO - ✓ Encontrado CID=69027792 via formula='C22H25N6O4S'
2026-06-01 19:44:33,672 - INFO -   Buscando propriedades CID=69027792...
2026-06-01 19:44:35,203 - INFO -   Buscando sinônimos CID=69027792...
2026-06-01 19:44:36,348 - INFO -   Buscando classificação CID=69027792...
2026-06-01 19:44:38,483 - INFO -   Buscando descrição CID=69027792...
2026-06-01 19:44:39,402 - INFO -   ✓ Sucesso! CID=69027792

2026-06-01 19:44:39,803 - INFO - [75/75] Processando composto...
2026-06-01 19:44:42,580 - INFO - ✓ Encontrado CID=69027792 via formula='C22H25N6O4S'
2026-06-01 19:44:42,580 - INFO -   Buscando propriedades CID=69027792...
2026-06-01 19:44:44,214 - INFO -   Buscando sinônimos CID=69027792...
2026-06-01 19:44:45,052 - INFO -   Buscando classificação CID=69027792...
2026-06-01 19:44:47,500 - INFO -   Buscando descrição CID=69027792...
2026-06-01 19:44:48,311 - INFO -   ✓ Sucesso! CID=69027792

2026-06-01 19:44:48,723 - INFO - 
✓ Resultados salvos em: /app/data/staging/pubchem_raw.parquet
2026-06-01 19:44:48,730 - INFO - ✓ CSV salvo em: /app/data/staging/pubchem_raw.csv
2026-06-01 19:44:48,730 - INFO - 
============================================================
2026-06-01 19:44:48,730 - INFO - ESTATÍSTICAS FINAIS
2026-06-01 19:44:48,730 - INFO - ============================================================
2026-06-01 19:44:48,730 - INFO - Total processado: 75
2026-06-01 19:44:48,730 - INFO - Sucesso: 75 (100.0%)
2026-06-01 19:44:48,730 - INFO - Falhas: 0 (0.0%)
2026-06-01 19:44:48,730 - INFO - 
Métodos de busca utilizados:
2026-06-01 19:44:48,730 - INFO -   - formula: 75
2026-06-01 19:44:48,730 - INFO - ============================================================

