2026-06-01 18:01:20,812 - INFO - 🔍 Verificando conectividade com PubChem API...
2026-06-01 18:01:21,419 - INFO - ✅ Conectividade OK - API PubChem acessível
2026-06-01 18:01:21,420 - INFO - 
2026-06-01 18:01:21,514 - INFO - Carregado 28421 compostos de /app/data/staging/candidates_external_input.csv
2026-06-01 18:01:21,515 - INFO - 
============================================================
2026-06-01 18:01:21,515 - INFO - Iniciando extração de 28421 compostos do PubChem
2026-06-01 18:01:21,515 - INFO - ============================================================

2026-06-01 18:01:21,527 - INFO - [1/28421] Processando composto...
2026-06-01 18:01:23,979 - INFO - ✓ Encontrado CID=129870981 via formula='C7HBrClN3'
2026-06-01 18:01:23,980 - INFO -   Buscando propriedades CID=129870981...
2026-06-01 18:01:25,571 - INFO -   Buscando sinônimos CID=129870981...
2026-06-01 18:01:26,344 - INFO -   Buscando classificação CID=129870981...
2026-06-01 18:01:28,645 - INFO -   Buscando descrição CID=129870981...
2026-06-01 18:01:29,381 - INFO -   ✓ Sucesso! CID=129870981

2026-06-01 18:01:29,782 - INFO - [2/28421] Processando composto...
2026-06-01 18:01:30,249 - INFO - ✓ Encontrado CID=6422 via name='trifluoroacetic acid'
2026-06-01 18:01:30,250 - INFO -   Buscando propriedades CID=6422...
2026-06-01 18:01:31,526 - INFO -   Buscando sinônimos CID=6422...
2026-06-01 18:01:32,433 - INFO -   Buscando classificação CID=6422...
2026-06-01 18:02:01,196 - WARNING - HTTP 504 - tentativa 1/3
2026-06-01 18:02:30,032 - WARNING - HTTP 504 - tentativa 2/3
2026-06-01 18:02:59,010 - WARNING - HTTP 504 - tentativa 3/3
2026-06-01 18:02:59,814 - INFO -   Buscando descrição CID=6422...
2026-06-01 18:03:00,683 - INFO -   ✓ Sucesso! CID=6422

2026-06-01 18:03:01,084 - INFO - [3/28421] Processando composto...
2026-06-01 18:03:01,592 - INFO - ✓ Encontrado CID=6422 via name='Trifluoroacetic acid'
2026-06-01 18:03:01,592 - INFO -   Buscando propriedades CID=6422...
2026-06-01 18:03:03,156 - INFO -   Buscando sinônimos CID=6422...
2026-06-01 18:03:03,834 - INFO -   Buscando classificação CID=6422...
2026-06-01 18:03:32,308 - WARNING - HTTP 504 - tentativa 1/3
2026-06-01 18:04:03,337 - ERROR - Erro ao decodificar JSON da resposta: Expecting property name enclosed in double quotes: line 1576367 column 1 (char 45525587)
2026-06-01 18:04:03,544 - INFO -   Buscando descrição CID=6422...
2026-06-01 18:04:04,374 - INFO -   ✓ Sucesso! CID=6422

2026-06-01 18:04:04,774 - INFO - [4/28421] Processando composto...
2026-06-01 18:04:07,207 - INFO - ✓ Encontrado CID=22392675 via formula='C2H3F3O3'
2026-06-01 18:04:07,207 - INFO -   Buscando propriedades CID=22392675...
2026-06-01 18:04:08,968 - INFO -   Buscando sinônimos CID=22392675...
2026-06-01 18:04:10,454 - INFO -   Buscando classificação CID=22392675...
2026-06-01 18:04:13,732 - INFO -   Buscando descrição CID=22392675...
2026-06-01 18:04:14,584 - INFO -   ✓ Sucesso! CID=22392675

2026-06-01 18:04:14,985 - INFO - [5/28421] Processando composto...
2026-06-01 18:04:15,579 - INFO - ✓ Encontrado CID=18626851 via name='3,4-Diethynylthiophene'
2026-06-01 18:04:15,579 - INFO -   Buscando propriedades CID=18626851...
2026-06-01 18:04:17,197 - INFO -   Buscando sinônimos CID=18626851...
2026-06-01 18:04:18,064 - INFO -   Buscando classificação CID=18626851...
2026-06-01 18:04:20,220 - INFO -   Buscando descrição CID=18626851...
2026-06-01 18:04:21,028 - INFO -   ✓ Sucesso! CID=18626851

2026-06-01 18:04:21,428 - INFO - [6/28421] Processando composto...
2026-06-01 18:04:21,921 - INFO - ✓ Encontrado CID=18626855 via name='2,3-Diethynylthiophene'
2026-06-01 18:04:21,921 - INFO -   Buscando propriedades CID=18626855...
2026-06-01 18:04:23,468 - INFO -   Buscando sinônimos CID=18626855...
2026-06-01 18:04:24,304 - INFO -   Buscando classificação CID=18626855...
2026-06-01 18:04:27,192 - INFO -   Buscando descrição CID=18626855...
2026-06-01 18:04:28,006 - INFO -   ✓ Sucesso! CID=18626855

2026-06-01 18:04:28,407 - INFO - [7/28421] Processando composto...
2026-06-01 18:04:29,035 - INFO - ✓ Encontrado CID=45079182 via name='2,4-Diethynylthiophene'
2026-06-01 18:04:29,036 - INFO -   Buscando propriedades CID=45079182...
2026-06-01 18:04:30,498 - INFO -   Buscando sinônimos CID=45079182...
2026-06-01 18:04:31,282 - INFO -   Buscando classificação CID=45079182...
2026-06-01 18:04:32,394 - INFO -   Buscando descrição CID=45079182...
2026-06-01 18:04:33,322 - INFO -   ✓ Sucesso! CID=45079182

2026-06-01 18:04:33,722 - INFO - [8/28421] Processando composto...
2026-06-01 18:04:37,408 - INFO - ✓ Encontrado CID=11344040 via formula='C8H4S'
2026-06-01 18:04:37,408 - INFO -   Buscando propriedades CID=11344040...
2026-06-01 18:04:38,915 - INFO -   Buscando sinônimos CID=11344040...
2026-06-01 18:04:39,622 - INFO -   Buscando classificação CID=11344040...
2026-06-01 18:04:43,054 - INFO -   Buscando descrição CID=11344040...
2026-06-01 18:04:43,892 - INFO -   ✓ Sucesso! CID=11344040

2026-06-01 18:04:44,293 - INFO - [9/28421] Processando composto...
2026-06-01 18:04:48,308 - INFO - ✓ Encontrado CID=11344040 via formula='C8H4S'
2026-06-01 18:04:48,309 - INFO -   Buscando propriedades CID=11344040...
2026-06-01 18:04:49,917 - INFO -   Buscando sinônimos CID=11344040...
2026-06-01 18:04:50,605 - INFO -   Buscando classificação CID=11344040...
2026-06-01 18:04:51,997 - INFO -   Buscando descrição CID=11344040...
2026-06-01 18:04:52,820 - INFO -   ✓ Sucesso! CID=11344040

2026-06-01 18:04:53,221 - INFO - [10/28421] Processando composto...
2026-06-01 18:04:53,809 - INFO - ✓ Encontrado CID=23338150 via name='Tetrazolo[1,5-a]quinazoline'
2026-06-01 18:04:53,809 - INFO -   Buscando propriedades CID=23338150...
2026-06-01 18:04:55,268 - INFO -   Buscando sinônimos CID=23338150...
2026-06-01 18:04:55,986 - INFO -   Buscando classificação CID=23338150...
2026-06-01 18:04:58,225 - INFO -   Buscando descrição CID=23338150...
2026-06-01 18:04:58,899 - INFO -   ✓ Sucesso! CID=23338150

2026-06-01 18:04:59,300 - INFO - [11/28421] Processando composto...
2026-06-01 18:04:59,936 - INFO - ✓ Encontrado CID=278089 via name='tetrazolo(1,5-c)quinazoline'
2026-06-01 18:04:59,936 - INFO -   Buscando propriedades CID=278089...
2026-06-01 18:05:01,522 - INFO -   Buscando sinônimos CID=278089...
2026-06-01 18:05:02,209 - INFO -   Buscando classificação CID=278089...
2026-06-01 18:05:05,575 - INFO -   Buscando descrição CID=278089...
2026-06-01 18:05:06,584 - INFO -   ✓ Sucesso! CID=278089

2026-06-01 18:05:06,985 - INFO - [12/28421] Processando composto...
2026-06-01 18:05:07,528 - INFO - ✓ Encontrado CID=67083485 via name='imidazopyridopyrimidine'
2026-06-01 18:05:07,528 - INFO -   Buscando propriedades CID=67083485...
2026-06-01 18:05:08,950 - INFO -   Buscando sinônimos CID=67083485...
2026-06-01 18:05:09,785 - INFO -   Buscando classificação CID=67083485...
2026-06-01 18:05:12,685 - INFO -   Buscando descrição CID=67083485...
2026-06-01 18:05:13,408 - INFO -   ✓ Sucesso! CID=67083485

2026-06-01 18:05:13,809 - INFO - [13/28421] Processando composto...
2026-06-01 18:05:15,941 - INFO - ✓ Encontrado CID=24702432 via formula='C8H5N5'
2026-06-01 18:05:15,942 - INFO -   Buscando propriedades CID=24702432...
2026-06-01 18:05:17,559 - INFO -   Buscando sinônimos CID=24702432...
2026-06-01 18:05:18,214 - INFO -   Buscando classificação CID=24702432...
2026-06-01 18:05:20,434 - INFO -   Buscando descrição CID=24702432...
2026-06-01 18:05:21,136 - INFO -   ✓ Sucesso! CID=24702432

2026-06-01 18:05:21,537 - INFO - [14/28421] Processando composto...
2026-06-01 18:05:22,004 - INFO - ✓ Encontrado CID=54133848 via name='3H-Imidazo[4′,5′:4,5]pyrido[2,3-d]pyrimidine'
2026-06-01 18:05:22,005 - INFO -   Buscando propriedades CID=54133848...
2026-06-01 18:05:23,514 - INFO -   Buscando sinônimos CID=54133848...
2026-06-01 18:05:24,313 - INFO -   Buscando classificação CID=54133848...
2026-06-01 18:05:26,156 - INFO -   Buscando descrição CID=54133848...
2026-06-01 18:05:27,220 - INFO -   ✓ Sucesso! CID=54133848

2026-06-01 18:05:27,621 - INFO - [15/28421] Processando composto...
2026-06-01 18:05:29,786 - INFO - ✓ Encontrado CID=24702432 via formula='C8H5N5'
2026-06-01 18:05:29,786 - INFO -   Buscando propriedades CID=24702432...
2026-06-01 18:05:31,279 - INFO -   Buscando sinônimos CID=24702432...
2026-06-01 18:05:31,967 - INFO -   Buscando classificação CID=24702432...
2026-06-01 18:05:33,152 - INFO -   Buscando descrição CID=24702432...
2026-06-01 18:05:33,848 - INFO -   ✓ Sucesso! CID=24702432

2026-06-01 18:05:34,249 - INFO - [16/28421] Processando composto...
2026-06-01 18:05:34,705 - INFO - ✓ Encontrado CID=45121714 via name='2H-[1,2,3]Triazolo[4,5-f]quinoxaline'
2026-06-01 18:05:34,706 - INFO -   Buscando propriedades CID=45121714...
2026-06-01 18:05:37,428 - INFO -   Buscando sinônimos CID=45121714...
2026-06-01 18:05:38,238 - INFO -   Buscando classificação CID=45121714...
2026-06-01 18:05:40,849 - INFO -   Buscando descrição CID=45121714...
2026-06-01 18:05:41,551 - INFO -   ✓ Sucesso! CID=45121714

2026-06-01 18:05:41,951 - INFO - [17/28421] Processando composto...
2026-06-01 18:05:44,753 - INFO - ✓ Encontrado CID=24702432 via formula='C8H5N5'
2026-06-01 18:05:44,753 - INFO -   Buscando propriedades CID=24702432...
2026-06-01 18:05:46,011 - INFO -   Buscando sinônimos CID=24702432...
2026-06-01 18:05:46,739 - INFO -   Buscando classificação CID=24702432...
2026-06-01 18:05:47,763 - INFO -   Buscando descrição CID=24702432...
2026-06-01 18:05:48,522 - INFO -   ✓ Sucesso! CID=24702432

2026-06-01 18:05:48,923 - INFO - [18/28421] Processando composto...
2026-06-01 18:05:51,558 - INFO - ✓ Encontrado CID=24702432 via formula='C8H5N5'
2026-06-01 18:05:51,558 - INFO -   Buscando propriedades CID=24702432...
2026-06-01 18:05:52,835 - INFO -   Buscando sinônimos CID=24702432...
2026-06-01 18:05:53,557 - INFO -   Buscando classificação CID=24702432...
2026-06-01 18:05:54,599 - INFO -   Buscando descrição CID=24702432...
2026-06-01 18:05:55,342 - INFO -   ✓ Sucesso! CID=24702432

2026-06-01 18:05:55,743 - INFO - [19/28421] Processando composto...
2026-06-01 18:05:59,349 - INFO - ✓ Encontrado CID=24702432 via formula='C8H5N5'
2026-06-01 18:05:59,350 - INFO -   Buscando propriedades CID=24702432...
2026-06-01 18:06:00,632 - INFO -   Buscando sinônimos CID=24702432...
2026-06-01 18:06:01,321 - INFO -   Buscando classificação CID=24702432...
2026-06-01 18:06:02,612 - INFO -   Buscando descrição CID=24702432...
2026-06-01 18:06:03,464 - INFO -   ✓ Sucesso! CID=24702432

2026-06-01 18:06:03,865 - INFO - [20/28421] Processando composto...
2026-06-01 18:06:06,507 - INFO - ✓ Encontrado CID=24702432 via formula='C8H5N5'
2026-06-01 18:06:06,507 - INFO -   Buscando propriedades CID=24702432...
2026-06-01 18:06:07,876 - INFO -   Buscando sinônimos CID=24702432...
2026-06-01 18:06:08,854 - INFO -   Buscando classificação CID=24702432...
2026-06-01 18:06:10,738 - INFO -   Buscando descrição CID=24702432...
2026-06-01 18:06:11,536 - INFO -   ✓ Sucesso! CID=24702432

2026-06-01 18:06:11,936 - INFO - [21/28421] Processando composto...
2026-06-01 18:06:14,081 - INFO - ✓ Encontrado CID=24702432 via formula='C8H5N5'
2026-06-01 18:06:14,081 - INFO -   Buscando propriedades CID=24702432...
2026-06-01 18:06:15,894 - INFO -   Buscando sinônimos CID=24702432...
2026-06-01 18:06:16,853 - INFO -   Buscando classificação CID=24702432...
2026-06-01 18:06:18,216 - INFO -   Buscando descrição CID=24702432...
2026-06-01 18:06:19,370 - INFO -   ✓ Sucesso! CID=24702432

2026-06-01 18:06:19,771 - INFO - [22/28421] Processando composto...
2026-06-01 18:06:25,056 - INFO - ✓ Encontrado CID=24702432 via formula='C8H5N5'
2026-06-01 18:06:25,056 - INFO -   Buscando propriedades CID=24702432...
2026-06-01 18:06:26,477 - INFO -   Buscando sinônimos CID=24702432...
2026-06-01 18:06:27,286 - INFO -   Buscando classificação CID=24702432...
2026-06-01 18:06:28,659 - INFO -   Buscando descrição CID=24702432...
2026-06-01 18:06:29,378 - INFO -   ✓ Sucesso! CID=24702432

2026-06-01 18:06:29,779 - INFO - [23/28421] Processando composto...
2026-06-01 18:06:32,045 - INFO - ✓ Encontrado CID=24702432 via formula='C8H5N5'
2026-06-01 18:06:32,046 - INFO -   Buscando propriedades CID=24702432...
2026-06-01 18:06:33,309 - INFO -   Buscando sinônimos CID=24702432...
2026-06-01 18:06:34,218 - INFO -   Buscando classificação CID=24702432...
2026-06-01 18:06:37,178 - INFO -   Buscando descrição CID=24702432...
2026-06-01 18:06:37,860 - INFO -   ✓ Sucesso! CID=24702432

2026-06-01 18:06:38,261 - INFO - [24/28421] Processando composto...
2026-06-01 18:06:40,400 - INFO - ✓ Encontrado CID=24702432 via formula='C8H5N5'
2026-06-01 18:06:40,400 - INFO -   Buscando propriedades CID=24702432...
2026-06-01 18:06:41,630 - INFO -   Buscando sinônimos CID=24702432...
2026-06-01 18:06:42,461 - INFO -   Buscando classificação CID=24702432...
2026-06-01 18:06:44,085 - INFO -   Buscando descrição CID=24702432...
2026-06-01 18:06:44,857 - INFO -   ✓ Sucesso! CID=24702432

2026-06-01 18:06:45,258 - INFO - [25/28421] Processando composto...
2026-06-01 18:06:47,160 - INFO - ✓ Encontrado CID=24702432 via formula='C8H5N5'
2026-06-01 18:06:47,160 - INFO -   Buscando propriedades CID=24702432...
2026-06-01 18:06:48,489 - INFO -   Buscando sinônimos CID=24702432...
2026-06-01 18:06:49,231 - INFO -   Buscando classificação CID=24702432...
2026-06-01 18:06:50,430 - INFO -   Buscando descrição CID=24702432...
2026-06-01 18:06:51,127 - INFO -   ✓ Sucesso! CID=24702432

2026-06-01 18:06:51,527 - INFO - [26/28421] Processando composto...
2026-06-01 18:06:53,508 - INFO - ✓ Encontrado CID=129869158 via name='Pyrazolo[1,5-a]pteridine'
2026-06-01 18:06:53,508 - INFO -   Buscando propriedades CID=129869158...
2026-06-01 18:06:54,985 - INFO -   Buscando sinônimos CID=129869158...
2026-06-01 18:06:55,664 - INFO -   Buscando classificação CID=129869158...
2026-06-01 18:06:56,881 - INFO -   Buscando descrição CID=129869158...
2026-06-01 18:06:57,781 - INFO -   ✓ Sucesso! CID=129869158

2026-06-01 18:06:58,182 - INFO - [27/28421] Processando composto...
2026-06-01 18:07:02,012 - INFO - ✓ Encontrado CID=24702432 via formula='C8H5N5'
2026-06-01 18:07:02,012 - INFO -   Buscando propriedades CID=24702432...
2026-06-01 18:07:03,374 - INFO -   Buscando sinônimos CID=24702432...
2026-06-01 18:07:04,241 - INFO -   Buscando classificação CID=24702432...
2026-06-01 18:07:05,593 - INFO -   Buscando descrição CID=24702432...
2026-06-01 18:07:06,415 - INFO -   ✓ Sucesso! CID=24702432

2026-06-01 18:07:06,816 - INFO - [28/28421] Processando composto...
2026-06-01 18:07:10,055 - INFO - ✓ Encontrado CID=24702432 via formula='C8H5N5'
2026-06-01 18:07:10,055 - INFO -   Buscando propriedades CID=24702432...
2026-06-01 18:07:11,465 - INFO -   Buscando sinônimos CID=24702432...
2026-06-01 18:07:12,293 - INFO -   Buscando classificação CID=24702432...
2026-06-01 18:07:13,447 - INFO -   Buscando descrição CID=24702432...
2026-06-01 18:07:14,305 - INFO -   ✓ Sucesso! CID=24702432

2026-06-01 18:07:14,706 - INFO - [29/28421] Processando composto...
2026-06-01 18:07:15,179 - INFO - ✓ Encontrado CID=132278167 via name='Pyrazolo[3,4-d]pyrimido[1,2-a]pyrimidine'
2026-06-01 18:07:15,180 - INFO -   Buscando propriedades CID=132278167...
2026-06-01 18:07:16,496 - INFO -   Buscando sinônimos CID=132278167...
2026-06-01 18:07:17,369 - INFO -   Buscando classificação CID=132278167...
2026-06-01 18:07:19,011 - INFO -   Buscando descrição CID=132278167...
2026-06-01 18:07:19,779 - INFO -   ✓ Sucesso! CID=132278167

2026-06-01 18:07:20,180 - INFO - [30/28421] Processando composto...
2026-06-01 18:07:20,804 - INFO - ✓ Encontrado CID=101499485 via name='Tetrazolo[5,1-b]quinazoline'
2026-06-01 18:07:20,804 - INFO -   Buscando propriedades CID=101499485...
2026-06-01 18:07:23,057 - INFO -   Buscando sinônimos CID=101499485...
2026-06-01 18:07:23,917 - INFO -   Buscando classificação CID=101499485...
2026-06-01 18:07:27,939 - INFO -   Buscando descrição CID=101499485...
2026-06-01 18:07:28,695 - INFO -   ✓ Sucesso! CID=101499485

2026-06-01 18:07:29,096 - INFO - [31/28421] Processando composto...
2026-06-01 18:07:32,820 - INFO - ✓ Encontrado CID=24702432 via formula='C8H5N5'
2026-06-01 18:07:32,820 - INFO -   Buscando propriedades CID=24702432...
2026-06-01 18:07:34,138 - INFO -   Buscando sinônimos CID=24702432...
2026-06-01 18:07:34,812 - INFO -   Buscando classificação CID=24702432...
2026-06-01 18:07:36,004 - INFO -   Buscando descrição CID=24702432...
2026-06-01 18:07:36,699 - INFO -   ✓ Sucesso! CID=24702432

2026-06-01 18:07:37,100 - INFO - [32/28421] Processando composto...
2026-06-01 18:07:37,745 - INFO - ✓ Encontrado CID=118050076 via name='Pyrido[2′,3′:3,4]pyrazolo[5,1-c][1,2,4]triazine'
2026-06-01 18:07:37,745 - INFO -   Buscando propriedades CID=118050076...
2026-06-01 18:07:39,347 - INFO -   Buscando sinônimos CID=118050076...
2026-06-01 18:07:40,021 - INFO -   Buscando classificação CID=118050076...
2026-06-01 18:07:41,969 - INFO -   Buscando descrição CID=118050076...
2026-06-01 18:07:43,172 - INFO -   ✓ Sucesso! CID=118050076

2026-06-01 18:07:43,574 - INFO - [33/28421] Processando composto...
2026-06-01 18:07:44,199 - INFO - ✓ Encontrado CID=129781791 via name='Pyrido[3′,2′:4,5]imidazo[1,2-d][1,2,4]triazine'
2026-06-01 18:07:44,199 - INFO -   Buscando propriedades CID=129781791...
2026-06-01 18:07:46,030 - INFO -   Buscando sinônimos CID=129781791...
2026-06-01 18:07:46,872 - INFO -   Buscando classificação CID=129781791...
2026-06-01 18:07:48,124 - INFO -   Buscando descrição CID=129781791...
2026-06-01 18:07:48,820 - INFO -   ✓ Sucesso! CID=129781791

2026-06-01 18:07:49,221 - INFO - [34/28421] Processando composto...
2026-06-01 18:07:52,085 - INFO - ✓ Encontrado CID=24702432 via formula='C8H5N5'
2026-06-01 18:07:52,085 - INFO -   Buscando propriedades CID=24702432...
2026-06-01 18:07:53,422 - INFO -   Buscando sinônimos CID=24702432...
2026-06-01 18:07:54,230 - INFO -   Buscando classificação CID=24702432...
2026-06-01 18:07:55,568 - INFO -   Buscando descrição CID=24702432...
2026-06-01 18:07:56,329 - INFO -   ✓ Sucesso! CID=24702432

2026-06-01 18:07:56,730 - INFO - [35/28421] Processando composto...
2026-06-01 18:07:57,312 - INFO - ✓ Encontrado CID=137192610 via name='1H-Pyrrolo[2′,3′:5,6]pyrazino[2,3-d]pyridazine'
2026-06-01 18:07:57,312 - INFO -   Buscando propriedades CID=137192610...
2026-06-01 18:07:58,921 - INFO -   Buscando sinônimos CID=137192610...
2026-06-01 18:07:59,647 - INFO -   Buscando classificação CID=137192610...
2026-06-01 18:08:00,545 - INFO -   Buscando descrição CID=137192610...
2026-06-01 18:08:01,334 - INFO -   ✓ Sucesso! CID=137192610

2026-06-01 18:08:01,735 - INFO - [36/28421] Processando composto...
2026-06-01 18:08:02,321 - INFO - ✓ Encontrado CID=10103592 via name='Tetrazolo[1,5-a]quinoxaline'
2026-06-01 18:08:02,321 - INFO -   Buscando propriedades CID=10103592...
2026-06-01 18:08:03,905 - INFO -   Buscando sinônimos CID=10103592...
2026-06-01 18:08:04,687 - INFO -   Buscando classificação CID=10103592...
2026-06-01 18:08:06,614 - INFO -   Buscando descrição CID=10103592...
2026-06-01 18:08:07,444 - INFO -   ✓ Sucesso! CID=10103592

2026-06-01 18:08:07,845 - INFO - [37/28421] Processando composto...
2026-06-01 18:08:10,309 - INFO - ✓ Encontrado CID=24702432 via formula='C8H5N5'
2026-06-01 18:08:10,310 - INFO -   Buscando propriedades CID=24702432...
2026-06-01 18:08:11,661 - INFO -   Buscando sinônimos CID=24702432...
2026-06-01 18:08:12,453 - INFO -   Buscando classificação CID=24702432...
2026-06-01 18:08:13,795 - INFO -   Buscando descrição CID=24702432...
2026-06-01 18:08:14,540 - INFO -   ✓ Sucesso! CID=24702432

2026-06-01 18:08:14,940 - INFO - [38/28421] Processando composto...
2026-06-01 18:08:15,415 - INFO - ✓ Encontrado CID=16115665 via name='Hyrtinadine A'
2026-06-01 18:08:15,415 - INFO -   Buscando propriedades CID=16115665...
2026-06-01 18:08:17,525 - INFO -   Buscando sinônimos CID=16115665...
2026-06-01 18:08:18,319 - INFO -   Buscando classificação CID=16115665...
2026-06-01 18:08:22,294 - INFO -   Buscando descrição CID=16115665...
2026-06-01 18:08:22,983 - INFO -   ✓ Sucesso! CID=16115665

2026-06-01 18:08:23,384 - INFO - [39/28421] Processando composto...
2026-06-01 18:08:24,033 - INFO - ✓ Encontrado CID=129642517 via name='bilinic acid'
2026-06-01 18:08:24,033 - INFO -   Buscando propriedades CID=129642517...
2026-06-01 18:08:25,679 - INFO -   Buscando sinônimos CID=129642517...
2026-06-01 18:08:26,480 - INFO -   Buscando classificação CID=129642517...
2026-06-01 18:08:28,020 - INFO -   Buscando descrição CID=129642517...
2026-06-01 18:08:28,903 - INFO -   ✓ Sucesso! CID=129642517

2026-06-01 18:08:29,304 - INFO - [40/28421] Processando composto...
2026-06-01 18:08:50,149 - INFO - ✓ Encontrado CID=631170 via formula='C19H18O6'
2026-06-01 18:08:50,149 - INFO -   Buscando propriedades CID=631170...
2026-06-01 18:08:51,500 - INFO -   Buscando sinônimos CID=631170...
2026-06-01 18:08:52,162 - INFO -   Buscando classificação CID=631170...
2026-06-01 18:08:54,583 - INFO -   Buscando descrição CID=631170...
2026-06-01 18:08:55,299 - INFO -   ✓ Sucesso! CID=631170

2026-06-01 18:08:55,700 - INFO - [41/28421] Processando composto...
2026-06-01 18:08:57,824 - INFO - ✓ Encontrado CID=631170 via formula='C19H18O6'
2026-06-01 18:08:57,824 - INFO -   Buscando propriedades CID=631170...
2026-06-01 18:08:59,103 - INFO -   Buscando sinônimos CID=631170...
2026-06-01 18:08:59,866 - INFO -   Buscando classificação CID=631170...
2026-06-01 18:09:02,278 - INFO -   Buscando descrição CID=631170...
2026-06-01 18:09:02,994 - INFO -   ✓ Sucesso! CID=631170

2026-06-01 18:09:03,395 - INFO - [42/28421] Processando composto...
2026-06-01 18:09:03,978 - INFO - ✓ Encontrado CID=44558962 via name='clauslactone F'
2026-06-01 18:09:03,978 - INFO -   Buscando propriedades CID=44558962...
2026-06-01 18:09:05,614 - INFO -   Buscando sinônimos CID=44558962...
2026-06-01 18:09:06,313 - INFO -   Buscando classificação CID=44558962...
2026-06-01 18:09:08,579 - INFO -   Buscando descrição CID=44558962...
2026-06-01 18:09:09,411 - INFO -   ✓ Sucesso! CID=44558962

2026-06-01 18:09:09,811 - INFO - [43/28421] Processando composto...
2026-06-01 18:09:11,808 - INFO - ✓ Encontrado CID=631170 via formula='C19H18O6'
2026-06-01 18:09:11,808 - INFO -   Buscando propriedades CID=631170...
2026-06-01 18:09:13,344 - INFO -   Buscando sinônimos CID=631170...
2026-06-01 18:09:14,260 - INFO -   Buscando classificação CID=631170...
2026-06-01 18:09:16,081 - INFO -   Buscando descrição CID=631170...
2026-06-01 18:09:16,826 - INFO -   ✓ Sucesso! CID=631170

2026-06-01 18:09:17,227 - INFO - [44/28421] Processando composto...
2026-06-01 18:09:17,765 - INFO - ✓ Encontrado CID=122876 via name='5,6,7,8-Tetramethoxyflavone'
2026-06-01 18:09:17,766 - INFO -   Buscando propriedades CID=122876...
2026-06-01 18:09:19,326 - INFO -   Buscando sinônimos CID=122876...
2026-06-01 18:09:20,141 - INFO -   Buscando classificação CID=122876...
2026-06-01 18:09:22,614 - INFO -   Buscando descrição CID=122876...
2026-06-01 18:09:23,417 - INFO -   ✓ Sucesso! CID=122876

2026-06-01 18:09:23,818 - INFO - [45/28421] Processando composto...
2026-06-01 18:09:37,991 - INFO - ✓ Encontrado CID=631170 via formula='C19H18O6'
2026-06-01 18:09:37,991 - INFO -   Buscando propriedades CID=631170...
2026-06-01 18:09:39,311 - INFO -   Buscando sinônimos CID=631170...
2026-06-01 18:09:39,954 - INFO -   Buscando classificação CID=631170...
2026-06-01 18:09:41,731 - INFO -   Buscando descrição CID=631170...
2026-06-01 18:09:42,410 - INFO -   ✓ Sucesso! CID=631170

2026-06-01 18:09:42,811 - INFO - [46/28421] Processando composto...
2026-06-01 18:09:47,490 - INFO - ✓ Encontrado CID=631170 via formula='C19H18O6'
2026-06-01 18:09:47,490 - INFO -   Buscando propriedades CID=631170...
2026-06-01 18:09:48,825 - INFO -   Buscando sinônimos CID=631170...
2026-06-01 18:09:49,635 - INFO -   Buscando classificação CID=631170...
2026-06-01 18:09:51,597 - INFO -   Buscando descrição CID=631170...
2026-06-01 18:09:52,513 - INFO -   ✓ Sucesso! CID=631170

2026-06-01 18:09:52,915 - INFO - [47/28421] Processando composto...
2026-06-01 18:09:55,333 - INFO - ✓ Encontrado CID=631170 via formula='C19H18O6'
2026-06-01 18:09:55,334 - INFO -   Buscando propriedades CID=631170...
2026-06-01 18:09:56,598 - INFO -   Buscando sinônimos CID=631170...
2026-06-01 18:09:57,420 - INFO -   Buscando classificação CID=631170...
2026-06-01 18:09:59,572 - INFO -   Buscando descrição CID=631170...
2026-06-01 18:10:00,294 - INFO -   ✓ Sucesso! CID=631170

2026-06-01 18:10:00,695 - INFO - [48/28421] Processando composto...
2026-06-01 18:10:01,326 - INFO - ✓ Encontrado CID=248269 via name='5,6,7,4′-Tetramethoxyisoflavone'
2026-06-01 18:10:01,326 - INFO -   Buscando propriedades CID=248269...
2026-06-01 18:10:02,603 - INFO -   Buscando sinônimos CID=248269...
2026-06-01 18:10:03,478 - INFO -   Buscando classificação CID=248269...
2026-06-01 18:10:08,389 - INFO -   Buscando descrição CID=248269...
2026-06-01 18:10:09,116 - INFO -   ✓ Sucesso! CID=248269

2026-06-01 18:10:09,517 - INFO - [49/28421] Processando composto...
2026-06-01 18:10:12,414 - INFO - ✓ Encontrado CID=631170 via formula='C19H18O6'
2026-06-01 18:10:12,414 - INFO -   Buscando propriedades CID=631170...
2026-06-01 18:10:13,757 - INFO -   Buscando sinônimos CID=631170...
2026-06-01 18:10:14,437 - INFO -   Buscando classificação CID=631170...
2026-06-01 18:10:18,331 - INFO -   Buscando descrição CID=631170...
2026-06-01 18:10:19,035 - INFO -   ✓ Sucesso! CID=631170

2026-06-01 18:10:19,437 - INFO - [50/28421] Processando composto...
2026-06-01 18:10:20,023 - INFO - ✓ Encontrado CID=44179016 via name='SCUTEFLORIN A'
2026-06-01 18:10:20,023 - INFO -   Buscando propriedades CID=44179016...
2026-06-01 18:10:21,550 - INFO -   Buscando sinônimos CID=44179016...
2026-06-01 18:10:22,354 - INFO -   Buscando classificação CID=44179016...
2026-06-01 18:10:24,974 - INFO -   Buscando descrição CID=44179016...
2026-06-01 18:10:25,901 - INFO -   ✓ Sucesso! CID=44179016

2026-06-01 18:10:26,302 - INFO - [51/28421] Processando composto...
2026-06-01 18:10:26,911 - INFO - ✓ Encontrado CID=44257503 via name='3,8,9,10-Tetramethoxy-6H-[1]benzofuro[3,2-c]chromene'
2026-06-01 18:10:26,912 - INFO -   Buscando propriedades CID=44257503...
2026-06-01 18:10:28,457 - INFO -   Buscando sinônimos CID=44257503...
2026-06-01 18:10:29,280 - INFO -   Buscando classificação CID=44257503...
2026-06-01 18:10:30,595 - INFO -   Buscando descrição CID=44257503...
2026-06-01 18:10:31,436 - INFO -   ✓ Sucesso! CID=44257503

2026-06-01 18:10:31,836 - INFO - [52/28421] Processando composto...
2026-06-01 18:10:32,298 - INFO - ✓ Encontrado CID=44257600 via name='cerrosillin'
2026-06-01 18:10:32,298 - INFO -   Buscando propriedades CID=44257600...
2026-06-01 18:10:33,993 - INFO -   Buscando sinônimos CID=44257600...
2026-06-01 18:10:34,700 - INFO -   Buscando classificação CID=44257600...
2026-06-01 18:10:36,750 - INFO -   Buscando descrição CID=44257600...
2026-06-01 18:10:37,558 - INFO -   ✓ Sucesso! CID=44257600

2026-06-01 18:10:37,959 - INFO - [53/28421] Processando composto...
2026-06-01 18:10:43,402 - INFO - ✓ Encontrado CID=631170 via formula='C19H18O6'
2026-06-01 18:10:43,402 - INFO -   Buscando propriedades CID=631170...
2026-06-01 18:10:44,841 - INFO -   Buscando sinônimos CID=631170...
2026-06-01 18:10:45,649 - INFO -   Buscando classificação CID=631170...
2026-06-01 18:10:47,775 - INFO -   Buscando descrição CID=631170...
2026-06-01 18:10:48,504 - INFO -   ✓ Sucesso! CID=631170

2026-06-01 18:10:48,906 - INFO - [54/28421] Processando composto...
2026-06-01 18:10:53,739 - INFO - ✓ Encontrado CID=631170 via formula='C19H18O6'
2026-06-01 18:10:53,739 - INFO -   Buscando propriedades CID=631170...
2026-06-01 18:10:55,078 - INFO -   Buscando sinônimos CID=631170...
2026-06-01 18:10:55,797 - INFO -   Buscando classificação CID=631170...
2026-06-01 18:10:58,057 - INFO -   Buscando descrição CID=631170...
2026-06-01 18:10:59,166 - INFO -   ✓ Sucesso! CID=631170

2026-06-01 18:10:59,567 - INFO - [55/28421] Processando composto...
2026-06-01 18:11:02,448 - INFO - ✓ Encontrado CID=631170 via formula='C19H18O6'
2026-06-01 18:11:02,449 - INFO -   Buscando propriedades CID=631170...
2026-06-01 18:11:03,693 - INFO -   Buscando sinônimos CID=631170...
2026-06-01 18:11:04,518 - INFO -   Buscando classificação CID=631170...
2026-06-01 18:11:06,450 - INFO -   Buscando descrição CID=631170...
2026-06-01 18:11:07,457 - INFO -   ✓ Sucesso! CID=631170

2026-06-01 18:11:07,858 - INFO - [56/28421] Processando composto...
2026-06-01 18:11:10,518 - INFO - ✓ Encontrado CID=631170 via formula='C19H18O6'
2026-06-01 18:11:10,518 - INFO -   Buscando propriedades CID=631170...
2026-06-01 18:11:11,899 - INFO -   Buscando sinônimos CID=631170...
2026-06-01 18:11:12,783 - INFO -   Buscando classificação CID=631170...
2026-06-01 18:11:15,103 - INFO -   Buscando descrição CID=631170...
2026-06-01 18:11:15,827 - INFO -   ✓ Sucesso! CID=631170

2026-06-01 18:11:16,228 - INFO - [57/28421] Processando composto...
2026-06-01 18:11:19,447 - INFO - ✓ Encontrado CID=631170 via formula='C19H18O6'
2026-06-01 18:11:19,447 - INFO -   Buscando propriedades CID=631170...
2026-06-01 18:11:20,778 - INFO -   Buscando sinônimos CID=631170...
2026-06-01 18:11:21,471 - INFO -   Buscando classificação CID=631170...
2026-06-01 18:11:22,369 - WARNING - HTTP 500 - tentativa 1/3
2026-06-01 18:11:24,705 - INFO -   Buscando descrição CID=631170...
2026-06-01 18:11:25,581 - INFO -   ✓ Sucesso! CID=631170

2026-06-01 18:11:25,982 - INFO - [58/28421] Processando composto...
2026-06-01 18:11:42,998 - INFO - ✓ Encontrado CID=631170 via formula='C19H18O6'
2026-06-01 18:11:42,999 - INFO -   Buscando propriedades CID=631170...
2026-06-01 18:11:44,350 - INFO -   Buscando sinônimos CID=631170...
2026-06-01 18:11:45,142 - INFO -   Buscando classificação CID=631170...
2026-06-01 18:11:47,237 - INFO -   Buscando descrição CID=631170...
2026-06-01 18:11:48,016 - INFO -   ✓ Sucesso! CID=631170

2026-06-01 18:11:48,417 - INFO - [59/28421] Processando composto...
2026-06-01 18:11:48,874 - INFO - ✓ Encontrado CID=46917407 via name='(+)-sesamin monocatechol'
2026-06-01 18:11:48,874 - INFO -   Buscando propriedades CID=46917407...
2026-06-01 18:11:50,476 - INFO -   Buscando sinônimos CID=46917407...
2026-06-01 18:11:51,184 - INFO -   Buscando classificação CID=46917407...
2026-06-01 18:11:55,287 - INFO -   Buscando descrição CID=46917407...
2026-06-01 18:11:56,077 - INFO -   ✓ Sucesso! CID=46917407

2026-06-01 18:11:56,478 - INFO - [60/28421] Processando composto...
2026-06-01 18:11:58,665 - INFO - ✓ Encontrado CID=631170 via formula='C19H18O6'
2026-06-01 18:11:58,665 - INFO -   Buscando propriedades CID=631170...
2026-06-01 18:12:00,123 - INFO -   Buscando sinônimos CID=631170...
2026-06-01 18:12:00,912 - INFO -   Buscando classificação CID=631170...
2026-06-01 18:12:02,873 - INFO -   Buscando descrição CID=631170...
2026-06-01 18:12:03,686 - INFO -   ✓ Sucesso! CID=631170

2026-06-01 18:12:04,087 - INFO - [61/28421] Processando composto...
2026-06-01 18:12:06,270 - INFO - ✓ Encontrado CID=631170 via formula='C19H18O6'
2026-06-01 18:12:06,270 - INFO -   Buscando propriedades CID=631170...
2026-06-01 18:12:07,587 - INFO -   Buscando sinônimos CID=631170...
2026-06-01 18:12:08,403 - INFO -   Buscando classificação CID=631170...
2026-06-01 18:12:10,835 - INFO -   Buscando descrição CID=631170...
2026-06-01 18:12:11,872 - INFO -   ✓ Sucesso! CID=631170

2026-06-01 18:12:12,273 - INFO - [62/28421] Processando composto...
2026-06-01 18:12:14,845 - INFO - ✓ Encontrado CID=631170 via formula='C19H18O6'
2026-06-01 18:12:14,845 - INFO -   Buscando propriedades CID=631170...
2026-06-01 18:12:16,208 - INFO -   Buscando sinônimos CID=631170...
2026-06-01 18:12:16,899 - INFO -   Buscando classificação CID=631170...
2026-06-01 18:12:18,852 - INFO -   Buscando descrição CID=631170...
2026-06-01 18:12:19,663 - INFO -   ✓ Sucesso! CID=631170

2026-06-01 18:12:20,064 - INFO - [63/28421] Processando composto...
2026-06-01 18:12:22,628 - INFO - ✓ Encontrado CID=631170 via formula='C19H18O6'
2026-06-01 18:12:22,628 - INFO -   Buscando propriedades CID=631170...
2026-06-01 18:12:24,319 - INFO -   Buscando sinônimos CID=631170...
2026-06-01 18:12:25,181 - INFO -   Buscando classificação CID=631170...
2026-06-01 18:12:28,781 - INFO -   Buscando descrição CID=631170...
2026-06-01 18:12:29,598 - INFO -   ✓ Sucesso! CID=631170

2026-06-01 18:12:29,999 - INFO - [64/28421] Processando composto...
2026-06-01 18:12:32,151 - INFO - ✓ Encontrado CID=631170 via formula='C19H18O6'
2026-06-01 18:12:32,151 - INFO -   Buscando propriedades CID=631170...
2026-06-01 18:12:33,535 - INFO -   Buscando sinônimos CID=631170...
2026-06-01 18:12:34,299 - INFO -   Buscando classificação CID=631170...
2026-06-01 18:12:36,569 - INFO -   Buscando descrição CID=631170...
2026-06-01 18:12:37,323 - INFO -   ✓ Sucesso! CID=631170

2026-06-01 18:12:37,724 - INFO - [65/28421] Processando composto...
2026-06-01 18:12:40,642 - INFO - ✓ Encontrado CID=631170 via formula='C19H18O6'
2026-06-01 18:12:40,643 - INFO -   Buscando propriedades CID=631170...
2026-06-01 18:12:42,018 - INFO -   Buscando sinônimos CID=631170...
2026-06-01 18:12:42,814 - INFO -   Buscando classificação CID=631170...
2026-06-01 18:12:45,672 - INFO -   Buscando descrição CID=631170...
2026-06-01 18:12:46,355 - INFO -   ✓ Sucesso! CID=631170

2026-06-01 18:12:46,755 - INFO - [66/28421] Processando composto...
2026-06-01 18:12:50,077 - INFO - ✓ Encontrado CID=631170 via formula='C19H18O6'
2026-06-01 18:12:50,078 - INFO -   Buscando propriedades CID=631170...
2026-06-01 18:12:51,433 - INFO -   Buscando sinônimos CID=631170...
2026-06-01 18:12:52,216 - INFO -   Buscando classificação CID=631170...
2026-06-01 18:12:54,317 - INFO -   Buscando descrição CID=631170...
2026-06-01 18:12:55,038 - INFO -   ✓ Sucesso! CID=631170

2026-06-01 18:12:55,439 - INFO - [67/28421] Processando composto...
2026-06-01 18:13:00,133 - INFO - ✓ Encontrado CID=631170 via formula='C19H18O6'
2026-06-01 18:13:00,133 - INFO -   Buscando propriedades CID=631170...
2026-06-01 18:13:01,509 - INFO -   Buscando sinônimos CID=631170...
2026-06-01 18:13:02,193 - INFO -   Buscando classificação CID=631170...
2026-06-01 18:13:04,522 - INFO -   Buscando descrição CID=631170...
2026-06-01 18:13:05,271 - INFO -   ✓ Sucesso! CID=631170

2026-06-01 18:13:05,672 - INFO - [68/28421] Processando composto...
2026-06-01 18:13:09,747 - INFO - ✓ Encontrado CID=631170 via formula='C19H18O6'
2026-06-01 18:13:09,747 - INFO -   Buscando propriedades CID=631170...
2026-06-01 18:13:11,150 - INFO -   Buscando sinônimos CID=631170...
2026-06-01 18:13:11,978 - INFO -   Buscando classificação CID=631170...
2026-06-01 18:13:14,210 - INFO -   Buscando descrição CID=631170...
2026-06-01 18:13:15,058 - INFO -   ✓ Sucesso! CID=631170

2026-06-01 18:13:15,459 - INFO - [69/28421] Processando composto...
2026-06-01 18:13:17,586 - INFO - ✓ Encontrado CID=631170 via formula='C19H18O6'
2026-06-01 18:13:17,586 - INFO -   Buscando propriedades CID=631170...
2026-06-01 18:13:18,908 - INFO -   Buscando sinônimos CID=631170...
2026-06-01 18:13:19,564 - INFO -   Buscando classificação CID=631170...
2026-06-01 18:13:21,518 - INFO -   Buscando descrição CID=631170...
2026-06-01 18:13:22,395 - INFO -   ✓ Sucesso! CID=631170

2026-06-01 18:13:22,796 - INFO - [70/28421] Processando composto...
2026-06-01 18:13:23,434 - INFO - ✓ Encontrado CID=44179016 via name='SCUTEFLORIN A'
2026-06-01 18:13:23,434 - INFO -   Buscando propriedades CID=44179016...
2026-06-01 18:13:24,884 - INFO -   Buscando sinônimos CID=44179016...
2026-06-01 18:13:25,711 - INFO -   Buscando classificação CID=44179016...
2026-06-01 18:13:27,144 - INFO -   Buscando descrição CID=44179016...
2026-06-01 18:13:27,970 - INFO -   ✓ Sucesso! CID=44179016

2026-06-01 18:13:28,371 - INFO - [71/28421] Processando composto...
2026-06-01 18:13:30,513 - INFO - ✓ Encontrado CID=631170 via formula='C19H18O6'
2026-06-01 18:13:30,513 - INFO -   Buscando propriedades CID=631170...
2026-06-01 18:13:31,953 - INFO -   Buscando sinônimos CID=631170...
2026-06-01 18:13:32,801 - INFO -   Buscando classificação CID=631170...
2026-06-01 18:13:34,612 - INFO -   Buscando descrição CID=631170...
2026-06-01 18:13:35,569 - INFO -   ✓ Sucesso! CID=631170

2026-06-01 18:13:35,970 - INFO - [72/28421] Processando composto...
2026-06-01 18:13:38,507 - INFO - ✓ Encontrado CID=631170 via formula='C19H18O6'
2026-06-01 18:13:38,507 - INFO -   Buscando propriedades CID=631170...
2026-06-01 18:13:40,046 - INFO -   Buscando sinônimos CID=631170...
2026-06-01 18:13:40,756 - INFO -   Buscando classificação CID=631170...
2026-06-01 18:13:42,876 - INFO -   Buscando descrição CID=631170...
2026-06-01 18:13:43,734 - INFO -   ✓ Sucesso! CID=631170

2026-06-01 18:13:44,135 - INFO - [73/28421] Processando composto...
2026-06-01 18:13:44,863 - INFO - ✓ Encontrado CID=14162674 via name='1,5,8-Trihydroxy-3-methoxy-2-prenylxanthone'
2026-06-01 18:13:44,863 - INFO -   Buscando propriedades CID=14162674...
2026-06-01 18:13:46,796 - INFO -   Buscando sinônimos CID=14162674...
2026-06-01 18:13:47,620 - INFO -   Buscando classificação CID=14162674...
2026-06-01 18:13:51,120 - INFO -   Buscando descrição CID=14162674...
2026-06-01 18:13:52,119 - INFO -   ✓ Sucesso! CID=14162674

2026-06-01 18:13:52,520 - INFO - [74/28421] Processando composto...
2026-06-01 18:13:53,150 - INFO - ✓ Encontrado CID=71307362 via name='1,4,6-Trihydroxy-5-methoxy-7-prenylxanthone'
2026-06-01 18:13:53,150 - INFO -   Buscando propriedades CID=71307362...
2026-06-01 18:13:54,708 - INFO -   Buscando sinônimos CID=71307362...
2026-06-01 18:13:55,541 - INFO -   Buscando classificação CID=71307362...
2026-06-01 18:13:59,854 - INFO -   Buscando descrição CID=71307362...
2026-06-01 18:14:00,629 - INFO -   ✓ Sucesso! CID=71307362

2026-06-01 18:14:01,030 - INFO - [75/28421] Processando composto...
2026-06-01 18:14:03,392 - INFO - ✓ Encontrado CID=631170 via formula='C19H18O6'
2026-06-01 18:14:03,392 - INFO -   Buscando propriedades CID=631170...
2026-06-01 18:14:04,639 - INFO -   Buscando sinônimos CID=631170...
2026-06-01 18:14:05,444 - INFO -   Buscando classificação CID=631170...
2026-06-01 18:14:07,841 - INFO -   Buscando descrição CID=631170...
2026-06-01 18:14:08,531 - INFO -   ✓ Sucesso! CID=631170

2026-06-01 18:14:08,932 - INFO - [76/28421] Processando composto...
2026-06-01 18:14:11,687 - INFO - ✓ Encontrado CID=631170 via formula='C19H18O6'
2026-06-01 18:14:11,687 - INFO -   Buscando propriedades CID=631170...
2026-06-01 18:14:13,069 - INFO -   Buscando sinônimos CID=631170...
2026-06-01 18:14:13,929 - INFO -   Buscando classificação CID=631170...
2026-06-01 18:14:16,457 - INFO -   Buscando descrição CID=631170...
2026-06-01 18:14:17,213 - INFO -   ✓ Sucesso! CID=631170

2026-06-01 18:14:17,614 - INFO - [77/28421] Processando composto...
2026-06-01 18:14:21,692 - INFO - ✓ Encontrado CID=631170 via formula='C19H18O6'
2026-06-01 18:14:21,693 - INFO -   Buscando propriedades CID=631170...
2026-06-01 18:14:22,962 - INFO -   Buscando sinônimos CID=631170...
2026-06-01 18:14:23,764 - INFO -   Buscando classificação CID=631170...
2026-06-01 18:14:26,370 - INFO -   Buscando descrição CID=631170...
2026-06-01 18:14:27,143 - INFO -   ✓ Sucesso! CID=631170

2026-06-01 18:14:27,544 - INFO - [78/28421] Processando composto...
2026-06-01 18:14:30,543 - INFO - ✓ Encontrado CID=631170 via formula='C19H18O6'
2026-06-01 18:14:30,543 - INFO -   Buscando propriedades CID=631170...
2026-06-01 18:14:31,971 - INFO -   Buscando sinônimos CID=631170...
2026-06-01 18:14:32,780 - INFO -   Buscando classificação CID=631170...
2026-06-01 18:14:34,685 - INFO -   Buscando descrição CID=631170...
2026-06-01 18:14:35,390 - INFO -   ✓ Sucesso! CID=631170

2026-06-01 18:14:35,790 - INFO - [79/28421] Processando composto...
2026-06-01 18:14:36,382 - INFO - ✓ Encontrado CID=4033898 via name='3′,4′,7,8-TETRAMETHOXYFLAVONE'
2026-06-01 18:14:36,383 - INFO -   Buscando propriedades CID=4033898...
2026-06-01 18:14:37,816 - INFO -   Buscando sinônimos CID=4033898...
2026-06-01 18:14:38,619 - INFO -   Buscando classificação CID=4033898...
2026-06-01 18:14:41,896 - INFO -   Buscando descrição CID=4033898...
2026-06-01 18:14:42,606 - INFO -   ✓ Sucesso! CID=4033898

2026-06-01 18:14:43,007 - INFO - [80/28421] Processando composto...
2026-06-01 18:14:46,213 - INFO - ✓ Encontrado CID=631170 via formula='C19H18O6'
2026-06-01 18:14:46,213 - INFO -   Buscando propriedades CID=631170...
2026-06-01 18:14:47,441 - INFO -   Buscando sinônimos CID=631170...
2026-06-01 18:14:48,214 - INFO -   Buscando classificação CID=631170...
2026-06-01 18:14:50,891 - INFO -   Buscando descrição CID=631170...
2026-06-01 18:14:51,592 - INFO -   ✓ Sucesso! CID=631170

2026-06-01 18:14:51,993 - INFO - [81/28421] Processando composto...
2026-06-01 18:14:52,645 - INFO - ✓ Encontrado CID=471721 via name='3,5,6,7-Tetramethoxy-2-phenyl-4H-chromen-4-one'
2026-06-01 18:14:52,645 - INFO -   Buscando propriedades CID=471721...
2026-06-01 18:14:54,188 - INFO -   Buscando sinônimos CID=471721...
2026-06-01 18:14:54,867 - INFO -   Buscando classificação CID=471721...
2026-06-01 18:14:58,003 - INFO -   Buscando descrição CID=471721...
2026-06-01 18:14:58,720 - INFO -   ✓ Sucesso! CID=471721

2026-06-01 18:14:59,121 - INFO - [82/28421] Processando composto...
2026-06-01 18:14:59,843 - INFO - ✓ Encontrado CID=53466984 via name='Methylophiopogonanone A'
2026-06-01 18:14:59,843 - INFO -   Buscando propriedades CID=53466984...
2026-06-01 18:15:01,145 - INFO -   Buscando sinônimos CID=53466984...
2026-06-01 18:15:01,881 - INFO -   Buscando classificação CID=53466984...
2026-06-01 18:15:04,252 - INFO -   Buscando descrição CID=53466984...
2026-06-01 18:15:04,962 - INFO -   ✓ Sucesso! CID=53466984

2026-06-01 18:15:05,363 - INFO - [83/28421] Processando composto...
2026-06-01 18:15:05,961 - INFO - ✓ Encontrado CID=5381919 via name='5-Hydroxy-7-methyl-2-(3,4,5-trimethoxyphenyl)-4H-chromen-4-one'
2026-06-01 18:15:05,961 - INFO -   Buscando propriedades CID=5381919...
2026-06-01 18:15:07,495 - INFO -   Buscando sinônimos CID=5381919...
2026-06-01 18:15:08,193 - INFO -   Buscando classificação CID=5381919...
2026-06-01 18:15:10,496 - INFO -   Buscando descrição CID=5381919...
2026-06-01 18:15:11,304 - INFO -   ✓ Sucesso! CID=5381919

2026-06-01 18:15:11,705 - INFO - [84/28421] Processando composto...
2026-06-01 18:15:12,306 - INFO - ✓ Encontrado CID=5464633 via name='Caledonixanthone D'
2026-06-01 18:15:12,306 - INFO -   Buscando propriedades CID=5464633...
2026-06-01 18:15:13,910 - INFO -   Buscando sinônimos CID=5464633...
2026-06-01 18:15:14,694 - INFO -   Buscando classificação CID=5464633...
2026-06-01 18:15:17,528 - INFO -   Buscando descrição CID=5464633...
2026-06-01 18:15:18,357 - INFO -   ✓ Sucesso! CID=5464633

2026-06-01 18:15:18,757 - INFO - [85/28421] Processando composto...
2026-06-01 18:15:19,210 - INFO - ✓ Encontrado CID=629964 via name='6-DEMETHOXYTANGERETIN'
2026-06-01 18:15:19,211 - INFO -   Buscando propriedades CID=629964...
2026-06-01 18:15:20,616 - INFO -   Buscando sinônimos CID=629964...
2026-06-01 18:15:21,313 - INFO -   Buscando classificação CID=629964...
2026-06-01 18:15:24,128 - INFO -   Buscando descrição CID=629964...
2026-06-01 18:15:24,851 - INFO -   ✓ Sucesso! CID=629964

2026-06-01 18:15:25,252 - INFO - [86/28421] Processando composto...
2026-06-01 18:15:25,765 - INFO - ✓ Encontrado CID=629965 via name='ZAPOTIN'
2026-06-01 18:15:25,765 - INFO -   Buscando propriedades CID=629965...
2026-06-01 18:15:27,315 - INFO -   Buscando sinônimos CID=629965...
2026-06-01 18:15:27,992 - INFO -   Buscando classificação CID=629965...
2026-06-01 18:15:30,470 - INFO -   Buscando descrição CID=629965...
2026-06-01 18:15:31,281 - INFO -   ✓ Sucesso! CID=629965

2026-06-01 18:15:31,682 - INFO - [87/28421] Processando composto...
2026-06-01 18:15:32,232 - INFO - ✓ Encontrado CID=631095 via name='TETRAMETHYLKAEMPFEROL'
2026-06-01 18:15:32,232 - INFO -   Buscando propriedades CID=631095...
2026-06-01 18:15:33,584 - INFO -   Buscando sinônimos CID=631095...
2026-06-01 18:15:34,396 - INFO -   Buscando classificação CID=631095...
2026-06-01 18:15:36,179 - INFO -   Buscando descrição CID=631095...
2026-06-01 18:15:37,031 - INFO -   ✓ Sucesso! CID=631095

2026-06-01 18:15:37,433 - INFO - [88/28421] Processando composto...
2026-06-01 18:15:38,030 - INFO - ✓ Encontrado CID=631170 via name='Tetramethoxyluteolin'
2026-06-01 18:15:38,030 - INFO -   Buscando propriedades CID=631170...
2026-06-01 18:15:39,548 - INFO -   Buscando sinônimos CID=631170...
2026-06-01 18:15:40,366 - INFO -   Buscando classificação CID=631170...
2026-06-01 18:15:42,349 - INFO -   Buscando descrição CID=631170...
2026-06-01 18:15:43,036 - INFO -   ✓ Sucesso! CID=631170

2026-06-01 18:15:43,437 - INFO - [89/28421] Processando composto...
2026-06-01 18:15:44,051 - INFO - ✓ Encontrado CID=631171 via name='Flavone, 3,3′,4′,7-tetramethoxy-'
2026-06-01 18:15:44,051 - INFO -   Buscando propriedades CID=631171...
2026-06-01 18:15:45,424 - INFO -   Buscando sinônimos CID=631171...
2026-06-01 18:15:46,136 - INFO -   Buscando classificação CID=631171...
2026-06-01 18:15:47,740 - INFO -   Buscando descrição CID=631171...
2026-06-01 18:15:48,605 - INFO -   ✓ Sucesso! CID=631171

2026-06-01 18:15:49,006 - INFO - [90/28421] Processando composto...
2026-06-01 18:15:49,570 - INFO - ✓ Encontrado CID=631176 via name='Isoflavone, 3′,4′,6,7-tetramethoxy-'
2026-06-01 18:15:49,570 - INFO -   Buscando propriedades CID=631176...
2026-06-01 18:15:50,909 - INFO -   Buscando sinônimos CID=631176...
2026-06-01 18:15:51,586 - INFO -   Buscando classificação CID=631176...
2026-06-01 18:15:53,439 - INFO -   Buscando descrição CID=631176...
2026-06-01 18:15:54,137 - INFO -   ✓ Sucesso! CID=631176

2026-06-01 18:15:54,538 - INFO - [91/28421] Processando composto...
2026-06-01 18:15:58,080 - INFO - ✓ Encontrado CID=631170 via formula='C19H18O6'
2026-06-01 18:15:58,080 - INFO -   Buscando propriedades CID=631170...
2026-06-01 18:15:59,775 - INFO -   Buscando sinônimos CID=631170...
2026-06-01 18:16:01,043 - INFO -   Buscando classificação CID=631170...
2026-06-01 18:16:03,344 - INFO -   Buscando descrição CID=631170...
2026-06-01 18:16:04,052 - INFO -   ✓ Sucesso! CID=631170

2026-06-01 18:16:04,453 - INFO - [92/28421] Processando composto...
2026-06-01 18:16:08,630 - INFO - ✓ Encontrado CID=631170 via formula='C19H18O6'
2026-06-01 18:16:08,631 - INFO -   Buscando propriedades CID=631170...
2026-06-01 18:16:10,063 - INFO -   Buscando sinônimos CID=631170...
2026-06-01 18:16:11,082 - INFO -   Buscando classificação CID=631170...
2026-06-01 18:16:13,268 - INFO -   Buscando descrição CID=631170...
2026-06-01 18:16:14,154 - INFO -   ✓ Sucesso! CID=631170

2026-06-01 18:16:14,555 - INFO - [93/28421] Processando composto...
2026-06-01 18:16:17,337 - INFO - ✓ Encontrado CID=631170 via formula='C19H18O6'
2026-06-01 18:16:17,337 - INFO -   Buscando propriedades CID=631170...
2026-06-01 18:16:18,820 - INFO -   Buscando sinônimos CID=631170...
2026-06-01 18:16:19,681 - INFO -   Buscando classificação CID=631170...
2026-06-01 18:16:21,541 - INFO -   Buscando descrição CID=631170...
2026-06-01 18:16:22,350 - INFO -   ✓ Sucesso! CID=631170

2026-06-01 18:16:22,750 - INFO - [94/28421] Processando composto...
2026-06-01 18:16:25,832 - INFO - ✓ Encontrado CID=631170 via formula='C19H18O6'
2026-06-01 18:16:25,832 - INFO -   Buscando propriedades CID=631170...
2026-06-01 18:16:27,294 - INFO -   Buscando sinônimos CID=631170...
2026-06-01 18:16:28,099 - INFO -   Buscando classificação CID=631170...
2026-06-01 18:16:30,275 - INFO -   Buscando descrição CID=631170...
2026-06-01 18:16:31,000 - INFO -   ✓ Sucesso! CID=631170

2026-06-01 18:16:31,401 - INFO - [95/28421] Processando composto...
2026-06-01 18:16:33,884 - INFO - ✓ Encontrado CID=631170 via formula='C19H18O6'
2026-06-01 18:16:33,884 - INFO -   Buscando propriedades CID=631170...
2026-06-01 18:16:35,534 - INFO -   Buscando sinônimos CID=631170...
2026-06-01 18:16:36,367 - INFO -   Buscando classificação CID=631170...
2026-06-01 18:16:38,464 - INFO -   Buscando descrição CID=631170...
2026-06-01 18:16:39,243 - INFO -   ✓ Sucesso! CID=631170

2026-06-01 18:16:39,644 - INFO - [96/28421] Processando composto...
2026-06-01 18:16:40,275 - INFO - ✓ Encontrado CID=129683055 via name='3-(3,4-Dimethoxyphenyl)-5-hydroxy-7-methoxy-8-methyl-4H-chromen-4-one'
2026-06-01 18:16:40,276 - INFO -   Buscando propriedades CID=129683055...
2026-06-01 18:16:41,799 - INFO -   Buscando sinônimos CID=129683055...
2026-06-01 18:16:42,622 - INFO -   Buscando classificação CID=129683055...
2026-06-01 18:16:46,011 - INFO -   Buscando descrição CID=129683055...
2026-06-01 18:16:46,782 - INFO -   ✓ Sucesso! CID=129683055

2026-06-01 18:16:47,183 - INFO - [97/28421] Processando composto...
2026-06-01 18:16:49,421 - INFO - ✓ Encontrado CID=631170 via formula='C19H18O6'
2026-06-01 18:16:49,422 - INFO -   Buscando propriedades CID=631170...
2026-06-01 18:16:50,913 - INFO -   Buscando sinônimos CID=631170...
2026-06-01 18:16:51,732 - INFO -   Buscando classificação CID=631170...
2026-06-01 18:16:55,345 - INFO -   Buscando descrição CID=631170...
2026-06-01 18:16:56,039 - INFO -   ✓ Sucesso! CID=631170

2026-06-01 18:16:56,440 - INFO - [98/28421] Processando composto...
2026-06-01 18:17:01,054 - INFO - ✓ Encontrado CID=631170 via formula='C19H18O6'
2026-06-01 18:17:01,054 - INFO -   Buscando propriedades CID=631170...
2026-06-01 18:17:02,235 - INFO -   Buscando sinônimos CID=631170...
2026-06-01 18:17:02,912 - INFO -   Buscando classificação CID=631170...
2026-06-01 18:17:05,270 - INFO -   Buscando descrição CID=631170...
2026-06-01 18:17:06,006 - INFO -   ✓ Sucesso! CID=631170

2026-06-01 18:17:06,407 - INFO - [99/28421] Processando composto...
2026-06-01 18:17:08,636 - INFO - ✓ Encontrado CID=631170 via formula='C19H18O6'
2026-06-01 18:17:08,636 - INFO -   Buscando propriedades CID=631170...
2026-06-01 18:17:10,276 - INFO -   Buscando sinônimos CID=631170...
2026-06-01 18:17:10,994 - INFO -   Buscando classificação CID=631170...
2026-06-01 18:17:13,078 - INFO -   Buscando descrição CID=631170...
2026-06-01 18:17:13,865 - INFO -   ✓ Sucesso! CID=631170

2026-06-01 18:17:14,266 - INFO - [100/28421] Processando composto...
2026-06-01 18:17:14,883 - INFO - ✓ Encontrado CID=10405091 via name='3,6,8-trihydroxy-2-methoxy-1-(3-methylbut-2-en-1-yl)-9H-xanthen-9-one'
2026-06-01 18:17:14,884 - INFO -   Buscando propriedades CID=10405091...
2026-06-01 18:17:16,277 - INFO -   Buscando sinônimos CID=10405091...
2026-06-01 18:17:17,013 - INFO -   Buscando classificação CID=10405091...
2026-06-01 18:17:19,835 - INFO -   Buscando descrição CID=10405091...
2026-06-01 18:17:20,628 - INFO -   ✓ Sucesso! CID=10405091

2026-06-01 18:17:21,029 - INFO - [101/28421] Processando composto...
2026-06-01 18:17:23,897 - INFO - ✓ Encontrado CID=631170 via formula='C19H18O6'
2026-06-01 18:17:23,897 - INFO -   Buscando propriedades CID=631170...
2026-06-01 18:17:25,596 - INFO -   Buscando sinônimos CID=631170...
2026-06-01 18:17:26,350 - INFO -   Buscando classificação CID=631170...
2026-06-01 18:17:28,679 - INFO -   Buscando descrição CID=631170...
2026-06-01 18:17:29,526 - INFO -   ✓ Sucesso! CID=631170

2026-06-01 18:17:29,927 - INFO - [102/28421] Processando composto...
2026-06-01 18:17:30,514 - INFO - ✓ Encontrado CID=96118 via name='Tetramethylscutellarein'
2026-06-01 18:17:30,514 - INFO -   Buscando propriedades CID=96118...
2026-06-01 18:17:32,078 - INFO -   Buscando sinônimos CID=96118...
2026-06-01 18:17:32,899 - INFO -   Buscando classificação CID=96118...
2026-06-01 18:17:36,509 - INFO -   Buscando descrição CID=96118...
2026-06-01 18:17:37,207 - INFO -   ✓ Sucesso! CID=96118

2026-06-01 18:17:37,608 - INFO - [103/28421] Processando composto...
2026-06-01 18:17:40,206 - INFO - ✓ Encontrado CID=631170 via formula='C19H18O6'
2026-06-01 18:17:40,206 - INFO -   Buscando propriedades CID=631170...
2026-06-01 18:17:41,421 - INFO -   Buscando sinônimos CID=631170...
2026-06-01 18:17:42,224 - INFO -   Buscando classificação CID=631170...
2026-06-01 18:17:44,129 - INFO -   Buscando descrição CID=631170...
2026-06-01 18:17:45,097 - INFO -   ✓ Sucesso! CID=631170

2026-06-01 18:17:45,497 - INFO - [104/28421] Processando composto...
2026-06-01 18:17:47,757 - INFO - ✓ Encontrado CID=631170 via formula='C19H18O6'
2026-06-01 18:17:47,758 - INFO -   Buscando propriedades CID=631170...
2026-06-01 18:17:48,990 - INFO -   Buscando sinônimos CID=631170...
2026-06-01 18:17:49,710 - INFO -   Buscando classificação CID=631170...
2026-06-01 18:17:51,625 - INFO -   Buscando descrição CID=631170...
2026-06-01 18:17:52,766 - INFO -   ✓ Sucesso! CID=631170

2026-06-01 18:17:53,167 - INFO - [105/28421] Processando composto...
2026-06-01 18:17:53,819 - INFO - ✓ Encontrado CID=11186921 via name='4,6,3′,4′-tetramethoxyaurone'
2026-06-01 18:17:53,820 - INFO -   Buscando propriedades CID=11186921...
2026-06-01 18:17:55,537 - INFO -   Buscando sinônimos CID=11186921...
2026-06-01 18:17:56,368 - INFO -   Buscando classificação CID=11186921...
2026-06-01 18:18:00,380 - INFO -   Buscando descrição CID=11186921...
2026-06-01 18:18:01,159 - INFO -   ✓ Sucesso! CID=11186921

2026-06-01 18:18:01,560 - INFO - [106/28421] Processando composto...
2026-06-01 18:18:02,192 - INFO - ✓ Encontrado CID=11267860 via name='vieillardixanthone'
2026-06-01 18:18:02,193 - INFO -   Buscando propriedades CID=11267860...
2026-06-01 18:18:03,825 - INFO -   Buscando sinônimos CID=11267860...
2026-06-01 18:18:04,577 - INFO -   Buscando classificação CID=11267860...
2026-06-01 18:18:08,109 - INFO -   Buscando descrição CID=11267860...
2026-06-01 18:18:08,869 - INFO -   ✓ Sucesso! CID=11267860

2026-06-01 18:18:09,270 - INFO - [107/28421] Processando composto...
2026-06-01 18:18:09,868 - INFO - ✓ Encontrado CID=3279840 via name='ISOTECTORIGENIN TRIMETHYL ETHER'
2026-06-01 18:18:09,868 - INFO -   Buscando propriedades CID=3279840...
2026-06-01 18:18:11,456 - INFO -   Buscando sinônimos CID=3279840...
2026-06-01 18:18:12,152 - INFO -   Buscando classificação CID=3279840...
2026-06-01 18:18:15,043 - INFO -   Buscando descrição CID=3279840...
2026-06-01 18:18:15,740 - INFO -   ✓ Sucesso! CID=3279840

2026-06-01 18:18:16,141 - INFO - [108/28421] Processando composto...
2026-06-01 18:18:16,831 - INFO - ✓ Encontrado CID=629965 via name='Zapotin'
2026-06-01 18:18:16,832 - INFO -   Buscando propriedades CID=629965...
2026-06-01 18:18:18,549 - INFO -   Buscando sinônimos CID=629965...
2026-06-01 18:18:19,442 - INFO -   Buscando classificação CID=629965...
2026-06-01 18:18:21,658 - INFO -   Buscando descrição CID=629965...
2026-06-01 18:18:22,509 - INFO -   ✓ Sucesso! CID=629965

2026-06-01 18:18:22,910 - INFO - [109/28421] Processando composto...
2026-06-01 18:18:23,489 - INFO - ✓ Encontrado CID=96118 via name='4',5,6,7-Tetramethoxyflavone'
2026-06-01 18:18:23,490 - INFO -   Buscando propriedades CID=96118...
2026-06-01 18:18:24,923 - INFO -   Buscando sinônimos CID=96118...
2026-06-01 18:18:25,644 - INFO -   Buscando classificação CID=96118...
2026-06-01 18:18:29,873 - INFO -   Buscando descrição CID=96118...
2026-06-01 18:18:30,568 - INFO -   ✓ Sucesso! CID=96118

2026-06-01 18:18:30,969 - INFO - [110/28421] Processando composto...
2026-06-01 18:18:31,706 - INFO - ✓ Encontrado CID=629965 via name='Zapotin'
2026-06-01 18:18:31,706 - INFO -   Buscando propriedades CID=629965...
2026-06-01 18:18:33,445 - INFO -   Buscando sinônimos CID=629965...
2026-06-01 18:18:34,147 - INFO -   Buscando classificação CID=629965...
2026-06-01 18:18:37,464 - INFO -   Buscando descrição CID=629965...
2026-06-01 18:18:38,161 - INFO -   ✓ Sucesso! CID=629965

2026-06-01 18:18:38,562 - INFO - [111/28421] Processando composto...
2026-06-01 18:18:39,010 - INFO - ✓ Encontrado CID=96118 via name='Scutellarein 5,6,7,4'-tetramethyl ether'
2026-06-01 18:18:39,011 - INFO -   Buscando propriedades CID=96118...
2026-06-01 18:18:40,358 - INFO -   Buscando sinônimos CID=96118...
2026-06-01 18:18:41,016 - INFO -   Buscando classificação CID=96118...
2026-06-01 18:18:43,551 - INFO -   Buscando descrição CID=96118...
2026-06-01 18:18:44,274 - INFO -   ✓ Sucesso! CID=96118

2026-06-01 18:18:44,674 - INFO - [112/28421] Processando composto...
2026-06-01 18:18:45,134 - INFO - ✓ Encontrado CID=96118 via name='5,6,7-trimethoxy-2-(4-methoxyphenyl)chromen-4-one'
2026-06-01 18:18:45,134 - INFO -   Buscando propriedades CID=96118...
2026-06-01 18:18:46,615 - INFO -   Buscando sinônimos CID=96118...
2026-06-01 18:18:47,280 - INFO -   Buscando classificação CID=96118...
2026-06-01 18:18:49,923 - INFO -   Buscando descrição CID=96118...
2026-06-01 18:18:50,735 - INFO -   ✓ Sucesso! CID=96118

2026-06-01 18:18:51,138 - INFO - [113/28421] Processando composto...
2026-06-01 18:18:51,650 - INFO - ✓ Encontrado CID=71307362 via name='1,4,6-Trihydroxy-5-methoxy-7-prenylxanthone'
2026-06-01 18:18:51,650 - INFO -   Buscando propriedades CID=71307362...
2026-06-01 18:18:53,208 - INFO -   Buscando sinônimos CID=71307362...
2026-06-01 18:18:53,893 - INFO -   Buscando classificação CID=71307362...
2026-06-01 18:18:56,526 - INFO -   Buscando descrição CID=71307362...
2026-06-01 18:18:57,232 - INFO -   ✓ Sucesso! CID=71307362

2026-06-01 18:18:57,633 - INFO - [114/28421] Processando composto...
2026-06-01 18:18:58,062 - INFO - ✓ Encontrado CID=10759703 via name='Dulxanthone A'
2026-06-01 18:18:58,062 - INFO -   Buscando propriedades CID=10759703...
2026-06-01 18:18:59,478 - INFO -   Buscando sinônimos CID=10759703...
2026-06-01 18:19:00,186 - INFO -   Buscando classificação CID=10759703...
2026-06-01 18:19:02,512 - INFO -   Buscando descrição CID=10759703...
2026-06-01 18:19:03,215 - INFO -   ✓ Sucesso! CID=10759703

2026-06-01 18:19:03,616 - INFO - [115/28421] Processando composto...
2026-06-01 18:19:04,141 - INFO - ✓ Encontrado CID=10405091 via name='Dulxanthone D'
2026-06-01 18:19:04,142 - INFO -   Buscando propriedades CID=10405091...
2026-06-01 18:19:05,515 - INFO -   Buscando sinônimos CID=10405091...
2026-06-01 18:19:06,389 - INFO -   Buscando classificação CID=10405091...
2026-06-01 18:19:11,346 - INFO -   Buscando descrição CID=10405091...
2026-06-01 18:19:12,056 - INFO -   ✓ Sucesso! CID=10405091

2026-06-01 18:19:12,457 - INFO - [116/28421] Processando composto...
2026-06-01 18:19:12,949 - INFO - ✓ Encontrado CID=14162674 via name='1,5,8-Trihydroxy-3-methyl-2-prenylxanthone'
2026-06-01 18:19:12,950 - INFO -   Buscando propriedades CID=14162674...
