2026-06-01 18:55:05,871 - INFO - 🔍 Verificando conectividade com PubChem API...
2026-06-01 18:55:06,850 - INFO - ✅ Conectividade OK - API PubChem acessível
2026-06-01 18:55:06,850 - INFO - 
2026-06-01 18:55:06,868 - INFO - Carregado 75 compostos de /app/data/staging/candidates_external_input.csv
2026-06-01 18:55:06,868 - INFO - 
============================================================
2026-06-01 18:55:06,868 - INFO - Iniciando extração de 75 compostos do PubChem
2026-06-01 18:55:06,868 - INFO - ============================================================

2026-06-01 18:55:06,870 - INFO - [1/75] Processando composto...
2026-06-01 18:55:10,330 - INFO - ✓ Encontrado CID=57390946 via formula='C19H27N5O7S'
2026-06-01 18:55:10,330 - INFO -   Buscando propriedades CID=57390946...
2026-06-01 18:55:11,875 - INFO -   Buscando sinônimos CID=57390946...
2026-06-01 18:55:12,680 - INFO -   Buscando classificação CID=57390946...
2026-06-01 18:55:15,456 - INFO -   Buscando descrição CID=57390946...
2026-06-01 18:55:16,194 - INFO -   ✓ Sucesso! CID=57390946

2026-06-01 18:55:16,595 - INFO - [2/75] Processando composto...
2026-06-01 18:55:25,691 - INFO - ✓ Encontrado CID=57390946 via formula='C19H27N5O7S'
2026-06-01 18:55:25,691 - INFO -   Buscando propriedades CID=57390946...
2026-06-01 18:55:27,119 - INFO -   Buscando sinônimos CID=57390946...
2026-06-01 18:55:28,048 - INFO -   Buscando classificação CID=57390946...
2026-06-01 18:55:31,835 - INFO -   Buscando descrição CID=57390946...
2026-06-01 18:55:32,661 - INFO -   ✓ Sucesso! CID=57390946

2026-06-01 18:55:33,062 - INFO - [3/75] Processando composto...
2026-06-01 18:56:02,467 - WARNING - HTTP 504 - tentativa 1/3
2026-06-01 18:56:16,276 - INFO - ✓ Encontrado CID=57390946 via formula='C19H27N5O7S'
2026-06-01 18:56:16,276 - INFO -   Buscando propriedades CID=57390946...
2026-06-01 18:56:17,663 - INFO -   Buscando sinônimos CID=57390946...
2026-06-01 18:56:18,421 - INFO -   Buscando classificação CID=57390946...
2026-06-01 18:56:19,755 - INFO -   Buscando descrição CID=57390946...
2026-06-01 18:56:20,580 - INFO -   ✓ Sucesso! CID=57390946

2026-06-01 18:56:20,981 - INFO - [4/75] Processando composto...
2026-06-01 18:56:50,388 - WARNING - HTTP 504 - tentativa 1/3
2026-06-01 18:56:56,109 - INFO - ✓ Encontrado CID=57390946 via formula='C19H27N5O7S'
2026-06-01 18:56:56,110 - INFO -   Buscando propriedades CID=57390946...
2026-06-01 18:56:57,434 - INFO -   Buscando sinônimos CID=57390946...
2026-06-01 18:56:58,285 - INFO -   Buscando classificação CID=57390946...
2026-06-01 18:56:59,326 - INFO -   Buscando descrição CID=57390946...
2026-06-01 18:57:00,213 - INFO -   ✓ Sucesso! CID=57390946

2026-06-01 18:57:00,614 - INFO - [5/75] Processando composto...
2026-06-01 18:57:02,979 - INFO - ✓ Encontrado CID=57390946 via formula='C19H27N5O7S'
2026-06-01 18:57:02,979 - INFO -   Buscando propriedades CID=57390946...
2026-06-01 18:57:06,461 - INFO -   Buscando sinônimos CID=57390946...
2026-06-01 18:57:07,164 - INFO -   Buscando classificação CID=57390946...
2026-06-01 18:57:08,602 - INFO -   Buscando descrição CID=57390946...
2026-06-01 18:57:09,447 - INFO -   ✓ Sucesso! CID=57390946

2026-06-01 18:57:09,848 - INFO - [6/75] Processando composto...
2026-06-01 18:57:27,445 - INFO - ✓ Encontrado CID=57390946 via formula='C19H27N5O7S'
2026-06-01 18:57:27,445 - INFO -   Buscando propriedades CID=57390946...
2026-06-01 18:57:29,475 - INFO -   Buscando sinônimos CID=57390946...
2026-06-01 18:57:30,303 - INFO -   Buscando classificação CID=57390946...
2026-06-01 18:57:31,549 - INFO -   Buscando descrição CID=57390946...
2026-06-01 18:57:32,665 - INFO -   ✓ Sucesso! CID=57390946

2026-06-01 18:57:33,065 - INFO - [7/75] Processando composto...
2026-06-01 18:57:35,163 - INFO - ✓ Encontrado CID=57390946 via formula='C19H27N5O7S'
2026-06-01 18:57:35,164 - INFO -   Buscando propriedades CID=57390946...
2026-06-01 18:57:36,475 - INFO -   Buscando sinônimos CID=57390946...
2026-06-01 18:57:37,270 - INFO -   Buscando classificação CID=57390946...
2026-06-01 18:57:38,502 - INFO -   Buscando descrição CID=57390946...
2026-06-01 18:57:39,322 - INFO -   ✓ Sucesso! CID=57390946

2026-06-01 18:57:39,723 - INFO - [8/75] Processando composto...
2026-06-01 18:57:45,509 - INFO - ✓ Encontrado CID=57390946 via formula='C19H27N5O7S'
2026-06-01 18:57:45,509 - INFO -   Buscando propriedades CID=57390946...
2026-06-01 18:57:46,962 - INFO -   Buscando sinônimos CID=57390946...
2026-06-01 18:57:47,817 - INFO -   Buscando classificação CID=57390946...
2026-06-01 18:57:49,048 - INFO -   Buscando descrição CID=57390946...
2026-06-01 18:57:49,766 - INFO -   ✓ Sucesso! CID=57390946

2026-06-01 18:57:50,167 - INFO - [9/75] Processando composto...
2026-06-01 18:57:52,829 - INFO - ✓ Encontrado CID=57390946 via formula='C19H27N5O7S'
2026-06-01 18:57:52,830 - INFO -   Buscando propriedades CID=57390946...
2026-06-01 18:57:54,172 - INFO -   Buscando sinônimos CID=57390946...
2026-06-01 18:57:54,987 - INFO -   Buscando classificação CID=57390946...
2026-06-01 18:57:56,365 - INFO -   Buscando descrição CID=57390946...
2026-06-01 18:57:57,067 - INFO -   ✓ Sucesso! CID=57390946

2026-06-01 18:57:57,468 - INFO - [10/75] Processando composto...
2026-06-01 18:58:01,748 - INFO - ✓ Encontrado CID=57390946 via formula='C19H27N5O7S'
2026-06-01 18:58:01,749 - INFO -   Buscando propriedades CID=57390946...
2026-06-01 18:58:03,383 - INFO -   Buscando sinônimos CID=57390946...
2026-06-01 18:58:04,202 - INFO -   Buscando classificação CID=57390946...
2026-06-01 18:58:06,259 - INFO -   Buscando descrição CID=57390946...
2026-06-01 18:58:07,179 - INFO -   ✓ Sucesso! CID=57390946

2026-06-01 18:58:07,580 - INFO - [11/75] Processando composto...
2026-06-01 18:58:10,048 - INFO - ✓ Encontrado CID=57390946 via formula='C19H27N5O7S'
2026-06-01 18:58:10,048 - INFO -   Buscando propriedades CID=57390946...
2026-06-01 18:58:11,453 - INFO -   Buscando sinônimos CID=57390946...
2026-06-01 18:58:12,291 - INFO -   Buscando classificação CID=57390946...
2026-06-01 18:58:13,826 - INFO -   Buscando descrição CID=57390946...
2026-06-01 18:58:14,681 - INFO -   ✓ Sucesso! CID=57390946

2026-06-01 18:58:15,081 - INFO - [12/75] Processando composto...
2026-06-01 18:58:24,992 - INFO - ✓ Encontrado CID=57390946 via formula='C19H27N5O7S'
2026-06-01 18:58:24,992 - INFO -   Buscando propriedades CID=57390946...
2026-06-01 18:58:26,420 - INFO -   Buscando sinônimos CID=57390946...
2026-06-01 18:58:27,240 - INFO -   Buscando classificação CID=57390946...
2026-06-01 18:58:28,470 - INFO -   Buscando descrição CID=57390946...
2026-06-01 18:58:29,279 - INFO -   ✓ Sucesso! CID=57390946

2026-06-01 18:58:29,680 - INFO - [13/75] Processando composto...
2026-06-01 18:58:32,612 - INFO - ✓ Encontrado CID=57390946 via formula='C19H27N5O7S'
2026-06-01 18:58:32,612 - INFO -   Buscando propriedades CID=57390946...
2026-06-01 18:58:34,588 - INFO -   Buscando sinônimos CID=57390946...
2026-06-01 18:58:35,417 - INFO -   Buscando classificação CID=57390946...
2026-06-01 18:58:37,084 - INFO -   Buscando descrição CID=57390946...
2026-06-01 18:58:37,902 - INFO -   ✓ Sucesso! CID=57390946

2026-06-01 18:58:38,303 - INFO - [14/75] Processando composto...
2026-06-01 18:59:07,489 - WARNING - HTTP 504 - tentativa 1/3
2026-06-01 18:59:21,213 - INFO - ✓ Encontrado CID=57390946 via formula='C19H27N5O7S'
2026-06-01 18:59:21,213 - INFO -   Buscando propriedades CID=57390946...
2026-06-01 18:59:22,590 - INFO -   Buscando sinônimos CID=57390946...
2026-06-01 18:59:23,360 - INFO -   Buscando classificação CID=57390946...
2026-06-01 18:59:24,589 - INFO -   Buscando descrição CID=57390946...
2026-06-01 18:59:25,415 - INFO -   ✓ Sucesso! CID=57390946

2026-06-01 18:59:25,816 - INFO - [15/75] Processando composto...
2026-06-01 18:59:29,916 - INFO - ✓ Encontrado CID=57390946 via formula='C19H27N5O7S'
2026-06-01 18:59:29,917 - INFO -   Buscando propriedades CID=57390946...
2026-06-01 18:59:31,380 - INFO -   Buscando sinônimos CID=57390946...
2026-06-01 18:59:32,164 - INFO -   Buscando classificação CID=57390946...
2026-06-01 18:59:33,396 - INFO -   Buscando descrição CID=57390946...
2026-06-01 18:59:34,216 - INFO -   ✓ Sucesso! CID=57390946

2026-06-01 18:59:34,617 - INFO - [16/75] Processando composto...
2026-06-01 18:59:36,982 - INFO - ✓ Encontrado CID=57390946 via formula='C19H27N5O7S'
2026-06-01 18:59:36,983 - INFO -   Buscando propriedades CID=57390946...
2026-06-01 18:59:38,244 - INFO -   Buscando sinônimos CID=57390946...
2026-06-01 18:59:39,027 - INFO -   Buscando classificação CID=57390946...
2026-06-01 18:59:40,253 - INFO -   Buscando descrição CID=57390946...
2026-06-01 18:59:41,082 - INFO -   ✓ Sucesso! CID=57390946

2026-06-01 18:59:41,483 - INFO - [17/75] Processando composto...
2026-06-01 18:59:43,638 - INFO - ✓ Encontrado CID=57390946 via formula='C19H27N5O7S'
2026-06-01 18:59:43,638 - INFO -   Buscando propriedades CID=57390946...
2026-06-01 18:59:44,971 - INFO -   Buscando sinônimos CID=57390946...
2026-06-01 18:59:45,755 - INFO -   Buscando classificação CID=57390946...
2026-06-01 18:59:47,014 - INFO -   Buscando descrição CID=57390946...
2026-06-01 18:59:47,863 - INFO -   ✓ Sucesso! CID=57390946

2026-06-01 18:59:48,264 - INFO - [18/75] Processando composto...
2026-06-01 18:59:50,565 - INFO - ✓ Encontrado CID=57390946 via formula='C19H27N5O7S'
2026-06-01 18:59:50,566 - INFO -   Buscando propriedades CID=57390946...
2026-06-01 18:59:51,972 - INFO -   Buscando sinônimos CID=57390946...
2026-06-01 18:59:52,749 - INFO -   Buscando classificação CID=57390946...
2026-06-01 18:59:53,877 - INFO -   Buscando descrição CID=57390946...
2026-06-01 18:59:54,695 - INFO -   ✓ Sucesso! CID=57390946

2026-06-01 18:59:55,096 - INFO - [19/75] Processando composto...
2026-06-01 18:59:57,364 - WARNING - HTTP 500 - tentativa 1/3
2026-06-01 18:59:57,774 - ERROR - Erro na requisição: HTTPSConnectionPool(host='pubchem.ncbi.nlm.nih.gov', port=443): Max retries exceeded with url: /rest/pug/compound/fastformula/C19H27N5O7S/cids/JSON (Caused by NewConnectionError("HTTPSConnection(host='pubchem.ncbi.nlm.nih.gov', port=443): Failed to establish a new connection: [Errno 101] Network is unreachable"))
2026-06-01 18:59:58,790 - WARNING - ✗ Composto não encontrado: {'compound_name': 'tyr-cys-ala-asn', 'formula': 'C19H27N5O7S', 'molecular_formula': 'C19H27N5O7S', 'source_compound_id': 'CSID16721281', 'description': 'tyr-cys-ala-asn', 'inchikey': nan, 'rank_group': 2, 'is_tied': True}
2026-06-01 18:59:58,790 - WARNING -   ✗ Não encontrado

2026-06-01 18:59:59,190 - INFO - [20/75] Processando composto...
2026-06-01 19:00:01,556 - INFO - ✓ Encontrado CID=57390946 via formula='C19H27N5O7S'
2026-06-01 19:00:01,556 - INFO -   Buscando propriedades CID=57390946...
2026-06-01 19:00:01,762 - ERROR - Erro na requisição: HTTPSConnectionPool(host='pubchem.ncbi.nlm.nih.gov', port=443): Max retries exceeded with url: /rest/pug/compound/cid/57390946/property/MolecularFormula,MolecularWeight,CanonicalSMILES,IsomericSMILES,InChI,InChIKey,IUPACName,Title,XLogP,ExactMass,MonoisotopicMass,TPSA,Complexity,Charge,HBondDonorCount,HBondAcceptorCount,RotatableBondCount,HeavyAtomCount,Volume3D,Fingerprint2D/JSON (Caused by NewConnectionError("HTTPSConnection(host='pubchem.ncbi.nlm.nih.gov', port=443): Failed to establish a new connection: [Errno 101] Network is unreachable"))
2026-06-01 19:00:01,962 - INFO -   Buscando sinônimos CID=57390946...
2026-06-01 19:00:02,783 - INFO -   Buscando classificação CID=57390946...
2026-06-01 19:00:03,858 - INFO -   Buscando descrição CID=57390946...
2026-06-01 19:00:04,644 - INFO -   ✓ Sucesso! CID=57390946

2026-06-01 19:00:05,045 - INFO - [21/75] Processando composto...
2026-06-01 19:00:07,188 - INFO - ✓ Encontrado CID=57390946 via formula='C19H27N5O7S'
2026-06-01 19:00:07,188 - INFO -   Buscando propriedades CID=57390946...
2026-06-01 19:00:07,399 - ERROR - Erro na requisição: HTTPSConnectionPool(host='pubchem.ncbi.nlm.nih.gov', port=443): Max retries exceeded with url: /rest/pug/compound/cid/57390946/property/MolecularFormula,MolecularWeight,CanonicalSMILES,IsomericSMILES,InChI,InChIKey,IUPACName,Title,XLogP,ExactMass,MonoisotopicMass,TPSA,Complexity,Charge,HBondDonorCount,HBondAcceptorCount,RotatableBondCount,HeavyAtomCount,Volume3D,Fingerprint2D/JSON (Caused by NewConnectionError("HTTPSConnection(host='pubchem.ncbi.nlm.nih.gov', port=443): Failed to establish a new connection: [Errno 101] Network is unreachable"))
2026-06-01 19:00:07,600 - INFO -   Buscando sinônimos CID=57390946...
2026-06-01 19:00:08,310 - INFO -   Buscando classificação CID=57390946...
2026-06-01 19:00:08,519 - ERROR - Erro na requisição: HTTPSConnectionPool(host='pubchem.ncbi.nlm.nih.gov', port=443): Max retries exceeded with url: /rest/pug/compound/cid/57390946/classification/JSON (Caused by NewConnectionError("HTTPSConnection(host='pubchem.ncbi.nlm.nih.gov', port=443): Failed to establish a new connection: [Errno 101] Network is unreachable"))
2026-06-01 19:00:08,719 - INFO -   Buscando descrição CID=57390946...
2026-06-01 19:00:08,928 - ERROR - Erro na requisição: HTTPSConnectionPool(host='pubchem.ncbi.nlm.nih.gov', port=443): Max retries exceeded with url: /rest/pug/compound/cid/57390946/description/JSON (Caused by NewConnectionError("HTTPSConnection(host='pubchem.ncbi.nlm.nih.gov', port=443): Failed to establish a new connection: [Errno 101] Network is unreachable"))
2026-06-01 19:00:09,129 - INFO -   ✓ Sucesso! CID=57390946

2026-06-01 19:00:09,530 - INFO - [22/75] Processando composto...
2026-06-01 19:00:11,799 - INFO - ✓ Encontrado CID=57390946 via formula='C19H27N5O7S'
2026-06-01 19:00:11,800 - INFO -   Buscando propriedades CID=57390946...
2026-06-01 19:00:13,102 - INFO -   Buscando sinônimos CID=57390946...
2026-06-01 19:00:13,949 - INFO -   Buscando classificação CID=57390946...
2026-06-01 19:00:14,563 - WARNING - HTTP 500 - tentativa 1/3
2026-06-01 19:00:15,278 - WARNING - HTTP 500 - tentativa 2/3
2026-06-01 19:00:16,917 - INFO -   Buscando descrição CID=57390946...
2026-06-01 19:00:17,733 - INFO -   ✓ Sucesso! CID=57390946

2026-06-01 19:00:18,134 - INFO - [23/75] Processando composto...
2026-06-01 19:00:20,297 - WARNING - HTTP 500 - tentativa 1/3
2026-06-01 19:00:21,115 - WARNING - HTTP 500 - tentativa 2/3
2026-06-01 19:00:21,729 - ERROR - Erro na requisição: HTTPSConnectionPool(host='pubchem.ncbi.nlm.nih.gov', port=443): Max retries exceeded with url: /rest/pug/compound/fastformula/C19H27N5O7S/cids/JSON (Caused by NewConnectionError("HTTPSConnection(host='pubchem.ncbi.nlm.nih.gov', port=443): Failed to establish a new connection: [Errno 101] Network is unreachable"))
2026-06-01 19:00:22,957 - WARNING - ✗ Composto não encontrado: {'compound_name': 'tyr-gln-cys-gly', 'formula': 'C19H27N5O7S', 'molecular_formula': 'C19H27N5O7S', 'source_compound_id': 'CSID16722163', 'description': 'tyr-gln-cys-gly', 'inchikey': nan, 'rank_group': 2, 'is_tied': True}
2026-06-01 19:00:22,957 - WARNING -   ✗ Não encontrado

2026-06-01 19:00:23,358 - INFO - [24/75] Processando composto...
2026-06-01 19:00:24,868 - WARNING - HTTP 500 - tentativa 1/3
2026-06-01 19:00:41,597 - WARNING - HTTP 500 - tentativa 2/3
2026-06-01 19:00:42,624 - WARNING - HTTP 500 - tentativa 3/3
2026-06-01 19:00:44,051 - WARNING - ✗ Composto não encontrado: {'compound_name': 'tyr-gln-gly-cys', 'formula': 'C19H27N5O7S', 'molecular_formula': 'C19H27N5O7S', 'source_compound_id': 'CSID16722220', 'description': 'tyr-gln-gly-cys', 'inchikey': nan, 'rank_group': 2, 'is_tied': True}
2026-06-01 19:00:44,052 - WARNING -   ✗ Não encontrado

2026-06-01 19:00:44,453 - INFO - [25/75] Processando composto...
2026-06-01 19:01:13,646 - WARNING - HTTP 504 - tentativa 1/3
2026-06-01 19:01:17,208 - INFO - ✓ Encontrado CID=57390946 via formula='C19H27N5O7S'
2026-06-01 19:01:17,208 - INFO -   Buscando propriedades CID=57390946...
2026-06-01 19:01:18,682 - INFO -   Buscando sinônimos CID=57390946...
2026-06-01 19:01:19,478 - INFO -   Buscando classificação CID=57390946...
2026-06-01 19:01:20,600 - INFO -   Buscando descrição CID=57390946...
2026-06-01 19:01:21,547 - INFO -   ✓ Sucesso! CID=57390946

2026-06-01 19:01:21,948 - INFO - [26/75] Processando composto...
2026-06-01 19:01:24,196 - INFO - ✓ Encontrado CID=57390946 via formula='C19H27N5O7S'
2026-06-01 19:01:24,196 - INFO -   Buscando propriedades CID=57390946...
2026-06-01 19:01:25,555 - INFO -   Buscando sinônimos CID=57390946...
2026-06-01 19:01:26,340 - INFO -   Buscando classificação CID=57390946...
2026-06-01 19:01:27,702 - INFO -   Buscando descrição CID=57390946...
2026-06-01 19:01:28,496 - INFO -   ✓ Sucesso! CID=57390946

2026-06-01 19:01:28,896 - INFO - [27/75] Processando composto...
2026-06-01 19:01:31,055 - INFO - ✓ Encontrado CID=57390946 via formula='C19H27N5O7S'
2026-06-01 19:01:31,055 - INFO -   Buscando propriedades CID=57390946...
2026-06-01 19:01:32,651 - INFO -   Buscando sinônimos CID=57390946...
2026-06-01 19:01:33,507 - INFO -   Buscando classificação CID=57390946...
2026-06-01 19:01:34,738 - INFO -   Buscando descrição CID=57390946...
2026-06-01 19:01:35,564 - INFO -   ✓ Sucesso! CID=57390946

2026-06-01 19:01:35,965 - INFO - [28/75] Processando composto...
2026-06-01 19:01:58,293 - INFO - ✓ Encontrado CID=57390946 via formula='C19H27N5O7S'
2026-06-01 19:01:58,293 - INFO -   Buscando propriedades CID=57390946...
2026-06-01 19:01:59,589 - INFO -   Buscando sinônimos CID=57390946...
2026-06-01 19:02:00,440 - INFO -   Buscando classificação CID=57390946...
2026-06-01 19:02:01,502 - INFO -   Buscando descrição CID=57390946...
2026-06-01 19:02:02,291 - INFO -   ✓ Sucesso! CID=57390946

2026-06-01 19:02:02,691 - INFO - [29/75] Processando composto...
2026-06-01 19:02:07,100 - INFO - ✓ Encontrado CID=57390946 via formula='C19H27N5O7S'
2026-06-01 19:02:07,100 - INFO -   Buscando propriedades CID=57390946...
2026-06-01 19:02:08,472 - INFO -   Buscando sinônimos CID=57390946...
2026-06-01 19:02:09,328 - INFO -   Buscando classificação CID=57390946...
2026-06-01 19:02:10,712 - INFO -   Buscando descrição CID=57390946...
2026-06-01 19:02:11,508 - INFO -   ✓ Sucesso! CID=57390946

2026-06-01 19:02:11,908 - INFO - [30/75] Processando composto...
2026-06-01 19:02:13,987 - INFO - ✓ Encontrado CID=57390946 via formula='C19H27N5O7S'
2026-06-01 19:02:13,988 - INFO -   Buscando propriedades CID=57390946...
2026-06-01 19:02:15,200 - INFO -   Buscando sinônimos CID=57390946...
2026-06-01 19:02:15,910 - INFO -   Buscando classificação CID=57390946...
2026-06-01 19:02:17,137 - INFO -   Buscando descrição CID=57390946...
2026-06-01 19:02:17,896 - INFO -   ✓ Sucesso! CID=57390946

2026-06-01 19:02:18,297 - INFO - [31/75] Processando composto...
2026-06-01 19:02:39,256 - INFO - ✓ Encontrado CID=57390946 via formula='C19H27N5O7S'
2026-06-01 19:02:39,257 - INFO -   Buscando propriedades CID=57390946...
2026-06-01 19:02:40,685 - INFO -   Buscando sinônimos CID=57390946...
2026-06-01 19:02:41,504 - INFO -   Buscando classificação CID=57390946...
2026-06-01 19:02:42,942 - INFO -   Buscando descrição CID=57390946...
2026-06-01 19:02:43,658 - INFO -   ✓ Sucesso! CID=57390946

2026-06-01 19:02:44,059 - INFO - [32/75] Processando composto...
2026-06-01 19:02:50,213 - INFO - ✓ Encontrado CID=57390946 via formula='C19H27N5O7S'
2026-06-01 19:02:50,214 - INFO -   Buscando propriedades CID=57390946...
2026-06-01 19:02:51,570 - INFO -   Buscando sinônimos CID=57390946...
2026-06-01 19:02:52,373 - INFO -   Buscando classificação CID=57390946...
2026-06-01 19:02:53,821 - INFO -   Buscando descrição CID=57390946...
2026-06-01 19:02:54,614 - INFO -   ✓ Sucesso! CID=57390946

2026-06-01 19:02:55,015 - INFO - [33/75] Processando composto...
2026-06-01 19:02:57,285 - INFO - ✓ Encontrado CID=57390946 via formula='C19H27N5O7S'
2026-06-01 19:02:57,286 - INFO -   Buscando propriedades CID=57390946...
2026-06-01 19:02:58,654 - INFO -   Buscando sinônimos CID=57390946...
2026-06-01 19:02:59,548 - INFO -   Buscando classificação CID=57390946...
2026-06-01 19:03:00,794 - INFO -   Buscando descrição CID=57390946...
2026-06-01 19:03:01,593 - INFO -   ✓ Sucesso! CID=57390946

2026-06-01 19:03:01,995 - INFO - [34/75] Processando composto...
2026-06-01 19:03:04,755 - INFO - ✓ Encontrado CID=57390946 via formula='C19H27N5O7S'
2026-06-01 19:03:04,758 - INFO -   Buscando propriedades CID=57390946...
2026-06-01 19:03:06,143 - INFO -   Buscando sinônimos CID=57390946...
2026-06-01 19:03:06,897 - INFO -   Buscando classificação CID=57390946...
2026-06-01 19:03:08,233 - INFO -   Buscando descrição CID=57390946...
2026-06-01 19:03:09,973 - INFO -   ✓ Sucesso! CID=57390946

2026-06-01 19:03:10,374 - INFO - [35/75] Processando composto...
2026-06-01 19:03:12,739 - INFO - ✓ Encontrado CID=57390946 via formula='C19H27N5O7S'
2026-06-01 19:03:12,739 - INFO -   Buscando propriedades CID=57390946...
2026-06-01 19:03:14,068 - INFO -   Buscando sinônimos CID=57390946...
2026-06-01 19:03:14,886 - INFO -   Buscando classificação CID=57390946...
2026-06-01 19:03:16,222 - INFO -   Buscando descrição CID=57390946...
2026-06-01 19:03:17,343 - INFO -   ✓ Sucesso! CID=57390946

2026-06-01 19:03:17,744 - INFO - [36/75] Processando composto...
2026-06-01 19:03:34,349 - INFO - ✓ Encontrado CID=57390946 via formula='C19H27N5O7S'
2026-06-01 19:03:34,350 - INFO -   Buscando propriedades CID=57390946...
2026-06-01 19:03:35,836 - INFO -   Buscando sinônimos CID=57390946...
2026-06-01 19:03:36,698 - INFO -   Buscando classificação CID=57390946...
2026-06-01 19:03:37,927 - INFO -   Buscando descrição CID=57390946...
2026-06-01 19:03:38,648 - INFO -   ✓ Sucesso! CID=57390946

2026-06-01 19:03:39,049 - INFO - [37/75] Processando composto...
2026-06-01 19:03:43,360 - INFO - ✓ Encontrado CID=57390946 via formula='C19H27N5O7S'
2026-06-01 19:03:43,360 - INFO -   Buscando propriedades CID=57390946...
2026-06-01 19:03:47,975 - INFO -   Buscando sinônimos CID=57390946...
2026-06-01 19:03:48,722 - INFO -   Buscando classificação CID=57390946...
2026-06-01 19:03:49,813 - INFO -   Buscando descrição CID=57390946...
2026-06-01 19:03:50,629 - INFO -   ✓ Sucesso! CID=57390946

2026-06-01 19:03:51,030 - INFO - [38/75] Processando composto...
2026-06-01 19:04:17,255 - INFO - ✓ Encontrado CID=57390946 via formula='C19H27N5O7S'
2026-06-01 19:04:17,255 - INFO -   Buscando propriedades CID=57390946...
2026-06-01 19:04:18,904 - INFO -   Buscando sinônimos CID=57390946...
2026-06-01 19:04:19,723 - INFO -   Buscando classificação CID=57390946...
2026-06-01 19:04:20,937 - INFO -   Buscando descrição CID=57390946...
2026-06-01 19:04:21,922 - INFO -   ✓ Sucesso! CID=57390946

2026-06-01 19:04:22,323 - INFO - [39/75] Processando composto...
2026-06-01 19:04:24,526 - INFO - ✓ Encontrado CID=57390946 via formula='C19H27N5O7S'
2026-06-01 19:04:24,526 - INFO -   Buscando propriedades CID=57390946...
2026-06-01 19:04:25,865 - INFO -   Buscando sinônimos CID=57390946...
2026-06-01 19:04:26,676 - INFO -   Buscando classificação CID=57390946...
2026-06-01 19:04:28,209 - INFO -   Buscando descrição CID=57390946...
2026-06-01 19:04:29,230 - INFO -   ✓ Sucesso! CID=57390946

2026-06-01 19:04:29,631 - INFO - [40/75] Processando composto...
2026-06-01 19:04:32,203 - INFO - ✓ Encontrado CID=57390946 via formula='C19H27N5O7S'
2026-06-01 19:04:32,203 - INFO -   Buscando propriedades CID=57390946...
2026-06-01 19:04:33,633 - INFO -   Buscando sinônimos CID=57390946...
2026-06-01 19:04:34,451 - INFO -   Buscando classificação CID=57390946...
2026-06-01 19:04:35,583 - INFO -   Buscando descrição CID=57390946...
2026-06-01 19:04:36,403 - INFO -   ✓ Sucesso! CID=57390946

2026-06-01 19:04:36,804 - INFO - [41/75] Processando composto...
2026-06-01 19:04:39,017 - INFO - ✓ Encontrado CID=57390946 via formula='C19H27N5O7S'
2026-06-01 19:04:39,017 - INFO -   Buscando propriedades CID=57390946...
2026-06-01 19:04:43,159 - INFO -   Buscando sinônimos CID=57390946...
2026-06-01 19:04:43,977 - INFO -   Buscando classificação CID=57390946...
2026-06-01 19:04:45,110 - INFO -   Buscando descrição CID=57390946...
2026-06-01 19:04:45,934 - INFO -   ✓ Sucesso! CID=57390946

2026-06-01 19:04:46,335 - INFO - [42/75] Processando composto...
2026-06-01 19:04:48,488 - INFO - ✓ Encontrado CID=57390946 via formula='C19H27N5O7S'
2026-06-01 19:04:48,488 - INFO -   Buscando propriedades CID=57390946...
2026-06-01 19:04:49,754 - INFO -   Buscando sinônimos CID=57390946...
2026-06-01 19:04:50,519 - INFO -   Buscando classificação CID=57390946...
2026-06-01 19:04:51,762 - INFO -   Buscando descrição CID=57390946...
2026-06-01 19:04:52,591 - INFO -   ✓ Sucesso! CID=57390946

2026-06-01 19:04:52,992 - INFO - [43/75] Processando composto...
2026-06-01 19:04:57,394 - INFO - ✓ Encontrado CID=57390946 via formula='C19H27N5O7S'
2026-06-01 19:04:57,395 - INFO -   Buscando propriedades CID=57390946...
2026-06-01 19:04:58,860 - INFO -   Buscando sinônimos CID=57390946...
2026-06-01 19:04:59,667 - INFO -   Buscando classificação CID=57390946...
2026-06-01 19:05:00,800 - INFO -   Buscando descrição CID=57390946...
2026-06-01 19:05:01,601 - INFO -   ✓ Sucesso! CID=57390946

2026-06-01 19:05:02,002 - INFO - [44/75] Processando composto...
2026-06-01 19:05:16,237 - INFO - ✓ Encontrado CID=57390946 via formula='C19H27N5O7S'
2026-06-01 19:05:16,237 - INFO -   Buscando propriedades CID=57390946...
2026-06-01 19:05:17,667 - INFO -   Buscando sinônimos CID=57390946...
2026-06-01 19:05:18,383 - INFO -   Buscando classificação CID=57390946...
2026-06-01 19:05:19,329 - INFO -   Buscando descrição CID=57390946...
2026-06-01 19:05:20,031 - INFO -   ✓ Sucesso! CID=57390946

2026-06-01 19:05:20,432 - INFO - [45/75] Processando composto...
2026-06-01 19:05:38,561 - INFO - ✓ Encontrado CID=57390946 via formula='C19H27N5O7S'
2026-06-01 19:05:38,561 - INFO -   Buscando propriedades CID=57390946...
2026-06-01 19:05:39,896 - INFO -   Buscando sinônimos CID=57390946...
2026-06-01 19:05:40,707 - INFO -   Buscando classificação CID=57390946...
2026-06-01 19:05:41,938 - INFO -   Buscando descrição CID=57390946...
2026-06-01 19:05:42,764 - INFO -   ✓ Sucesso! CID=57390946

2026-06-01 19:05:43,165 - INFO - [46/75] Processando composto...
2026-06-01 19:05:45,320 - INFO - ✓ Encontrado CID=57390946 via formula='C19H27N5O7S'
2026-06-01 19:05:45,320 - INFO -   Buscando propriedades CID=57390946...
2026-06-01 19:05:46,653 - INFO -   Buscando sinônimos CID=57390946...
2026-06-01 19:05:47,480 - INFO -   Buscando classificação CID=57390946...
2026-06-01 19:05:48,695 - INFO -   Buscando descrição CID=57390946...
2026-06-01 19:05:49,524 - INFO -   ✓ Sucesso! CID=57390946

2026-06-01 19:05:49,925 - INFO - [47/75] Processando composto...
2026-06-01 19:05:54,331 - INFO - ✓ Encontrado CID=57390946 via formula='C19H27N5O7S'
2026-06-01 19:05:54,331 - INFO -   Buscando propriedades CID=57390946...
2026-06-01 19:05:55,855 - INFO -   Buscando sinônimos CID=57390946...
2026-06-01 19:05:56,696 - INFO -   Buscando classificação CID=57390946...
2026-06-01 19:05:58,015 - INFO -   Buscando descrição CID=57390946...
2026-06-01 19:05:58,850 - INFO -   ✓ Sucesso! CID=57390946

2026-06-01 19:05:59,251 - INFO - [48/75] Processando composto...
2026-06-01 19:06:13,376 - INFO - ✓ Encontrado CID=57390946 via formula='C19H27N5O7S'
2026-06-01 19:06:13,376 - INFO -   Buscando propriedades CID=57390946...
2026-06-01 19:06:14,762 - INFO -   Buscando sinônimos CID=57390946...
2026-06-01 19:06:15,498 - INFO -   Buscando classificação CID=57390946...
2026-06-01 19:06:16,432 - INFO -   Buscando descrição CID=57390946...
2026-06-01 19:06:17,198 - INFO -   ✓ Sucesso! CID=57390946

2026-06-01 19:06:17,599 - INFO - [49/75] Processando composto...
2026-06-01 19:06:23,620 - INFO - ✓ Encontrado CID=57390946 via formula='C19H27N5O7S'
2026-06-01 19:06:23,620 - INFO -   Buscando propriedades CID=57390946...
2026-06-01 19:06:25,253 - INFO -   Buscando sinônimos CID=57390946...
2026-06-01 19:06:25,984 - INFO -   Buscando classificação CID=57390946...
2026-06-01 19:06:27,099 - INFO -   Buscando descrição CID=57390946...
2026-06-01 19:06:27,884 - INFO -   ✓ Sucesso! CID=57390946

2026-06-01 19:06:28,284 - INFO - [50/75] Processando composto...
2026-06-01 19:06:30,377 - INFO - ✓ Encontrado CID=57390946 via formula='C19H27N5O7S'
2026-06-01 19:06:30,378 - INFO -   Buscando propriedades CID=57390946...
2026-06-01 19:06:32,071 - INFO -   Buscando sinônimos CID=57390946...
2026-06-01 19:06:32,931 - INFO -   Buscando classificação CID=57390946...
2026-06-01 19:06:33,991 - INFO -   Buscando descrição CID=57390946...
2026-06-01 19:06:34,781 - INFO -   ✓ Sucesso! CID=57390946

2026-06-01 19:06:35,181 - INFO - [51/75] Processando composto...
2026-06-01 19:06:51,571 - INFO - ✓ Encontrado CID=57390946 via formula='C19H27N5O7S'
2026-06-01 19:06:51,571 - INFO -   Buscando propriedades CID=57390946...
2026-06-01 19:06:52,899 - INFO -   Buscando sinônimos CID=57390946...
2026-06-01 19:06:53,619 - INFO -   Buscando classificação CID=57390946...
2026-06-01 19:06:54,567 - INFO -   Buscando descrição CID=57390946...
2026-06-01 19:06:55,381 - INFO -   ✓ Sucesso! CID=57390946

2026-06-01 19:06:55,781 - INFO - [52/75] Processando composto...
2026-06-01 19:06:58,022 - INFO - ✓ Encontrado CID=57390946 via formula='C19H27N5O7S'
2026-06-01 19:06:58,023 - INFO -   Buscando propriedades CID=57390946...
2026-06-01 19:06:59,368 - INFO -   Buscando sinônimos CID=57390946...
2026-06-01 19:07:00,172 - INFO -   Buscando classificação CID=57390946...
2026-06-01 19:07:01,299 - INFO -   Buscando descrição CID=57390946...
2026-06-01 19:07:02,070 - INFO -   ✓ Sucesso! CID=57390946

2026-06-01 19:07:02,470 - INFO - [53/75] Processando composto...
2026-06-01 19:07:04,578 - INFO - ✓ Encontrado CID=57390946 via formula='C19H27N5O7S'
2026-06-01 19:07:04,578 - INFO -   Buscando propriedades CID=57390946...
2026-06-01 19:07:06,472 - INFO -   Buscando sinônimos CID=57390946...
2026-06-01 19:07:07,234 - INFO -   Buscando classificação CID=57390946...
2026-06-01 19:07:08,278 - INFO -   Buscando descrição CID=57390946...
2026-06-01 19:07:09,088 - INFO -   ✓ Sucesso! CID=57390946

2026-06-01 19:07:09,489 - INFO - [54/75] Processando composto...
2026-06-01 19:07:38,985 - WARNING - HTTP 504 - tentativa 1/3
2026-06-01 19:08:07,859 - WARNING - HTTP 504 - tentativa 2/3
2026-06-01 19:08:09,604 - INFO - ✓ Encontrado CID=57390946 via formula='C19H27N5O7S'
2026-06-01 19:08:09,604 - INFO -   Buscando propriedades CID=57390946...
2026-06-01 19:08:11,242 - INFO -   Buscando sinônimos CID=57390946...
2026-06-01 19:08:12,061 - INFO -   Buscando classificação CID=57390946...
2026-06-01 19:08:13,115 - INFO -   Buscando descrição CID=57390946...
2026-06-01 19:08:13,938 - INFO -   ✓ Sucesso! CID=57390946

2026-06-01 19:08:14,339 - INFO - [55/75] Processando composto...
2026-06-01 19:08:16,461 - INFO - ✓ Encontrado CID=57390946 via formula='C19H27N5O7S'
2026-06-01 19:08:16,461 - INFO -   Buscando propriedades CID=57390946...
2026-06-01 19:08:17,636 - INFO -   Buscando sinônimos CID=57390946...
2026-06-01 19:08:18,455 - INFO -   Buscando classificação CID=57390946...
2026-06-01 19:08:19,538 - INFO -   Buscando descrição CID=57390946...
2026-06-01 19:08:20,296 - INFO -   ✓ Sucesso! CID=57390946

2026-06-01 19:08:20,696 - INFO - [56/75] Processando composto...
2026-06-01 19:08:23,015 - INFO - ✓ Encontrado CID=57390946 via formula='C19H27N5O7S'
2026-06-01 19:08:23,015 - INFO -   Buscando propriedades CID=57390946...
2026-06-01 19:08:24,527 - INFO -   Buscando sinônimos CID=57390946...
2026-06-01 19:08:25,365 - INFO -   Buscando classificação CID=57390946...
2026-06-01 19:08:26,597 - INFO -   Buscando descrição CID=57390946...
2026-06-01 19:08:27,727 - INFO -   ✓ Sucesso! CID=57390946

2026-06-01 19:08:28,127 - INFO - [57/75] Processando composto...
2026-06-01 19:08:30,285 - INFO - ✓ Encontrado CID=57390946 via formula='C19H27N5O7S'
2026-06-01 19:08:30,285 - INFO -   Buscando propriedades CID=57390946...
2026-06-01 19:08:31,798 - INFO -   Buscando sinônimos CID=57390946...
2026-06-01 19:08:32,508 - INFO -   Buscando classificação CID=57390946...
2026-06-01 19:08:33,660 - INFO -   Buscando descrição CID=57390946...
2026-06-01 19:08:34,432 - INFO -   ✓ Sucesso! CID=57390946

2026-06-01 19:08:34,832 - INFO - [58/75] Processando composto...
2026-06-01 19:09:03,972 - WARNING - HTTP 504 - tentativa 1/3
