2026-05-04 23:21:20,678 - INFO - 🔍 Verificando conectividade com ChEBI/OLS API...
2026-05-04 23:21:22,508 - INFO - ✅ Conectividade OK - API ChEBI/OLS acessível
2026-05-04 23:21:22,509 - INFO - 
2026-05-04 23:21:22,513 - INFO - Carregado 5 compostos de /home/vinicius_joacir/QuimioAnalytics/staging/top5_external_input.csv
2026-05-04 23:21:22,514 - INFO - 
============================================================
2026-05-04 23:21:22,514 - INFO - Iniciando extração de 5 compostos do ChEBI
2026-05-04 23:21:22,514 - INFO - ============================================================

2026-05-04 23:21:22,514 - INFO - [1/5] Processando composto...
2026-05-04 23:21:23,948 - INFO - ✓ Encontrado CHEBI:37527 via name='heminordihydroguaiaretic acid'
2026-05-04 23:21:23,949 - INFO -   Buscando dados completos de CHEBI:37527...
2026-05-04 23:21:24,817 - INFO -   ✓ Sucesso! CHEBI:37527

2026-05-04 23:21:24,918 - INFO - [2/5] Processando composto...
2026-05-04 23:21:26,070 - INFO - ✓ Encontrado CHEBI:132424 via formula='C15H16ClN3O2'
2026-05-04 23:21:26,070 - INFO -   Buscando dados completos de CHEBI:132424...
2026-05-04 23:21:26,581 - INFO -   ✓ Sucesso! CHEBI:132424

2026-05-04 23:21:26,682 - INFO - [3/5] Processando composto...
2026-05-04 23:21:27,209 - INFO - ✓ Encontrado CHEBI:18022 via name='Gold(1+) thiocyanate'
2026-05-04 23:21:27,209 - INFO -   Buscando dados completos de CHEBI:18022...
2026-05-04 23:21:27,574 - INFO -   ✓ Sucesso! CHEBI:18022

2026-05-04 23:21:27,674 - INFO - [4/5] Processando composto...
2026-05-04 23:21:28,828 - INFO - ✓ Encontrado CHEBI:192531 via formula='C19H24N3O2'
2026-05-04 23:21:28,828 - INFO -   Buscando dados completos de CHEBI:192531...
2026-05-04 23:21:29,402 - INFO -   ✓ Sucesso! CHEBI:192531

2026-05-04 23:21:29,502 - INFO - [5/5] Processando composto...
2026-05-04 23:21:30,515 - INFO - ✓ Encontrado CHEBI:235467 via formula='C18H22N3O2'
2026-05-04 23:21:30,515 - INFO -   Buscando dados completos de CHEBI:235467...
2026-05-04 23:21:30,883 - INFO -   ✓ Sucesso! CHEBI:235467

2026-05-04 23:21:30,994 - INFO - 
✓ Resultados salvos em: /home/vinicius_joacir/QuimioAnalytics/staging/chebi_raw.parquet
2026-05-04 23:21:30,998 - INFO - ✓ CSV salvo em: /home/vinicius_joacir/QuimioAnalytics/staging/chebi_raw.csv
2026-05-04 23:21:30,998 - INFO - 
============================================================
2026-05-04 23:21:30,998 - INFO - ESTATÍSTICAS FINAIS
2026-05-04 23:21:30,998 - INFO - ============================================================
2026-05-04 23:21:30,998 - INFO - Total processado: 5
2026-05-04 23:21:30,998 - INFO - Sucesso: 5 (100.0%)
2026-05-04 23:21:30,998 - INFO - Falhas: 0 (0.0%)
2026-05-04 23:21:30,998 - INFO - 
Métodos de busca utilizados:
2026-05-04 23:21:30,998 - INFO -   - name: 2
2026-05-04 23:21:30,998 - INFO -   - formula: 3
2026-05-04 23:21:30,998 - INFO - ============================================================

