2026-05-04 23:24:55,203 - INFO - 🔍 Verificando conectividade com ChEBI/OLS API...
2026-05-04 23:24:58,064 - INFO - ✅ Conectividade OK - API ChEBI/OLS acessível
2026-05-04 23:24:58,065 - INFO - 
2026-05-04 23:24:58,070 - INFO - Carregado 5 compostos de /home/vinicius_joacir/QuimioAnalytics/staging/top5_external_input.csv
2026-05-04 23:24:58,070 - INFO - 
============================================================
2026-05-04 23:24:58,070 - INFO - Iniciando extração de 5 compostos do ChEBI
2026-05-04 23:24:58,070 - INFO - ============================================================

2026-05-04 23:24:58,071 - INFO - [1/5] Processando composto...
2026-05-04 23:24:59,907 - INFO - ✓ Encontrado CHEBI:37527 via name='heminordihydroguaiaretic acid'
2026-05-04 23:24:59,907 - INFO -   Buscando dados completos de CHEBI:37527...
2026-05-04 23:25:00,736 - INFO -   ✓ Sucesso! CHEBI:37527

2026-05-04 23:25:00,836 - INFO - [2/5] Processando composto...
2026-05-04 23:25:02,775 - INFO - ✓ Encontrado CHEBI:132424 via formula='C15H16ClN3O2'
2026-05-04 23:25:02,775 - INFO -   Buscando dados completos de CHEBI:132424...
2026-05-04 23:25:03,281 - INFO -   ✓ Sucesso! CHEBI:132424

2026-05-04 23:25:03,381 - INFO - [3/5] Processando composto...
2026-05-04 23:25:04,311 - INFO - ✓ Encontrado CHEBI:18022 via name='Gold(1+) thiocyanate'
2026-05-04 23:25:04,311 - INFO -   Buscando dados completos de CHEBI:18022...
2026-05-04 23:25:04,701 - INFO -   ✓ Sucesso! CHEBI:18022

2026-05-04 23:25:04,801 - INFO - [4/5] Processando composto...
2026-05-04 23:25:06,064 - INFO - ✓ Encontrado CHEBI:192531 via formula='C19H24N3O2'
2026-05-04 23:25:06,064 - INFO -   Buscando dados completos de CHEBI:192531...
2026-05-04 23:25:06,427 - INFO -   ✓ Sucesso! CHEBI:192531

2026-05-04 23:25:06,528 - INFO - [5/5] Processando composto...
2026-05-04 23:25:07,690 - INFO - ✓ Encontrado CHEBI:235467 via formula='C18H22N3O2'
2026-05-04 23:25:07,690 - INFO -   Buscando dados completos de CHEBI:235467...
2026-05-04 23:25:08,054 - INFO -   ✓ Sucesso! CHEBI:235467

2026-05-04 23:25:08,164 - INFO - 
✓ Resultados salvos em: /home/vinicius_joacir/QuimioAnalytics/staging/chebi_raw.parquet
2026-05-04 23:25:08,167 - INFO - ✓ CSV salvo em: /home/vinicius_joacir/QuimioAnalytics/staging/chebi_raw.csv
2026-05-04 23:25:08,167 - INFO - 
============================================================
2026-05-04 23:25:08,167 - INFO - ESTATÍSTICAS FINAIS
2026-05-04 23:25:08,167 - INFO - ============================================================
2026-05-04 23:25:08,167 - INFO - Total processado: 5
2026-05-04 23:25:08,167 - INFO - Sucesso: 5 (100.0%)
2026-05-04 23:25:08,167 - INFO - Falhas: 0 (0.0%)
2026-05-04 23:25:08,167 - INFO - 
Métodos de busca utilizados:
2026-05-04 23:25:08,167 - INFO -   - name: 2
2026-05-04 23:25:08,168 - INFO -   - formula: 3
2026-05-04 23:25:08,168 - INFO - ============================================================

