2026-05-04 23:19:56,271 - INFO - 🔍 Verificando conectividade com ChEBI/OLS API...
2026-05-04 23:19:58,069 - INFO - ✅ Conectividade OK - API ChEBI/OLS acessível
2026-05-04 23:19:58,070 - INFO - 
2026-05-04 23:19:58,074 - INFO - Carregado 5 compostos de /home/vinicius_joacir/QuimioAnalytics/staging/top5_external_input.csv
2026-05-04 23:19:58,074 - INFO - 
============================================================
2026-05-04 23:19:58,074 - INFO - Iniciando extração de 5 compostos do ChEBI
2026-05-04 23:19:58,074 - INFO - ============================================================

2026-05-04 23:19:58,075 - INFO - [1/5] Processando composto...
2026-05-04 23:20:00,550 - INFO - ✓ Encontrado CHEBI:37527 via name='heminordihydroguaiaretic acid'
2026-05-04 23:20:00,551 - INFO -   Buscando dados completos de CHEBI:37527...
2026-05-04 23:20:01,360 - INFO -   ✓ Sucesso! CHEBI:37527

2026-05-04 23:20:01,460 - INFO - [2/5] Processando composto...
2026-05-04 23:20:03,317 - INFO - ✓ Encontrado CHEBI:132424 via formula='C15H16ClN3O2'
2026-05-04 23:20:03,317 - INFO -   Buscando dados completos de CHEBI:132424...
2026-05-04 23:20:03,808 - INFO -   ✓ Sucesso! CHEBI:132424

2026-05-04 23:20:03,909 - INFO - [3/5] Processando composto...
2026-05-04 23:20:04,750 - INFO - ✓ Encontrado CHEBI:18022 via name='Gold(1+) thiocyanate'
2026-05-04 23:20:04,750 - INFO -   Buscando dados completos de CHEBI:18022...
2026-05-04 23:20:05,118 - INFO -   ✓ Sucesso! CHEBI:18022

2026-05-04 23:20:05,219 - INFO - [4/5] Processando composto...
2026-05-04 23:20:06,506 - INFO - ✓ Encontrado CHEBI:192531 via formula='C19H24N3O2'
2026-05-04 23:20:06,506 - INFO -   Buscando dados completos de CHEBI:192531...
2026-05-04 23:20:06,865 - INFO -   ✓ Sucesso! CHEBI:192531

2026-05-04 23:20:06,965 - INFO - [5/5] Processando composto...
2026-05-04 23:20:08,130 - INFO - ✓ Encontrado CHEBI:235467 via formula='C18H22N3O2'
2026-05-04 23:20:08,130 - INFO -   Buscando dados completos de CHEBI:235467...
2026-05-04 23:20:08,505 - INFO -   ✓ Sucesso! CHEBI:235467

2026-05-04 23:20:08,615 - INFO - 
✓ Resultados salvos em: /home/vinicius_joacir/QuimioAnalytics/staging/chebi_raw.parquet
2026-05-04 23:20:08,620 - INFO - ✓ CSV salvo em: /home/vinicius_joacir/QuimioAnalytics/staging/chebi_raw.csv
2026-05-04 23:20:08,620 - INFO - 
============================================================
2026-05-04 23:20:08,620 - INFO - ESTATÍSTICAS FINAIS
2026-05-04 23:20:08,620 - INFO - ============================================================
2026-05-04 23:20:08,620 - INFO - Total processado: 5
2026-05-04 23:20:08,620 - INFO - Sucesso: 5 (100.0%)
2026-05-04 23:20:08,620 - INFO - Falhas: 0 (0.0%)
2026-05-04 23:20:08,620 - INFO - 
Métodos de busca utilizados:
2026-05-04 23:20:08,620 - INFO -   - name: 2
2026-05-04 23:20:08,620 - INFO -   - formula: 3
2026-05-04 23:20:08,620 - INFO - ============================================================

