2026-05-04 23:26:41,962 - INFO - 🔍 Verificando conectividade com ChEBI/OLS API...
2026-05-04 23:26:44,088 - INFO - ✅ Conectividade OK - API ChEBI/OLS acessível
2026-05-04 23:26:44,089 - INFO - 
2026-05-04 23:26:44,095 - INFO - Carregado 5 compostos de /home/vinicius_joacir/QuimioAnalytics/staging/top5_external_input.csv
2026-05-04 23:26:44,095 - INFO - 
============================================================
2026-05-04 23:26:44,095 - INFO - Iniciando extração de 5 compostos do ChEBI
2026-05-04 23:26:44,095 - INFO - ============================================================

2026-05-04 23:26:44,096 - INFO - [1/5] Processando composto...
2026-05-04 23:26:45,409 - INFO - ✓ Encontrado CHEBI:37527 via name='heminordihydroguaiaretic acid'
2026-05-04 23:26:45,409 - INFO -   Buscando dados completos de CHEBI:37527...
2026-05-04 23:26:46,265 - INFO -   ✓ Sucesso! CHEBI:37527

2026-05-04 23:26:46,365 - INFO - [2/5] Processando composto...
2026-05-04 23:26:47,540 - INFO - ✓ Encontrado CHEBI:132424 via formula='C15H16ClN3O2'
2026-05-04 23:26:47,540 - INFO -   Buscando dados completos de CHEBI:132424...
2026-05-04 23:26:48,076 - INFO -   ✓ Sucesso! CHEBI:132424

2026-05-04 23:26:48,177 - INFO - [3/5] Processando composto...
2026-05-04 23:26:48,902 - INFO - ✓ Encontrado CHEBI:18022 via name='Gold(1+) thiocyanate'
2026-05-04 23:26:48,902 - INFO -   Buscando dados completos de CHEBI:18022...
2026-05-04 23:26:49,358 - INFO -   ✓ Sucesso! CHEBI:18022

2026-05-04 23:26:49,459 - INFO - [4/5] Processando composto...
2026-05-04 23:26:50,714 - INFO - ✓ Encontrado CHEBI:192531 via formula='C19H24N3O2'
2026-05-04 23:26:50,715 - INFO -   Buscando dados completos de CHEBI:192531...
2026-05-04 23:26:51,084 - INFO -   ✓ Sucesso! CHEBI:192531

2026-05-04 23:26:51,184 - INFO - [5/5] Processando composto...
2026-05-04 23:26:52,353 - INFO - ✓ Encontrado CHEBI:235467 via formula='C18H22N3O2'
2026-05-04 23:26:52,353 - INFO -   Buscando dados completos de CHEBI:235467...
2026-05-04 23:26:52,723 - INFO -   ✓ Sucesso! CHEBI:235467

2026-05-04 23:26:52,834 - INFO - 
✓ Resultados salvos em: /home/vinicius_joacir/QuimioAnalytics/staging/chebi_raw.parquet
2026-05-04 23:26:52,838 - INFO - ✓ CSV salvo em: /home/vinicius_joacir/QuimioAnalytics/staging/chebi_raw.csv
2026-05-04 23:26:52,838 - INFO - 
============================================================
2026-05-04 23:26:52,838 - INFO - ESTATÍSTICAS FINAIS
2026-05-04 23:26:52,838 - INFO - ============================================================
2026-05-04 23:26:52,838 - INFO - Total processado: 5
2026-05-04 23:26:52,838 - INFO - Sucesso: 5 (100.0%)
2026-05-04 23:26:52,838 - INFO - Falhas: 0 (0.0%)
2026-05-04 23:26:52,838 - INFO - 
Métodos de busca utilizados:
2026-05-04 23:26:52,838 - INFO -   - name: 2
2026-05-04 23:26:52,838 - INFO -   - formula: 3
2026-05-04 23:26:52,838 - INFO - ============================================================

