2026-05-04 23:24:23,838 - INFO - 🔍 Verificando conectividade com PubChem API...
2026-05-04 23:24:24,298 - INFO - ✅ Conectividade OK - API PubChem acessível
2026-05-04 23:24:24,298 - INFO - 
2026-05-04 23:24:24,302 - INFO - Carregado 5 compostos de /home/vinicius_joacir/QuimioAnalytics/staging/top5_external_input.csv
2026-05-04 23:24:24,303 - INFO - 
============================================================
2026-05-04 23:24:24,303 - INFO - Iniciando extração de 5 compostos do PubChem
2026-05-04 23:24:24,303 - INFO - ============================================================

2026-05-04 23:24:24,303 - INFO - [1/5] Processando composto...
2026-05-04 23:24:24,755 - INFO - ✓ Encontrado CID=122821 via name='heminordihydroguaiaretic acid'
2026-05-04 23:24:24,755 - INFO -   Buscando propriedades CID=122821...
2026-05-04 23:24:25,965 - INFO -   Buscando sinônimos CID=122821...
2026-05-04 23:24:26,650 - INFO -   Buscando classificação CID=122821...
2026-05-04 23:24:29,383 - INFO -   Buscando descrição CID=122821...
2026-05-04 23:24:30,069 - INFO -   ✓ Sucesso! CID=122821

2026-05-04 23:24:30,469 - INFO - [2/5] Processando composto...
2026-05-04 23:24:30,950 - INFO - ✓ Encontrado CID=53167904 via name='N-(5-chloro-2-methoxyphenyl)-5,6,7,8-tetrahydroimidazo[1,2-a]pyridine-2-carboxamide'
2026-05-04 23:24:30,950 - INFO -   Buscando propriedades CID=53167904...
2026-05-04 23:24:32,439 - INFO -   Buscando sinônimos CID=53167904...
2026-05-04 23:24:33,099 - INFO -   Buscando classificação CID=53167904...
2026-05-04 23:24:33,746 - INFO -   Buscando descrição CID=53167904...
2026-05-04 23:24:34,432 - INFO -   ✓ Sucesso! CID=53167904

2026-05-04 23:24:34,833 - INFO - [3/5] Processando composto...
2026-05-04 23:24:36,789 - INFO - ✓ Encontrado CID=14849489 via formula='CAuNS'
2026-05-04 23:24:36,790 - INFO -   Buscando propriedades CID=14849489...
2026-05-04 23:24:38,599 - INFO -   Buscando sinônimos CID=14849489...
2026-05-04 23:24:39,270 - INFO -   Buscando classificação CID=14849489...
2026-05-04 23:24:40,555 - INFO -   Buscando descrição CID=14849489...
2026-05-04 23:24:41,247 - INFO -   ✓ Sucesso! CID=14849489

2026-05-04 23:24:41,647 - INFO - [4/5] Processando composto...
2026-05-04 23:24:43,527 - INFO - ✓ Encontrado CID=135964587 via formula='C19H24N3O2'
2026-05-04 23:24:43,528 - INFO -   Buscando propriedades CID=135964587...
2026-05-04 23:24:44,920 - INFO -   Buscando sinônimos CID=135964587...
2026-05-04 23:24:45,582 - INFO -   Buscando classificação CID=135964587...
2026-05-04 23:24:46,229 - INFO -   Buscando descrição CID=135964587...
2026-05-04 23:24:46,924 - INFO -   ✓ Sucesso! CID=135964587

2026-05-04 23:24:47,324 - INFO - [5/5] Processando composto...
2026-05-04 23:24:49,440 - INFO - ✓ Encontrado CID=13967 via formula='C18H22N3O2'
2026-05-04 23:24:49,440 - INFO -   Buscando propriedades CID=13967...
2026-05-04 23:24:50,666 - INFO -   Buscando sinônimos CID=13967...
2026-05-04 23:24:51,328 - INFO -   Buscando classificação CID=13967...
2026-05-04 23:24:52,722 - INFO -   Buscando descrição CID=13967...
2026-05-04 23:24:53,399 - INFO -   ✓ Sucesso! CID=13967

2026-05-04 23:24:53,810 - INFO - 
✓ Resultados salvos em: /home/vinicius_joacir/QuimioAnalytics/staging/pubchem_raw.parquet
2026-05-04 23:24:53,812 - INFO - ✓ CSV salvo em: /home/vinicius_joacir/QuimioAnalytics/staging/pubchem_raw.csv
2026-05-04 23:24:53,812 - INFO - 
============================================================
2026-05-04 23:24:53,812 - INFO - ESTATÍSTICAS FINAIS
2026-05-04 23:24:53,812 - INFO - ============================================================
2026-05-04 23:24:53,812 - INFO - Total processado: 5
2026-05-04 23:24:53,812 - INFO - Sucesso: 5 (100.0%)
2026-05-04 23:24:53,812 - INFO - Falhas: 0 (0.0%)
2026-05-04 23:24:53,812 - INFO - 
Métodos de busca utilizados:
2026-05-04 23:24:53,812 - INFO -   - name: 2
2026-05-04 23:24:53,812 - INFO -   - formula: 3
2026-05-04 23:24:53,812 - INFO - ============================================================

