2026-05-04 23:23:50,630 - INFO - 🔍 Verificando conectividade com PubChem API...
2026-05-04 23:23:51,132 - INFO - ✅ Conectividade OK - API PubChem acessível
2026-05-04 23:23:51,133 - INFO - 
2026-05-04 23:23:51,137 - INFO - Carregado 5 compostos de /home/vinicius_joacir/QuimioAnalytics/staging/top5_external_input.csv
2026-05-04 23:23:51,137 - INFO - 
============================================================
2026-05-04 23:23:51,137 - INFO - Iniciando extração de 5 compostos do PubChem
2026-05-04 23:23:51,137 - INFO - ============================================================

2026-05-04 23:23:51,138 - INFO - [1/5] Processando composto...
2026-05-04 23:23:51,602 - INFO - ✓ Encontrado CID=122821 via name='heminordihydroguaiaretic acid'
2026-05-04 23:23:51,603 - INFO -   Buscando propriedades CID=122821...
2026-05-04 23:23:52,835 - INFO -   Buscando sinônimos CID=122821...
2026-05-04 23:23:53,512 - INFO -   Buscando classificação CID=122821...
2026-05-04 23:23:55,045 - INFO -   Buscando descrição CID=122821...
2026-05-04 23:23:55,750 - INFO -   ✓ Sucesso! CID=122821

2026-05-04 23:23:56,151 - INFO - [2/5] Processando composto...
2026-05-04 23:23:56,765 - INFO - ✓ Encontrado CID=53167904 via name='N-(5-chloro-2-methoxyphenyl)-5,6,7,8-tetrahydroimidazo[1,2-a]pyridine-2-carboxamide'
2026-05-04 23:23:56,765 - INFO -   Buscando propriedades CID=53167904...
2026-05-04 23:23:58,071 - INFO -   Buscando sinônimos CID=53167904...
2026-05-04 23:23:58,728 - INFO -   Buscando classificação CID=53167904...
2026-05-04 23:23:59,373 - INFO -   Buscando descrição CID=53167904...
2026-05-04 23:24:00,106 - INFO -   ✓ Sucesso! CID=53167904

2026-05-04 23:24:00,506 - INFO - [3/5] Processando composto...
2026-05-04 23:24:02,828 - INFO - ✓ Encontrado CID=14849489 via formula='CAuNS'
2026-05-04 23:24:02,828 - INFO -   Buscando propriedades CID=14849489...
2026-05-04 23:24:04,026 - INFO -   Buscando sinônimos CID=14849489...
2026-05-04 23:24:04,689 - INFO -   Buscando classificação CID=14849489...
2026-05-04 23:24:06,525 - INFO -   Buscando descrição CID=14849489...
2026-05-04 23:24:07,207 - INFO -   ✓ Sucesso! CID=14849489

2026-05-04 23:24:07,608 - INFO - [4/5] Processando composto...
2026-05-04 23:24:09,451 - INFO - ✓ Encontrado CID=135964587 via formula='C19H24N3O2'
2026-05-04 23:24:09,451 - INFO -   Buscando propriedades CID=135964587...
2026-05-04 23:24:10,905 - INFO -   Buscando sinônimos CID=135964587...
2026-05-04 23:24:11,562 - INFO -   Buscando classificação CID=135964587...
2026-05-04 23:24:12,808 - INFO -   Buscando descrição CID=135964587...
2026-05-04 23:24:13,499 - INFO -   ✓ Sucesso! CID=135964587

2026-05-04 23:24:13,899 - INFO - [5/5] Processando composto...
2026-05-04 23:24:16,024 - INFO - ✓ Encontrado CID=13967 via formula='C18H22N3O2'
2026-05-04 23:24:16,025 - INFO -   Buscando propriedades CID=13967...
2026-05-04 23:24:17,670 - INFO -   Buscando sinônimos CID=13967...
2026-05-04 23:24:18,365 - INFO -   Buscando classificação CID=13967...
2026-05-04 23:24:21,355 - INFO -   Buscando descrição CID=13967...
2026-05-04 23:24:22,050 - INFO -   ✓ Sucesso! CID=13967

2026-05-04 23:24:22,461 - INFO - 
✓ Resultados salvos em: /home/vinicius_joacir/QuimioAnalytics/staging/pubchem_raw.parquet
2026-05-04 23:24:22,463 - INFO - ✓ CSV salvo em: /home/vinicius_joacir/QuimioAnalytics/staging/pubchem_raw.csv
2026-05-04 23:24:22,463 - INFO - 
============================================================
2026-05-04 23:24:22,463 - INFO - ESTATÍSTICAS FINAIS
2026-05-04 23:24:22,463 - INFO - ============================================================
2026-05-04 23:24:22,463 - INFO - Total processado: 5
2026-05-04 23:24:22,464 - INFO - Sucesso: 5 (100.0%)
2026-05-04 23:24:22,464 - INFO - Falhas: 0 (0.0%)
2026-05-04 23:24:22,464 - INFO - 
Métodos de busca utilizados:
2026-05-04 23:24:22,464 - INFO -   - name: 2
2026-05-04 23:24:22,464 - INFO -   - formula: 3
2026-05-04 23:24:22,464 - INFO - ============================================================

