2026-05-04 23:21:51,123 - INFO - 🔍 Verificando conectividade com PubChem API...
2026-05-04 23:21:51,651 - INFO - ✅ Conectividade OK - API PubChem acessível
2026-05-04 23:21:51,652 - INFO - 
2026-05-04 23:21:51,656 - INFO - Carregado 5 compostos de /home/vinicius_joacir/QuimioAnalytics/staging/top5_external_input.csv
2026-05-04 23:21:51,656 - INFO - 
============================================================
2026-05-04 23:21:51,656 - INFO - Iniciando extração de 5 compostos do PubChem
2026-05-04 23:21:51,656 - INFO - ============================================================

2026-05-04 23:21:51,657 - INFO - [1/5] Processando composto...
2026-05-04 23:21:52,114 - INFO - ✓ Encontrado CID=122821 via name='heminordihydroguaiaretic acid'
2026-05-04 23:21:52,114 - INFO -   Buscando propriedades CID=122821...
2026-05-04 23:21:53,431 - INFO -   Buscando sinônimos CID=122821...
2026-05-04 23:21:54,106 - INFO -   Buscando classificação CID=122821...
2026-05-04 23:21:56,029 - INFO -   Buscando descrição CID=122821...
2026-05-04 23:21:56,746 - INFO -   ✓ Sucesso! CID=122821

2026-05-04 23:21:57,146 - INFO - [2/5] Processando composto...
2026-05-04 23:21:57,593 - INFO - ✓ Encontrado CID=53167904 via name='N-(5-chloro-2-methoxyphenyl)-5,6,7,8-tetrahydroimidazo[1,2-a]pyridine-2-carboxamide'
2026-05-04 23:21:57,593 - INFO -   Buscando propriedades CID=53167904...
2026-05-04 23:21:59,113 - INFO -   Buscando sinônimos CID=53167904...
2026-05-04 23:21:59,777 - INFO -   Buscando classificação CID=53167904...
2026-05-04 23:22:01,924 - INFO -   Buscando descrição CID=53167904...
2026-05-04 23:22:02,611 - INFO -   ✓ Sucesso! CID=53167904

2026-05-04 23:22:03,012 - INFO - [3/5] Processando composto...
2026-05-04 23:22:04,949 - INFO - ✓ Encontrado CID=14849489 via formula='CAuNS'
2026-05-04 23:22:04,950 - INFO -   Buscando propriedades CID=14849489...
2026-05-04 23:22:06,272 - INFO -   Buscando sinônimos CID=14849489...
2026-05-04 23:22:06,979 - INFO -   Buscando classificação CID=14849489...
2026-05-04 23:22:08,986 - INFO -   Buscando descrição CID=14849489...
2026-05-04 23:22:09,760 - INFO -   ✓ Sucesso! CID=14849489

2026-05-04 23:22:10,160 - INFO - [4/5] Processando composto...
2026-05-04 23:22:12,115 - INFO - ✓ Encontrado CID=135964587 via formula='C19H24N3O2'
2026-05-04 23:22:12,115 - INFO -   Buscando propriedades CID=135964587...
2026-05-04 23:22:13,582 - INFO -   Buscando sinônimos CID=135964587...
2026-05-04 23:22:14,243 - INFO -   Buscando classificação CID=135964587...
2026-05-04 23:22:15,343 - INFO -   Buscando descrição CID=135964587...
2026-05-04 23:22:16,053 - INFO -   ✓ Sucesso! CID=135964587

2026-05-04 23:22:16,454 - INFO - [5/5] Processando composto...
2026-05-04 23:22:18,365 - INFO - ✓ Encontrado CID=13967 via formula='C18H22N3O2'
2026-05-04 23:22:18,365 - INFO -   Buscando propriedades CID=13967...
2026-05-04 23:22:19,686 - INFO -   Buscando sinônimos CID=13967...
2026-05-04 23:22:20,948 - INFO -   Buscando classificação CID=13967...
2026-05-04 23:22:23,469 - INFO -   Buscando descrição CID=13967...
2026-05-04 23:22:24,307 - INFO -   ✓ Sucesso! CID=13967

2026-05-04 23:22:24,724 - INFO - 
✓ Resultados salvos em: /home/vinicius_joacir/QuimioAnalytics/staging/pubchem_raw.parquet
2026-05-04 23:22:24,728 - INFO - ✓ CSV salvo em: /home/vinicius_joacir/QuimioAnalytics/staging/pubchem_raw.csv
2026-05-04 23:22:24,728 - INFO - 
============================================================
2026-05-04 23:22:24,729 - INFO - ESTATÍSTICAS FINAIS
2026-05-04 23:22:24,729 - INFO - ============================================================
2026-05-04 23:22:24,729 - INFO - Total processado: 5
2026-05-04 23:22:24,729 - INFO - Sucesso: 5 (100.0%)
2026-05-04 23:22:24,729 - INFO - Falhas: 0 (0.0%)
2026-05-04 23:22:24,729 - INFO - 
Métodos de busca utilizados:
2026-05-04 23:22:24,729 - INFO -   - name: 2
2026-05-04 23:22:24,729 - INFO -   - formula: 3
2026-05-04 23:22:24,729 - INFO - ============================================================

