2026-05-10 16:25:36,490 - INFO - 🔍 Verificando conectividade com PubChem API...
2026-05-10 16:25:37,346 - INFO - ✅ Conectividade OK - API PubChem acessível
2026-05-10 16:25:37,348 - INFO - 
2026-05-10 16:25:37,398 - INFO - Carregado 6139 compostos de /home/vinicius_joacir/QuimioAnalytics/staging/top5_external_input.csv
2026-05-10 16:25:37,398 - INFO - 
============================================================
2026-05-10 16:25:37,398 - INFO - Iniciando extração de 6139 compostos do PubChem
2026-05-10 16:25:37,398 - INFO - ============================================================

2026-05-10 16:25:37,401 - INFO - [1/6139] Processando composto...
2026-05-10 16:25:39,496 - INFO - ✓ Encontrado CID=129870981 via formula='C7HBrClN3'
2026-05-10 16:25:39,497 - INFO -   Buscando propriedades CID=129870981...
2026-05-10 16:25:43,646 - INFO -   Buscando sinônimos CID=129870981...
2026-05-10 16:25:44,410 - INFO -   Buscando classificação CID=129870981...
2026-05-10 16:25:46,663 - INFO -   Buscando descrição CID=129870981...
2026-05-10 16:25:47,490 - INFO -   ✓ Sucesso! CID=129870981

2026-05-10 16:25:47,892 - INFO - [2/6139] Processando composto...
2026-05-10 16:25:48,510 - INFO - ✓ Encontrado CID=6422 via name='trifluoroacetic acid'
2026-05-10 16:25:48,512 - INFO -   Buscando propriedades CID=6422...
2026-05-10 16:25:50,795 - INFO -   Buscando sinônimos CID=6422...
2026-05-10 16:25:51,653 - INFO -   Buscando classificação CID=6422...
2026-05-10 16:26:07,114 - WARNING - Timeout - tentativa 1/3
2026-05-10 16:26:22,647 - WARNING - Timeout - tentativa 2/3
2026-05-10 16:26:38,448 - WARNING - Timeout - tentativa 3/3
2026-05-10 16:26:39,249 - INFO -   Buscando descrição CID=6422...
2026-05-10 16:26:42,061 - INFO -   ✓ Sucesso! CID=6422

2026-05-10 16:26:42,463 - INFO - [3/6139] Processando composto...
2026-05-10 16:26:43,189 - INFO - ✓ Encontrado CID=6422 via name='Trifluoroacetic acid'
2026-05-10 16:26:43,189 - INFO -   Buscando propriedades CID=6422...
2026-05-10 16:26:44,741 - INFO -   Buscando sinônimos CID=6422...
2026-05-10 16:26:45,579 - INFO -   Buscando classificação CID=6422...
2026-05-10 16:27:00,959 - WARNING - Timeout - tentativa 1/3
2026-05-10 16:27:16,500 - WARNING - Timeout - tentativa 2/3
2026-05-10 16:27:32,313 - WARNING - Timeout - tentativa 3/3
2026-05-10 16:27:33,113 - INFO -   Buscando descrição CID=6422...
2026-05-10 16:27:33,887 - INFO -   ✓ Sucesso! CID=6422

2026-05-10 16:27:34,288 - INFO - [4/6139] Processando composto...
2026-05-10 16:27:36,438 - INFO - ✓ Encontrado CID=22392675 via formula='C2H3F3O3'
2026-05-10 16:27:36,439 - INFO -   Buscando propriedades CID=22392675...
2026-05-10 16:27:37,924 - INFO -   Buscando sinônimos CID=22392675...
2026-05-10 16:27:38,710 - INFO -   Buscando classificação CID=22392675...
2026-05-10 16:27:42,939 - INFO -   Buscando descrição CID=22392675...
2026-05-10 16:27:43,809 - INFO -   ✓ Sucesso! CID=22392675

2026-05-10 16:27:44,211 - INFO - [5/6139] Processando composto...
2026-05-10 16:27:44,837 - INFO - ✓ Encontrado CID=18626851 via name='3,4-Diethynylthiophene'
2026-05-10 16:27:44,838 - INFO -   Buscando propriedades CID=18626851...
2026-05-10 16:27:46,317 - INFO -   Buscando sinônimos CID=18626851...
2026-05-10 16:27:47,214 - INFO -   Buscando classificação CID=18626851...
2026-05-10 16:27:50,476 - INFO -   Buscando descrição CID=18626851...
2026-05-10 16:27:51,518 - INFO -   ✓ Sucesso! CID=18626851

2026-05-10 16:27:51,920 - INFO - [6/6139] Processando composto...
2026-05-10 16:27:52,477 - INFO - ✓ Encontrado CID=18626855 via name='2,3-Diethynylthiophene'
2026-05-10 16:27:52,478 - INFO -   Buscando propriedades CID=18626855...
2026-05-10 16:27:53,782 - INFO -   Buscando sinônimos CID=18626855...
2026-05-10 16:27:54,800 - INFO -   Buscando classificação CID=18626855...
2026-05-10 16:27:57,060 - INFO -   Buscando descrição CID=18626855...
2026-05-10 16:27:57,853 - INFO -   ✓ Sucesso! CID=18626855

2026-05-10 16:27:58,254 - INFO - [7/6139] Processando composto...
2026-05-10 16:27:58,867 - INFO - ✓ Encontrado CID=45079182 via name='2,4-Diethynylthiophene'
2026-05-10 16:27:58,868 - INFO -   Buscando propriedades CID=45079182...
2026-05-10 16:28:00,399 - INFO -   Buscando sinônimos CID=45079182...
2026-05-10 16:28:01,219 - INFO -   Buscando classificação CID=45079182...
2026-05-10 16:28:04,192 - INFO -   Buscando descrição CID=45079182...
2026-05-10 16:28:04,931 - INFO -   ✓ Sucesso! CID=45079182

2026-05-10 16:28:05,333 - INFO - [8/6139] Processando composto...
2026-05-10 16:28:07,672 - INFO - ✓ Encontrado CID=11344040 via formula='C8H4S'
2026-05-10 16:28:07,673 - INFO -   Buscando propriedades CID=11344040...
2026-05-10 16:28:09,204 - INFO -   Buscando sinônimos CID=11344040...
2026-05-10 16:28:10,017 - INFO -   Buscando classificação CID=11344040...
2026-05-10 16:28:12,941 - INFO -   Buscando descrição CID=11344040...
2026-05-10 16:28:13,746 - INFO -   ✓ Sucesso! CID=11344040

2026-05-10 16:28:14,147 - INFO - [9/6139] Processando composto...
2026-05-10 16:28:14,738 - INFO - ✓ Encontrado CID=23338150 via name='Tetrazolo[1,5-a]quinazoline'
2026-05-10 16:28:14,740 - INFO -   Buscando propriedades CID=23338150...
2026-05-10 16:28:16,277 - INFO -   Buscando sinônimos CID=23338150...
2026-05-10 16:28:17,082 - INFO -   Buscando classificação CID=23338150...
2026-05-10 16:28:18,838 - INFO -   Buscando descrição CID=23338150...
2026-05-10 16:28:19,665 - INFO -   ✓ Sucesso! CID=23338150

2026-05-10 16:28:20,067 - INFO - [10/6139] Processando composto...
2026-05-10 16:28:20,678 - INFO - ✓ Encontrado CID=278089 via name='tetrazolo(1,5-c)quinazoline'
2026-05-10 16:28:20,679 - INFO -   Buscando propriedades CID=278089...
2026-05-10 16:28:22,320 - INFO -   Buscando sinônimos CID=278089...
2026-05-10 16:28:23,158 - INFO -   Buscando classificação CID=278089...
2026-05-10 16:28:25,698 - INFO -   Buscando descrição CID=278089...
2026-05-10 16:28:26,543 - INFO -   ✓ Sucesso! CID=278089

2026-05-10 16:28:26,945 - INFO - [11/6139] Processando composto...
2026-05-10 16:28:27,538 - INFO - ✓ Encontrado CID=67083485 via name='imidazopyridopyrimidine'
2026-05-10 16:28:27,539 - INFO -   Buscando propriedades CID=67083485...
2026-05-10 16:28:29,276 - INFO -   Buscando sinônimos CID=67083485...
2026-05-10 16:28:30,086 - INFO -   Buscando classificação CID=67083485...
2026-05-10 16:28:32,257 - INFO -   Buscando descrição CID=67083485...
2026-05-10 16:28:33,085 - INFO -   ✓ Sucesso! CID=67083485

2026-05-10 16:28:33,487 - INFO - [12/6139] Processando composto...
2026-05-10 16:28:36,034 - INFO - ✓ Encontrado CID=24702432 via formula='C8H5N5'
2026-05-10 16:28:36,034 - INFO -   Buscando propriedades CID=24702432...
2026-05-10 16:28:37,669 - INFO -   Buscando sinônimos CID=24702432...
2026-05-10 16:28:38,500 - INFO -   Buscando classificação CID=24702432...
2026-05-10 16:28:40,956 - INFO -   Buscando descrição CID=24702432...
2026-05-10 16:28:41,832 - INFO -   ✓ Sucesso! CID=24702432

2026-05-10 16:28:42,234 - INFO - [13/6139] Processando composto...
2026-05-10 16:28:42,901 - INFO - ✓ Encontrado CID=54133848 via name='3H-Imidazo[4′,5′:4,5]pyrido[2,3-d]pyrimidine'
2026-05-10 16:28:42,902 - INFO -   Buscando propriedades CID=54133848...
2026-05-10 16:28:44,470 - INFO -   Buscando sinônimos CID=54133848...
2026-05-10 16:28:45,178 - INFO -   Buscando classificação CID=54133848...
2026-05-10 16:28:48,117 - INFO -   Buscando descrição CID=54133848...
2026-05-10 16:28:48,945 - INFO -   ✓ Sucesso! CID=54133848

2026-05-10 16:28:49,347 - INFO - [14/6139] Processando composto...
2026-05-10 16:28:54,165 - INFO - ✓ Encontrado CID=631170 via formula='C19H18O6'
2026-05-10 16:28:54,166 - INFO -   Buscando propriedades CID=631170...
2026-05-10 16:28:55,693 - INFO -   Buscando sinônimos CID=631170...
2026-05-10 16:28:56,603 - INFO -   Buscando classificação CID=631170...
2026-05-10 16:29:00,850 - INFO -   Buscando descrição CID=631170...
2026-05-10 16:29:01,650 - INFO -   ✓ Sucesso! CID=631170

2026-05-10 16:29:02,051 - INFO - [15/6139] Processando composto...
2026-05-10 16:29:04,507 - INFO - ✓ Encontrado CID=631170 via formula='C19H18O6'
2026-05-10 16:29:04,508 - INFO -   Buscando propriedades CID=631170...
2026-05-10 16:29:05,762 - INFO -   Buscando sinônimos CID=631170...
2026-05-10 16:29:06,596 - INFO -   Buscando classificação CID=631170...
2026-05-10 16:29:10,670 - INFO -   Buscando descrição CID=631170...
2026-05-10 16:29:11,419 - INFO -   ✓ Sucesso! CID=631170

2026-05-10 16:29:11,821 - INFO - [16/6139] Processando composto...
2026-05-10 16:29:12,390 - INFO - ✓ Encontrado CID=44558962 via name='clauslactone F'
2026-05-10 16:29:12,391 - INFO -   Buscando propriedades CID=44558962...
2026-05-10 16:29:13,921 - INFO -   Buscando sinônimos CID=44558962...
2026-05-10 16:29:14,638 - INFO -   Buscando classificação CID=44558962...
2026-05-10 16:29:16,796 - INFO -   Buscando descrição CID=44558962...
2026-05-10 16:29:17,674 - INFO -   ✓ Sucesso! CID=44558962

2026-05-10 16:29:18,076 - INFO - [17/6139] Processando composto...
2026-05-10 16:29:20,276 - INFO - ✓ Encontrado CID=631170 via formula='C19H18O6'
2026-05-10 16:29:20,277 - INFO -   Buscando propriedades CID=631170...
2026-05-10 16:29:21,765 - INFO -   Buscando sinônimos CID=631170...
2026-05-10 16:29:22,633 - INFO -   Buscando classificação CID=631170...
2026-05-10 16:29:25,220 - INFO -   Buscando descrição CID=631170...
2026-05-10 16:29:26,023 - INFO -   ✓ Sucesso! CID=631170

2026-05-10 16:29:26,425 - INFO - [18/6139] Processando composto...
2026-05-10 16:29:27,033 - INFO - ✓ Encontrado CID=122876 via name='5,6,7,8-Tetramethoxyflavone'
2026-05-10 16:29:27,034 - INFO -   Buscando propriedades CID=122876...
2026-05-10 16:29:28,460 - INFO -   Buscando sinônimos CID=122876...
2026-05-10 16:29:29,311 - INFO -   Buscando classificação CID=122876...
2026-05-10 16:29:31,709 - INFO -   Buscando descrição CID=122876...
2026-05-10 16:29:32,594 - INFO -   ✓ Sucesso! CID=122876

2026-05-10 16:29:32,995 - INFO - [19/6139] Processando composto...
2026-05-10 16:29:33,586 - INFO - ✓ Encontrado CID=101603125 via name='Gibberellin A59'
2026-05-10 16:29:33,588 - INFO -   Buscando propriedades CID=101603125...
2026-05-10 16:29:35,085 - INFO -   Buscando sinônimos CID=101603125...
2026-05-10 16:29:35,937 - INFO -   Buscando classificação CID=101603125...
2026-05-10 16:29:38,907 - INFO -   Buscando descrição CID=101603125...
2026-05-10 16:29:39,743 - INFO -   ✓ Sucesso! CID=101603125

2026-05-10 16:29:40,145 - INFO - [20/6139] Processando composto...
2026-05-10 16:29:40,754 - INFO - ✓ Encontrado CID=42608055 via name='Heteroflavanone A'
2026-05-10 16:29:40,755 - INFO -   Buscando propriedades CID=42608055...
2026-05-10 16:29:42,117 - INFO -   Buscando sinônimos CID=42608055...
2026-05-10 16:29:42,922 - INFO -   Buscando classificação CID=42608055...
2026-05-10 16:29:46,030 - INFO -   Buscando descrição CID=42608055...
2026-05-10 16:29:46,847 - INFO -   ✓ Sucesso! CID=42608055

2026-05-10 16:29:47,249 - INFO - [21/6139] Processando composto...
2026-05-10 16:29:47,820 - INFO - ✓ Encontrado CID=101670869 via name='Edulisin IV'
2026-05-10 16:29:47,821 - INFO -   Buscando propriedades CID=101670869...
2026-05-10 16:29:49,523 - INFO -   Buscando sinônimos CID=101670869...
2026-05-10 16:29:50,355 - INFO -   Buscando classificação CID=101670869...
2026-05-10 16:29:54,910 - INFO -   Buscando descrição CID=101670869...
2026-05-10 16:29:55,737 - INFO -   ✓ Sucesso! CID=101670869

2026-05-10 16:29:56,139 - INFO - [22/6139] Processando composto...
2026-05-10 16:29:58,572 - INFO - ✓ Encontrado CID=179375 via formula='C19H20O7'
2026-05-10 16:29:58,574 - INFO -   Buscando propriedades CID=179375...
2026-05-10 16:30:00,152 - INFO -   Buscando sinônimos CID=179375...
2026-05-10 16:30:00,996 - INFO -   Buscando classificação CID=179375...
2026-05-10 16:30:05,285 - INFO -   Buscando descrição CID=179375...
2026-05-10 16:30:06,060 - INFO -   ✓ Sucesso! CID=179375

2026-05-10 16:30:06,461 - INFO - [23/6139] Processando composto...
2026-05-10 16:30:08,983 - INFO - ✓ Encontrado CID=179375 via formula='C19H20O7'
2026-05-10 16:30:08,985 - INFO -   Buscando propriedades CID=179375...
2026-05-10 16:30:10,394 - INFO -   Buscando sinônimos CID=179375...
2026-05-10 16:30:11,149 - INFO -   Buscando classificação CID=179375...
2026-05-10 16:30:16,056 - INFO -   Buscando descrição CID=179375...
2026-05-10 16:30:16,915 - INFO -   ✓ Sucesso! CID=179375

2026-05-10 16:30:17,317 - INFO - [24/6139] Processando composto...
2026-05-10 16:30:19,564 - INFO - ✓ Encontrado CID=101112 via formula='C7H11ClDNO3'
2026-05-10 16:30:19,565 - INFO -   Buscando propriedades CID=101112...
2026-05-10 16:30:21,023 - INFO -   Buscando sinônimos CID=101112...
2026-05-10 16:30:22,222 - INFO -   Buscando classificação CID=101112...
2026-05-10 16:30:24,786 - INFO -   Buscando descrição CID=101112...
2026-05-10 16:30:25,634 - INFO -   ✓ Sucesso! CID=101112

2026-05-10 16:30:26,036 - INFO - [25/6139] Processando composto...
2026-05-10 16:30:28,471 - INFO - ✓ Encontrado CID=445858 via formula='C10H10O4'
2026-05-10 16:30:28,472 - INFO -   Buscando propriedades CID=445858...
2026-05-10 16:30:29,821 - INFO -   Buscando sinônimos CID=445858...
2026-05-10 16:30:30,728 - INFO -   Buscando classificação CID=445858...
2026-05-10 16:30:42,267 - INFO -   Buscando descrição CID=445858...
2026-05-10 16:30:44,958 - INFO -   ✓ Sucesso! CID=445858

2026-05-10 16:30:45,359 - INFO - [26/6139] Processando composto...
2026-05-10 16:30:47,725 - INFO - ✓ Encontrado CID=445858 via formula='C10H10O4'
2026-05-10 16:30:47,726 - INFO -   Buscando propriedades CID=445858...
2026-05-10 16:30:49,230 - INFO -   Buscando sinônimos CID=445858...
2026-05-10 16:30:50,187 - INFO -   Buscando classificação CID=445858...
2026-05-10 16:30:57,726 - INFO -   Buscando descrição CID=445858...
2026-05-10 16:30:58,587 - INFO -   ✓ Sucesso! CID=445858

2026-05-10 16:30:58,988 - INFO - [27/6139] Processando composto...
2026-05-10 16:31:01,344 - INFO - ✓ Encontrado CID=445858 via formula='C10H10O4'
2026-05-10 16:31:01,344 - INFO -   Buscando propriedades CID=445858...
2026-05-10 16:31:02,584 - INFO -   Buscando sinônimos CID=445858...
2026-05-10 16:31:03,400 - INFO -   Buscando classificação CID=445858...
2026-05-10 16:31:16,980 - INFO -   Buscando descrição CID=445858...
2026-05-10 16:31:17,946 - INFO -   ✓ Sucesso! CID=445858

2026-05-10 16:31:18,347 - INFO - [28/6139] Processando composto...
2026-05-10 16:31:20,697 - INFO - ✓ Encontrado CID=445858 via formula='C10H10O4'
2026-05-10 16:31:20,698 - INFO -   Buscando propriedades CID=445858...
2026-05-10 16:31:22,027 - INFO -   Buscando sinônimos CID=445858...
2026-05-10 16:31:22,902 - INFO -   Buscando classificação CID=445858...
2026-05-10 16:31:29,097 - ERROR - Erro na requisição: Response ended prematurely
2026-05-10 16:31:29,297 - INFO -   Buscando descrição CID=445858...
2026-05-10 16:31:30,123 - INFO -   ✓ Sucesso! CID=445858

2026-05-10 16:31:30,524 - INFO - [29/6139] Processando composto...
2026-05-10 16:31:32,781 - INFO - ✓ Encontrado CID=5320351 via formula='C20H20O8'
2026-05-10 16:31:32,782 - INFO -   Buscando propriedades CID=5320351...
2026-05-10 16:31:34,348 - INFO -   Buscando sinônimos CID=5320351...
2026-05-10 16:31:35,145 - INFO -   Buscando classificação CID=5320351...
2026-05-10 16:31:39,306 - INFO -   Buscando descrição CID=5320351...
2026-05-10 16:31:40,157 - INFO -   ✓ Sucesso! CID=5320351

2026-05-10 16:31:40,559 - INFO - [30/6139] Processando composto...
2026-05-10 16:31:42,713 - INFO - ✓ Encontrado CID=5320351 via formula='C20H20O8'
2026-05-10 16:31:42,715 - INFO -   Buscando propriedades CID=5320351...
2026-05-10 16:31:44,758 - INFO -   Buscando sinônimos CID=5320351...
2026-05-10 16:31:45,624 - INFO -   Buscando classificação CID=5320351...
2026-05-10 16:31:50,230 - INFO -   Buscando descrição CID=5320351...
2026-05-10 16:31:51,019 - INFO -   ✓ Sucesso! CID=5320351

2026-05-10 16:31:51,421 - INFO - [31/6139] Processando composto...
2026-05-10 16:31:53,671 - INFO - ✓ Encontrado CID=5320351 via formula='C20H20O8'
2026-05-10 16:31:53,672 - INFO -   Buscando propriedades CID=5320351...
2026-05-10 16:31:55,052 - INFO -   Buscando sinônimos CID=5320351...
2026-05-10 16:31:55,859 - INFO -   Buscando classificação CID=5320351...
2026-05-10 16:31:59,857 - INFO -   Buscando descrição CID=5320351...
2026-05-10 16:32:00,838 - INFO -   ✓ Sucesso! CID=5320351

2026-05-10 16:32:01,240 - INFO - [32/6139] Processando composto...
2026-05-10 16:32:01,949 - INFO - ✓ Encontrado CID=14162687 via name='Agecorynin A'
2026-05-10 16:32:01,949 - INFO -   Buscando propriedades CID=14162687...
2026-05-10 16:32:03,471 - INFO -   Buscando sinônimos CID=14162687...
2026-05-10 16:32:04,314 - INFO -   Buscando classificação CID=14162687...
2026-05-10 16:32:06,778 - INFO -   Buscando descrição CID=14162687...
2026-05-10 16:32:07,607 - INFO -   ✓ Sucesso! CID=14162687

2026-05-10 16:32:08,009 - INFO - [33/6139] Processando composto...
2026-05-10 16:32:10,261 - INFO - ✓ Encontrado CID=5320351 via formula='C20H20O8'
2026-05-10 16:32:10,262 - INFO -   Buscando propriedades CID=5320351...
2026-05-10 16:32:11,586 - INFO -   Buscando sinônimos CID=5320351...
2026-05-10 16:32:12,507 - INFO -   Buscando classificação CID=5320351...
2026-05-10 16:32:16,332 - INFO -   Buscando descrição CID=5320351...
2026-05-10 16:32:17,203 - INFO -   ✓ Sucesso! CID=5320351

2026-05-10 16:32:17,604 - INFO - [34/6139] Processando composto...
2026-05-10 16:32:19,782 - INFO - ✓ Encontrado CID=5281712 via formula='C20H22O9'
2026-05-10 16:32:19,783 - INFO -   Buscando propriedades CID=5281712...
2026-05-10 16:32:21,133 - INFO -   Buscando sinônimos CID=5281712...
2026-05-10 16:32:21,991 - INFO -   Buscando classificação CID=5281712...
2026-05-10 16:32:26,762 - INFO -   Buscando descrição CID=5281712...
2026-05-10 16:32:27,568 - INFO -   ✓ Sucesso! CID=5281712

2026-05-10 16:32:27,970 - INFO - [35/6139] Processando composto...
2026-05-10 16:32:30,127 - INFO - ✓ Encontrado CID=5281712 via formula='C20H22O9'
2026-05-10 16:32:30,127 - INFO -   Buscando propriedades CID=5281712...
2026-05-10 16:32:31,458 - INFO -   Buscando sinônimos CID=5281712...
2026-05-10 16:32:32,272 - INFO -   Buscando classificação CID=5281712...
2026-05-10 16:32:35,129 - INFO -   Buscando descrição CID=5281712...
2026-05-10 16:32:36,024 - INFO -   ✓ Sucesso! CID=5281712

2026-05-10 16:32:36,425 - INFO - [36/6139] Processando composto...
2026-05-10 16:32:36,960 - INFO - ✓ Encontrado CID=14033997 via name='(R)-Apiumetin glucoside'
2026-05-10 16:32:36,961 - INFO -   Buscando propriedades CID=14033997...
2026-05-10 16:32:38,474 - INFO -   Buscando sinônimos CID=14033997...
2026-05-10 16:32:39,233 - INFO -   Buscando classificação CID=14033997...
2026-05-10 16:32:42,314 - INFO -   Buscando descrição CID=14033997...
2026-05-10 16:32:43,143 - INFO -   ✓ Sucesso! CID=14033997

2026-05-10 16:32:43,545 - INFO - [37/6139] Processando composto...
2026-05-10 16:32:44,155 - INFO - ✓ Encontrado CID=131753091 via name='Edulisin VI'
2026-05-10 16:32:44,156 - INFO -   Buscando propriedades CID=131753091...
2026-05-10 16:32:45,624 - INFO -   Buscando sinônimos CID=131753091...
2026-05-10 16:32:46,414 - INFO -   Buscando classificação CID=131753091...
2026-05-10 16:32:49,599 - INFO -   Buscando descrição CID=131753091...
2026-05-10 16:32:50,399 - INFO -   ✓ Sucesso! CID=131753091

2026-05-10 16:32:50,800 - INFO - [38/6139] Processando composto...
2026-05-10 16:32:53,063 - INFO - ✓ Encontrado CID=5281712 via formula='C20H22O9'
2026-05-10 16:32:53,064 - INFO -   Buscando propriedades CID=5281712...
2026-05-10 16:32:54,389 - INFO -   Buscando sinônimos CID=5281712...
2026-05-10 16:32:55,307 - INFO -   Buscando classificação CID=5281712...
2026-05-10 16:32:59,276 - INFO -   Buscando descrição CID=5281712...
2026-05-10 16:33:00,159 - INFO -   ✓ Sucesso! CID=5281712

2026-05-10 16:33:00,560 - INFO - [39/6139] Processando composto...
2026-05-10 16:33:02,790 - INFO - ✓ Encontrado CID=148549902 via formula='C2H6ClOS'
2026-05-10 16:33:02,791 - INFO -   Buscando propriedades CID=148549902...
2026-05-10 16:33:04,655 - INFO -   Buscando sinônimos CID=148549902...
2026-05-10 16:33:05,355 - INFO -   Buscando classificação CID=148549902...
2026-05-10 16:33:08,267 - INFO -   Buscando descrição CID=148549902...
2026-05-10 16:33:09,263 - INFO -   ✓ Sucesso! CID=148549902

2026-05-10 16:33:09,665 - INFO - [40/6139] Processando composto...
2026-05-10 16:33:10,487 - INFO - ✓ Encontrado CID=5325488 via name='Prop-2-ynoyl fluoride'
2026-05-10 16:33:10,488 - INFO -   Buscando propriedades CID=5325488...
2026-05-10 16:33:11,940 - INFO -   Buscando sinônimos CID=5325488...
2026-05-10 16:33:12,728 - INFO -   Buscando classificação CID=5325488...
2026-05-10 16:33:14,459 - INFO -   Buscando descrição CID=5325488...
2026-05-10 16:33:15,284 - INFO -   ✓ Sucesso! CID=5325488

2026-05-10 16:33:15,685 - INFO - [41/6139] Processando composto...
2026-05-10 16:33:17,945 - INFO - ✓ Encontrado CID=15171008 via formula='C16H12Cl2CuO6'
2026-05-10 16:33:17,946 - INFO -   Buscando propriedades CID=15171008...
2026-05-10 16:33:19,487 - INFO -   Buscando sinônimos CID=15171008...
2026-05-10 16:33:20,298 - INFO -   Buscando classificação CID=15171008...
2026-05-10 16:33:22,038 - INFO -   Buscando descrição CID=15171008...
2026-05-10 16:33:22,934 - INFO -   ✓ Sucesso! CID=15171008

2026-05-10 16:33:23,336 - INFO - [42/6139] Processando composto...
2026-05-10 16:33:25,856 - WARNING - HTTP 500 - tentativa 1/3
2026-05-10 16:33:27,775 - WARNING - HTTP 500 - tentativa 2/3
2026-05-10 16:33:30,129 - WARNING - HTTP 500 - tentativa 3/3
2026-05-10 16:33:31,765 - WARNING - ✗ Composto não encontrado: {'compound_name': '[(1,2-Dioxo-1,2-ethanediyl)bis(oxy)]diammonium', 'formula': 'C2H6N2O4+2', 'molecular_formula': 'C2H6N2O4+2', 'source_compound_id': 'CSID4886846', 'description': '[(1,2-Dioxo-1,2-ethanediyl)bis(oxy)]diammonium', 'rank': 1, 'probabilidade': 0.2177340826511206}
2026-05-10 16:33:31,765 - WARNING -   ✗ Não encontrado

2026-05-10 16:33:32,166 - INFO - [43/6139] Processando composto...
2026-05-10 16:33:34,534 - INFO - ✓ Encontrado CID=58250742 via formula='C3H9OPSi'
2026-05-10 16:33:34,535 - INFO -   Buscando propriedades CID=58250742...
2026-05-10 16:33:37,858 - INFO -   Buscando sinônimos CID=58250742...
2026-05-10 16:33:38,627 - INFO -   Buscando classificação CID=58250742...
2026-05-10 16:33:41,291 - INFO -   Buscando descrição CID=58250742...
2026-05-10 16:33:42,116 - INFO -   ✓ Sucesso! CID=58250742

2026-05-10 16:33:42,518 - INFO - [44/6139] Processando composto...
2026-05-10 16:33:43,137 - INFO - ✓ Encontrado CID=11060129 via name='Diethylphosphine sulfide'
2026-05-10 16:33:43,139 - INFO -   Buscando propriedades CID=11060129...
2026-05-10 16:33:44,666 - INFO -   Buscando sinônimos CID=11060129...
2026-05-10 16:33:45,487 - INFO -   Buscando classificação CID=11060129...
2026-05-10 16:33:47,996 - INFO -   Buscando descrição CID=11060129...
2026-05-10 16:33:48,780 - INFO -   ✓ Sucesso! CID=11060129

2026-05-10 16:33:49,182 - INFO - [45/6139] Processando composto...
2026-05-10 16:33:49,791 - INFO - ✓ Encontrado CID=138863 via name='Chlorodimethylethylsilane'
2026-05-10 16:33:49,792 - INFO -   Buscando propriedades CID=138863...
2026-05-10 16:33:51,180 - INFO -   Buscando sinônimos CID=138863...
2026-05-10 16:33:51,947 - INFO -   Buscando classificação CID=138863...
2026-05-10 16:33:57,566 - INFO -   Buscando descrição CID=138863...
2026-05-10 16:33:58,425 - INFO -   ✓ Sucesso! CID=138863

2026-05-10 16:33:58,827 - INFO - [46/6139] Processando composto...
2026-05-10 16:33:59,417 - INFO - ✓ Encontrado CID=6327320 via name='Diethylchlorosilane'
2026-05-10 16:33:59,418 - INFO -   Buscando propriedades CID=6327320...
2026-05-10 16:34:00,922 - INFO -   Buscando sinônimos CID=6327320...
2026-05-10 16:34:01,665 - INFO -   Buscando classificação CID=6327320...
2026-05-10 16:34:05,398 - INFO -   Buscando descrição CID=6327320...
2026-05-10 16:34:06,180 - INFO -   ✓ Sucesso! CID=6327320

2026-05-10 16:34:06,581 - INFO - [47/6139] Processando composto...
2026-05-10 16:34:07,159 - INFO - ✓ Encontrado CID=91738185 via name='Dibenzo[b,f]oxepine-2,3-dicarbonitrile'
2026-05-10 16:34:07,160 - INFO -   Buscando propriedades CID=91738185...
2026-05-10 16:34:08,601 - INFO -   Buscando sinônimos CID=91738185...
2026-05-10 16:34:09,346 - INFO -   Buscando classificação CID=91738185...
2026-05-10 16:34:11,471 - INFO -   Buscando descrição CID=91738185...
2026-05-10 16:34:12,315 - INFO -   ✓ Sucesso! CID=91738185

2026-05-10 16:34:12,717 - INFO - [48/6139] Processando composto...
2026-05-10 16:34:13,345 - INFO - ✓ Encontrado CID=3032998 via name='Carnidazole'
2026-05-10 16:34:13,346 - INFO -   Buscando propriedades CID=3032998...
2026-05-10 16:34:14,876 - INFO -   Buscando sinônimos CID=3032998...
2026-05-10 16:34:15,696 - INFO -   Buscando classificação CID=3032998...
2026-05-10 16:34:20,077 - INFO -   Buscando descrição CID=3032998...
2026-05-10 16:34:20,944 - INFO -   ✓ Sucesso! CID=3032998

2026-05-10 16:34:21,346 - INFO - [49/6139] Processando composto...
2026-05-10 16:34:23,996 - INFO - ✓ Encontrado CID=3032998 via formula='C8H12N4O3S'
2026-05-10 16:34:23,997 - INFO -   Buscando propriedades CID=3032998...
2026-05-10 16:34:25,384 - INFO -   Buscando sinônimos CID=3032998...
2026-05-10 16:34:26,241 - INFO -   Buscando classificação CID=3032998...
2026-05-10 16:34:30,496 - INFO -   Buscando descrição CID=3032998...
2026-05-10 16:34:31,336 - INFO -   ✓ Sucesso! CID=3032998

2026-05-10 16:34:31,737 - INFO - [50/6139] Processando composto...
2026-05-10 16:34:32,284 - INFO - ✓ Encontrado CID=197873 via name='Proflavin hydrochloride'
2026-05-10 16:34:32,285 - INFO -   Buscando propriedades CID=197873...
2026-05-10 16:34:33,624 - INFO -   Buscando sinônimos CID=197873...
2026-05-10 16:34:34,497 - INFO -   Buscando classificação CID=197873...
2026-05-10 16:34:38,669 - INFO -   Buscando descrição CID=197873...
2026-05-10 16:34:39,483 - INFO -   ✓ Sucesso! CID=197873

2026-05-10 16:34:39,885 - INFO - [51/6139] Processando composto...
2026-05-10 16:34:42,732 - INFO - ✓ Encontrado CID=71443623 via formula='C9H18GeN2O'
2026-05-10 16:34:42,733 - INFO -   Buscando propriedades CID=71443623...
2026-05-10 16:34:44,162 - INFO -   Buscando sinônimos CID=71443623...
2026-05-10 16:34:44,880 - INFO -   Buscando classificação CID=71443623...
2026-05-10 16:34:46,825 - INFO -   Buscando descrição CID=71443623...
2026-05-10 16:34:47,848 - INFO -   ✓ Sucesso! CID=71443623

2026-05-10 16:34:48,249 - INFO - [52/6139] Processando composto...
2026-05-10 16:34:48,877 - INFO - ✓ Encontrado CID=10215 via name='INDIGO'
2026-05-10 16:34:48,879 - INFO -   Buscando propriedades CID=10215...
2026-05-10 16:34:50,363 - INFO -   Buscando sinônimos CID=10215...
2026-05-10 16:34:51,137 - INFO -   Buscando classificação CID=10215...
2026-05-10 16:35:12,195 - INFO -   Buscando descrição CID=10215...
2026-05-10 16:35:13,084 - INFO -   ✓ Sucesso! CID=10215

2026-05-10 16:35:13,485 - INFO - [53/6139] Processando composto...
2026-05-10 16:35:14,066 - INFO - ✓ Encontrado CID=12887499 via name='3-(1H-Benzimidazol-2-yl)-4H-chromen-4-one'
2026-05-10 16:35:14,067 - INFO -   Buscando propriedades CID=12887499...
2026-05-10 16:35:15,595 - INFO -   Buscando sinônimos CID=12887499...
2026-05-10 16:35:16,417 - INFO -   Buscando classificação CID=12887499...
2026-05-10 16:35:18,881 - INFO -   Buscando descrição CID=12887499...
2026-05-10 16:35:19,796 - INFO -   ✓ Sucesso! CID=12887499

2026-05-10 16:35:20,198 - INFO - [54/6139] Processando composto...
2026-05-10 16:35:23,181 - INFO - ✓ Encontrado CID=10215 via formula='C16H10N2O2'
2026-05-10 16:35:23,182 - INFO -   Buscando propriedades CID=10215...
2026-05-10 16:35:24,666 - INFO -   Buscando sinônimos CID=10215...
2026-05-10 16:35:25,472 - INFO -   Buscando classificação CID=10215...
2026-05-10 16:35:38,418 - INFO -   Buscando descrição CID=10215...
2026-05-10 16:35:39,568 - INFO -   ✓ Sucesso! CID=10215

2026-05-10 16:35:39,969 - INFO - [55/6139] Processando composto...
2026-05-10 16:35:42,229 - INFO - ✓ Encontrado CID=10215 via formula='C16H10N2O2'
2026-05-10 16:35:42,230 - INFO -   Buscando propriedades CID=10215...
2026-05-10 16:35:43,571 - INFO -   Buscando sinônimos CID=10215...
2026-05-10 16:35:44,579 - INFO -   Buscando classificação CID=10215...
2026-05-10 16:35:50,963 - INFO -   Buscando descrição CID=10215...
2026-05-10 16:35:51,889 - INFO -   ✓ Sucesso! CID=10215

2026-05-10 16:35:52,290 - INFO - [56/6139] Processando composto...
2026-05-10 16:35:57,921 - INFO - ✓ Encontrado CID=236275 via name='2,3-Di(2-furyl)quinoxaline'
2026-05-10 16:35:57,921 - INFO -   Buscando propriedades CID=236275...
2026-05-10 16:35:59,353 - INFO -   Buscando sinônimos CID=236275...
2026-05-10 16:36:00,145 - INFO -   Buscando classificação CID=236275...
2026-05-10 16:36:02,438 - INFO -   Buscando descrição CID=236275...
2026-05-10 16:36:03,225 - INFO -   ✓ Sucesso! CID=236275

2026-05-10 16:36:03,627 - INFO - [57/6139] Processando composto...
2026-05-10 16:36:05,945 - INFO - ✓ Encontrado CID=45357991 via formula='C9H16N5NaO6'
2026-05-10 16:36:05,945 - INFO -   Buscando propriedades CID=45357991...
2026-05-10 16:36:07,617 - INFO -   Buscando sinônimos CID=45357991...
2026-05-10 16:36:08,437 - INFO -   Buscando classificação CID=45357991...
2026-05-10 16:36:23,855 - WARNING - Timeout - tentativa 1/3
2026-05-10 16:36:32,499 - INFO -   Buscando descrição CID=45357991...
2026-05-10 16:36:33,329 - INFO -   ✓ Sucesso! CID=45357991

2026-05-10 16:36:33,731 - INFO - [58/6139] Processando composto...
2026-05-10 16:36:34,330 - INFO - ✓ Encontrado CID=1252265 via name='2-[(5,7-dimethyl-[1,2,4]triazolo[1,5-a]pyrimidin-2-yl)sulfanyl]-N-phenylacetamide'
2026-05-10 16:36:34,331 - INFO -   Buscando propriedades CID=1252265...
2026-05-10 16:36:35,804 - INFO -   Buscando sinônimos CID=1252265...
2026-05-10 16:36:36,615 - INFO -   Buscando classificação CID=1252265...
2026-05-10 16:36:38,760 - INFO -   Buscando descrição CID=1252265...
2026-05-10 16:36:39,582 - INFO -   ✓ Sucesso! CID=1252265

2026-05-10 16:36:39,983 - INFO - [59/6139] Processando composto...
2026-05-10 16:36:42,441 - INFO - ✓ Encontrado CID=447960 via formula='C15H15N5OS'
2026-05-10 16:36:42,441 - INFO -   Buscando propriedades CID=447960...
2026-05-10 16:36:43,821 - INFO -   Buscando sinônimos CID=447960...
2026-05-10 16:36:44,597 - INFO -   Buscando classificação CID=447960...
2026-05-10 16:36:46,549 - INFO -   Buscando descrição CID=447960...
2026-05-10 16:36:47,349 - INFO -   ✓ Sucesso! CID=447960

2026-05-10 16:36:47,751 - INFO - [60/6139] Processando composto...
2026-05-10 16:36:48,482 - INFO - ✓ Encontrado CID=447960 via name='4-[4-(4-METHYL-2-METHYLAMINO-THIAZOL-5-YL)-PYRIMIDIN-2-YLAMINO]-PHENOL'
2026-05-10 16:36:48,483 - INFO -   Buscando propriedades CID=447960...
2026-05-10 16:36:49,806 - INFO -   Buscando sinônimos CID=447960...
2026-05-10 16:36:50,626 - INFO -   Buscando classificação CID=447960...
2026-05-10 16:36:52,079 - INFO -   Buscando descrição CID=447960...
2026-05-10 16:36:52,888 - INFO -   ✓ Sucesso! CID=447960

2026-05-10 16:36:53,290 - INFO - [61/6139] Processando composto...
2026-05-10 16:36:55,906 - INFO - ✓ Encontrado CID=5742623 via formula='C15H17N5O2S'
2026-05-10 16:36:55,906 - INFO -   Buscando propriedades CID=5742623...
2026-05-10 16:36:57,442 - INFO -   Buscando sinônimos CID=5742623...
2026-05-10 16:36:58,310 - INFO -   Buscando classificação CID=5742623...
2026-05-10 16:37:00,871 - INFO -   Buscando descrição CID=5742623...
2026-05-10 16:37:01,694 - INFO -   ✓ Sucesso! CID=5742623

2026-05-10 16:37:02,096 - INFO - [62/6139] Processando composto...
2026-05-10 16:37:02,713 - INFO - ✓ Encontrado CID=43955343 via name='7-[(3,5-dimethoxyphenyl)methylsulfanyl]-3-ethyltriazolo[4,5-d]pyrimidine'
2026-05-10 16:37:02,714 - INFO -   Buscando propriedades CID=43955343...
2026-05-10 16:37:04,270 - INFO -   Buscando sinônimos CID=43955343...
2026-05-10 16:37:05,053 - INFO -   Buscando classificação CID=43955343...
2026-05-10 16:37:06,805 - INFO -   Buscando descrição CID=43955343...
2026-05-10 16:37:08,034 - INFO -   ✓ Sucesso! CID=43955343

2026-05-10 16:37:08,436 - INFO - [63/6139] Processando composto...
2026-05-10 16:37:10,700 - INFO - ✓ Encontrado CID=2982978 via formula='C16H23Cl2NO2'
2026-05-10 16:37:10,700 - INFO -   Buscando propriedades CID=2982978...
2026-05-10 16:37:12,209 - INFO -   Buscando sinônimos CID=2982978...
2026-05-10 16:37:13,255 - INFO -   Buscando classificação CID=2982978...
2026-05-10 16:37:15,409 - INFO -   Buscando descrição CID=2982978...
2026-05-10 16:37:16,287 - INFO -   ✓ Sucesso! CID=2982978

2026-05-10 16:37:16,688 - INFO - [64/6139] Processando composto...
2026-05-10 16:37:19,892 - INFO - ✓ Encontrado CID=5169 via formula='C20H14FN3O'
2026-05-10 16:37:19,893 - INFO -   Buscando propriedades CID=5169...
2026-05-10 16:37:21,164 - INFO -   Buscando sinônimos CID=5169...
2026-05-10 16:37:22,156 - INFO -   Buscando classificação CID=5169...
2026-05-10 16:37:26,730 - INFO -   Buscando descrição CID=5169...
2026-05-10 16:37:27,518 - INFO -   ✓ Sucesso! CID=5169

2026-05-10 16:37:27,919 - INFO - [65/6139] Processando composto...
2026-05-10 16:37:28,519 - INFO - ✓ Encontrado CID=4452339 via name='2-fluoro-N-(2-phenylimidazo[1,2-a]pyridin-3-yl)benzamide'
2026-05-10 16:37:28,520 - INFO -   Buscando propriedades CID=4452339...
2026-05-10 16:37:30,010 - INFO -   Buscando sinônimos CID=4452339...
2026-05-10 16:37:30,869 - INFO -   Buscando classificação CID=4452339...
2026-05-10 16:37:43,167 - INFO -   Buscando descrição CID=4452339...
2026-05-10 16:37:43,997 - INFO -   ✓ Sucesso! CID=4452339

2026-05-10 16:37:44,399 - INFO - [66/6139] Processando composto...
2026-05-10 16:37:44,981 - INFO - ✓ Encontrado CID=114831 via name='trans-1,2-dihydro-1,2-naphthalenediol'
2026-05-10 16:37:44,982 - INFO -   Buscando propriedades CID=114831...
2026-05-10 16:37:46,229 - INFO -   Buscando sinônimos CID=114831...
2026-05-10 16:37:47,183 - INFO -   Buscando classificação CID=114831...
2026-05-10 16:37:52,009 - INFO -   Buscando descrição CID=114831...
2026-05-10 16:37:52,843 - INFO -   ✓ Sucesso! CID=114831

2026-05-10 16:37:53,245 - INFO - [67/6139] Processando composto...
2026-05-10 16:37:53,808 - INFO - ✓ Encontrado CID=13651393 via name='4-Methylene-2-phenyl-1,3-dioxolane'
2026-05-10 16:37:53,808 - INFO -   Buscando propriedades CID=13651393...
2026-05-10 16:37:55,758 - INFO -   Buscando sinônimos CID=13651393...
2026-05-10 16:37:56,569 - INFO -   Buscando classificação CID=13651393...
2026-05-10 16:37:59,461 - INFO -   Buscando descrição CID=13651393...
2026-05-10 16:38:00,271 - INFO -   ✓ Sucesso! CID=13651393

2026-05-10 16:38:00,673 - INFO - [68/6139] Processando composto...
2026-05-10 16:38:03,027 - INFO - ✓ Encontrado CID=5144 via formula='C10H10O2'
2026-05-10 16:38:03,028 - INFO -   Buscando propriedades CID=5144...
2026-05-10 16:38:04,642 - INFO -   Buscando sinônimos CID=5144...
2026-05-10 16:38:05,354 - INFO -   Buscando classificação CID=5144...
2026-05-10 16:38:16,267 - INFO -   Buscando descrição CID=5144...
2026-05-10 16:38:17,126 - INFO -   ✓ Sucesso! CID=5144

2026-05-10 16:38:17,527 - INFO - [69/6139] Processando composto...
2026-05-10 16:38:20,027 - INFO - ✓ Encontrado CID=5144 via formula='C10H10O2'
2026-05-10 16:38:20,028 - INFO -   Buscando propriedades CID=5144...
2026-05-10 16:38:21,286 - INFO -   Buscando sinônimos CID=5144...
2026-05-10 16:38:22,049 - INFO -   Buscando classificação CID=5144...
2026-05-10 16:38:32,860 - INFO -   Buscando descrição CID=5144...
2026-05-10 16:38:33,848 - INFO -   ✓ Sucesso! CID=5144

2026-05-10 16:38:34,250 - INFO - [70/6139] Processando composto...
2026-05-10 16:38:34,977 - INFO - ✓ Encontrado CID=12052584 via name='(3E)-4-(3-Hydroxyphenyl)-3-buten-2-one'
2026-05-10 16:38:34,978 - INFO -   Buscando propriedades CID=12052584...
2026-05-10 16:38:36,430 - INFO -   Buscando sinônimos CID=12052584...
2026-05-10 16:38:37,224 - INFO -   Buscando classificação CID=12052584...
2026-05-10 16:38:39,501 - INFO -   Buscando descrição CID=12052584...
2026-05-10 16:38:40,250 - INFO -   ✓ Sucesso! CID=12052584

2026-05-10 16:38:40,652 - INFO - [71/6139] Processando composto...
2026-05-10 16:38:41,222 - INFO - ✓ Encontrado CID=11099375 via name='(E)-2',4,4'-Trihydroxy-3-prenylchalcone'
2026-05-10 16:38:41,224 - INFO -   Buscando propriedades CID=11099375...
2026-05-10 16:38:42,772 - INFO -   Buscando sinônimos CID=11099375...
2026-05-10 16:38:43,573 - INFO -   Buscando classificação CID=11099375...
2026-05-10 16:38:47,282 - INFO -   Buscando descrição CID=11099375...
2026-05-10 16:38:48,091 - INFO -   ✓ Sucesso! CID=11099375

2026-05-10 16:38:48,493 - INFO - [72/6139] Processando composto...
2026-05-10 16:38:49,107 - INFO - ✓ Encontrado CID=155976 via name='Moracin I'
2026-05-10 16:38:49,108 - INFO -   Buscando propriedades CID=155976...
2026-05-10 16:38:50,673 - INFO -   Buscando sinônimos CID=155976...
2026-05-10 16:38:51,460 - INFO -   Buscando classificação CID=155976...
2026-05-10 16:38:54,357 - INFO -   Buscando descrição CID=155976...
2026-05-10 16:38:55,156 - INFO -   ✓ Sucesso! CID=155976

2026-05-10 16:38:55,558 - INFO - [73/6139] Processando composto...
2026-05-10 16:38:56,211 - INFO - ✓ Encontrado CID=119268 via name='Phaseollidin'
2026-05-10 16:38:56,212 - INFO -   Buscando propriedades CID=119268...
2026-05-10 16:38:57,627 - INFO -   Buscando sinônimos CID=119268...
2026-05-10 16:38:58,525 - INFO -   Buscando classificação CID=119268...
2026-05-10 16:39:02,346 - INFO -   Buscando descrição CID=119268...
2026-05-10 16:39:03,177 - INFO -   ✓ Sucesso! CID=119268

2026-05-10 16:39:03,579 - INFO - [74/6139] Processando composto...
2026-05-10 16:39:04,160 - INFO - ✓ Encontrado CID=124052 via name='(R)-Glabridin'
2026-05-10 16:39:04,161 - INFO -   Buscando propriedades CID=124052...
2026-05-10 16:39:05,607 - INFO -   Buscando sinônimos CID=124052...
2026-05-10 16:39:06,496 - INFO -   Buscando classificação CID=124052...
2026-05-10 16:39:10,448 - INFO -   Buscando descrição CID=124052...
2026-05-10 16:39:11,236 - INFO -   ✓ Sucesso! CID=124052

2026-05-10 16:39:11,637 - INFO - [75/6139] Processando composto...
2026-05-10 16:39:12,158 - INFO - ✓ Encontrado CID=162412 via name='Phaseollinisoflavan'
2026-05-10 16:39:12,159 - INFO -   Buscando propriedades CID=162412...
2026-05-10 16:39:13,507 - INFO -   Buscando sinônimos CID=162412...
2026-05-10 16:39:14,323 - INFO -   Buscando classificação CID=162412...
2026-05-10 16:39:18,120 - INFO -   Buscando descrição CID=162412...
2026-05-10 16:39:18,924 - INFO -   ✓ Sucesso! CID=162412

2026-05-10 16:39:19,327 - INFO - [76/6139] Processando composto...
2026-05-10 16:39:21,668 - INFO - ✓ Encontrado CID=101560 via formula='C20H22O5'
2026-05-10 16:39:21,668 - INFO -   Buscando propriedades CID=101560...
2026-05-10 16:39:23,100 - INFO -   Buscando sinônimos CID=101560...
2026-05-10 16:39:23,995 - INFO -   Buscando classificação CID=101560...
2026-05-10 16:39:27,960 - INFO -   Buscando descrição CID=101560...
2026-05-10 16:39:28,747 - INFO -   ✓ Sucesso! CID=101560

2026-05-10 16:39:29,149 - INFO - [77/6139] Processando composto...
2026-05-10 16:39:31,601 - INFO - ✓ Encontrado CID=101560 via formula='C20H22O5'
2026-05-10 16:39:31,602 - INFO -   Buscando propriedades CID=101560...
2026-05-10 16:39:32,930 - INFO -   Buscando sinônimos CID=101560...
2026-05-10 16:39:33,825 - INFO -   Buscando classificação CID=101560...
2026-05-10 16:39:37,205 - INFO -   Buscando descrição CID=101560...
2026-05-10 16:39:38,153 - INFO -   ✓ Sucesso! CID=101560

2026-05-10 16:39:38,554 - INFO - [78/6139] Processando composto...
2026-05-10 16:39:39,216 - INFO - ✓ Encontrado CID=329251 via name='SALVIARIN'
2026-05-10 16:39:39,217 - INFO -   Buscando propriedades CID=329251...
2026-05-10 16:39:40,709 - INFO -   Buscando sinônimos CID=329251...
2026-05-10 16:39:42,881 - INFO -   Buscando classificação CID=329251...
2026-05-10 16:39:45,140 - INFO -   Buscando descrição CID=329251...
2026-05-10 16:39:45,942 - INFO -   ✓ Sucesso! CID=329251

2026-05-10 16:39:46,344 - INFO - [79/6139] Processando composto...
2026-05-10 16:39:46,937 - INFO - ✓ Encontrado CID=21599888 via name='Teuvincenone C'
2026-05-10 16:39:46,938 - INFO -   Buscando propriedades CID=21599888...
2026-05-10 16:39:48,391 - INFO -   Buscando sinônimos CID=21599888...
2026-05-10 16:39:49,212 - INFO -   Buscando classificação CID=21599888...
2026-05-10 16:39:51,465 - INFO -   Buscando descrição CID=21599888...
2026-05-10 16:39:52,298 - INFO -   ✓ Sucesso! CID=21599888

2026-05-10 16:39:52,699 - INFO - [80/6139] Processando composto...
2026-05-10 16:39:55,257 - INFO - ✓ Encontrado CID=101560 via formula='C20H22O5'
2026-05-10 16:39:55,258 - INFO -   Buscando propriedades CID=101560...
2026-05-10 16:39:56,675 - INFO -   Buscando sinônimos CID=101560...
2026-05-10 16:39:57,384 - INFO -   Buscando classificação CID=101560...
2026-05-10 16:40:00,022 - INFO -   Buscando descrição CID=101560...
2026-05-10 16:40:01,244 - INFO -   ✓ Sucesso! CID=101560

2026-05-10 16:40:01,646 - INFO - [81/6139] Processando composto...
2026-05-10 16:40:03,756 - INFO - ✓ Encontrado CID=71549267 via formula='C24H24N10'
2026-05-10 16:40:03,757 - INFO -   Buscando propriedades CID=71549267...
2026-05-10 16:40:05,221 - INFO -   Buscando sinônimos CID=71549267...
2026-05-10 16:40:06,002 - INFO -   Buscando classificação CID=71549267...
2026-05-10 16:40:08,474 - INFO -   Buscando descrição CID=71549267...
2026-05-10 16:40:09,306 - INFO -   ✓ Sucesso! CID=71549267

2026-05-10 16:40:09,708 - INFO - [82/6139] Processando composto...
2026-05-10 16:40:11,885 - INFO - ✓ Encontrado CID=216294 via formula='C23H28N6O4'
2026-05-10 16:40:11,886 - INFO -   Buscando propriedades CID=216294...
2026-05-10 16:40:13,323 - INFO -   Buscando sinônimos CID=216294...
2026-05-10 16:40:14,224 - INFO -   Buscando classificação CID=216294...
2026-05-10 16:40:17,303 - INFO -   Buscando descrição CID=216294...
2026-05-10 16:40:18,094 - INFO -   ✓ Sucesso! CID=216294

2026-05-10 16:40:18,496 - INFO - [83/6139] Processando composto...
2026-05-10 16:40:19,176 - INFO - ✓ Encontrado CID=5318893 via name='Kushenol D'
2026-05-10 16:40:19,177 - INFO -   Buscando propriedades CID=5318893...
2026-05-10 16:40:20,834 - INFO -   Buscando sinônimos CID=5318893...
2026-05-10 16:40:21,876 - INFO -   Buscando classificação CID=5318893...
2026-05-10 16:40:24,145 - INFO -   Buscando descrição CID=5318893...
2026-05-10 16:40:24,983 - INFO -   ✓ Sucesso! CID=5318893

2026-05-10 16:40:25,384 - INFO - [84/6139] Processando composto...
2026-05-10 16:40:25,958 - INFO - ✓ Encontrado CID=11982641 via name='(2S)-2'-Methoxykurarinone'
2026-05-10 16:40:25,959 - INFO -   Buscando propriedades CID=11982641...
2026-05-10 16:40:27,525 - INFO -   Buscando sinônimos CID=11982641...
2026-05-10 16:40:28,361 - INFO -   Buscando classificação CID=11982641...
2026-05-10 16:40:31,650 - INFO -   Buscando descrição CID=11982641...
