2026-05-04 23:22:26,790 - INFO - 🔍 Verificando conectividade com PubChem API...
2026-05-04 23:22:27,247 - INFO - ✅ Conectividade OK - API PubChem acessível
2026-05-04 23:22:27,247 - INFO - 
2026-05-04 23:22:27,251 - INFO - Carregado 5 compostos de /home/vinicius_joacir/QuimioAnalytics/staging/top5_external_input.csv
2026-05-04 23:22:27,252 - INFO - 
============================================================
2026-05-04 23:22:27,252 - INFO - Iniciando extração de 5 compostos do PubChem
2026-05-04 23:22:27,252 - INFO - ============================================================

2026-05-04 23:22:27,252 - INFO - [1/5] Processando composto...
2026-05-04 23:22:27,693 - INFO - ✓ Encontrado CID=122821 via name='heminordihydroguaiaretic acid'
2026-05-04 23:22:27,693 - INFO -   Buscando propriedades CID=122821...
2026-05-04 23:22:29,003 - INFO -   Buscando sinônimos CID=122821...
2026-05-04 23:22:29,661 - INFO -   Buscando classificação CID=122821...
2026-05-04 23:22:31,798 - INFO -   Buscando descrição CID=122821...
2026-05-04 23:22:32,484 - INFO -   ✓ Sucesso! CID=122821

2026-05-04 23:22:32,885 - INFO - [2/5] Processando composto...
2026-05-04 23:22:33,343 - INFO - ✓ Encontrado CID=53167904 via name='N-(5-chloro-2-methoxyphenyl)-5,6,7,8-tetrahydroimidazo[1,2-a]pyridine-2-carboxamide'
2026-05-04 23:22:33,344 - INFO -   Buscando propriedades CID=53167904...
2026-05-04 23:22:34,749 - INFO -   Buscando sinônimos CID=53167904...
2026-05-04 23:22:35,417 - INFO -   Buscando classificação CID=53167904...
2026-05-04 23:22:37,459 - INFO -   Buscando descrição CID=53167904...
2026-05-04 23:22:38,158 - INFO -   ✓ Sucesso! CID=53167904

2026-05-04 23:22:38,558 - INFO - [3/5] Processando composto...
2026-05-04 23:22:40,444 - INFO - ✓ Encontrado CID=14849489 via formula='CAuNS'
2026-05-04 23:22:40,445 - INFO -   Buscando propriedades CID=14849489...
2026-05-04 23:22:42,277 - INFO -   Buscando sinônimos CID=14849489...
2026-05-04 23:22:42,962 - INFO -   Buscando classificação CID=14849489...
2026-05-04 23:22:44,064 - INFO -   Buscando descrição CID=14849489...
2026-05-04 23:22:44,777 - INFO -   ✓ Sucesso! CID=14849489

2026-05-04 23:22:45,178 - INFO - [4/5] Processando composto...
2026-05-04 23:22:47,541 - INFO - ✓ Encontrado CID=135964587 via formula='C19H24N3O2'
2026-05-04 23:22:47,542 - INFO -   Buscando propriedades CID=135964587...
2026-05-04 23:22:48,809 - INFO -   Buscando sinônimos CID=135964587...
2026-05-04 23:22:49,532 - INFO -   Buscando classificação CID=135964587...
2026-05-04 23:22:50,236 - INFO -   Buscando descrição CID=135964587...
2026-05-04 23:22:50,947 - INFO -   ✓ Sucesso! CID=135964587

2026-05-04 23:22:51,347 - INFO - [5/5] Processando composto...
2026-05-04 23:22:53,354 - INFO - ✓ Encontrado CID=13967 via formula='C18H22N3O2'
2026-05-04 23:22:53,354 - INFO -   Buscando propriedades CID=13967...
2026-05-04 23:22:54,506 - INFO -   Buscando sinônimos CID=13967...
2026-05-04 23:22:55,415 - INFO -   Buscando classificação CID=13967...
2026-05-04 23:22:57,969 - INFO -   Buscando descrição CID=13967...
2026-05-04 23:22:58,667 - INFO -   ✓ Sucesso! CID=13967

2026-05-04 23:22:59,078 - INFO - 
✓ Resultados salvos em: /home/vinicius_joacir/QuimioAnalytics/staging/pubchem_raw.parquet
2026-05-04 23:22:59,081 - INFO - ✓ CSV salvo em: /home/vinicius_joacir/QuimioAnalytics/staging/pubchem_raw.csv
2026-05-04 23:22:59,081 - INFO - 
============================================================
2026-05-04 23:22:59,081 - INFO - ESTATÍSTICAS FINAIS
2026-05-04 23:22:59,081 - INFO - ============================================================
2026-05-04 23:22:59,081 - INFO - Total processado: 5
2026-05-04 23:22:59,082 - INFO - Sucesso: 5 (100.0%)
2026-05-04 23:22:59,082 - INFO - Falhas: 0 (0.0%)
2026-05-04 23:22:59,082 - INFO - 
Métodos de busca utilizados:
2026-05-04 23:22:59,082 - INFO -   - name: 2
2026-05-04 23:22:59,082 - INFO -   - formula: 3
2026-05-04 23:22:59,082 - INFO - ============================================================

